8172507 0.01 1.03 0.01 -0.37 -0.55 -1.34 -79.67 51.76 -19.95 
8172556 0.02 1.01 0 -1.71 -0.55 -1.28 -80.72 51.46 -21.31 
8172607 0.02 1.03 0.01 0.67 -0.43 -1.28 -81.17 50.11 -20.86 
8172656 0.01 1.02 -0.01 1.77 -0.61 -1.34 -81.77 50.71 -21.31 
8172697 0.01 1.03 -0.01 14.27 -4.45 -1.28 -80.57 50.86 -20.86 
8172738 0.01 1.02 0.01 3.6 -1.4 -1.22 -80.27 49.96 -22.36 
8172788 0.02 1.02 -0.02 8.54 -4.21 -1.16 -78.92 50.71 -21.01 
8172837 0.01 1.03 -0.01 -0.85 -0.49 -1.34 -80.72 51.46 -22.36 
8172887 0.02 1.02 -0.02 3.6 -0.61 -1.34 -80.12 50.86 -21.61 
8172938 0.02 1.02 0.01 4.15 -0.67 -1.28 -80.57 51.91 -21.91 
8172987 0.02 1.03 -0.04 2.13 -1.46 -1.28 -79.67 49.96 -22.81 
8173036 0.02 1.02 -0.01 -3.11 -0.49 -1.28 -81.17 50.86 -21.61 
8173086 0.02 1.03 -0.02 2.26 -0.61 -1.34 -79.82 49.51 -22.21 
8173136 0.02 1.02 -0.02 -2.68 -0.55 -1.34 -79.52 50.11 -20.86 
8173186 0.02 1.02 -0.02 3.96 -0.61 -1.22 -81.17 49.81 -22.21 
8173236 0.02 1.02 -0.04 4.09 -1.1 -1.28 -80.12 51.16 -20.86 
8173286 0.02 1.02 -0.02 2.32 -0.79 -1.22 -81.47 50.71 -22.81 
8173336 0.01 1.02 -0.02 -3.72 -0.49 -1.28 -80.87 51.16 -21.16 
8173377 0.01 1.02 -0.02 1.52 -0.55 -1.4 -82.07 49.66 -20.71 
8173426 0.01 1.02 -0.03 -2.26 -0.49 -1.4 -79.22 49.96 -21.31 
8173476 0.02 1.03 -0.02 -2.68 -0.49 -1.28 -81.77 49.96 -21.31 
8173526 0.01 1.02 -0.03 -0.61 -0.49 -1.28 -81.17 50.86 -21.61 
8173576 0.01 1.02 -0.03 -2.68 -0.37 -1.4 -79.82 50.86 -20.86 
8173625 0.01 1.03 -0.04 -2.44 -0.43 -1.46 -80.27 50.26 -19.95 
8173666 0.01 1.02 -0.01 -0.67 -0.55 -1.34 -79.82 50.56 -22.21 
8173715 0.02 1.01 -0.02 0 -0.49 -1.34 -81.62 51.16 -20.11 
8173757 0.01 1.02 -0.03 -1.83 -0.43 -1.34 -80.27 51.01 -19.95 
8173806 0.01 1.02 -0.01 -0.06 -0.55 -1.28 -80.87 49.51 -21.61 
8173857 0.02 1.01 -0.02 -0.37 -0.55 -1.46 -79.97 50.71 -21.31 
8173907 0.01 1.02 -0.01 -0.79 -0.43 -1.46 -80.27 49.96 -20.71 
8173956 0.03 1.02 -0.02 -1.16 -0.55 -1.4 -79.67 50.71 -20.41 
8173997 0.01 1.02 -0.01 0.61 -0.55 -1.46 -82.37 49.51 -20.56 
8174045 0.01 1.01 0 -3.41 -0.49 -1.4 -81.62 51.16 -20.56 
8174095 0.01 1.01 -0.03 0.43 -0.49 -1.52 -81.02 49.66 -21.01 
8174146 0.02 1.02 0 -2.87 -0.61 -1.34 -81.77 51.01 -20.71 
8174195 0 1.02 -0.02 -0.37 -0.49 -1.46 -81.02 49.96 -22.06 
8174236 0.02 1.02 -0.02 0.79 -0.49 -1.4 -80.57 51.61 -20.56 
8174285 0.01 1.02 -0.02 0.37 -0.49 -1.34 -81.77 51.46 -21.31 
8174335 0.01 1.02 -0.02 -0.3 -0.61 -1.4 -81.17 50.11 -20.86 
8174386 0.02 1.02 -0.03 -1.59 -0.49 -1.34 -80.27 50.26 -19.65 
8174435 0.02 1.02 -0.02 0.18 -0.49 -1.22 -80.12 50.56 -20.86 
8174476 0.02 1.02 -0.02 -0.43 -0.49 -1.34 -81.62 50.56 -18.75 
8174525 0.02 1.02 -0.02 -1.71 -0.24 -1.4 -82.07 49.66 -21.31 
8174575 0.01 1.01 0.01 -1.28 -0.67 -1.34 -79.97 50.71 -20.71 
8174625 0.01 1.02 -0.03 -1.1 -0.49 -1.4 -81.62 50.56 -20.11 
8174675 0.01 1.01 -0.01 -1.04 -0.55 -1.34 -79.97 50.71 -19.95 
8174726 0.02 1.02 -0.02 -0.3 -0.55 -1.34 -81.17 50.11 -19.5 
8174776 0.02 1.02 -0.01 -0.85 -0.55 -1.4 -80.87 51.16 -22.51 
8174826 0.02 1.02 0 -7.68 0.67 -1.4 -81.92 50.11 -20.86 
8174876 0.01 1.02 0 -2.62 -0.24 -1.46 -81.47 52.51 -19.65 
8174926 0.01 1.02 0 0.18 -0.61 -1.4 -81.77 50.26 -20.71 
8174976 0.02 1.03 0 0.06 -0.55 -1.34 -80.57 49.51 -20.11 
8175025 0.02 1.02 0 -2.68 -0.55 -1.34 -80.27 49.96 -21.01 
8175074 0.01 1.02 -0.01 0.98 -0.55 -1.4 -80.12 50.86 -20.56 
8175115 0.02 1.02 -0.02 1.95 -0.49 -1.34 -81.17 49.51 -20.11 
8175164 0.02 1.03 0 -1.71 -0.43 -1.34 -82.07 50.26 -20.71 
8175215 0.01 1.02 0 -0.43 -0.49 -1.4 -80.12 50.11 -20.86 
8175265 0.01 1.03 -0.01 -0.12 -0.55 -1.46 -83.12 49.96 -19.65 
8175314 0.02 1.01 0 0.24 -0.37 -1.34 -81.62 51.61 -19.8 
8175355 0.02 1.01 -0.01 1.28 -0.49 -1.28 -80.72 51.46 -20.41 
8175404 0.01 1.02 -0.01 1.65 -0.61 -1.4 -81.62 50.56 -20.86 
8175455 0.02 1 -0.01 -1.22 -0.55 -1.4 -80.12 50.86 -19.8 
8175504 0.02 1.02 -0.02 -0.61 -0.43 -1.4 -81.02 50.71 -22.36 
8175545 0.01 1.02 -0.02 -1.83 -0.55 -1.34 -81.92 50.86 -20.56 
8175594 0.01 1.02 -0.02 -0.67 -0.55 -1.4 -79.67 49.66 -18.9 
8175644 0.02 1.02 0 -1.46 -0.43 -1.4 -80.72 50.71 -19.65 
8175694 0.02 1.02 0 0.06 -0.49 -1.28 -81.02 49.66 -19.95 
8175735 0.02 1.02 0.01 2.13 -0.49 -1.28 -80.87 51.91 -20.56 
8175776 0.01 1.03 -0.01 -2.93 -0.37 -1.4 -80.87 51.16 -20.86 
8175825 0.02 1.02 0.01 0.73 -0.49 -1.34 -82.82 49.21 -20.71 
8175875 0.01 1.03 -0.03 -1.22 -0.43 -1.46 -79.82 49.81 -21.16 
8175925 0.01 1.02 0 -1.95 -0.67 -1.34 -81.77 50.71 -19.95 
8175975 0.01 1.02 -0.01 0.18 -0.43 -1.4 -80.57 50.56 -21.16 
8176024 0.01 1.02 0 0.12 -0.67 -1.46 -82.67 51.61 -19.2 
8176074 0.01 1.02 -0.01 0.06 -0.55 -1.34 -80.72 49.66 -21.76 
8176124 0.01 1.01 -0.01 -2.32 -0.43 -1.4 -81.62 51.91 -20.11 
8176174 0.01 1.02 0.01 -2.44 0.61 -1.34 -79.82 51.61 -19.8 
8176224 0.02 1.02 -0.01 -0.3 -0.37 -1.4 -80.87 50.56 -20.56 
8176274 0.02 1.01 0 1.65 -0.49 -1.46 -81.77 51.46 -20.41 
8176324 0.02 1.02 0.01 -4.27 -0.18 -1.46 -80.12 49.81 -20.11 
8176373 0.01 1.02 0.01 2.38 -0.55 -1.4 -80.87 50.86 -19.8 
8176424 0.02 1.03 0.01 -3.23 -0.49 -1.34 -81.47 50.71 -19.65 
8176473 0.02 1.02 0 -2.68 -0.49 -1.4 -80.72 51.01 -19.65 
8176514 0.02 1.02 0.01 0.85 -0.49 -1.4 -80.57 50.56 -20.11 
8176563 0.02 1.02 0 -1.1 -0.55 -1.4 -80.72 51.01 -19.95 
8176614 0.02 1.02 0.02 -2.99 -0.3 -1.34 -81.77 48.91 -19.65 
8176664 0.02 1.02 0.02 -4.02 1.95 -1.34 -81.17 50.56 -19.8 
8176713 0.01 1.02 0.01 -0.37 -0.49 -1.28 -82.97 49.81 -18.75 
8176754 0.01 1.02 0.02 1.46 -0.61 -1.34 -80.27 49.96 -20.41 
8176795 0.02 1.02 0.03 -1.52 -0.43 -1.4 -82.07 49.96 -19.65 
8176844 0.01 1.02 0.01 -0.43 -0.49 -1.34 -81.02 49.96 -20.41 
8176895 0.02 1.02 0 -1.28 -0.55 -1.22 -81.47 51.01 -20.41 
8176944 0.01 1.02 0.01 0.61 -0.49 -1.46 -79.52 51.16 -19.2 
8176985 0.02 1.03 -0.02 0.43 -0.55 -1.28 -80.87 50.86 -19.8 
8177033 0.02 1.02 0.02 -0.79 -0.61 -1.4 -81.02 50.26 -21.01 
8177083 0.01 1.02 0.01 1.28 -0.67 -1.28 -82.37 51.16 -20.11 
8177133 0.01 1.02 0.01 1.34 -0.61 -1.34 -80.72 50.26 -20.41 
8177174 0.02 1.02 0 0.18 -0.49 -1.34 -79.67 50.71 -19.65 
8177223 0.01 1.03 0 -0.06 -0.49 -1.28 -80.12 50.56 -19.5 
8177274 0.02 1.02 0 -1.83 -0.49 -1.4 -81.92 49.81 -20.56 
