14428 0 -0.05 -1.02 0.85 0.37 -0.3 32.71 2.55 -77.12 
14478 0 -0.04 -1.01 0.67 0.18 0.3 31.81 3.45 -77.27 
14520 -0.01 -0.05 -1.02 0.49 0.3 -0.24 32.71 3.6 -78.17 
14569 0 -0.04 -1.02 0.79 0.3 0.12 34.06 4.05 -77.27 
14619 0 -0.05 -1.03 0.67 0.55 0.3 32.26 3.45 -78.32 
14669 -0.01 -0.04 -1.01 0.3 0.18 -0.12 33.76 4.35 -78.47 
14720 0 -0.04 -1.02 0.49 0.18 0.3 34.81 3.45 -79.07 
14769 -0.02 -0.05 -1.03 0.91 0.43 0.24 32.26 3 -77.57 
14819 0 -0.05 -1.01 0.18 -0.24 0.43 32.71 3.9 -76.37 
14860 -0.01 -0.05 -1.01 0.55 0.3 -0.49 31.81 3.75 -76.97 
14909 -0.01 -0.04 -1 0.98 0.37 0 32.56 2.7 -76.52 
14950 0 -0.04 -1.03 0.55 0.06 0.06 33.61 3.75 -76.97 
14999 -0.01 -0.05 -1.02 0 0.24 -0.79 33.16 2.85 -76.07 
15048 -0.01 -0.05 -1.02 0.67 0.06 0.55 34.21 3.15 -79.52 
15098 -0.01 -0.04 -1.02 -0.18 0 -0.3 33.31 3.75 -78.02 
15139 -0.01 -0.04 -1.03 0.37 0.12 -0.3 32.26 3.45 -77.57 
15189 0 -0.05 -1.02 0.79 0.43 0.24 32.71 1.8 -77.72 
15238 0 -0.04 -1.03 0.85 0.49 0 31.21 3.15 -77.42 
15288 -0.01 -0.05 -1.03 1.4 0.43 0.79 31.51 1.95 -77.57 
15338 -0.01 -0.05 -1.02 0.43 0.24 0 33.61 3.45 -78.32 
15389 -0.01 -0.05 -1.03 0.37 0 0 33.46 3.9 -78.47 
15439 0 -0.05 -1.03 0.43 0.12 0.06 32.71 4.65 -77.12 
15488 -0.01 -0.05 -1.02 1.4 0.43 0.24 33.16 3.15 -78.47 
15530 -0.01 -0.04 -1 1.04 0.24 0.49 31.81 1.5 -77.27 
15579 0 -0.04 -1.02 0.24 0.18 -0.3 32.56 2.25 -78.32 
15620 0 -0.05 -1.02 0.37 0.3 -0.67 32.71 3.15 -77.72 
15670 0 -0.05 -1.02 0.49 0.24 -0.12 31.96 2.55 -78.77 
15720 -0.01 -0.05 -1.02 0.79 0.12 0.06 31.96 3.6 -78.17 
15770 -0.01 -0.04 -1.03 0.79 0 0.24 33.61 2.7 -76.97 
15819 0 -0.04 -1.01 0 0.18 -0.24 32.71 3.6 -77.42 
15870 0 -0.05 -1.03 0.73 0 0.67 31.06 3 -78.02 
15920 -0.01 -0.04 -1.02 1.1 0.37 0.43 31.96 3.6 -77.12 
15970 0 -0.04 -1.02 0.43 0.3 -0.18 31.81 3.75 -78.32 
16019 -0.01 -0.05 -1.02 1.16 0.18 0.12 33.16 5.1 -77.72 
16069 -0.01 -0.05 -1.01 -0.12 0 -0.3 32.56 3.45 -78.02 
16119 -0.01 -0.04 -1.01 0.85 0.49 -0.18 34.81 3 -78.02 
16169 0 -0.04 -1.02 0.67 0.37 0.37 33.31 2.7 -76.97 
16219 0 -0.05 -1.01 1.34 0.49 0.06 32.41 3.6 -78.47 
16269 0 -0.05 -1.02 1.22 0.37 0 33.61 2.7 -77.57 
16310 -0.01 -0.05 -1.02 1.52 0.55 0.18 32.86 1.95 -76.97 
16359 -0.01 -0.05 -1.03 0.79 0 0.79 33.46 3.9 -78.47 
16400 0 -0.05 -1.01 0.91 0.49 0.3 32.41 5.1 -78.77 
16449 0 -0.03 -1 0.67 0 0.37 32.71 2.55 -79.22 
16490 0 -0.04 -1.03 0.49 0.24 0.37 32.41 3.15 -78.17 
16540 0 -0.04 -1.02 0.67 0.3 -0.12 31.66 3.9 -78.17 
16590 -0.01 -0.04 -1.03 1.4 0 0.06 33.46 2.85 -78.17 
16641 -0.01 -0.04 -1.02 0.67 0.12 -0.37 33.16 6.15 -78.47 
16690 -0.01 -0.04 -1.03 0.67 0.24 0.91 31.96 3.6 -77.42 
16740 0 -0.05 -1.02 0.55 0.3 0.06 32.71 2.1 -78.17 
16781 0 -0.04 -1.02 0.37 0.24 -0.24 32.71 3.15 -76.67 
16831 0 -0.04 -1.01 1.04 0.12 0.79 33.46 3.9 -77.72 
16881 0 -0.05 -1.03 0.49 0.24 -0.12 32.56 4.5 -77.27 
16931 -0.01 -0.05 -1.02 1.22 0.12 0.12 32.71 2.85 -78.77 
16981 -0.01 -0.04 -1.01 0.37 0.3 0.24 32.71 3.6 -77.42 
17029 0 -0.05 -1.01 0.43 0.24 0.06 33.16 1.8 -78.77 
17070 -0.01 -0.05 -1.03 0.49 0.12 0.43 32.71 2.55 -77.72 
17120 -0.01 -0.04 -1.03 0.73 0.24 0.06 32.86 3 -78.02 
17170 0 -0.05 -1.04 1.04 0.12 0.24 33.61 2.25 -78.62 
17220 0 -0.05 -1.02 0.67 0.18 0.12 32.56 3.45 -78.32 
17269 -0.01 -0.04 -1.02 0.55 0.24 0.12 31.51 3 -78.02 
17310 0 -0.04 -1.02 0.79 0.18 0.18 32.56 3 -78.62 
17360 0 -0.05 -1.03 0.67 0.12 0.18 31.21 3.15 -77.12 
17410 0 -0.04 -1.02 0.91 0.24 0.18 32.71 3.6 -77.42 
17460 0 -0.04 -1.02 0.85 0.12 0.24 31.21 2.1 -78.17 
17509 0 -0.05 -1.03 0.55 0.18 0.18 32.26 4.05 -79.07 
17551 -0.01 -0.04 -1.02 0.73 0.12 0.18 32.71 2.85 -76.67 
17601 0 -0.05 -1.01 0.85 0.3 0.18 32.86 3.45 -76.52 
17651 0 -0.05 -1.01 0.55 0.18 0.18 32.26 3 -77.57 
17701 0 -0.04 -1 1.04 0.12 0.3 33.46 3.9 -77.42 
17751 0 -0.04 -1.02 0.55 0.18 0.18 32.56 2.25 -78.02 
17801 -0.01 -0.05 -1.01 0.43 0.3 0.06 33.61 4.05 -76.97 
17851 -0.01 -0.04 -1.02 0.67 0.24 0.06 34.06 2.7 -77.57 
17901 -0.01 -0.04 -1.02 1.04 0.06 0.24 33.61 3.45 -78.32 
17951 0 -0.05 -1.02 0.43 0.18 0.12 31.51 3.45 -79.07 
18000 0 -0.04 -1.02 1.1 0.12 0.24 32.26 3.45 -77.57 
18050 0 -0.05 -1.03 0.49 0.18 0.12 32.86 3 -78.32 
18091 -0.01 -0.04 -1.03 1.22 0 0.12 32.86 2.7 -79.37 
18140 -0.01 -0.04 -1.01 0.37 0.24 0.18 33.46 3.9 -77.12 
18190 0 -0.04 -1.03 0.24 0.18 0 33.46 1.8 -78.17 
18240 0 -0.05 -1.02 -1.95 -0.06 -1.52 31.06 5.55 -77.27 
18291 0 -0.04 -1.03 -2.68 -0.06 -1.95 31.96 3.6 -77.42 
18340 0 -0.04 -1.02 0.49 1.65 -0.61 32.86 3.75 -77.27 
18381 0 -0.04 -1 -0.91 0.73 0.3 33.31 4.05 -76.97 
18431 0 -0.04 -1.02 0.85 1.22 0.67 32.56 1.95 -78.32 
18481 0 -0.05 -1.01 -1.34 0.3 -1.34 32.41 2.55 -78.47 
18531 0 -0.03 -1.03 -0.06 0.98 -1.4 31.81 3.75 -78.02 
18572 -0.01 -0.03 -1.02 0.37 0.37 0.43 32.56 3 -77.57 
18622 0 -0.04 -1.03 0.85 0.18 -0.18 30.91 1.35 -77.72 
18672 0 -0.03 -1.02 0.49 0.18 -2.07 32.26 3.45 -78.02 
18722 0 -0.05 -1.02 0.67 0.37 -0.73 32.41 2.1 -76.37 
18772 0 -0.03 -1.02 0.43 0.3 -0.3 31.81 3 -78.62 
18821 0 -0.03 -1.02 1.22 0.06 0.3 32.56 2.25 -76.52 
18862 0 -0.03 -1.04 0.67 0.24 0.12 31.21 3.15 -77.42 
18912 0 -0.04 -1.02 1.04 0.12 0.18 31.96 3.6 -77.72 
18961 0 -0.03 -1.03 1.22 0 0.3 32.56 3.75 -79.07 
19011 0.01 -0.03 -1.02 0.3 0.3 0.85 31.66 2.85 -78.47 
19061 0 -0.03 -1.01 0.55 0.24 0 31.51 2.7 -76.97 
19110 -0.01 -0.04 -1.02 1.77 0 1.04 31.21 1.35 -78.77 
19161 0 -0.04 -1.01 1.52 0 0.12 33.76 2.55 -78.77 
19211 -0.01 -0.03 -1.02 1.16 0.18 0.12 31.21 3.15 -78.77 
19261 0 -0.05 -1.02 1.34 0.06 0.18 32.41 5.4 -78.47 
19311 0 -0.03 -1.02 0.98 0.12 0.06 31.66 4.35 -79.22 
19361 0 -0.04 -1.02 1.16 0.06 0.18 32.41 3.9 -78.17 
19411 -0.01 -0.04 -1.01 3.96 -0.67 0.43 33.46 3.15 -78.47 
19461 -0.01 -0.05 -1.01 1.4 0.12 0.37 33.16 3.15 -78.17 
19512 -0.01 -0.04 -1.02 1.34 0.12 4.33 33.31 2.25 -79.67 
19562 -0.01 -0.05 -1.02 3.84 -1.1 -0.37 32.56 3.75 -79.37 
19612 0 -0.05 -1.02 2.93 -0.12 5.61 33.16 3.6 -79.52 
19662 -0.01 -0.05 -1.02 2.13 -0.18 1.77 31.81 3 -76.97 
19712 0 -0.04 -1.03 4.15 -1.4 -0.79 32.56 3 -76.97 
19762 -0.01 -0.07 -1.02 2.68 -0.67 0 33.46 3.9 -79.97 
19803 -0.01 -0.04 -1.02 1.59 0.06 -3.84 34.06 2.7 -76.97 
19853 0 -0.05 -1.02 0 0.37 -1.95 32.41 3.9 -78.77 
19903 -0.01 -0.05 -1.03 0.37 0.12 0 33.76 2.55 -78.77 
19952 0 -0.05 -1.02 -0.43 0.24 -0.91 31.21 1.8 -77.42 
19993 0 -0.05 -1.02 -0.79 0.3 -2.56 33.46 3.6 -78.77 
20042 -0.01 -0.05 -1.04 -1.34 0.67 -1.59 33.76 4.65 -78.17 
20092 -0.01 -0.05 -1.02 0.73 0.3 0.18 32.71 2.85 -77.72 
20142 -0.01 -0.06 -1.02 0.12 0.3 -0.24 32.41 3.6 -78.47 
20191 0 -0.04 -1.02 0.98 0 -1.22 33.31 2.7 -77.57 
20232 -0.01 -0.05 -1.01 0.43 0.18 0.12 34.06 3.75 -78.02 
20282 0 -0.05 -1.02 0.18 0.24 -1.4 34.06 3.75 -75.92 
20332 0 -0.04 -1.02 0.73 0 -0.91 32.26 3 -78.62 
20382 -0.01 -0.05 -1.01 0.91 0.12 0.18 33.46 2.55 -77.12 
20432 -0.01 -0.05 -1.02 0.79 0.24 0 32.71 3.9 -78.77 
20482 -0.01 -0.06 -1.02 0.85 0.18 0.3 32.41 3.9 -78.47 
20523 0 -0.06 -1.01 0.67 0.24 0.18 32.41 3.9 -78.17 
20573 -0.01 -0.05 -1.02 0.98 0.12 0.12 31.66 3.15 -76.67 
20623 -0.01 -0.05 -1.01 1.34 0 0.06 32.41 3.15 -76.67 
20673 -0.01 -0.05 -1.02 0.67 0 -0.18 31.96 4.35 -77.72 
20723 0 -0.05 -1.03 1.04 0 0.18 33.46 2.1 -78.17 
20773 0 -0.06 -1.02 0.37 0.24 0 32.26 2.25 -78.02 
20823 0 -0.06 -1.02 0.79 0.12 0.24 32.41 4.35 -78.77 
20873 0 -0.06 -1.01 0.43 0.18 0.24 32.86 3 -79.37 
20923 0 -0.05 -1.03 0.67 0.18 0.18 32.71 3.6 -78.17 
20974 0 -0.05 -1.03 0.49 0.18 0.18 32.26 2.7 -78.02 
21022 -0.01 -0.04 -1.03 0.3 0.24 0 32.56 3.75 -77.27 
21072 -0.01 -0.04 -1.01 0.49 0.06 0.06 32.41 2.1 -78.77 
21122 0 -0.05 -1.02 0.55 0.12 -0.12 32.86 3 -76.22 
21172 -0.01 -0.06 -1.04 0.67 0.12 0 32.26 2.7 -78.02 
21222 0 -0.04 -1.03 0.91 0.06 0.06 32.56 3.75 -77.57 
21273 -0.01 -0.05 -1.02 0.55 0.06 -1.1 33.46 3.15 -78.47 
21322 0 -0.05 -1.02 1.16 0 -0.12 34.36 5.25 -78.02 
21372 0 -0.05 -1.01 0.85 0.12 0.06 31.96 4.35 -77.12 
21422 -0.01 -0.05 -1.02 1.04 0.06 -0.18 31.96 3.6 -79.97 
21463 0 -0.06 -1.03 1.04 -0.12 -0.73 33.46 2.55 -78.47 
21513 0 -0.05 -1.02 0.37 0.24 -0.24 33.31 3.45 -77.57 
21564 0 -0.06 -1.02 0.67 0.06 -0.67 31.21 3.9 -78.17 
21614 -0.01 -0.05 -1.02 0.49 0.18 0.3 33.16 2.1 -78.17 
21663 -0.01 -0.06 -1.03 0.55 0.06 -0.49 32.86 4.5 -78.02 
21704 -0.01 -0.05 -1.02 0.49 0.24 0.37 32.41 4.35 -77.42 
21754 0 -0.05 -1.01 0.43 0.18 0.12 33.31 3.45 -78.02 
21804 0 -0.05 -1.02 0.67 0.18 0.12 32.41 2.85 -77.12 
21854 -0.01 -0.05 -1.03 0.79 0.06 0.43 31.96 3.15 -78.17 
21904 -0.01 -0.05 -1.02 0.79 0.18 0.37 32.86 3.75 -79.37 
21954 -0.01 -0.05 -1.02 0.85 0.3 0.3 32.86 4.05 -78.32 
22003 0 -0.05 -1.01 1.16 0.12 0.67 32.86 6.3 -78.02 
22053 -0.01 -0.05 -1.03 0.67 0.43 0.67 33.16 2.85 -79.22 
22103 -0.01 -0.06 -1.01 0.43 0.3 0.67 31.51 4.05 -79.07 
22153 0 -0.06 -1.02 0 0.37 0 31.66 2.55 -77.12 
22203 -0.01 -0.05 -1.02 -0.06 0.61 0.12 33.31 4.05 -78.62 
22252 0 -0.06 -1.01 0 0.37 0.12 33.46 2.55 -78.17 
22293 -0.01 -0.06 -1.03 0 0.37 0.12 32.41 3.9 -77.12 
22342 -0.01 -0.05 -1.02 0.18 0.37 0 32.56 3 -76.22 
22383 0 -0.06 -1.01 -0.37 0.49 -0.49 31.81 4.8 -77.27 
22433 -0.01 -0.04 -1.02 -1.04 0.61 0 31.96 3.15 -77.72 
22483 0 -0.04 -1.03 -0.18 0.24 -0.18 33.61 3.45 -77.27 
22524 0 -0.03 -1.02 -1.34 0.61 -0.73 32.26 4.5 -77.57 
22574 0 -0.05 -1.02 -0.85 0.73 0.37 30.76 3 -77.27 
22624 0 -0.04 -1.02 -0.67 0.61 0.37 33.46 2.85 -77.72 
22665 -0.01 -0.04 -1 -2.5 0.67 -0.79 33.16 3.15 -77.72 
22714 0 -0.04 -1.03 -0.98 0.06 -2.8 31.66 3.15 -77.42 
22765 -0.01 -0.04 -1.02 9.33 -2.38 -4.7 32.86 3.45 -77.57 
22814 -0.01 -0.03 -1.03 0.18 0.24 -0.49 30.16 2.55 -76.07 
22864 -0.01 -0.04 -1.02 0.79 0.12 0.24 32.41 4.35 -76.37 
22905 -0.01 -0.04 -1.02 2.26 -0.24 0.12 31.66 3.6 -77.12 
22954 0 -0.05 -1.02 1.65 -0.18 0.12 31.96 2.1 -78.17 
22995 0 -0.04 -1.02 1.77 -0.3 0.3 32.56 3.75 -76.52 
23043 -0.01 -0.05 -1.03 1.22 0.12 0.18 31.51 4.8 -77.27 
23093 0 -0.04 -1.03 1.16 0 0 32.26 1.95 -77.27 
23144 0 -0.04 -1.03 1.1 0.24 0.37 33.16 3.6 -76.67 
23194 -0.01 -0.05 -1.01 4.15 -1.28 0.73 31.21 5.1 -78.17 
23244 -0.01 -0.06 -1.02 6.52 -2.07 5 33.31 3 -78.02 
23293 -0.01 -0.05 -1.02 2.93 -0.79 0.98 32.56 3.45 -78.02 
23334 0 -0.06 -1.03 1.22 0.06 1.1 33.46 3.15 -77.72 
23383 -0.01 -0.05 -1.03 -1.16 0.73 -0.3 32.71 3.9 -77.42 
23424 0 -0.05 -1.03 -2.68 1.34 0 31.21 5.1 -77.42 
23474 0 -0.05 -1.03 0.85 0.06 0 31.96 2.55 -77.12 
23524 -0.01 -0.04 -1.02 0.91 0.24 0 32.71 3.9 -78.17 
23565 0 -0.06 -1.01 0.67 0.18 0.18 32.86 4.05 -78.32 
23614 -0.01 -0.05 -1.03 1.16 0 0.12 31.21 3.9 -77.42 
23665 -0.01 -0.06 -1.01 1.34 0 0.06 31.81 5.25 -77.27 
23715 -0.01 -0.06 -1.04 0.67 0.3 0.12 32.56 3 -78.02 
23764 -0.01 -0.05 -1.04 1.22 0.06 0.12 34.06 3.45 -78.02 
23806 0.01 -0.05 -1.02 0.43 0.12 -0.55 32.56 4.8 -77.27 
23855 -0.01 -0.05 -1.03 0.12 0.43 0.18 32.71 2.1 -77.42 
23905 0 -0.06 -1.02 0.24 0.3 -0.43 31.81 3.75 -78.32 
23955 -0.01 -0.05 -1.03 0.55 0.37 0.06 33.61 4.8 -77.57 
24004 -0.01 -0.05 -1.02 0.43 0.24 0.12 33.76 4.35 -77.42 
24053 -0.01 -0.04 -1.02 1.1 0.12 0.18 31.06 3.45 -77.27 
24094 0 -0.06 -1.01 1.4 -0.24 0 32.71 4.65 -77.12 
24144 -0.01 -0.05 -1.02 1.46 0 0.18 32.86 3.75 -76.97 
24194 -0.02 -0.05 -1.03 0.91 0.18 0.24 33.61 2.7 -77.27 
24244 0 -0.05 -1.02 0.85 0.18 0.12 32.86 4.05 -77.27 
24294 0 -0.05 -1.03 1.4 -0.12 0.06 31.96 3.6 -77.72 
24345 -0.01 -0.05 -1.02 0.98 0.12 0.24 32.71 3.9 -76.67 
24394 -0.01 -0.05 -1.01 1.46 -0.18 0.12 32.86 3.75 -78.62 
24444 -0.01 -0.05 -1.01 1.04 0.06 0.24 33.76 2.85 -78.17 
24494 0 -0.05 -1.03 0.37 0.43 0.12 31.06 3.75 -76.97 
24535 -0.01 -0.05 -1.03 0.85 0.18 0.24 33.61 2.7 -78.32 
24585 -0.01 -0.06 -1.01 1.16 0 -0.18 31.81 3 -75.92 
24636 -0.01 -0.05 -1.02 0.49 0.3 0.18 32.86 3.75 -76.97 
24685 0 -0.05 -1.03 1.22 0 0 32.56 4.05 -76.52 
24726 -0.01 -0.05 -1.03 0.73 0.18 -0.24 33.76 3.9 -77.72 
24776 -0.01 -0.05 -1.01 0.73 0.18 0.37 32.41 4.65 -77.72 
24826 -0.01 -0.05 -1.02 0.67 0.18 -0.24 33.46 4.35 -76.67 
24876 0 -0.05 -1.02 0.67 0.24 0.37 32.71 3.15 -75.32 
24926 0 -0.05 -1.02 0.67 0.18 0.12 31.96 3.6 -77.42 
24976 -0.01 -0.06 -1.02 0.67 0.18 0.24 33.16 4.35 -77.72 
25025 -0.01 -0.06 -1.02 0.73 0.12 0.06 33.31 4.8 -75.92 
25074 -0.01 -0.05 -1.03 0.73 0.24 0.06 32.56 4.5 -78.62 
25115 -0.02 -0.08 -1.03 0.67 0.3 1.71 33.46 2.85 -78.17 
25165 -0.01 -0.05 -1.03 0.73 0.24 0.06 33.16 3.6 -76.67 
25214 -0.01 -0.05 -1.02 0.79 0.37 0.24 33.46 4.35 -78.47 
25255 0 -0.05 -1.02 0.79 0.18 0.24 32.26 4.5 -77.57 
25305 -0.01 -0.05 -1.02 0.73 0.18 0 34.36 4.05 -76.22 
25354 -0.01 -0.06 -1.02 0.67 0.24 0 32.56 3 -76.52 
25395 -0.01 -0.06 -1.02 0.67 0.3 0.12 32.56 4.05 -77.27 
25445 -0.01 -0.06 -1.02 0.73 0.3 0.06 33.31 3.75 -76.52 
25495 -0.01 -0.06 -1.03 0.73 0.3 0.3 31.81 3.75 -78.32 
25536 0 -0.05 -1.02 0.79 0.18 0.24 32.56 2.7 -76.97 
25586 -0.01 -0.05 -1.02 0.79 0.12 0.12 32.56 4.5 -76.97 
25636 0 -0.06 -1.01 0.73 0.18 0.06 31.96 3.6 -77.12 
25677 -0.01 -0.04 -1.02 0.73 0.18 0.67 32.71 4.65 -77.42 
25726 -0.01 -0.05 -1.01 0.79 0.3 0.43 32.26 4.5 -76.52 
25776 0 -0.06 -1.02 0.79 0.12 0 32.41 3.15 -76.67 
25817 0 -0.06 -1.02 0.67 0.24 0.18 33.16 3.6 -78.17 
25866 -0.01 -0.02 -1.02 0.43 0 0.67 33.76 4.35 -78.17 
25907 -0.02 -0.05 -1.01 0.55 0.24 0.67 33.31 3.45 -77.27 
25956 -0.01 -0.06 -1.03 0.85 0 -0.24 32.26 3.45 -77.27 
26005 0 -0.05 -1.02 0 0.43 0.12 34.06 2.25 -77.27 
26056 -0.01 -0.05 -1.03 2.68 0.12 0.06 32.86 3 -77.57 
26105 -0.01 -0.05 -1 -0.3 0.06 -0.3 30.91 3.6 -77.12 
26146 -0.02 -0.06 -1.01 2.62 -0.37 0.67 34.21 3.15 -77.12 
26195 -0.01 -0.05 -1.03 0.3 -0.43 0 33.31 2.7 -76.52 
26236 0 -0.05 -1.01 0.24 -0.24 0.67 32.71 2.55 -77.72 
26286 -0.01 -0.05 -1.04 0.24 -0.43 0.24 34.36 3 -76.52 
26336 -0.01 -0.05 -1.03 -0.12 -0.18 0.37 32.71 3.9 -77.72 
26385 -0.01 -0.05 -1.02 0 0.06 -0.73 32.56 4.5 -77.27 
26426 -0.01 -0.05 -1.03 -0.06 0.37 -0.37 31.96 3.15 -75.32 
26475 -0.01 -0.05 -1.02 -0.98 0.37 -0.18 32.71 3.6 -77.42 
26516 -0.01 -0.05 -1.02 -0.12 0.37 -0.18 32.26 3 -77.27 
26566 -0.01 -0.04 -1.01 2.32 0 0.24 32.41 3.9 -77.42 
26607 -0.01 -0.05 -1.03 0.06 0.18 0.06 32.41 4.65 -77.12 
26656 0 -0.05 -1.02 1.46 0.12 0 32.26 3.75 -78.02 
26697 -0.03 -0.05 -1.02 0.24 0.24 0 32.71 3.9 -76.07 
26746 -0.01 -0.04 -1.02 -0.18 0.06 0 31.21 4.65 -77.12 
26787 0 -0.04 -1.01 1.89 0.12 0 31.51 3.45 -77.57 
26837 0 -0.05 -1.02 -2.32 0.49 -0.3 32.71 5.4 -77.12 
26887 -0.02 -0.05 -1.01 0.91 0.12 0.06 32.71 2.85 -76.67 
26937 0 -0.04 -1.02 1.34 0.24 0.18 33.61 3.75 -77.57 
26987 -0.01 -0.05 -1.02 -1.28 0.3 -0.24 33.16 2.1 -76.07 
27036 -0.01 -0.05 -1.02 4.27 -0.43 1.22 32.71 5.1 -77.12 
27086 -0.01 -0.06 -1 0.73 0.06 0.12 32.56 4.05 -77.57 
27136 0 -0.02 -1.03 -1.16 -1.28 0.37 31.96 3.15 -76.67 
27177 -0.02 -0.06 -1.01 -1.83 -1.52 0.67 32.86 3 -76.97 
27226 -0.03 -0.18 -0.95 7.99 -4.94 -21.65 31.51 4.8 -76.52 
27276 -0.02 -0.02 -0.98 3.35 -3.96 -6.1 31.66 3.9 -76.07 
27327 -0.03 -0.04 -1.05 -35.79 -3.84 -13.05 30.61 4.35 -76.07 
27376 -0.03 0.12 -1.11 -72.56 -30.55 -45.73 28.96 3.75 -75.47 
27417 -0.08 0.04 -1.23 -205.12 15 -22.5 23.56 6.15 -75.02 
27467 0.44 -0.47 0.98 -663.48 154.88 -35.3 11.25 3.15 -60.62 
27518 -0.54 1.93 -0.28 -548.66 42.93 -7.93 5.1 1.05 -40.51 
27568 0.15 0.98 -0.22 -503.6 -63.29 15 6.9 1.05 -22.96 
27618 0.14 1.15 0.6 -595 91.95 -15.37 17.85 2.85 -7.8 
27668 -0.22 0.32 0.41 -128.35 -49.27 -1.34 28.06 1.35 0 
27718 -0.16 0.08 1.92 -536.28 179.09 -39.02 40.06 6.15 0 
27767 -0.09 0.07 1.19 -131.16 22.74 -2.74 48.16 6.6 0.75 
27818 0.13 0.51 1 -277.32 77.68 0.91 53.56 7.65 -1.5 
27868 -0.09 0 1.25 -71.46 25.73 5.37 58.36 8.85 -3.75 
27918 -0.12 0.16 0.99 -27.38 -7.8 1.4 60.77 9 -3.6 
27967 -0.09 0.04 0.98 21.22 -33.54 7.56 59.86 9.15 -3.75 
28017 -0.07 0 0.98 -13.29 -1.4 -0.55 61.67 7.35 -4.5 
28067 -0.12 0.05 1.22 -0.79 -13.54 0.67 60.62 8.1 -4.5 
28117 -0.01 0.03 0.98 32.13 -39.27 0.73 58.96 7.95 -3.6 
28167 -0.05 -0.14 1.03 -76.65 18.48 -9.57 62.27 5.7 -4.35 
28217 -0.01 0.04 0.99 -0.43 -0.37 0.67 62.27 8.25 -3.6 
28266 -0.02 0.04 1 -2.38 3.84 4.94 60.62 7.35 -3.75 
28307 -0.02 0.02 0.98 3.35 0.3 8.17 60.92 6.6 -5.55 
28356 -0.01 0.04 1.02 3.35 -3.17 -0.43 62.42 5.25 -4.05 
28397 -0.01 0.04 0.99 5.49 -4.02 -1.52 60.92 6.6 -4.05 
28447 -0.02 0.05 0.99 4.45 1.1 2.32 61.22 6.15 -3.9 
28497 -0.02 0.02 1.03 0.55 0.55 0.73 61.22 6.9 -4.95 
28538 -0.01 0.06 0.99 2.68 0.85 0.91 61.97 5.7 -3.3 
28588 0.01 0 1.03 21.04 -5.85 4.76 60.92 6.3 -4.5 
28638 -0.01 0.07 1 10.79 -0.61 2.07 61.97 6.15 -4.65 
28688 0 0.1 0.99 22.5 -4.15 1.65 59.56 8.1 -3.75 
28738 -0.01 0.08 1.01 1.22 1.16 1.22 58.81 7.35 -2.7 
28788 0 0.1 0.99 4.7 -1.65 0.98 58.96 7.95 -2.85 
28838 0 0.1 0.99 -4.27 2.68 1.34 59.86 7.35 -3 
28889 -0.01 0.09 1.02 4.09 -1.77 -0.79 59.86 6 -3.75 
28939 0 0.1 0.98 2.44 1.04 4.02 59.86 6.3 -1.65 
28988 0 0.1 0.98 5.43 -1.1 0.67 58.06 7.35 -3.45 
29037 0 0.1 0.99 1.22 0.55 1.22 59.11 7.05 -3 
29087 0 0.1 0.99 4.21 -0.85 -0.37 60.47 6.15 -3.3 
29128 0 0.1 1.01 3.54 -0.91 0 58.96 6.9 -3.3 
29177 -0.01 0.1 0.99 -2.13 3.41 1.52 58.81 6.6 -2.4 
29228 0 0.1 1.01 2.93 -1.46 -0.18 58.06 7.05 -3.45 
29277 -0.01 0.1 1 0.98 1.4 0.79 59.41 6.45 -3.3 
29318 -0.01 0.12 1 2.32 0.12 0.24 59.41 7.2 -2.55 
29367 -0.01 0.11 0.99 2.8 0.43 1.4 59.71 5.7 -2.85 
29418 0 0.1 1 0.91 0.55 -0.43 57.76 7.35 -1.95 
29467 -0.02 0.11 0.99 -0.98 1.28 1.16 58.96 4.65 -3.9 
29519 0 0.1 1 -0.73 1.71 0.73 59.56 6.6 -1.65 
29569 0 0.1 0.98 0.73 0.43 0.67 59.56 5.25 -3 
29618 -0.01 0.11 0.99 4.21 -0.18 0.24 58.96 5.7 -3.3 
29669 -0.01 0.1 0.98 -2.38 1.83 0.67 57.76 4.8 -4.05 
29718 -0.01 0.11 1 3.23 0 0.18 57.46 6.45 -3.3 
29759 -0.01 0.12 0.98 2.87 -0.24 0.43 59.11 6.6 -1.95 
29808 0 0.11 1.01 2.07 0.55 0.67 59.11 5.25 -4.5 
29849 -0.01 0.12 0.99 -2.2 0.98 0.12 58.66 6.15 -2.85 
29899 -0.01 0.1 1 -1.4 1.4 0.73 58.66 7.2 -3.6 
29948 -0.01 0.11 1.01 2.13 0.18 0.43 58.96 7.2 -2.85 
29989 -0.02 0.1 0.99 -3.05 1.59 0.3 60.02 4.65 -3.3 
30038 0 0.11 1 0.67 0.3 0.18 58.81 6.3 -3.75 
30088 -0.02 0.1 1 0.43 0.55 0.55 60.47 6.9 -3.6 
30138 0 0.1 1.01 -3.29 1.77 0.3 59.11 6.3 -1.95 
30187 -0.01 0.09 0.99 -0.73 1.04 0.49 58.21 6.9 -2.25 
30228 -0.01 0.11 0.99 1.95 -0.12 0.3 58.81 6.3 -3.75 
30278 -0.01 0.11 1 2.38 -0.61 0.18 59.86 5.55 -3 
30328 -0.01 0.1 1 -0.61 0.73 0.18 59.41 6.9 -3.6 
30378 -0.01 0.11 1 3.29 -0.67 0.06 58.81 7.05 -2.7 
30428 -0.01 0.1 1.01 2.5 0.18 0.67 58.36 7.8 -3.45 
30477 -0.01 0.11 1 2.01 0 0.43 58.66 6.45 -2.25 
30519 -0.01 0.12 0.98 -0.3 0.37 -0.12 58.21 6.45 -3.6 
30569 -0.02 0.11 1 2.93 0.06 0.49 59.56 6.3 -3.75 
30619 -0.02 0.11 0.99 -0.55 0.43 0.06 58.36 7.35 -4.05 
30660 -0.01 0.11 1.01 1.65 0.12 0.49 60.02 6.9 -2.55 
30709 0 0.11 0.99 0.12 0.12 0.18 58.96 7.2 -3.9 
30750 -0.01 0.12 0.98 -1.22 0.91 0.37 58.06 7.8 -2.4 
30799 -0.02 0.1 1.01 -0.67 0.61 0.12 59.71 8.25 -2.85 
30849 -0.01 0.11 1 2.13 -0.3 0.24 60.02 6.15 -2.25 
30890 -0.01 0.12 0.98 -1.1 0.79 0.18 58.96 6.9 -3.9 
30939 -0.02 0.11 0.98 4.09 -0.55 0.18 59.41 5.7 -3.3 
30980 -0.01 0.11 0.99 2.74 -0.24 0.06 59.56 7.05 -3 
31029 -0.01 0.11 1 -0.24 0.49 0.18 58.96 5.7 -2.25 
31078 -0.02 0.1 0.99 1.89 0.06 0.12 60.62 6.6 -2.4 
31129 -0.02 0.11 1 0.49 0.37 0.18 60.32 6 -3.45 
31178 -0.02 0.12 1.01 1.04 0 0.12 58.66 7.65 -3.9 
31229 -0.01 0.11 0.99 -1.71 0.79 0.12 60.32 6.6 -4.05 
31279 -0.02 0.11 1 -1.04 0.61 -0.18 59.41 6.15 -3.9 
31328 -0.02 0.11 1 3.23 0 0.98 60.02 6.45 -3.6 
31379 -0.02 0.11 0.99 -1.95 0.61 -0.12 60.32 7.35 -2.7 
31429 -0.02 0.1 1 4.02 0.12 0.67 59.41 7.65 -2.25 
31478 -0.01 0.1 1 0.91 0.06 0.18 59.86 6.6 -3.75 
31519 -0.01 0.11 1.01 -1.83 0.98 0.3 60.47 6.9 -3.6 
31560 -0.02 0.11 1 0.18 0.43 0 58.81 6 -3.75 
31609 -0.01 0.11 1 0.3 0.55 0.43 59.56 6 -3.45 
31650 -0.01 0.11 0.99 -0.43 0.49 0.24 60.02 6.15 -2.85 
31700 -0.01 0.1 0.99 2.38 0.24 0.67 58.36 7.35 -3.75 
31750 -0.01 0.11 0.99 -0.61 0.37 0 58.96 7.65 -3.3 
31800 -0.01 0.1 1.01 -0.12 0.61 0.37 58.21 5.7 -3.3 
31850 0 0.11 0.98 3.66 -0.67 0.37 59.71 6.9 -3.3 
31891 -0.02 0.1 1 -3.23 1.52 -0.18 58.96 6.45 -2.85 
31940 -0.01 0.11 1 0.79 0.3 0.3 59.41 6.45 -3.3 
31990 -0.01 0.12 0.98 -1.28 1.28 0.37 58.66 6.9 -3.9 
32039 -0.01 0.11 0.99 0.06 0.3 0.37 59.56 6.6 -2.4 
32090 -0.01 0.1 1 1.34 0.3 0.67 58.96 7.65 -3.3 
32139 -0.01 0.1 1 1.89 0 0.18 59.71 6.9 -2.85 
32180 -0.01 0.1 1.01 3.05 -0.18 0.85 58.96 6.15 -2.55 
32230 -0.01 0.09 1 0.12 0.24 -0.12 58.66 6.15 -3.3 
32279 -0.01 0.11 1 2.2 0.3 0.43 58.21 6.9 -2.25 
32330 -0.02 0.12 0.99 2.93 0 0.49 59.11 7.35 -1.95 
32379 -0.01 0.1 0.98 2.44 -0.24 0.12 58.66 7.65 -2.85 
32420 -0.02 0.1 1 3.23 0.3 0.67 59.11 4.8 -2.7 
32470 -0.01 0.11 1 -0.3 0.3 0.06 58.36 6.6 -2.4 
32521 -0.01 0.1 1 0.67 0.3 0.67 60.62 7.35 -2.4 
32570 -0.01 0.11 1 -1.34 0.06 -0.49 58.66 6.45 -2.55 
32611 -0.02 0.11 0.99 2.01 0.55 0.67 58.06 7.35 -3.45 
32661 -0.02 0.11 0.98 0.06 0.06 -0.37 57.01 6.6 -3.45 
32710 -0.02 0.11 0.99 2.26 -0.12 0.12 58.81 6.3 -4.05 
32751 -0.01 0.1 1 1.4 0.06 0.67 58.06 7.05 -3.75 
32801 0 0.12 0.99 5.61 -1.1 0.06 59.11 8.55 -2.7 
32851 -0.01 0.12 0.99 -1.89 0.43 0.06 58.21 6.15 -2.55 
32901 -0.02 0.11 1 -0.55 0.85 0.49 59.41 7.2 -2.55 
32951 -0.01 0.11 1 4.33 -0.67 0.3 57.76 6.3 -2.7 
33000 -0.01 0.11 1 -0.73 0.67 0.37 57.76 6.3 -3.75 
33050 -0.01 0.11 1 0.3 0.37 0.18 58.96 7.2 -2.85 
33099 -0.01 0.12 0.99 2.2 -0.61 0 59.86 6.6 -2.4 
33140 -0.01 0.11 0.99 -2.38 1.52 0.67 58.06 7.8 -1.65 
33190 -0.02 0.11 0.98 1.52 -0.18 0.24 58.66 6.9 -3.3 
33240 -0.01 0.11 1 -0.61 0.67 0.37 60.32 5.55 -3.45 
33290 -0.02 0.12 1 1.95 -0.18 0.18 58.36 6.6 -2.4 
33340 -0.02 0.11 0.99 -0.61 0.91 0.3 58.96 6.9 -3.6 
33390 -0.01 0.12 1 0.73 0.18 0.24 57.46 6.15 -3.6 
33431 -0.02 0.11 1 0.06 0.67 0.55 58.66 7.65 -3.9 
33480 -0.01 0.11 0.99 1.95 -0.43 -0.12 59.56 7.05 -1.95 
33521 -0.02 0.1 1 -0.37 0.61 -0.24 59.41 6.15 -2.25 
33562 -0.02 0.11 1 2.2 0 0.67 61.97 7.95 -2.25 
33611 -0.01 0.12 1 1.34 0 0.18 58.66 6.45 -1.5 
33662 -0.02 0.11 0.99 -0.18 0.37 0.18 60.32 8.1 -2.7 
33711 -0.02 0.12 0.98 0.91 0.24 0.18 58.96 5.1 -2.25 
33762 -0.01 0.12 0.98 0.79 0 0.67 60.47 7.65 -2.25 
33812 -0.02 0.11 1 -1.16 0.73 0.06 58.36 7.35 -3 
33861 -0.02 0.11 0.99 3.84 -0.3 0 59.86 8.1 -3.75 
33912 -0.01 0.11 0.99 0.43 0.3 0.37 58.06 7.35 -3.45 
33962 -0.01 0.11 0.98 -0.3 0.37 0.43 58.66 8.25 -2.85 
34010 -0.01 0.11 0.99 -0.55 0.61 0.3 60.02 7.65 -3.6 
34061 -0.02 0.11 1 2.68 -0.12 0.24 57.46 6.9 -2.85 
34110 -0.02 0.12 0.99 -0.06 0.37 0.67 58.36 7.05 -1.35 
34151 -0.02 0.11 1 1.59 -0.3 -0.24 58.36 6.6 -2.7 
34201 -0.02 0.12 0.99 2.13 -0.18 0.37 58.21 7.2 -3.9 
34251 -0.01 0.1 1 -0.85 1.1 0.24 60.47 6.9 -1.8 
34301 -0.03 0.1 1 1.4 0 0.24 59.56 8.55 -1.95 
34351 -0.01 0.11 0.99 0.18 0 0 58.81 7.05 -3.45 
34401 -0.01 0.11 1 2.13 0.24 0.49 60.77 7.65 -3.6 
34451 -0.02 0.11 0.98 0.67 0.43 0.24 59.11 7.35 -2.4 
34500 -0.02 0.1 1 0 0.3 0.18 58.66 7.2 -1.8 
34542 -0.02 0.11 1 0.49 0.55 0.24 59.41 6.45 -2.85 
34592 -0.03 0.11 1 0.55 0.24 0.43 57.76 6.6 -3.75 
34642 -0.02 0.11 0.99 1.71 -0.37 0.06 59.71 7.2 -2.55 
34692 -0.01 0.11 1 -0.98 0.85 0.06 60.02 5.4 -2.85 
34742 -0.02 0.11 1.01 -0.24 0.37 0.3 59.11 8.1 -2.7 
34792 -0.03 0.12 1 1.04 0 0 60.47 5.7 -2.85 
34842 -0.02 0.1 1.01 0.06 0.85 0.55 58.96 5.7 -2.55 
34892 -0.02 0.11 0.98 -0.12 0.24 0.12 58.81 7.05 -2.4 
34942 -0.01 0.11 0.99 0.85 0.3 0.43 58.96 6.45 -2.85 
34992 -0.02 0.11 1 2.93 -0.24 0.12 59.86 6.6 -2.7 
35041 -0.02 0.12 0.99 1.16 0.18 0.12 60.02 7.65 -3.9 
35091 -0.02 0.12 0.99 1.28 -0.24 0.3 57.16 8.25 -1.5 
35132 -0.01 0.11 1 -0.06 0.3 0.06 60.02 7.2 -2.85 
35181 -0.01 0.11 0.99 0 0.85 0.73 58.06 6 -3.45 
35222 -0.02 0.11 1.01 -0.18 -0.18 0 59.11 8.85 -1.95 
35271 -0.02 0.11 1 -0.67 1.04 0.3 58.21 8.7 -3.6 
35312 -0.02 0.11 0.99 1.16 0.18 0 59.71 6.9 -1.5 
35361 -0.02 0.11 1 0.18 0.18 0.49 58.36 6.6 -1.35 
35402 -0.03 0.11 1.02 -0.85 1.04 0.24 60.32 6.3 -3.75 
35452 -0.02 0.11 1 1.4 0 0.3 58.96 7.65 -3.6 
35501 -0.02 0.12 0.98 0 0.67 0.43 58.96 7.65 -2.85 
35543 -0.02 0.11 1 0.61 -0.49 -0.18 59.56 6 -2.7 
35593 -0.01 0.11 0.99 0.06 0.73 0.43 57.91 6.15 -2.85 
35642 -0.02 0.11 1.01 1.65 0.06 0.3 59.11 8.1 -2.4 
35683 -0.02 0.11 1.01 0.79 0 -0.3 59.71 6.45 -3.6 
35732 -0.02 0.11 0.99 0 0.67 0.49 57.91 7.95 -2.55 
35773 -0.01 0.11 0.99 1.77 -0.3 0.06 59.11 6.6 -4.05 
35823 -0.02 0.12 1 2.99 -0.91 0.12 59.86 6.6 -3.75 
35873 -0.02 0.1 1 -2.13 1.34 0.3 57.91 7.95 -3.3 
35922 -0.03 0.11 1 -4.63 2.07 0.79 59.41 6.45 -2.85 
35963 -0.02 0.11 0.99 -1.59 0.91 0.3 58.66 7.65 -2.85 
36012 -0.02 0.11 1 0.91 0.73 0.43 59.41 7.2 -3.3 
36062 -0.02 0.1 0.99 -3.72 2.07 0.85 58.21 6.9 -3.3 
36111 -0.02 0.12 0.98 3.11 1.65 -0.79 58.96 8.25 -3.6 
36152 -0.03 0.11 1 0.79 2.93 -1.1 58.96 6.9 -3.3 
36202 -0.03 0.1 0.99 -5.43 2.99 -0.67 58.36 6.6 -2.7 
36252 -0.03 0.1 1 3.6 1.46 1.04 59.71 6.9 -2.25 
36302 -0.03 0.11 0.98 12.2 2.68 3.66 59.86 7.8 -1.65 
36352 -0.06 0.02 1.04 14.94 -1.77 -4.63 59.71 8.25 -1.5 
36402 -0.02 0.12 1.11 71.34 -7.01 3.23 56.26 8.55 -2.7 
36452 0.03 0.31 0.91 215.79 -51.65 29.7 50.26 6.15 2.1 
36502 0.1 0.19 -0.07 436.59 6.59 29.94 42.01 6.6 2.55 
36543 0.02 0.58 0.67 363.6 32.38 30.3 30.31 5.55 -0.6 
36593 -0.16 0.11 0.04 476.34 94.51 11.83 14.25 7.8 -9.75 
36643 0.07 1.51 0.3 217.13 97.2 -1.34 9.45 11.25 -16.65 
36694 -0.1 0.98 -0.1 92.5 32.5 9.7 7.2 11.25 -21.91 
36744 -0.11 1.15 -0.16 40.12 -11.71 38.78 6.45 10.8 -25.06 
36793 0.01 1.01 -0.33 -18.9 -9.27 3.48 7.65 10.8 -25.06 
36844 0.03 1.03 -0.12 -26.59 -3.29 -1.95 6.9 9.75 -25.06 
36893 -0.03 0.98 -0.08 -14.51 -12.13 1.1 7.2 10.5 -22.96 
36943 0.02 1.01 -0.1 -7.32 2.5 -1.16 6.6 10.35 -22.36 
36984 -0.01 1.03 -0.12 -3.35 -3.54 0.67 6.9 10.2 -22.51 
37033 0.01 1.02 -0.07 -1.83 -3.17 0.49 7.65 10.5 -21.91 
37083 0.01 1.02 -0.07 8.66 -3.41 2.01 6.15 10.5 -20.41 
37133 -0.01 1.06 -0.11 0.24 3.72 -6.89 7.2 9.75 -24.01 
37183 0.01 1.03 -0.1 -7.8 0.79 -0.18 7.2 10.2 -21.91 
37233 0.01 1.02 -0.05 -17.93 1.95 -0.49 7.05 9.6 -22.06 
37282 0.01 1.02 -0.05 -15.73 -1.1 -0.43 8.1 8.85 -19.95 
37323 0 1.03 -0.02 -4.82 -2.44 0.37 7.35 9.9 -21.01 
37373 0.01 1.03 -0.09 8.84 2.26 0.67 7.65 8.7 -20.11 
37423 0.01 1.03 -0.05 -7.2 0.18 0.18 8.55 10.35 -21.01 
37472 0.01 1.03 -0.02 -1.59 -0.98 -0.49 9.15 10.65 -20.26 
37513 0.01 1.02 -0.05 3.54 0.49 0.37 8.25 10.8 -21.46 
37564 0.01 1.03 -0.04 2.68 1.16 0.85 7.65 8.7 -20.41 
37613 0.01 1.03 -0.05 1.34 0.67 -0.43 8.25 9 -20.86 
37654 0 1.03 -0.05 7.13 5.79 1.16 7.8 11.1 -20.71 
37704 0.01 1.02 -0.05 -4.63 -0.85 -0.49 7.95 9.75 -20.41 
37754 0.02 1.03 -0.05 -0.3 0.24 0.43 8.25 9.45 -21.16 
37804 0.02 1.02 -0.06 3.17 -0.98 0.12 9.15 9.9 -21.31 
37854 0.02 1.03 -0.05 0.49 1.83 0.06 7.05 9.6 -21.31 
37904 0.02 1.02 -0.06 -1.59 -1.46 0.24 8.55 9.6 -20.71 
37954 0.01 1.03 -0.05 -0.18 0.12 -0.3 6.9 10.2 -21.46 
38003 0.02 1.02 -0.05 -2.87 0.18 0.12 7.05 8.55 -21.01 
38053 0.01 1.02 -0.06 2.93 1.34 0.37 9.6 9.9 -20.26 
38094 0.02 1.02 -0.05 -1.71 1.59 0.24 7.2 8.7 -21.16 
38143 0.01 1.03 -0.04 0 -0.61 -0.43 9.45 9.45 -21.16 
38184 0.01 1.03 -0.04 -2.8 -1.1 -0.3 8.7 9.75 -19.8 
38233 0 1.03 -0.04 -2.26 0.73 0.12 7.35 9.15 -21.01 
38283 0.02 1.03 -0.05 -1.16 -2.2 0.43 9.15 8.85 -19.95 
38324 0.01 1.03 -0.04 2.56 0.24 0.3 9.9 11.4 -19.2 
38373 0.01 1.03 -0.04 -4.33 -0.85 -0.43 7.35 7.8 -21.31 
38424 0.02 1.03 -0.03 1.65 -0.18 0.67 9 10.5 -19.35 
38474 0.02 1.03 -0.04 -3.84 -1.04 1.34 8.7 9 -21.46 
38524 0.01 1.04 -0.03 1.04 -0.67 -0.24 7.95 10.2 -20.86 
38565 0.01 1.02 -0.05 6.46 0.49 1.4 8.7 9 -20.11 
38615 0.01 1.03 -0.03 0.12 -0.49 2.87 9.45 9 -20.41 
38665 0.01 1.03 -0.03 -1.1 -0.24 0.73 7.2 11.25 -19.05 
38715 0.02 1.04 -0.02 1.28 -0.49 2.26 8.1 9.6 -20.71 
38765 0.02 1.02 -0.04 -2.56 -3.54 -0.61 6.6 10.65 -19.65 
38815 0.02 1.03 -0.03 -3.96 0.73 -1.46 8.1 9.15 -20.26 
38865 0.01 1.03 -0.01 -1.71 0.06 -0.67 8.1 9.15 -18.9 
38915 0.02 1.02 -0.02 -0.61 -2.38 -0.85 10.2 10.8 -19.05 
38965 0.01 1.03 -0.02 -4.51 -1.59 -0.85 9 9.75 -19.35 
39014 0.01 1.03 -0.02 -2.01 -3.48 -1.59 7.2 9.75 -19.35 
39064 0.02 1.02 -0.02 -0.24 0.98 -0.18 8.25 9 -19.05 
39113 0.02 1.03 -0.03 1.77 1.34 0.06 7.8 8.85 -18.9 
39154 0.02 1.03 -0.03 4.82 1.1 0.49 8.7 9.75 -19.8 
39204 0.01 1.03 -0.02 0.43 0.85 0 8.55 9.6 -19.65 
39254 0.02 1.03 -0.02 0.79 0.73 -0.12 8.25 10.5 -20.11 
39304 0.01 1.03 -0.01 -2.74 -0.06 0.18 8.25 9 -20.11 
39354 0.01 1.02 -0.01 2.01 0.3 0.06 8.85 10.35 -19.2 
39404 0.01 1.03 -0.02 1.46 0.37 -0.18 10.35 9.15 -19.2 
39454 0.01 1.02 -0.03 3.72 1.59 0.3 9.6 9.9 -20.26 
39504 0 1.02 -0.01 -3.78 -0.67 -0.43 9.9 9.9 -20.26 
39545 0.02 1.03 -0.02 4.02 1.1 0.73 7.8 9.9 -19.95 
39596 0.01 1.03 -0.01 -3.66 -0.91 -0.98 8.25 9 -18.75 
39645 0.02 1.03 -0.03 0.91 0.18 0.18 9.9 10.35 -18.6 
39686 0.01 1.03 -0.03 1.16 -0.12 -0.12 8.7 9.75 -19.35 
39735 0.01 1.02 -0.03 2.01 0.79 0.18 10.5 11.25 -19.05 
39785 0.01 1.03 0 -2.87 -1.4 -0.55 8.7 9.45 -20.41 
39826 0.01 1.03 -0.03 4.09 0.37 0.43 9 10.2 -19.35 
39875 0.02 1.04 -0.01 -3.41 -0.73 -0.37 7.95 9.75 -21.16 
39916 0.01 1.03 -0.03 4.27 0.43 0.24 8.7 9.45 -19.8 
39965 0.01 1.02 -0.02 1.04 0 0 8.1 9.9 -21.01 
40014 0.01 1.03 -0.02 -0.49 -0.18 -0.3 8.1 10.35 -20.71 
40055 0.01 1.03 -0.04 2.56 0.24 0.12 8.25 8.7 -20.11 
40105 0.02 1.04 -0.02 2.5 0.18 0.24 8.85 10.65 -19.95 
40154 0.02 1.02 -0.04 2.38 1.16 0 7.2 10.2 -19.8 
40195 0.01 1.03 -0.02 2.01 1.4 -0.37 8.85 10.65 -20.71 
40245 0.02 1.03 -0.03 0.67 -0.18 -0.18 8.1 10.35 -19.65 
40295 0.01 1.03 -0.02 -0.24 0.79 -0.12 8.25 10.8 -20.41 
40344 0.01 1.04 -0.02 -2.38 -0.49 -0.12 7.8 9.9 -21.31 
40394 0.01 1.02 -0.03 -0.06 0.18 0 8.55 11.1 -19.65 
40435 0 1.03 -0.02 1.77 0.85 0.24 8.85 9.15 -19.95 
40484 0.01 1.03 -0.02 -2.87 -0.91 0 8.7 9.75 -20.41 
40526 0.01 1.03 -0.02 4.39 0.43 0.18 11.25 9.75 -19.35 
40576 0.01 1.03 -0.03 0.3 0.37 0.06 9 10.5 -19.8 
40626 0.01 1.03 -0.01 2.56 0.49 0.18 9.9 10.35 -18.9 
40676 0.01 1.03 -0.02 -1.52 -0.06 0 8.55 8.85 -18.6 
40726 0.01 1.03 -0.02 2.2 0 0.18 11.4 10.65 -18.15 
40776 0.01 1.03 -0.02 -2.93 0.12 0 8.55 9.9 -18.9 
40826 0.01 1.02 -0.02 3.23 0.12 0.06 8.1 9.15 -18.9 
40876 0 1.03 -0.03 2.44 0.67 0.43 8.1 9.9 -19.65 
40917 0.01 1.02 -0.02 -0.06 0.18 0.06 8.1 8.85 -19.65 
40966 0.01 1.03 -0.04 1.22 0.06 0 8.25 10.5 -20.41 
41016 0.01 1.03 -0.01 2.74 0.98 0.37 8.7 10.2 -19.8 
41065 0.01 1.03 -0.02 -3.05 -0.61 -0.18 9.6 10.35 -19.2 
41115 0.01 1.03 -0.02 0.91 0 0.06 10.35 9.9 -18.9 
41166 0.01 1.02 -0.02 2.13 0.24 0 8.1 8.85 -19.2 
41215 0.02 1.02 -0.02 0 0 0 9.15 10.35 -19.2 
41266 0.02 1.04 -0.03 1.04 0.12 0.18 10.2 9.75 -19.35 
41316 0.02 1.02 -0.03 4.27 0.18 0.24 7.35 8.1 -20.71 
41365 0.01 1.03 -0.03 0.61 -0.18 0 9.15 9.9 -19.2 
41416 0.02 1.03 -0.02 0.79 0.3 0.18 8.7 10.5 -19.05 
41465 0.01 1.03 -0.03 0 0.24 0.24 9 10.2 -20.41 
41506 0.01 1.03 -0.01 1.89 0 0.06 8.55 11.1 -20.26 
41556 0 1.02 -0.02 0.43 0.06 0.06 8.85 8.1 -19.2 
41597 0 1.03 -0.02 -2.62 -0.06 0.06 9 10.2 -20.11 
41646 0.02 1.03 -0.02 2.62 -0.43 0 9.15 10.35 -19.2 
41696 0.01 1.02 -0.03 2.32 0.3 0 8.85 8.85 -19.65 
41737 0.01 1.02 -0.04 5.49 2.56 0.67 9 9.75 -21.16 
41787 0.02 1.02 -0.02 -0.49 -1.1 -0.3 8.55 10.65 -21.31 
41837 0.01 1.03 -0.04 -0.18 0.3 0.06 7.65 9.45 -19.05 
41886 0.02 1.03 -0.02 -4.21 -0.3 0 9.75 10.2 -19.35 
41927 0.01 1.03 -0.02 0.98 -0.67 0 8.25 10.2 -18 
41977 0.02 1.02 -0.02 2.56 0.12 0.12 8.85 9.9 -19.65 
42025 0.02 1.03 -0.02 -1.59 -0.06 0 8.7 9.45 -19.05 
42076 0.01 1.02 -0.04 3.35 0.18 0.18 8.55 9.15 -19.95 
42126 0.02 1.03 -0.03 0 0.67 0 9 10.2 -20.86 
42176 0.01 1.03 -0.02 -0.85 -0.3 0 8.55 10.35 -21.31 
42226 0.01 1.03 0 3.35 0.43 0 9.15 9.15 -19.65 
42277 0.01 1.04 -0.02 0.18 0.3 0.06 7.95 9 -21.91 
42326 0.02 1.03 -0.03 2.56 0.12 0.06 8.85 8.1 -21.31 
42367 0.01 1.03 -0.02 1.22 0.12 0.18 9.9 10.65 -17.55 
42416 0.01 1.03 -0.04 -0.98 0.3 0 9.9 10.65 -18.6 
42466 0.02 1.03 -0.02 1.77 0.06 0 9.6 9.6 -19.65 
42507 0.01 1.03 -0.02 -0.73 0.3 0.18 8.55 10.35 -20.26 
42557 0.01 1.04 -0.03 2.01 0.18 0.06 8.1 9.15 -19.2 
42608 0.01 1.03 -0.02 -2.01 0 -0.18 9.75 9.75 -19.05 
42657 0.01 1.03 -0.02 2.44 0.49 0.3 7.2 9.75 -20.11 
42698 0.01 1.03 -0.04 -0.06 -0.12 0 8.1 7.35 -19.2 
42747 0 1.03 -0.02 0.12 -0.12 0 9.75 9.45 -19.35 
42788 0.01 1.03 -0.03 3.9 0.43 0.49 10.5 10.5 -19.8 
42838 0.01 1.03 -0.04 0.37 0.12 0 7.8 10.35 -19.2 
42887 0.01 1.02 -0.03 0.98 0.24 0 9 9.45 -19.35 
42937 0.01 1.04 -0.01 0.18 0.06 0 9.6 9.15 -20.26 
42978 0.01 1.02 -0.03 2.93 0.55 0.37 9 9.75 -19.35 
43027 0.01 1.03 -0.01 -2.5 -0.24 0.06 7.95 9.45 -19.05 
43076 0.02 1.04 -0.04 4.57 0.43 0.24 7.8 10.35 -20.26 
43117 0.01 1.03 -0.04 0.43 -0.18 0.12 7.95 10.2 -19.35 
43167 0.01 1.02 -0.03 0.67 0.3 0.18 9 9.75 -19.35 
43217 0.01 1.02 -0.03 0.18 0 0.12 7.95 11.25 -20.11 
43267 0.01 1.02 -0.03 0.55 0.37 0 7.95 9.45 -19.05 
43317 0.02 1.02 -0.02 0 0.43 0.12 7.8 8.55 -21.76 
43367 0.01 1.03 -0.03 1.04 0.55 0.18 8.85 11.1 -19.95 
43416 0.01 1.03 -0.03 0.43 0 0.06 7.65 10.5 -19.05 
43457 0.01 1.03 -0.02 -0.37 0.06 0 7.95 9 -19.35 
43507 0.01 1.03 -0.02 -0.37 0.3 0.18 8.25 10.2 -19.35 
43548 0.02 1.03 -0.03 -0.24 -0.06 0.06 9 9 -18.3 
43589 0.02 1.03 -0.03 1.52 0.3 0.12 9.15 10.35 -18.15 
43638 0.01 1.02 -0.02 -1.22 0.06 0.06 7.95 9 -19.05 
43679 0.01 1.03 -0.01 1.83 0.24 0.12 8.85 8.85 -19.65 
43728 0.01 1.03 -0.02 0 0.3 0 9 10.2 -19.05 
43779 0.01 1.03 -0.02 -0.49 -0.18 0.12 8.25 11.25 -19.35 
43829 0.01 1.03 0 1.59 0.24 0.12 7.8 9.6 -19.95 
43878 0.02 1.03 -0.02 1.59 0.24 0.06 9 9 -20.11 
43928 0.02 1.03 0 2.13 0.24 0.06 8.55 9.6 -18.9 
43978 0.01 1.03 -0.01 -0.18 -0.18 0 7.2 9.75 -20.11 
44027 0.01 1.02 -0.03 -1.83 -0.37 0.18 8.55 9.15 -19.95 
44077 0.01 1.02 -0.02 0.24 -0.43 0.06 9.9 10.65 -20.71 
44127 0.02 1.02 -0.01 1.16 0.18 0.18 8.7 10.5 -19.35 
44177 0.02 1.04 -0.03 -0.73 0 0.06 8.85 9.15 -20.26 
44227 0.02 1.02 -0.02 3.6 0.37 0.12 9.45 10.2 -20.11 
44277 0.01 1.03 -0.02 -0.24 0.24 0.12 7.8 9.6 -20.71 
44318 0.01 1.03 -0.04 1.59 0.55 0.24 7.95 9.75 -19.35 
44367 0.01 1.03 -0.03 0.18 -0.43 -0.12 9 9 -18.75 
44418 0 1.03 -0.01 2.56 0.79 0.18 9.15 9.9 -19.65 
44468 0.01 1.03 -0.03 -1.95 -0.18 0.06 8.1 10.65 -19.65 
44519 0 1.03 0 1.59 0.12 0.24 9.9 8.85 -18.15 
44569 0.01 1.03 -0.01 0.55 0.12 -0.12 8.7 10.5 -21.91 
44618 0.01 1.03 -0.03 -1.16 2.2 0.06 7.05 10.65 -20.71 
44659 0.01 1.03 -0.02 -8.72 0.12 -1.04 6.6 10.35 -21.01 
44709 0.07 1.06 0.01 18.29 5.61 -9.02 8.1 10.35 -18.6 
44759 -0.77 0.98 -0.58 95.49 41.83 -165.91 7.05 13.65 -22.81 
44800 -0.3 1.16 0.33 31.95 26.52 -280.55 9.6 20.11 -23.86 
44849 -0.53 1.54 0.39 0.55 19.21 -325.18 15 30.31 -23.86 
44899 -0.38 0.98 -0.04 -17.44 2.2 -165.85 19.65 34.51 -24.01 
44949 -0.75 -0.16 0.29 -47.8 18.72 -266.46 24.76 39.31 -24.76 
45000 -1.42 1.35 -0.01 -1.71 8.17 -199.94 30.91 42.16 -25.06 
45048 -1.23 0.41 0.06 -47.44 -54.02 -189.39 36.01 41.11 -22.96 
45098 -1.19 1.04 -1.14 -2.2 -39.7 -142.8 42.76 45.01 -21.01 
45149 -1 0.14 -0.05 -25.37 -37.87 -91.59 45.31 42.76 -21.31 
45198 -1.06 0.25 0 -12.01 -14.15 -44.27 47.56 43.06 -21.01 
45248 -0.99 0.03 0.01 -10.79 9.63 -20.85 48.16 41.71 -22.06 
45298 -0.99 0.03 0 -14.76 3.17 -4.02 50.41 43.06 -21.31 
45349 -0.98 -0.02 -0.01 20.37 -8.48 4.82 48.91 41.26 -21.01 
45398 -0.98 0.04 0.05 63.41 -18.96 -9.94 48.91 41.26 -20.71 
45449 -0.97 -0.02 0.04 29.51 2.44 0.12 48.16 40.51 -20.26 
45498 -0.98 0.04 0.01 18.29 -0.55 -2.56 48.16 42.01 -20.26 
45539 -0.99 0.03 0.01 12.93 3.35 -4.82 46.36 43.06 -20.26 
45589 -0.99 0.02 0.05 14.51 0.24 -0.49 47.26 42.91 -19.8 
45630 -0.99 0.02 0.04 18.11 2.01 -0.79 48.46 41.11 -19.8 
45679 -0.99 0.02 0.03 4.82 2.5 0 46.06 42.01 -20.71 
45730 -0.99 0.04 0 24.7 -2.68 -0.55 46.21 42.61 -19.8 
45780 -0.99 0.05 0.04 2.62 -9.94 -0.49 45.46 42.91 -19.8 
45829 -0.99 -0.05 0.06 1.77 -5.61 0.06 46.96 42.16 -20.11 
45879 -0.98 0.02 0.04 0.67 2.07 0.18 48.16 40.96 -18.6 
45929 -0.99 0.03 0.03 0.67 1.52 0.18 47.11 42.76 -21.01 
45980 -0.98 0.02 0.04 0.67 0.85 0 45.46 41.86 -19.35 
46029 -0.98 0.05 0.03 0.3 -1.77 0.18 47.26 42.16 -18.75 
46079 -0.98 0.02 0.04 0.67 1.34 0 46.66 41.86 -20.86 
46129 -0.99 0.03 0.03 0.49 -1.28 0.12 48.01 41.11 -20.11 
46179 -0.98 0.02 0.05 0.79 5.24 0 46.21 40.81 -20.41 
46229 -0.98 0.02 0.03 0.67 0.98 0.12 47.26 41.11 -19.35 
46279 -0.98 0.02 0.03 0.67 1.22 0.12 45.31 42.46 -20.26 
46329 -0.98 0.02 0.04 0.61 -3.11 -0.12 47.26 40.81 -19.05 
46379 -0.98 0.04 0.04 0.73 4.15 0 46.66 41.41 -20.41 
46429 -0.99 0.01 0.04 0.67 1.89 0.12 46.21 41.41 -20.11 
46479 -0.99 0.02 0.03 0.67 3.35 0.18 45.46 42.61 -19.35 
46530 -0.99 0.03 0.03 0.49 -3.84 0.06 47.56 42.46 -19.95 
46580 -0.98 0.02 0.03 0.67 -6.95 0.18 45.61 40.21 -19.65 
46631 -0.99 0.02 0.04 0.67 0.85 0.06 47.11 41.26 -19.95 
46680 -0.99 0.02 0.03 0.67 6.04 0 47.26 42.16 -20.41 
46729 -0.98 0.02 0.03 0.67 3.54 0 46.96 41.41 -19.8 
46770 -0.98 0.02 0.03 0.67 4.7 0.12 47.11 41.26 -18.9 
46820 -0.99 0.02 0.04 0.67 -4.63 0 46.21 42.16 -19.8 
46871 -0.98 0.02 0.02 0.49 6.89 0.18 46.36 39.91 -17.85 
46920 -0.98 0.02 0.03 0.67 1.65 0.18 46.96 42.16 -19.8 
46970 -0.98 0.02 0.03 0.61 -0.85 0.12 46.96 40.36 -20.86 
47019 -0.98 0.02 0 0.67 4.76 0.06 47.11 42.76 -19.95 
47070 -0.98 0.02 0.02 0.73 0.06 0.12 45.16 41.86 -19.8 
47119 -0.98 0.02 0.01 0.61 -1.28 0 47.56 43.06 -19.95 
47169 -0.98 0.02 0.03 0.79 -3.29 0 46.21 42.61 -21.46 
47220 -0.98 0.02 0.03 0.67 1.04 0.18 45.91 42.61 -20.86 
47269 -0.99 0.02 0.02 0.61 -1.16 0.06 46.06 42.46 -20.71 
47310 -0.99 0.01 0.03 0.67 -2.26 0 46.81 40.51 -20.71 
47359 -0.99 0.03 0.02 0.67 0.49 0 46.81 42.76 -20.71 
47409 -0.99 0.02 0.03 0.61 -0.37 0 47.71 42.16 -19.35 
47460 -0.99 0.01 0.03 0.67 2.01 0.12 45.91 40.06 -20.41 
47510 -0.98 0.02 0.04 0.67 0 0.49 46.96 41.11 -20.41 
47561 -0.99 0.03 0.02 0.85 0.12 0.12 44.71 41.86 -20.41 
47611 -0.98 0.02 0.05 0.79 0 0.18 48.76 41.41 -20.11 
47661 -0.98 0.02 0.01 0.61 -0.49 0.12 47.26 41.86 -21.16 
47710 -0.98 0.03 0.02 0.67 0 0.06 46.96 41.41 -20.41 
47751 -0.98 0.02 0.02 0.85 4.57 0 45.16 41.11 -20.41 
47801 -0.99 0.02 0.02 0.67 3.6 0.06 46.21 40.36 -18.3 
47851 -0.99 0.02 0.04 0.85 -2.44 -0.12 46.66 41.41 -20.41 
47901 -0.99 0.03 0.01 0.67 -7.62 0 46.96 42.16 -19.05 
47951 -0.98 0.02 0.02 0.61 -9.27 -0.12 47.26 41.86 -19.8 
48000 -0.99 0.02 0.04 0.61 -4.27 0 46.21 40.81 -18.75 
48050 -0.98 0.02 0.04 2.68 2.26 0 46.06 40.96 -20.26 
48100 -0.98 0.02 0.03 0.73 2.01 0 45.46 41.41 -20.86 
48150 -0.98 0.03 0.04 0.67 3.35 0.06 46.81 40.21 -19.65 
48200 -0.99 0.02 0.03 0.61 -3.05 0 46.06 42.01 -21.76 
48250 -0.98 0.03 0.02 0.73 2.87 0.18 47.11 41.71 -19.65 
48300 -0.98 0.02 0.04 0.61 -2.01 0 46.66 42.16 -19.35 
48350 -0.98 0.02 0.02 10.85 2.13 -0.43 46.81 40.96 -19.65 
48400 -0.99 0.02 0.02 0.55 8.9 0.12 46.96 42.61 -19.35 
48441 -0.97 0.02 0.03 0.61 -0.91 0.18 45.91 42.16 -20.41 
48490 -0.99 0.02 0.02 0.61 -1.77 0.12 47.26 42.16 -21.16 
48532 -0.99 0.02 0.02 0.61 -0.85 0.06 46.66 42.61 -19.05 
48581 -0.99 0.03 0.02 0.73 0 0.06 47.26 41.41 -20.41 
48622 -0.99 0.02 0.04 0.79 -1.59 0 46.36 41.71 -21.31 
48671 -0.99 0.02 0.03 0.61 -1.65 0.18 47.11 40.96 -20.71 
48712 -0.99 0.02 0.03 0.61 -0.73 0.06 47.26 43.36 -19.05 
48762 -0.99 0.02 0.04 0.43 -2.38 0.12 46.81 40.96 -20.26 
48812 -0.99 0.03 0.04 0.67 3.72 0.18 46.21 41.11 -18.75 
48861 -0.99 0.02 0.03 0.49 -1.52 0.12 46.81 42.01 -20.71 
48911 -0.98 0.02 0.05 0.79 0.85 0 46.36 40.21 -20.71 
48962 -0.99 0.02 0.02 0.73 2.2 0.12 46.96 42.16 -20.41 
49011 -0.99 0.02 0.05 0.67 -5.73 0 46.66 40.81 -19.8 
49060 -1.01 0.02 0.04 0.55 8.29 0.06 46.36 41.71 -19.95 
49101 -0.98 0.03 0.02 0.67 -0.37 0.18 45.46 42.61 -20.41 
49151 -0.98 0.03 0.02 0.73 -3.78 0.12 45.16 41.11 -19.35 
49201 -0.99 0.02 0.05 0.67 0.3 0.12 45.16 41.41 -19.05 
49250 -0.99 0.02 0.01 0.67 5.79 0.06 46.81 40.96 -21.31 
49291 -0.98 0.02 0.04 0.79 -5.18 -0.12 46.96 40.36 -20.11 
49340 -0.98 0.02 0.03 0.67 3.23 0.24 46.81 41.71 -20.26 
49381 -0.99 0.03 0.02 0.67 0.67 0.06 47.56 41.26 -20.26 
49430 -0.99 0.02 0.03 0.67 1.52 0 46.81 41.26 -19.65 
49471 -0.99 0.03 0.04 0.49 -1.22 0.06 46.21 41.41 -19.8 
49521 -1 0.01 0.03 0.73 2.99 0 46.81 41.26 -19.95 
49562 -0.99 0.02 0.02 0.61 -0.85 0.06 45.16 41.86 -19.8 
49612 -0.99 0.02 0.03 0.67 1.46 0.12 47.11 41.71 -20.26 
49662 -0.99 0.02 0.02 0.73 -1.89 0.12 45.31 43.81 -19.65 
49712 -0.98 0.02 0.03 0.67 1.65 0.06 47.86 40.96 -19.95 
49762 -0.98 0.02 0.03 0.73 -3.35 0.06 46.06 41.26 -21.31 
49803 -0.99 0.03 0.04 0.73 1.22 0.12 47.11 41.26 -19.95 
49852 -0.98 0.02 0.02 0.67 1.59 0.06 46.66 42.91 -20.41 
49893 -0.98 0.02 0.03 0.79 0.73 0 45.91 41.86 -19.8 
49942 -0.98 0.02 0.04 0.85 1.89 0.12 45.01 41.26 -20.71 
49992 -0.98 0.03 0.03 0.85 2.44 0 46.66 41.11 -20.11 
50041 -0.99 0.02 0.03 0.73 1.34 0 46.81 42.46 -20.26 
50082 -0.99 0.02 0.02 0.61 -0.85 0.06 46.66 42.91 -20.11 
50131 -0.99 0.02 0.03 0.67 1.59 0.12 47.86 41.71 -20.71 
50172 -0.99 0.02 0.03 0.61 -1.04 0.06 44.71 41.11 -20.86 
50221 -0.98 0.03 0.03 0.55 3.35 0.12 46.36 42.01 -21.01 
50271 -0.99 0.02 0.02 0.61 -1.16 0 46.66 41.41 -21.16 
50322 -0.98 0.03 0.02 0.67 -0.85 0.12 46.66 41.41 -20.11 
50371 -0.99 0.02 0.01 0.67 1.22 0.12 45.91 42.16 -21.91 
50412 -0.99 0.03 0.03 -5.85 1.65 0.24 47.26 41.41 -20.41 
50461 -0.98 0.03 0.02 0.61 -0.67 0 46.06 42.46 -19.95 
50502 -0.98 0.02 0.03 -6.71 1.52 0.43 45.91 40.36 -20.11 
50543 -0.99 0.02 0.03 0.73 3.66 0.06 45.31 42.01 -20.26 
50593 -0.98 0.02 0.02 0.61 -1.89 0.12 46.21 40.06 -20.41 
50643 -0.99 0.02 0.02 0.67 0.98 0.12 46.96 42.61 -19.05 
50693 -0.99 0.03 0.01 0.85 4.02 0 47.26 40.81 -20.11 
50743 -0.99 0.02 0.02 0.91 0.91 0.12 46.36 41.71 -20.71 
50793 -0.98 0.02 0.02 0.79 -0.49 0.06 48.01 42.61 -19.35 
50843 -0.97 0.02 0.02 0.67 2.07 0.12 45.91 41.41 -20.11 
50893 -0.99 0.02 0.02 0.67 -2.01 0 46.06 41.26 -20.26 
50943 -0.99 0.02 0.01 0.67 2.2 0.18 46.66 42.61 -21.16 
50993 -0.99 0.02 0.02 0.79 -2.07 0 47.11 41.26 -21.76 
51042 -0.99 0.02 0.02 0.73 2.13 0.12 46.96 41.86 -20.86 
51091 -0.99 0.03 0.01 0.73 -4.15 0 47.26 42.61 -20.86 
51132 -0.99 0.03 0.01 0.67 1.83 0.06 46.96 41.11 -20.11 
51182 -0.99 0.03 0.02 0.61 -0.49 0 46.21 41.11 -20.41 
51232 -0.99 0.02 0.02 0.67 2.99 0.12 46.96 40.36 -20.41 
51282 -0.99 0.02 0 0.61 -2.2 0.12 46.06 41.71 -20.71 
51332 -0.99 0.02 0.03 1.16 4.82 0.06 46.96 41.86 -19.8 
51383 -1 0.03 0.01 1.52 -2.2 0 46.36 42.76 -20.26 
51432 -0.99 0.02 0 0.73 -0.67 0.06 48.01 41.11 -19.35 
51482 -0.99 0.03 0.01 0.79 0.43 0.06 45.01 42.76 -21.31 
51523 -0.99 0.02 0.03 0.61 -0.73 0.12 46.81 42.46 -20.71 
51573 -0.99 0.02 0.03 0.79 0.55 0.12 45.16 40.81 -21.46 
51623 -0.98 0.02 0 2.38 4.7 0 46.96 42.91 -21.16 
51674 -0.98 0.03 0.03 0.98 -0.3 0.06 46.66 42.16 -19.8 
51724 -0.98 0.02 0.02 0.67 1.22 0.06 45.46 42.91 -21.16 
51774 -0.99 0.02 0.02 0.67 -0.67 0.06 46.96 41.41 -20.11 
51824 -0.99 0.02 0.01 0.79 0.43 0 46.36 40.96 -20.26 
51874 -0.99 0.02 0.02 0.73 -2.87 0.12 46.36 40.96 -20.26 
51924 -0.98 0.02 0.02 0.73 1.65 0.12 46.21 42.16 -20.86 
51973 -0.98 0.03 0.02 0.61 -2.13 0 45.61 42.46 -20.71 
52023 -0.99 0.02 0.02 0.67 0.73 0.12 45.31 40.96 -20.71 
52072 -0.98 0.02 0.02 0.85 2.44 0 45.91 42.16 -20.86 
52113 -0.99 0.01 0.02 0.67 2.07 0.12 45.61 42.01 -22.06 
52163 -0.98 0.02 0.02 0.73 -1.22 0.06 46.96 41.86 -21.91 
52213 -0.99 0.02 0.01 0.55 4.09 0.24 46.06 42.01 -21.31 
52263 -0.98 0.03 0.02 0.85 -4.51 0 47.26 41.11 -20.11 
52313 -0.99 0.02 0.02 0.67 2.68 0.18 46.81 42.76 -20.71 
52363 -0.99 0.02 0.01 0.61 -1.1 0.06 45.46 41.86 -20.41 
52413 -0.98 0.02 0.01 0.67 1.22 0.06 47.56 42.46 -20.26 
52463 -0.99 0.02 0 0.61 -0.24 0.06 45.31 43.06 -21.76 
52513 -0.98 0.02 0.02 0.61 -0.79 0 45.46 41.11 -20.41 
52555 -0.99 0.02 0.02 0.67 1.22 0.06 47.56 42.01 -20.71 
52604 -0.99 0.03 0.01 0.67 0.79 0.06 46.96 42.61 -20.11 
52655 -0.98 0.03 0.01 0.79 0.79 0 47.71 42.16 -21.16 
52704 -0.98 0.02 0.02 0.73 -0.18 0 47.11 42.46 -21.31 
52754 -0.98 0.01 0.01 0.79 -0.61 0 47.26 41.86 -21.16 
52805 -0.99 0.03 0.02 0.73 0.67 0.18 46.06 43.06 -20.71 
52855 -0.98 0.02 0 0.73 -0.67 0.12 46.66 41.41 -22.21 
52904 -0.99 0.02 0 0.79 0.91 0 46.81 42.46 -21.01 
52945 -0.99 0.02 0.03 0.85 0.73 0.18 46.66 42.61 -20.41 
52995 -0.99 0.02 0.02 0.73 -0.79 0 46.06 42.01 -21.76 
53044 -0.99 0.03 0.03 0.67 1.65 0.12 46.81 42.76 -19.95 
53093 -0.99 0.03 0.01 0.73 -2.07 0 46.96 41.41 -20.86 
53134 -0.98 0.02 0.02 0.67 -0.79 0.06 45.91 41.86 -20.86 
53184 -0.99 0.03 0.02 0.67 -1.22 -0.18 46.81 41.71 -19.2 
53234 -0.98 0.02 0.01 0.67 -2.32 0.06 46.66 42.61 -19.8 
53284 -1 0.02 0.03 0.67 2.5 0.12 45.16 44.41 -21.91 
53333 -0.99 0.04 0.02 0.67 1.65 0.18 46.06 42.46 -20.71 
53374 -0.99 0.02 0.01 0.67 1.52 0.06 46.96 41.86 -21.91 
53424 -0.99 0.03 0.03 0.79 1.34 0 45.31 42.46 -20.71 
53474 -0.98 0.03 0.02 1.59 0.06 0.18 46.66 41.41 -21.46 
53525 -0.98 0.02 0.03 7.99 -11.1 -0.18 46.36 42.76 -20.26 
53575 -0.99 0.02 0.01 0.55 4.45 0.24 46.81 40.96 -21.31 
53625 -0.99 0.02 0.02 0.67 -0.55 0.06 44.26 42.46 -20.26 
53675 -0.99 0.02 0.02 0.55 0 0.18 46.66 41.11 -18.75 
53724 -0.99 0.02 0.03 0.67 0.55 0.18 44.71 41.86 -20.41 
53765 -0.99 0.02 0.04 0.12 -0.37 0.12 47.11 39.91 -19.95 
53815 -0.99 0.02 0.04 0.3 4.15 0.12 47.71 42.61 -21.16 
53865 -0.98 0.03 0.01 0.55 5.49 0.18 45.91 42.61 -20.86 
53915 -0.98 0.02 0.02 -0.55 -0.98 0 45.91 42.91 -19.8 
53965 -0.99 0.02 0.03 -6.28 6.89 0.24 46.81 42.46 -20.26 
54014 -0.99 0.02 0 -2.44 1.71 0.12 47.11 42.76 -22.36 
54055 -0.99 0.02 0.01 5.98 -12.74 -0.18 44.56 42.76 -21.76 
54104 -0.99 0.02 0.01 0.61 -0.73 0.06 46.06 41.26 -21.31 
54154 -0.99 0.02 0.01 0.67 1.4 0.06 45.91 41.41 -20.86 
54205 -0.99 0.03 0.01 0.79 3.35 0.06 47.26 44.41 -20.11 
54254 -0.99 0.02 0 1.1 -11.4 -0.18 46.06 41.26 -21.76 
54304 -0.98 0.02 0.03 0.55 7.8 0.24 46.36 42.01 -19.65 
54354 -0.99 0.03 0.02 0.91 -4.82 0 45.31 41.26 -21.31 
54405 -0.99 0.02 0.01 0.73 2.32 0.24 47.11 41.71 -20.71 
54454 -0.99 0.02 0.05 -8.6 3.96 0.49 46.21 41.11 -20.41 
54504 -0.98 0.02 0 0.3 6.83 0.24 45.01 42.76 -21.76 
54545 -1 0.03 -0.01 -2.32 5.3 0.12 45.46 41.86 -21.46 
54595 -0.99 0.02 0.01 0.73 -2.5 0.06 47.26 41.11 -20.86 
54646 -0.98 0.03 0 -5.98 10.43 0.12 46.81 43.06 -22.36 
54696 -0.99 0.02 -0.01 -9.45 11.65 0.12 46.96 42.16 -22.51 
54746 -1 0.02 0.01 -14.33 9.51 0.43 46.06 43.06 -23.11 
54796 -0.98 0.01 -0.02 -12.99 15.61 0.49 46.66 42.61 -22.51 
54846 -0.99 0.02 -0.05 -6.34 14.15 0.67 45.91 44.41 -23.71 
54895 -0.99 0.02 -0.08 -14.7 5.3 0.73 45.61 43.06 -25.21 
54936 -0.98 0.03 -0.03 -25.12 -3.17 -0.91 47.56 43.06 -24.46 
54985 -0.99 0.02 -0.1 -10.67 -0.73 -2.56 46.81 42.76 -23.86 
55035 -0.98 0.03 -0.06 -3.17 -4.33 -0.3 46.81 43.81 -25.51 
55084 -1 0.02 -0.05 2.93 -6.59 8.17 47.86 43.81 -25.21 
55125 -0.98 0.03 -0.04 -3.11 -20.06 2.32 47.56 43.81 -22.81 
55175 -0.97 0.13 -0.24 183.41 119.57 5.43 45.61 44.26 -23.41 
55216 -1.34 0.14 0.56 -29.94 11.46 -209.82 49.21 43.66 -24.01 
55265 -1.34 -0.18 0.68 -66.52 -209.27 -471.59 62.27 38.26 -20.86 
55316 -0.56 -0.71 -0.45 14.57 -64.94 -379.82 72.77 28.36 -15.9 
55365 -0.33 -0.28 -0.06 -30 -27.99 -291.83 77.57 19.65 -15.15 
55416 -0.44 -1.83 0.46 50.79 75.79 -259.94 77.87 14.85 -14.85 
55465 -0.16 -0.81 0.23 -10 -67.5 -129.88 79.07 10.5 -14.55 
55506 -0.18 -1.42 -0.67 51.28 -120.85 -182.62 79.07 2.85 -14.55 
55556 -0.01 -0.99 0 -3.17 3.96 0.43 79.22 0.15 -14.7 
55597 0.03 -0.97 -0.12 -15.12 10.85 -17.01 79.37 0 -14.85 
55646 0.07 -0.86 0.44 51.46 0.49 -7.5 77.57 -0.45 -10.95 
55697 0.05 -0.88 0.55 -17.2 1.46 2.32 76.97 -1.35 -12.6 
55746 0.01 -0.96 0.2 17.44 2.68 0.06 78.47 0.45 -13.2 
55797 0.03 -0.96 0.13 -1.83 10.3 -1.34 78.92 -1.35 -13.95 
55846 -0.01 -0.97 0.07 -42.8 -9.7 0.37 82.07 -0.6 -14.25 
55897 0.02 -0.97 0.12 -17.87 2.62 -0.49 80.72 -1.35 -15.3 
55946 0.02 -0.97 0.05 -23.66 -0.67 -0.43 81.47 -0.3 -15.75 
55996 0.01 -0.97 0.07 -26.22 1.16 -0.49 81.92 0 -17.25 
56046 0.01 -0.98 0 -19.94 -1.77 -0.37 82.67 1.05 -16.95 
56095 0.01 -0.97 0.04 3.66 0 -0.18 85.82 -0.6 -17.55 
56145 0.02 -0.98 -0.01 -10.43 0.3 -0.24 82.97 -0.45 -18 
56186 0.02 -0.97 0.04 3.23 0 0 82.97 0.6 -16.95 
56236 0.01 -0.97 0.01 -14.21 0.49 -0.24 82.67 0.3 -18 
56286 0.01 -0.97 -0.01 -0.85 -1.4 -0.12 84.92 0 -17.25 
56336 0.01 -0.98 0.01 -0.67 0.37 -0.12 84.92 -0.75 -18 
56386 0.02 -0.98 0.01 -2.68 0.24 -0.12 82.67 0.3 -18 
56436 0.02 -0.97 0.01 0.49 0.18 -0.24 84.02 -1.05 -18.9 
56486 0.02 -0.98 0.02 1.65 0 -0.18 84.47 0.3 -18.3 
56537 0.02 -0.98 0.01 -2.13 0.3 -0.12 83.27 -0.6 -18.9 
56587 0.02 -0.98 0 1.34 0.3 0 83.57 1.2 -18.15 
56637 0.02 -0.97 0 -3.9 0.37 -0.24 83.42 1.35 -19.05 
56687 0.02 -0.97 -0.02 -3.05 0.98 0.12 84.92 0.3 -19.8 
56737 0.01 -0.98 0 -0.61 -0.06 -0.18 84.47 -1.2 -19.8 
56786 0.02 -0.98 -0.01 1.1 0.55 0 83.27 0.15 -18.15 
56827 0.01 -0.97 0 1.52 0.06 0 85.52 -0.45 -18 
56877 0.01 -0.97 -0.01 0.67 0.55 0.06 83.42 -0.75 -19.05 
56926 0.01 -0.96 -0.01 -2.38 0.18 0 84.92 -0.75 -18.75 
56967 0 -0.98 0 -1.65 -0.3 0 84.62 0.45 -19.2 
57016 0.02 -0.98 -0.02 -1.34 -0.06 0.06 82.97 1.05 -19.35 
57066 0.01 -0.98 0.03 4.15 0.06 0.06 84.47 0.6 -19.05 
57116 0.02 -0.98 -0.04 -3.11 0.06 -0.12 83.57 -1.35 -19.2 
57165 0.01 -0.98 0 0.12 0.18 0 84.17 1.05 -19.8 
57206 0.03 -0.98 -0.01 0.55 0.18 0 84.32 0.9 -20.26 
57256 0.02 -0.97 -0.02 1.4 0.43 0 84.02 0.15 -19.65 
57307 0.01 -0.98 -0.02 -0.3 0.06 -0.12 85.22 0.6 -19.35 
57356 0.01 -0.97 0 6.65 -0.61 0.12 82.97 -1.2 -18.75 
57397 0.01 -0.97 0 -0.3 0.3 0 84.62 -0.6 -19.2 
57446 0.01 -0.97 -0.02 0.24 0.43 0 84.47 0.3 -20.41 
57497 0.02 -0.98 -0.03 4.57 0 0 83.27 -1.05 -18.6 
57547 0.02 -0.96 -0.03 -2.32 0.12 -0.18 84.62 0.15 -18.9 
57588 0.01 -0.98 -0.01 2.32 0 0.06 84.17 0.6 -19.8 
57637 0.01 -0.98 -0.01 -0.18 -0.06 0.06 84.02 -1.05 -20.26 
57678 0.02 -0.97 -0.03 -1.59 -0.06 -0.24 85.22 -0.45 -19.05 
57727 0.01 -0.97 0 2.74 0 0 84.32 -0.3 -17.55 
57777 0.02 -0.97 -0.01 0 0 0 82.67 0 -18.75 
57818 0.03 -0.97 -0.01 -1.04 -0.06 0 84.62 -0.6 -18.9 
57868 0.01 -0.98 -0.02 0.91 -0.67 0 83.42 -0.45 -19.35 
57918 0.01 -0.97 0.01 1.59 0.06 0.37 85.07 -0.3 -17.85 
57968 0.02 -0.98 0 -0.85 0.06 -0.18 83.42 1.05 -19.35 
58017 0.01 -0.97 -0.01 1.34 0.3 -0.12 84.17 -0.75 -19.05 
58066 0.01 -0.97 -0.01 4.02 0 -0.12 84.32 0.45 -19.65 
58107 0.01 -0.98 -0.02 0.91 0.12 -0.24 83.27 1.2 -18.9 
58157 0.02 -0.98 -0.02 0.91 0.06 0 84.32 -1.05 -20.71 
58207 0.02 -0.98 -0.01 1.77 0.06 -0.12 85.22 1.35 -19.05 
58257 0.02 -0.97 -0.02 0.79 0 0 83.42 0 -18.3 
58306 0.02 -0.98 0 0 -0.98 -0.37 83.42 0.3 -18 
58347 0.01 -0.98 -0.01 2.38 0 -0.12 84.92 1.35 -19.05 
58397 0.01 -0.99 -0.01 1.71 -0.12 -0.24 83.27 -0.6 -18.15 
58447 0.04 -0.96 -0.15 2.68 0.43 0.37 82.97 0 -17.7 
58497 0.01 -0.97 0.01 0.55 0.06 -0.43 84.47 -1.2 -18 
58538 0.02 -0.98 -0.01 -0.06 -0.79 -0.43 85.37 -2.85 -18.6 
58588 0.02 -0.97 -0.01 1.52 0.12 0.18 82.82 -1.35 -17.55 
58629 0.01 -0.98 0.01 2.99 -0.18 0.12 84.92 0.3 -18 
58678 0 -0.97 0 1.34 0.12 0.06 83.42 0.3 -17.7 
58728 0.02 -0.98 -0.01 0.12 0.43 0 84.47 1.05 -19.35 
58778 0.02 -0.97 0 1.16 0.43 0.06 82.82 0.45 -16.8 
58828 0.03 -0.97 -0.02 1.59 -0.67 -0.12 84.47 0 -18.3 
58869 0.01 -0.97 -0.01 0.98 0.12 -0.37 83.27 -0.6 -18.15 
58919 0.01 -0.98 0 0.85 0.24 0.18 83.27 -1.65 -18.15 
58968 0.01 -0.97 -0.01 0.49 0 0.06 83.27 0.9 -18.6 
59017 0.01 -0.98 0 0.73 0.24 0 84.32 1.2 -18.6 
59058 0.02 -0.97 -0.02 -0.79 -0.18 -0.18 83.42 -0.45 -18.3 
59108 0.02 -0.97 0.01 1.22 0 0 84.32 -0.3 -19.65 
59157 0.02 -0.98 -0.02 1.16 0.3 0.06 82.97 0 -17.7 
59208 0.01 -0.98 0.01 0.67 0.24 -0.3 83.27 0.15 -18.6 
59258 0.02 -0.98 -0.01 0.3 -0.12 -0.24 82.52 0.9 -17.85 
59308 0.01 -0.98 -0.01 -0.06 -0.18 0 84.47 0 -19.05 
59357 0.02 -0.98 0.01 1.77 0.67 0.06 82.07 0.15 -18.15 
59398 0.01 -0.98 0 1.46 0.43 0.06 83.72 -2.25 -19.35 
59447 0.02 -0.98 0 1.83 0.37 0 83.72 0.3 -18.75 
59488 0.01 -0.98 -0.01 0.85 0.37 0.06 83.72 0.6 -17.7 
59538 0.02 -0.97 0 1.34 0.24 0 82.67 -0.75 -17.25 
59579 0.01 -0.98 -0.01 -0.43 0.24 0.12 83.27 -0.3 -17.85 
59629 0.01 -0.98 0 1.65 0.3 -0.18 82.97 0.6 -18.3 
59679 0.02 -0.97 -0.01 -1.04 0 -0.12 84.92 -0.75 -19.8 
59729 0.01 -0.98 0.01 2.99 0.43 0 84.47 -0.45 -17.25 
59778 0.02 -0.98 0 0.24 0.06 -0.12 82.97 0 -17.7 
59819 0.02 -0.98 0 0.67 0.06 -0.24 84.17 -1.2 -18.75 
59869 0.02 -0.97 0 1.83 -0.12 -0.18 84.32 -0.3 -17.55 
59919 0.01 -0.98 0 0.18 0.18 -0.12 83.42 0.6 -19.05 
59969 0.02 -0.97 -0.01 0.85 0.12 -0.18 84.47 -0.45 -19.05 
60018 0.02 -0.98 -0.01 0.85 -0.18 0.06 83.72 -1.2 -18.75 
60059 0.02 -0.97 0.01 0.37 -0.79 -0.43 83.27 0.15 -18.6 
60108 0.01 -0.97 0 1.71 0.12 0 82.37 -0.75 -19.35 
60159 0.01 -0.98 0 0.67 0.18 0 82.82 -1.05 -16.35 
60208 0.01 -0.98 -0.01 -0.12 0.12 -0.24 84.62 -0.6 -17.85 
60258 0.02 -0.98 0 2.68 0.3 0.06 82.52 0.15 -17.1 
60308 0.02 -0.97 0.01 -0.12 0.06 -0.18 83.42 -0.45 -18 
60349 0.01 -0.97 -0.01 1.22 0.12 -0.3 82.82 0.9 -18.9 
60399 0.01 -0.98 0.02 1.34 0 0.06 82.67 -0.75 -18 
60448 0.01 -0.97 0.01 -0.49 0.61 0 84.17 0.6 -19.35 
60498 0.02 -0.98 0 0 0 -0.24 82.82 -2.4 -17.55 
60539 0.02 -0.97 -0.02 1.95 -0.12 0.06 81.92 1.05 -20.11 
60589 0.01 -0.98 0 0.3 0.12 -0.37 84.17 -1.2 -18 
60630 0.01 -0.98 -0.01 1.34 0.06 0.06 82.37 0.3 -18.75 
60680 0.03 -0.97 -0.01 -0.06 -0.61 -0.3 82.37 -1.2 -19.05 
60730 0.02 -0.98 0.01 0.49 0.43 0.12 83.42 0 -18.3 
60780 0.02 -0.98 0 0.18 0 -0.37 84.17 0.6 -19.05 
60830 0.01 -0.97 0 0.73 0 0 83.42 0 -18.3 
60880 0.02 -0.98 -0.01 -0.91 -0.3 -0.24 84.47 1.35 -19.05 
60929 0.01 -0.97 0 2.44 0.37 0.06 82.82 -0.6 -18.9 
60980 0.01 -0.97 0.02 0.55 0 0 84.47 -1.2 -18.75 
61028 0.02 -0.98 0 0.91 0.3 0 83.57 -0.6 -17.1 
61069 0.02 -0.98 -0.01 1.4 0.37 0.18 83.27 0.9 -17.55 
61119 0.02 -0.97 -0.01 0.67 0.12 -0.12 82.97 -0.45 -18.75 
61169 0.02 -0.96 -0.01 1.22 0.24 -0.18 84.17 0.3 -18.3 
61219 0.02 -0.98 0 0.67 0.24 -0.18 84.17 -0.45 -17.25 
61269 0.01 -0.97 0 0.67 0.3 -0.24 82.97 1.05 -18.3 
61319 0.01 -0.98 -0.02 0.37 0 0 82.52 -0.6 -17.55 
61360 0.01 -0.98 -0.01 0.91 0.55 0.18 82.52 -0.3 -17.55 
61409 0.02 -0.98 0 0 0.3 0 85.07 0.15 -18.15 
61450 0.02 -0.98 0.01 0 0.06 -0.18 82.97 -0.45 -19.35 
61499 0.01 -0.97 0 1.89 0.18 0.06 82.82 -0.6 -19.2 
61540 0.02 -0.98 0.01 0.3 0.12 -0.24 82.82 -1.35 -18.15 
61591 0.02 -0.98 0 0.18 0.06 0 83.72 0.3 -17.7 
61641 0.02 -0.98 -0.01 2.87 -1.28 -0.55 84.62 -1.05 -17.85 
61691 0.02 -0.98 -0.02 -1.4 0.06 -0.3 83.27 -0.3 -18.9 
61741 0.01 -0.98 0.01 0.61 -0.12 -0.24 82.52 -1.05 -18.6 
61790 0.02 -0.98 0.01 0.91 0.3 -0.12 83.27 -1.35 -18.9 
61831 0.01 -0.98 0 -1.04 -0.06 -0.12 83.42 -1.2 -19.35 
61880 0.02 -0.97 0 1.34 0.24 -0.18 82.82 -1.65 -18.9 
61930 0.02 -0.97 -0.01 0.3 0.12 0 81.62 0.3 -19.05 
61971 0.02 -0.97 0.01 1.34 0.24 0.06 83.42 -1.5 -18 
62019 0.02 -0.98 0 -0.49 -0.37 -0.3 83.72 0 -19.8 
62060 0.02 -0.98 -0.01 1.46 0.24 -0.18 83.57 -0.6 -17.55 
62110 0.02 -0.97 -0.01 0.79 0.18 0 84.17 0 -18 
62160 0.02 -0.98 -0.01 1.34 0.3 0 83.27 0.45 -18.15 
62209 0.02 -0.97 -0.01 -0.06 0 -0.12 82.97 -0.45 -19.8 
62250 0.03 -0.97 0 1.22 0.37 -0.12 84.92 -0.45 -17.25 
62300 0.02 -0.98 -0.01 1.04 0.12 0 82.67 0.6 -19.35 
62350 0.01 -0.97 0.01 1.83 0.49 0.06 85.82 0.45 -18.6 
62400 0.02 -0.97 0 -0.18 0.06 -0.55 82.97 -0.75 -18.75 
62449 0.03 -0.97 -0.01 0.37 0.55 -0.49 82.67 0 -18.75 
62490 0.05 -0.94 0 -12.99 -6.1 -0.12 83.72 0.3 -19.05 
62531 0.01 -1.08 0 -34.21 2.87 -16.89 83.72 0.3 -18.3 
62581 0.11 -1.09 -0.04 0.67 -15.24 -66.77 82.52 -3.15 -17.55 
62631 0.16 -0.88 0.07 -48.78 -14.27 -92.8 82.07 -4.65 -15.3 
62681 0.23 -1.16 -0.03 9.21 -22.2 -112.44 77.42 -7.5 -16.05 
62722 0.34 -1.08 -0.08 -0.73 -2.74 -143.6 74.12 -12.3 -15.3 
62771 0.44 -1.01 -0.04 61.04 -13.11 -213.05 65.57 -13.2 -14.55 
62812 0.62 -0.85 0.04 36.1 -64.51 -264.02 60.32 -18.15 -19.65 
62861 0.46 -1.07 -0.22 -96.89 -66.52 -175.79 56.26 -21.46 -21.76 
62912 0.71 -0.73 -0.11 -31.4 -2.68 -190.79 52.36 -24.91 -24.01 
62961 0.68 -0.54 -0.39 89.63 120.85 -55.06 47.86 -26.56 -24.16 
63011 0.75 -0.01 0.7 -23.29 -77.44 -216.28 42.91 -26.71 -23.26 
63061 0.91 0.15 -0.62 -55.67 -66.71 -140.61 39.46 -27.61 -24.46 
63111 0.97 0.42 -0.56 -33.35 -44.27 -143.11 35.71 -27.76 -25.81 
63161 0.73 0.38 -0.32 63.29 -10.06 -82.87 34.96 -25.21 -27.46 
63210 1.01 0.37 -0.27 2.07 8.23 -36.46 31.51 -25.36 -25.96 
63251 1.05 0.22 -0.4 48.23 30.98 -1.1 30.91 -25.21 -26.41 
63301 0.97 0.18 -0.11 33.54 40.3 9.82 31.06 -25.06 -25.51 
63351 0.98 0.12 -0.02 19.45 24.63 26.46 31.21 -23.41 -25.36 
63401 1 0.06 -0.15 -18.72 -3.6 -2.5 32.86 -25.36 -24.91 
63451 1.03 -0.01 -0.12 6.77 -2.62 23.66 31.66 -24.46 -25.36 
63501 1.02 0.02 -0.11 3.66 0.43 8.05 31.96 -25.66 -25.06 
63542 0.99 0.1 -0.04 -12.44 4.94 3.72 31.21 -25.66 -24.01 
63592 1.01 0.01 -0.06 13.29 2.01 11.52 31.51 -26.86 -24.91 
63642 1.04 0.08 -0.12 -10.37 -4.76 -16.1 32.41 -25.66 -25.36 
63692 1.04 0.05 -0.16 2.56 0.12 0.24 33.46 -25.66 -24.01 
63742 1.01 0.1 -0.15 5.91 3.41 -6.1 32.86 -25.81 -23.41 
63792 1.01 0.08 -0.05 3.84 -0.49 -3.9 32.56 -26.11 -24.91 
63842 0.96 0.09 -0.07 0 -0.55 -4.09 32.26 -25.36 -23.11 
63883 1.02 0.08 -0.13 5.49 -4.21 7.62 31.81 -25.81 -24.91 
63932 1.01 0.08 -0.11 11.46 -0.79 2.38 31.51 -25.36 -24.91 
63982 1 0.07 -0.1 2.26 -2.26 4.15 30.76 -25.81 -25.51 
64031 1.03 0.08 -0.14 4.15 -0.18 4.15 32.26 -25.36 -25.51 
64072 1.02 0.05 -0.12 -0.24 -2.68 5.43 30.76 -25.81 -24.91 
64121 1.02 0.04 -0.14 2.13 -3.23 3.9 31.96 -25.96 -25.81 
64171 1.01 0.1 -0.07 -5.98 3.17 0.18 32.86 -25.36 -25.96 
64221 1.02 0.02 -0.1 0 0.85 2.32 32.86 -26.11 -26.26 
64271 1.01 0.08 -0.11 -4.63 1.71 -3.29 31.96 -27.46 -25.06 
64321 1.01 0.02 -0.11 2.68 -2.5 3.48 31.51 -26.11 -25.51 
64362 1 0.06 -0.09 2.87 -0.91 -1.52 33.16 -26.26 -24.76 
64412 1.02 0.05 -0.12 -3.05 -3.84 0 33.16 -26.26 -24.76 
64461 1.01 0.04 -0.15 -1.04 1.71 0.12 34.06 -25.81 -25.51 
64502 0.97 0.04 -0.09 4.02 2.32 4.88 32.86 -26.86 -24.91 
64543 1.01 0.04 -0.16 -1.34 -4.7 2.01 32.26 -26.11 -25.51 
64592 1.03 0.04 -0.1 -1.89 2.13 -0.61 32.71 -26.71 -24.76 
64633 1.01 0.05 -0.12 -3.41 0.18 0.3 31.96 -25.96 -26.86 
64682 1.01 0.06 -0.09 2.8 -0.61 3.35 33.16 -25.96 -26.41 
64732 1.02 0.03 -0.1 1.34 0 0.73 33.31 -26.11 -25.21 
64783 1.01 0.04 -0.12 1.16 -0.3 2.32 33.31 -26.56 -24.46 
64833 1.01 0.04 -0.1 1.77 0.18 0.18 33.61 -24.31 -25.96 
64883 1.02 0.02 -0.15 -0.67 -1.71 1.59 32.86 -26.56 -25.96 
64933 1.02 0.04 -0.11 2.26 -0.61 0 33.46 -26.26 -25.06 
64983 0.99 0.04 -0.11 1.71 0.98 5.24 31.51 -26.86 -24.91 
65031 1.01 0.02 -0.13 0.73 -0.24 0.24 31.51 -26.11 -26.26 
65072 1.01 0.07 -0.1 -0.55 0.85 0.3 33.16 -24.46 -26.11 
65122 1.01 0 -0.13 0.67 -1.22 4.57 33.61 -25.81 -27.01 
65172 1.02 0.02 -0.1 1.52 2.68 1.71 33.76 -25.96 -26.11 
65222 1 0.04 -0.1 0.49 -2.8 0 33.46 -26.26 -26.41 
65272 1.02 0.02 -0.12 1.22 2.56 -0.24 33.46 -26.26 -25.81 
65322 1.01 0.02 -0.1 -0.55 -2.74 1.71 34.36 -26.11 -23.86 
65372 1.01 0.01 -0.15 -0.24 1.46 0.98 33.76 -25.66 -25.36 
65422 1.01 0.04 -0.08 0.73 2.93 0.91 33.31 -25.36 -24.16 
65472 1 0.02 -0.08 -0.43 0.37 -0.91 33.46 -24.91 -25.36 
65523 1.01 0.04 -0.12 1.1 -1.1 0 33.61 -25.36 -24.91 
65564 1.01 0.03 -0.12 1.16 2.2 -0.24 32.41 -26.71 -25.06 
65613 1.01 0.03 -0.14 -1.52 -2.68 -0.98 32.71 -25.96 -25.81 
65663 1.02 0.02 -0.14 0.85 -0.85 2.2 32.41 -25.21 -26.41 
65713 1 0.02 -0.15 0 -0.3 0 31.81 -26.56 -25.21 
65763 0.99 0.01 -0.1 3.9 0.85 1.83 33.76 -26.71 -25.81 
65814 1.01 0.04 -0.11 -0.49 -0.43 -0.67 33.16 -25.96 -25.36 
65864 1.01 0.04 -0.11 1.4 -0.61 -1.16 32.86 -26.86 -24.46 
65913 0.99 0.01 -0.15 3.9 1.77 2.32 33.16 -25.96 -26.41 
65954 1 0.03 -0.06 0 2.01 1.22 32.86 -27.31 -25.51 
66003 1.03 0.02 -0.15 -2.62 -4.09 -2.44 34.96 -25.66 -25.36 
66052 1.02 0.02 -0.12 0 -0.37 -1.4 32.41 -25.66 -25.06 
66093 1 0.02 -0.09 2.8 -1.1 0.37 33.46 -26.26 -26.41 
66143 1.01 0.05 -0.11 0.67 0.12 -1.89 31.96 -27.46 -27.16 
66192 1 0.02 -0.13 0.67 -0.61 0.85 33.31 -27.91 -24.46 
66243 1.02 0.05 -0.11 1.59 -0.37 -0.37 33.31 -26.86 -25.51 
66293 1.01 0.04 -0.1 2.38 -0.12 0 33.16 -26.26 -25.81 
66343 1.01 0.03 -0.12 0.24 0.49 1.1 33.76 -25.96 -26.41 
66392 1.02 0.04 -0.12 2.62 -0.24 0.91 32.86 -26.11 -26.26 
66433 1 0.03 -0.1 0.67 -0.12 -0.43 32.56 -25.81 -24.91 
66483 1.01 0.05 -0.12 1.59 0.37 0.67 31.06 -27.31 -25.51 
66524 1.01 0.03 -0.13 1.77 1.16 0.43 33.31 -23.56 -25.21 
66573 1 0.01 -0.13 -1.4 -1.95 0.06 33.61 -26.86 -27.61 
66614 1 0.04 -0.12 -0.3 0.37 -0.85 33.61 -25.81 -25.96 
66664 1.01 0.02 -0.11 1.83 0.18 1.34 31.96 -25.66 -26.86 
66714 1.01 0.04 -0.11 -0.79 -0.67 -1.22 34.51 -25.96 -26.86 
66764 1.03 0.02 -0.18 0.06 -0.79 -1.16 34.51 -26.26 -25.81 
66814 0.99 0.03 -0.1 0.98 2.01 0.49 32.56 -25.36 -25.21 
66864 1.01 0.02 -0.15 1.95 -3.54 1.71 32.86 -26.56 -25.51 
66914 1.02 0.05 -0.14 -0.43 3.05 -0.3 32.26 -26.11 -26.56 
66964 1 0.03 -0.13 1.95 -0.91 2.07 34.36 -26.11 -26.56 
67014 1.02 0.02 -0.13 0.61 -1.52 -0.55 31.66 -25.21 -26.41 
67063 1.01 0.04 -0.14 1.16 -0.61 -0.49 34.06 -25.36 -24.91 
67113 1.01 0.03 -0.13 1.52 0.98 0.12 33.61 -27.31 -27.61 
67164 0.99 0.05 -0.12 1.04 -0.85 0.67 32.86 -26.56 -25.21 
67213 1.02 0.02 -0.13 3.17 -1.71 1.4 34.21 -25.96 -27.16 
67263 1.01 0.02 -0.14 2.44 0 1.04 32.26 -25.81 -25.21 
67314 1.01 0.01 -0.14 -2.56 -0.18 0.06 32.56 -27.61 -25.51 
67363 1.03 0.03 -0.15 -7.5 1.59 -2.44 35.26 -25.96 -26.11 
67414 1 -0.01 -0.13 6.65 -1.83 6.28 33.46 -25.66 -26.41 
67464 1.02 0.03 -0.17 2.44 0.12 -2.99 32.56 -26.86 -26.56 
67513 1 0.02 -0.14 0.12 -2.38 1.1 34.81 -26.56 -27.01 
67555 0.99 0.01 -0.16 0.61 -0.91 1.22 31.51 -26.86 -26.26 
67604 1 0 -0.12 1.4 -0.12 3.66 34.96 -25.96 -27.91 
67645 1.02 0.02 -0.16 0 0.06 -2.32 33.16 -25.96 -26.41 
67695 1.01 0.02 -0.13 -0.3 1.77 1.71 31.81 -26.11 -26.26 
67745 0.99 0.02 -0.14 -0.43 -0.06 -2.38 32.71 -25.96 -27.46 
67795 1.02 0.03 -0.14 2.01 0.3 2.01 33.46 -25.66 -27.16 
67844 1.01 0.03 -0.12 -1.71 0.18 -1.83 32.71 -25.66 -26.11 
67885 1.01 0.02 -0.14 -0.3 -0.67 -2.13 33.31 -26.11 -26.56 
67935 1.01 0.04 -0.13 1.65 0.37 -0.37 32.71 -26.71 -26.41 
67976 1.01 0.03 -0.15 0.67 -0.24 0.91 33.76 -27.46 -26.11 
68024 1.01 0.01 -0.14 3.23 0.73 2.01 32.86 -27.61 -25.96 
68074 1.01 0.05 -0.1 -3.29 0.43 -0.73 33.31 -26.86 -26.56 
68124 1.01 0.02 -0.13 1.59 0.85 -1.1 33.61 -26.56 -27.01 
68175 1.01 0.02 -0.11 -1.77 1.59 -0.61 32.71 -26.71 -27.46 
68224 0.99 0.01 -0.13 -0.3 -0.73 1.22 34.06 -27.61 -26.26 
68274 1.02 0.04 -0.16 1.34 -1.34 -2.26 33.16 -26.26 -26.86 
68325 1 0.04 -0.09 -4.39 2.93 -0.73 32.86 -27.31 -27.31 
68375 1.02 0.02 -0.13 3.17 -1.77 -0.49 32.56 -26.86 -25.96 
68424 1.01 0.04 -0.14 -0.12 0.85 -1.1 33.31 -25.81 -25.51 
68474 1.01 0.04 -0.12 0.67 0.18 -0.67 33.31 -25.81 -27.01 
68526 1.01 0.03 -0.12 1.95 -1.04 -0.18 34.21 -25.66 -27.16 
68575 1.02 0.01 -0.15 -1.59 0 -0.18 32.71 -27.01 -28.21 
68616 1 0.04 -0.13 0.67 -0.55 0 32.41 -26.26 -27.16 
68666 0.99 0.03 -0.11 1.77 0.67 1.89 33.46 -25.96 -26.41 
68715 1.03 0.04 -0.16 -0.79 -0.55 -0.37 32.56 -26.11 -26.26 
68756 1 0.03 -0.12 -0.98 0.12 0.24 34.06 -27.31 -27.61 
68805 1 0.03 -0.12 1.65 1.22 -0.73 33.61 -27.61 -24.91 
68856 1.01 0.02 -0.13 1.1 0.18 1.1 34.21 -27.46 -27.16 
68906 1 0.04 -0.12 -1.34 -0.37 -2.93 32.86 -27.61 -25.96 
68955 1.01 0.03 -0.17 1.1 -0.37 1.46 33.46 -27.01 -27.16 
68996 1.01 -0.01 -0.14 -0.43 0.06 -0.37 32.41 -27.46 -25.36 
69044 1.01 0.05 -0.16 -0.98 1.1 -3.96 34.21 -25.96 -26.86 
69085 1 0.03 -0.15 0.79 -0.43 0.18 34.06 -26.86 -25.21 
69135 1 0.04 -0.11 -0.24 0.3 -0.55 33.46 -26.71 -27.16 
69184 1.01 0.04 -0.14 4.82 0.73 1.1 33.31 -27.61 -26.56 
69225 1 0.02 -0.13 0.18 -0.61 -0.49 34.21 -25.96 -25.06 
69274 1.01 0.03 -0.14 -0.12 2.01 1.59 31.21 -25.96 -26.11 
69315 1.01 0.04 -0.12 3.23 0.49 2.68 31.66 -25.66 -26.41 
69365 0.99 0.04 -0.1 -0.24 0.61 -0.24 34.36 -26.86 -25.96 
69415 1.02 0.03 -0.14 -0.49 0.24 1.16 33.46 -25.96 -25.81 
69465 1.02 0.02 -0.14 0.67 2.01 0.67 33.16 -25.96 -25.36 
69515 0.99 0.04 -0.12 3.23 0.12 -4.76 32.86 -26.11 -27.61 
69556 0.99 0.04 -0.09 -1.16 3.54 -2.62 33.76 -26.71 -26.86 
69606 1.01 0.05 -0.14 -3.05 -1.59 -2.74 32.41 -26.71 -25.36 
69656 1 0.04 -0.12 1.1 1.04 1.46 31.21 -26.71 -24.76 
69697 1.02 0.03 -0.15 -1.22 -1.4 -1.04 31.81 -26.56 -27.01 
69746 1 0.03 -0.11 0.61 -0.73 1.59 33.31 -25.81 -27.61 
69787 1.01 0.03 -0.14 2.68 0.67 1.34 33.46 -26.26 -26.11 
69836 1.03 0.05 -0.17 0.98 0.37 -2.38 33.31 -25.81 -25.51 
69886 1 0.03 -0.13 -0.3 -2.38 1.22 33.61 -25.06 -27.01 
69937 1.02 0.07 -0.15 0.37 0.12 -1.4 32.26 -26.56 -27.01 
69986 1.01 0.03 -0.13 -0.67 -2.38 0 33.16 -27.46 -26.11 
70035 1.01 0.04 -0.14 2.01 0.24 0.98 33.46 -27.01 -26.86 
70085 1.01 0.03 -0.14 0.79 -0.85 0 32.71 -27.46 -26.86 
70136 1 0.05 -0.15 0.67 -1.1 0.67 32.56 -27.31 -25.96 
70186 1.02 0.02 -0.14 4.02 1.34 1.22 32.56 -25.81 -25.21 
70235 1.02 0.06 -0.14 -2.56 0.18 -4.09 33.31 -26.86 -26.26 
70276 1 0.03 -0.14 1.77 -1.46 4.57 33.46 -27.01 -26.11 
70326 1.04 0.05 -0.14 -2.01 1.04 -4.94 32.86 -26.86 -26.56 
70376 0.99 0.06 -0.1 3.05 2.44 3.54 34.36 -25.81 -25.51 
70426 1.02 0.02 -0.15 2.44 -2.26 0.3 31.96 -26.26 -25.36 
70475 1 0.03 -0.12 -2.26 1.04 2.01 32.56 -26.11 -25.96 
70516 1 0.03 -0.13 0.73 -1.77 -0.85 33.16 -27.46 -26.86 
70557 1.02 0.04 -0.16 3.35 0.18 0.06 33.16 -27.01 -25.81 
70607 0.99 0.05 -0.09 1.77 2.99 -0.43 33.76 -25.66 -27.46 
70656 1 0.01 -0.15 -0.61 -0.61 2.5 32.56 -26.11 -27.01 
70697 1 0.03 -0.14 -0.67 -0.91 -0.37 33.61 -25.06 -27.01 
70747 1 0.03 -0.13 -0.79 0.91 1.83 34.06 -26.11 -25.96 
70797 1 0.05 -0.12 1.46 -0.18 -2.2 33.76 -25.96 -25.81 
70847 1 0.04 -0.13 1.83 0.98 0.18 34.51 -26.26 -26.86 
70897 1.01 0.02 -0.16 0.73 -0.18 0.12 33.16 -24.46 -26.86 
70948 1.01 0.04 -0.14 1.22 0.43 0.55 32.86 -26.56 -25.51 
70997 1.01 0.05 -0.13 2.01 -0.91 0.67 33.16 -26.26 -27.16 
71046 1.01 0.04 -0.15 -0.49 0.67 -0.12 32.56 -25.81 -27.61 
71097 1 0.02 -0.14 -1.16 -1.34 0.73 32.86 -26.56 -28.36 
71146 1.01 0.04 -0.14 3.48 0.98 2.74 34.81 -26.56 -25.96 
71187 1 0 -0.15 -1.95 0.06 -0.73 33.61 -26.11 -25.96 
71236 1 0.04 -0.14 1.1 0.37 1.46 33.46 -27.01 -26.41 
71277 1.01 0.04 -0.13 3.9 1.04 0.06 31.66 -26.71 -25.06 
71326 1 0.06 -0.12 -0.67 0.3 0.12 34.21 -25.66 -26.41 
71376 1.01 0.04 -0.16 -0.24 -1.1 0.85 33.61 -27.61 -27.01 
71426 1 0.04 -0.13 1.95 -0.61 1.4 32.86 -25.81 -27.01 
71477 1.01 0.04 -0.13 -0.3 0.12 -0.91 32.26 -26.56 -26.56 
71518 1.01 0.04 -0.13 0.24 -0.98 0.3 33.16 -25.96 -25.81 
71568 1.01 0.05 -0.12 0 0.3 -0.37 33.31 -27.31 -27.01 
71617 1 0.03 -0.13 -0.43 0.12 -0.18 33.61 -25.36 -26.56 
71658 1.02 0.05 -0.12 1.4 -0.12 -0.18 32.41 -28.21 -26.41 
71707 1 0.03 -0.15 -0.18 0.61 -0.24 33.16 -25.66 -26.86 
71748 1.02 0.05 -0.15 2.01 0.67 -0.3 32.56 -26.11 -25.21 
71797 0.99 0.03 -0.13 1.34 0.18 1.34 32.86 -26.11 -26.26 
71848 1 0.04 -0.13 0.3 0.67 0.24 33.46 -27.46 -27.16 
