17035 0.01 0 -1.02 2.13 -0.3 0 38.56 -6.6 -73.97 
17085 0 0 -1.02 0.3 0.06 0 38.26 -7.8 -73.22 
17136 0 0 -1.02 0.79 0 0.18 38.26 -8.85 -73.52 
17186 0 0.02 -1.02 1.65 -0.3 0 37.51 -6.6 -72.92 
17236 0.01 0 -1.02 0.24 0.12 0.43 40.51 -6.45 -74.42 
17286 0 0 -1.03 0 0 0 38.26 -7.05 -74.27 
17336 0 0 -1.03 1.71 -0.24 0.12 39.31 -7.8 -73.52 
17386 0.01 0.01 -1.02 1.22 0.06 0.24 37.06 -7.35 -73.22 
17436 0 0.02 -1.02 1.28 -0.24 0 39.91 -7.2 -74.87 
17486 0.01 0.01 -1.03 0.67 0 0.12 38.26 -7.8 -75.32 
17536 0 0.01 -1.02 1.16 0.06 0.06 38.56 -7.8 -73.52 
17586 0 0 -1.03 0.43 0.06 0 38.86 -7.8 -74.57 
17636 0 0.01 -1.03 0.91 0.18 0.12 36.76 -8.1 -75.32 
17686 0.01 0.01 -1.02 0.73 0 0.18 37.96 -6.15 -73.82 
17737 0 0 -1.03 1.83 -0.12 0.18 40.21 -6.45 -73.82 
17786 0.01 0.01 -1.02 1.89 0 0.12 38.41 -6.75 -73.82 
17836 0 0 -1.03 0.91 0 0 40.06 -6.6 -75.32 
17886 0 0 -1.04 1.16 0 0.12 38.41 -7.5 -74.42 
17936 0 0.01 -1.01 0.98 -0.18 0 38.56 -7.8 -75.02 
17987 0.01 0 -1.03 -0.61 0 0.12 38.86 -7.35 -75.02 
18035 0.01 0.01 -1.02 1.52 0 0.85 39.31 -8.1 -73.97 
18076 0.01 -0.01 -1.02 1.1 0.18 3.05 37.96 -7.2 -73.37 
18126 0.01 0 -1.02 1.1 0 0 38.71 -7.5 -74.87 
18176 0.01 0.01 -1.02 1.95 -0.3 0.24 38.71 -7.5 -74.12 
18227 0 0.01 -1.01 0.12 0 0.18 39.31 -7.05 -73.97 
18277 0.01 0 -1.03 1.16 0 0 38.41 -7.95 -73.82 
18326 0.01 0 -1.03 -0.43 0.12 0.06 39.16 -7.2 -74.12 
18367 0 -0.01 -1.03 0.12 0 0.67 37.51 -7.35 -73.22 
18417 0.01 0.01 -1.03 -0.3 -0.06 0.12 38.41 -6.75 -74.42 
18466 0 0 -1.02 0.18 0.24 0.67 38.41 -8.7 -74.87 
18507 0 0.01 -1.01 0.06 0 0.24 38.26 -7.35 -75.02 
18557 0.01 0.01 -1.02 0.73 0.06 0.06 37.36 -7.95 -75.17 
18606 0.01 0 -1.03 1.04 0 0.06 38.26 -7.05 -72.47 
18647 0 0 -1.01 1.77 -0.18 0 37.81 -8.4 -73.22 
18697 0 0 -1.02 1.83 -0.18 0.06 38.71 -7.2 -74.12 
18747 0.01 0.01 -1.02 0.55 0.12 0.06 39.31 -7.8 -73.97 
18797 0.01 0 -1.03 0.67 0 0 36.91 -7.5 -74.87 
18847 0 0.01 -1.02 -0.79 0.06 0.06 38.26 -8.4 -72.92 
18896 0 0.01 -1.02 1.52 0 0 39.46 -6.15 -74.42 
18937 0.01 0 -1.03 0.3 0 0 39.61 -7.8 -73.97 
18987 0 0 -1.01 1.52 0 0 37.66 -7.2 -74.42 
19036 -0.01 0 -1.04 1.4 -0.12 0.12 38.56 -7.35 -74.57 
19086 0 0 -1.02 1.16 -0.12 0.06 38.41 -7.95 -73.07 
19127 0 0 -1.03 0.67 0 0 38.86 -7.35 -73.22 
19177 0 0.01 -1.03 1.65 -0.24 0.12 38.71 -7.2 -75.17 
19227 0.01 0 -1.02 0.98 0 0.12 37.81 -8.1 -74.57 
19277 0 0 -1.01 0.79 0.06 0 37.96 -8.25 -75.17 
19318 0.01 0 -1.02 1.71 -0.12 0 38.56 -8.1 -75.32 
19367 0 0 -1.03 0.73 -0.12 0.12 38.41 -7.95 -73.07 
19417 0 0 -1.02 0.43 -0.12 0.12 38.86 -7.05 -74.57 
19468 0.01 0.01 -1.02 0.67 0.06 0 38.71 -7.2 -71.57 
19517 0 0 -1.03 1.28 -0.12 0 38.86 -8.1 -73.97 
19567 0.01 0.01 -1.03 1.28 -0.12 0.06 37.06 -8.4 -74.27 
19618 0.01 0 -1.03 0.61 -0.12 0 39.31 -8.1 -75.32 
19667 0.01 0 -1.02 1.46 0 0.06 39.61 -7.05 -74.27 
19717 0 0 -1.03 1.04 0 0.06 38.56 -7.8 -74.27 
19767 0.01 0.02 -1.02 0.18 0.06 -0.12 37.66 -5.7 -73.37 
19817 0.01 0 -1.03 1.95 -0.24 0 38.26 -8.1 -74.57 
19858 0 0 -1.02 0.91 0.12 0 39.61 -8.1 -73.97 
19908 0 0 -1.03 0.91 0 0.06 38.86 -6.6 -73.97 
19957 0 0.01 -1.03 1.16 -0.12 0 39.16 -8.25 -74.12 
20007 0 0 -1.02 1.71 -0.24 0.24 38.86 -8.1 -73.97 
20056 0.01 0.01 -1.03 0.67 0 0 39.61 -7.8 -75.02 
20097 0 0.01 -1.02 1.1 -0.12 0 39.91 -7.95 -74.12 
20147 0 0 -1.04 0.43 0.06 0.06 38.71 -8.25 -74.12 
20197 0.02 0 -1.01 0.12 0.06 0.06 38.86 -7.8 -76.07 
20248 0 0.01 -1.03 0.18 -0.18 0 37.96 -6.75 -73.07 
20298 0 0 -1.03 1.16 0 0 38.71 -7.2 -74.12 
20348 0 0 -1.02 2.2 -0.49 0 37.36 -7.95 -73.37 
20397 0 0.01 -1.01 0.3 0 0.06 38.71 -7.5 -74.12 
20438 0 0.01 -1.03 0.67 0.06 0.06 38.71 -8.25 -74.42 
20488 0 0.01 -1.03 1.95 -0.3 0.06 38.26 -8.4 -72.47 
20538 0.01 0 -1.03 0 0.24 0.06 37.81 -9.15 -75.32 
20587 0.01 0 -1.03 0.12 0.12 0 38.71 -8.25 -73.07 
20638 -0.01 0 -1.02 2.13 -0.12 0 38.41 -7.2 -76.22 
20688 0.01 0 -1.03 1.04 0 -0.12 38.41 -6.75 -72.32 
20738 0.02 0.01 -1.03 0.49 0 0.06 38.86 -7.35 -75.02 
20789 0 0 -1.04 0.73 0.06 0.12 38.26 -7.35 -75.32 
20838 0 0 -1.03 0.85 0 -0.12 37.96 -6.15 -75.17 
20888 0.01 -0.01 -1.03 0.67 0 0 37.51 -6.3 -73.22 
20938 0 0.01 -1.02 1.83 -0.18 0.06 38.41 -7.95 -74.12 
20979 0.01 0 -1.03 1.04 0.06 -0.12 38.41 -6.75 -74.87 
21026 0 0.01 -1.02 0.73 0 0 37.06 -7.8 -73.52 
21067 0 0 -1.02 1.16 0 0.06 39.16 -6.75 -73.37 
21108 0.01 -0.01 -1.01 1.46 -0.18 0 38.41 -7.95 -73.37 
21159 -0.01 0.01 -1.02 0.49 0.06 0.06 39.46 -7.5 -73.82 
21208 0 0 -1.01 1.28 -0.12 0 37.81 -8.1 -74.57 
21259 0.01 -0.01 -1.04 1.28 -0.12 -0.12 38.41 -6.45 -73.82 
21308 0 0 -1.03 0.79 0.06 0 39.16 -6.75 -73.82 
21358 0 0 -1.03 1.71 -0.3 0 38.71 -7.95 -75.17 
21409 0 0 -1.02 1.16 -0.12 0 37.36 -6.15 -74.42 
21459 0 0 -1.02 0.49 0.06 0 38.41 -7.2 -75.47 
21508 0 0.01 -1.03 1.52 0 0 38.26 -7.05 -74.57 
21559 0 0 -1.02 1.16 0 0 37.36 -7.2 -75.17 
21608 0 0 -1.03 0.79 -0.12 0.06 39.91 -7.2 -74.12 
21658 0.01 0 -1.02 0.3 0 0 37.96 -7.5 -74.12 
21708 0 0.01 -1.02 1.4 -0.24 0 39.31 -7.8 -73.52 
21759 0 0 -1.02 0.98 -0.12 0.12 37.96 -8.7 -73.82 
21808 0.01 0 -1.03 -0.79 0.18 0 39.16 -7.95 -73.82 
21859 0 0 -1.03 1.52 -0.12 0.12 39.46 -8.25 -74.87 
21909 0 -0.01 -1.02 1.59 -0.18 0.12 38.26 -7.8 -72.92 
21959 0 0 -1.03 -0.24 0 0.12 38.56 -8.4 -75.02 
22008 0.01 0.01 -1.02 1.16 0 -0.12 38.71 -7.95 -73.82 
22057 0 0 -1.02 1.4 -0.37 0 37.51 -8.1 -73.22 
22099 0.01 0 -1.04 0.49 0 0 38.71 -7.2 -74.87 
22148 0.01 0 -1.02 0.43 0.18 0 40.51 -7.5 -74.42 
22199 0 -0.01 -1.01 1.28 -0.12 0 38.56 -8.85 -73.22 
22249 0 0 -1.03 1.52 -0.12 0 39.91 -6.15 -74.12 
22299 0.01 0 -1.03 0.3 0.12 0 38.41 -8.25 -74.12 
22348 0 -0.01 -1.03 1.34 -0.12 0 38.71 -9.75 -74.42 
22389 0 -0.01 -1.02 0.43 0.12 0.12 38.56 -8.4 -73.97 
22439 0.01 0 -1.02 0.91 0 0 38.86 -8.4 -73.52 
22489 0 0.01 -1.02 1.95 -0.12 0 38.56 -7.05 -73.97 
22539 0 0 -1.01 0.91 0 -0.12 40.36 -7.35 -73.97 
22589 0 -0.01 -1.03 2.5 -0.43 0.06 40.21 -6.45 -73.82 
22639 0 0 -1.03 0.73 0 0 38.86 -8.1 -74.57 
22689 0 -0.01 -1.02 0.85 -0.12 0 39.16 -7.2 -74.42 
22739 0 0 -1.02 0 0 0.12 39.61 -7.35 -74.27 
22790 0.01 0 -1.02 1.95 -0.18 0.18 38.71 -7.2 -74.12 
22840 0.01 -0.01 -1.02 0.98 -0.12 0 39.61 -8.1 -75.32 
22889 0.01 -0.01 -1.03 0.06 0.12 0.12 39.31 -8.1 -74.57 
22939 0 0 -1.03 1.16 0 0 39.16 -7.5 -73.82 
22980 0 0 -1.03 1.46 -0.24 0 39.16 -8.25 -75.17 
23028 0 0 -1.02 0.24 0.06 -0.12 38.56 -7.05 -73.52 
23079 0 0 -1.02 0.79 -0.12 0 38.71 -8.25 -74.87 
23130 0 0 -1.02 1.83 -0.3 0.18 39.46 -7.2 -75.92 
23179 -0.01 -0.01 -1.02 0.67 0.06 0 38.56 -7.05 -75.02 
23229 -0.01 0 -1.02 0.43 0 0 38.41 -7.95 -74.42 
23280 0 0 -1.02 1.4 -0.18 0.06 38.56 -8.1 -73.52 
23329 0.01 0 -1.03 -0.3 0.06 -0.12 39.31 -7.05 -73.52 
23380 0 -0.01 -1.02 0.73 0 0.06 37.06 -8.1 -73.52 
23429 0 0.01 -1.03 1.59 -0.24 0.06 39.91 -7.2 -72.62 
23480 0 0 -1.01 1.16 0 0.12 39.31 -7.05 -75.32 
23530 0 0 -1.01 0.3 0.06 0 39.31 -8.85 -74.57 
23580 0 0 -1.03 0.3 0 0 39.61 -7.8 -74.57 
23630 0.01 0.01 -1.03 0.18 -0.12 0.06 38.56 -7.05 -73.52 
23680 0.01 0 -1.01 0.12 0.12 0 38.86 -7.05 -75.02 
23730 0.01 0 -1.02 0.73 -0.12 0.12 38.71 -7.5 -73.82 
23780 0.01 -0.01 -1.03 1.77 0 0.06 37.36 -7.2 -73.82 
23829 0.01 0 -1.02 0.79 0 0 39.46 -5.4 -72.32 
23870 0 0 -1.02 0.06 0.06 0.06 40.81 -8.1 -73.97 
23920 0.01 0 -1.02 1.16 0 0.06 38.56 -8.4 -74.27 
23970 0.01 -0.01 -1.02 0.85 0 0 38.56 -6.3 -73.97 
24019 0 -0.01 -1.02 0.3 0.12 0 39.16 -7.95 -74.12 
24069 0 0 -1.03 0.85 -0.18 0 39.91 -7.5 -74.12 
24110 0 0 -1.03 2.01 -0.12 0 37.81 -7.05 -74.27 
24160 0.01 0 -1.03 -0.18 0.06 -0.12 39.16 -7.95 -74.42 
24210 0.01 0 -1.03 0.85 0 0 39.46 -6.15 -74.42 
24260 0.01 0.01 -1.04 1.04 -0.12 0 40.81 -7.35 -74.27 
24301 0 -0.01 -1.03 -0.24 -0.06 -0.12 38.56 -7.05 -73.52 
24350 0 -0.01 -1.04 1.65 -0.18 0 38.26 -7.35 -74.57 
24400 0 -0.01 -1.02 2.38 -0.43 0.12 37.51 -8.1 -75.62 
24441 0 0 -1.04 0.73 0.06 0 38.56 -8.4 -75.02 
24490 0.01 0 -1.02 0.18 0.18 0 40.96 -7.95 -73.37 
24540 0 0 -1.02 0.67 -0.12 0 37.66 -8.25 -74.87 
24590 0.01 0 -1.03 -0.18 0.3 0 38.56 -6.3 -73.52 
24631 0 0 -1.01 1.16 -0.18 0 38.26 -6.6 -74.27 
24680 0 0 -1.03 0.79 0 0 37.51 -8.4 -74.27 
24730 0 0 -1.02 0 0.18 0.06 38.71 -6.45 -74.12 
24771 0.01 0 -1.03 2.07 -0.3 0 38.71 -7.95 -74.42 
24821 0 0 -1.03 1.22 0 0 39.91 -6.45 -74.42 
24870 0.01 0 -1.02 0.67 0.12 0 39.16 -7.5 -73.37 
24921 0.01 0 -1.03 0.67 0.06 0.12 38.56 -7.8 -73.22 
24970 0.01 0 -1.03 1.28 -0.12 0 38.71 -9 -74.42 
25019 0 0 -1.03 -0.06 0.12 0 38.41 -7.5 -73.82 
25070 0 -0.01 -1.03 0.79 -0.12 0 39.16 -7.2 -74.12 
25111 0 0 -1.02 1.59 -0.12 0 38.56 -7.8 -75.02 
25160 0.01 0 -1.02 1.52 -0.12 0 39.61 -8.85 -73.97 
25211 0 -0.01 -1.03 0.49 -0.12 0 38.86 -5.85 -74.27 
25260 0 0.01 -1.04 0.49 0 0.12 39.61 -6.6 -74.57 
25301 0 0 -1.03 0.85 0 0.06 38.56 -8.4 -74.57 
25351 0 0 -1.02 0.06 0 0.06 37.81 -7.35 -73.22 
25401 0.01 0.01 -1.03 0.85 0 0.06 39.46 -6.45 -73.82 
25450 0.01 0 -1.04 0.91 0 0 37.06 -7.8 -75.32 
25501 0 0.01 -1.01 2.26 -0.43 0.06 39.61 -7.05 -74.57 
