27729 0.0790229807637 0.0178875447406 -1.00337374133 -1.27229095376 -1.70641866187 -1.33317549847 -0.0311182453211 0.0558518369035 -0.927233343787 
27779 0.0696215519394 0.0178875447406 -0.993709273287 1.40770904624 -1.09641866187 0.0668245015284 -0.0392582289855 0.0741458075275 -0.911685827736 
27829 0.0696215519394 0.0178875447406 -1.00337374133 0.737709046236 -1.15641866187 0.436824501528 -0.0218797890145 0.0816555474753 -0.910934117111 
27870 0.0696215519394 0.0178875447406 -0.98404480524 0.487709046236 -1.15641866187 -1.09317549847 -0.011568911741 0.0571753645043 -0.944880590174 
27919 0.0790229807637 0.0178875447406 -1.00337374133 -0.852290953764 -1.58641866187 0.186824501528 0.00138567137043 0.0756735020102 -0.929423360514 
27960 0.0696215519394 0.0178875447406 -1.00337374133 0.977709046236 -0.976418661873 -0.233175498472 -0.0315720747522 0.0435275185646 -0.89677349706 
28008 0.0696215519394 0.0178875447406 -0.993709273287 0.857709046236 -1.15641866187 -1.03317549847 -0.0318736788207 0.0546724002662 -0.936561430813 
28058 0.0790229807637 0.0276661733555 -1.01303820938 -3.22229095376 -2.12641866187 -1.15317549847 -0.0239742585314 0.0607260675963 -0.944414448471 
28108 0.0790229807637 0.0276661733555 -0.98404480524 -0.482290953764 -1.21641866187 -1.45317549847 -0.0339758400369 0.0539021446264 -0.920360901914 
28159 0.0790229807637 0.0178875447406 -0.993709273287 -1.46229095376 -1.58641866187 0.186824501528 -0.0684373842814 0.0769386481599 -0.922537276509 
28209 0.0790229807637 0.0178875447406 -0.98404480524 4.51770904624 -0.0564186618726 0.616824501528 0.00940152749766 0.0796329624828 -0.916283197238 
28259 0.0790229807637 0.0276661733555 -1.00337374133 -4.81229095376 -2.12641866187 1.77682450153 -0.0676742590824 0.0579588605579 -0.962890049742 
28309 0.0790229807637 0.0276661733555 -0.993709273287 -10.6622909538 -3.41641866187 -0.663175498472 -0.0215494642987 0.0385327124181 -0.946217080775 
28359 0.032015836642 0.0374448019704 -1.10001842181 -10.4222909538 -1.33641866187 11.4668245015 -0.0119602771503 0.0870954433091 -0.957080058657 
28408 0.173037269007 0.00810891612565 -1.05169608157 -7.43229095376 28.9635813381 1.40682450153 0.0213201019887 0.0962778159367 -0.975332025515 
28450 0.116628696061 0.0472234305853 -0.926057996956 -2.43229095376 51.9535813381 -1.33317549847 0.0519757580876 0.0993220825724 -0.944725188634 
28500 0.0132129789933 0.0570020592002 -0.964715869145 0.00770904623557 65.1835813381 -0.113175498472 0.0854279682088 0.0911132852328 -0.968473225773 
28550 0.342262987845 0.086337945045 -0.897064592814 1.95770904624 67.9935813381 1.58682450153 0.157366522325 0.0989588898458 -0.967269015576 
28600 0.182438697832 0.0472234305853 -0.945386933051 0.427709046236 18.6035813381 12.0168245015 0.144240108232 0.0978519223071 -0.977230174955 
28650 0.267051557251 0.0472234305853 -1.00337374133 0.917709046236 0.613581338127 -0.423175498472 0.172553039739 0.124473571257 -0.922728310781 
28700 0.276452986075 0.0472234305853 -0.974380337193 -0.792290953764 11.4035813381 0.366824501528 0.181633625134 0.0983083624261 -0.910152986985 
28750 0.304657272548 0.0667806878152 -0.916393528909 0.617709046236 43.8435813381 -0.303175498472 0.256086734824 0.0651854147577 -0.938339874363 
28800 0.304657272548 0.0570020592002 -0.945386933051 1.58770904624 -1.39641866187 2.74682450153 0.230251946544 0.0497323911212 -0.897481078435 
28850 0.323460130197 0.0472234305853 -0.906729060862 4.20770904624 23.0535813381 -0.663175498472 0.270786479939 0.110895652715 -0.952381856141 
28900 0.342262987845 0.0472234305853 -0.935722465003 -2.07229095376 18.6035813381 -0.423175498472 0.266458652791 0.053907988039 -0.924803915279 
28941 0.342262987845 0.0570020592002 -0.935722465003 -2.49229095376 19.4535813381 1.77682450153 0.275395505029 0.0908565803125 -0.948292622356 
28990 0.361065845494 0.0570020592002 -0.906729060862 -3.35229095376 36.7135813381 -0.363175498472 0.306634763646 0.112471453553 -0.902861628167 
29039 0.398671560791 0.0472234305853 -0.906729060862 0.677709046236 7.99358133813 3.84682450153 0.325146665277 0.08290005621 -0.904873185134 
29090 0.398671560791 0.0570020592002 -0.916393528909 -2.49229095376 6.04358133813 1.28682450153 0.373854125205 0.0932494722947 -0.886278945591 
29139 0.398671560791 0.0570020592002 -0.926057996956 -1.46229095376 12.5035813381 1.16682450153 0.317830847505 0.0954169954844 -0.882196010169 
29190 0.41747441844 0.0570020592002 -0.935722465003 -1.33229095376 14.3935813381 0.496824501528 0.353282120253 0.0984131557649 -0.91884693404 
29240 0.436277276089 0.0472234305853 -0.906729060862 -0.362290953764 13.5435813381 1.46682450153 0.353282120253 0.0984131557649 -0.91884693404 
29289 0.455080133738 0.0570020592002 -0.868071188673 0.187709046236 0.373581338127 2.86682450153 0.389474065924 0.0652066166684 -0.880318846628 
29340 0.511488706684 0.0765593164301 -0.87773565672 4.02770904624 -6.21641866187 -1.09317549847 0.350747158554 0.0734998526698 -0.897576595571 
29389 0.455080133738 0.0570020592002 -0.839077784531 -5.36229095376 14.7635813381 0.916824501528 0.392936292106 0.0739081864336 -0.897757168352 
29430 0.464481562562 0.0472234305853 -0.926057996956 1.64770904624 20.9135813381 -2.49317549847 0.424299678259 0.0732696285771 -0.88101385349 
29471 0.473882991386 0.0570020592002 -0.868071188673 -0.792290953764 27.3235813381 0.976824501528 0.397291416572 0.0698762568624 -0.910264259275 
29520 0.492685849035 0.0570020592002 -0.868071188673 -1.82229095376 10.8535813381 1.71682450153 0.425371476404 0.100686319527 -0.897748756966 
29571 0.502087277859 0.0472234305853 -0.858406720625 -0.542290953764 25.2435813381 0.496824501528 0.443072549392 0.0852324486569 -0.882599149745 
29621 0.530291564332 0.0374448019704 -0.858406720625 -0.662290953764 12.6235813381 -0.0531754984716 0.435605929586 0.103321828782 -0.879815941657 
29671 0.530291564332 0.0570020592002 -0.819748848436 -0.852290953764 16.4635813381 1.65682450153 0.505353183967 0.0514717903657 -0.868333533554 
29721 0.549094421981 0.0570020592002 -0.674781827727 3.53770904624 42.9935813381 -1.58317549847 0.513588574522 0.0429023420007 -0.837497831514 
29770 0.56789727963 0.0570020592002 -0.790755444295 2.25770904624 38.1735813381 1.71682450153 0.552081987394 0.116498104207 -0.828715648173 
29821 0.596101566103 0.0570020592002 -0.742433104058 0.247709046236 31.2235813381 0.0668245015284 0.53155061701 0.068982688553 -0.821921963581 
29870 0.614904423751 0.0472234305853 -0.752097572106 -0.422290953764 37.1335813381 4.69682450153 0.593920390104 0.0941474176514 -0.801734016396 
29911 0.624305852576 0.0472234305853 -0.752097572106 0.0677090462356 16.6535813381 2.80682450153 0.56577159788 0.0702938229736 -0.812051090592 
29961 0.6337072814 0.0472234305853 -0.761762040153 -5.05229095376 15.1835813381 1.16682450153 0.596585747712 0.0476064245192 -0.811231147094 
30010 0.652510139049 0.0472234305853 -0.732768636011 -4.08229095376 23.7835813381 0.556824501528 0.586515433814 0.0477389695362 -0.784979172425 
30060 0.680714425522 0.0472234305853 -0.674781827727 0.737709046236 34.0235813381 0.616824501528 0.651206902551 0.0611450454368 -0.763296215375 
30110 0.699517283171 0.0472234305853 -0.616795019444 1.34770904624 31.5835813381 1.16682450153 0.674649839467 0.0662715493666 -0.713309845698 
30159 0.708918711995 0.0472234305853 -0.655452891633 -2.07229095376 34.8235813381 2.13682450153 0.697997369494 0.0616735310375 -0.709706694112 
30210 0.718320140819 0.0472234305853 -0.616795019444 -2.01229095376 20.7335813381 5.06682450153 0.708392912661 0.0629017394846 -0.713775845052 
30260 0.746524427292 0.0374448019704 -0.607130551397 1.83770904624 50.6135813381 0.796824501528 0.699002230992 0.0136288288722 -0.659827291248 
30310 0.774728713765 0.0472234305853 -0.55880821116 -2.19229095376 28.6035813381 4.76682450153 0.760671965731 0.0223171582236 -0.675456682304 
30360 0.78413014259 0.0472234305853 -0.597466083349 -3.04229095376 10.7335813381 1.71682450153 0.796651445852 0.0591808882183 -0.670794197652 
30410 0.793531571414 0.0472234305853 -0.549143743113 0.187709046236 36.1635813381 0.976824501528 0.766646701336 0.0387091193088 -0.598633557981 
30451 0.812334429063 0.0374448019704 -0.520150338971 2.07770904624 50.5535813381 3.35682450153 0.828578028397 0.0112310815898 -0.647347484589 
30501 0.821735857887 0.0374448019704 -0.500821402877 -2.13229095376 24.6335813381 1.83682450153 0.820835055691 0.0281046927711 -0.545628816693 
30551 0.831137286711 0.0472234305853 -0.45249906264 -2.31229095376 4.69358133813 1.65682450153 0.868519844248 0.0449413199268 -0.577249811986 
30592 0.840538715536 0.0472234305853 -0.481492466782 8.23770904624 42.4435813381 -0.233175498472 0.834373864142 -0.0125271476114 -0.548858225989 
30641 0.859341573184 0.0374448019704 -0.481492466782 -4.99229095376 35.0035813381 3.66682450153 0.834662130962 -0.0320125244359 -0.533361115338 
30692 0.868743002009 0.0276661733555 -0.413841190451 2.86770904624 42.0135813381 5.73682450153 0.885334287321 -0.00697991673766 -0.526570548469 
30741 0.878144430833 0.0276661733555 -0.355854382168 -0.602290953764 39.0835813381 4.76682450153 0.871643253508 0.0101827236042 -0.453093358692 
30791 0.896947288482 0.0276661733555 -0.326860978026 -2.37229095376 28.7835813381 1.71682450153 0.913571417558 -0.0309431600544 -0.453700192186 
30841 0.896947288482 0.0374448019704 -0.297867573884 -2.31229095376 16.1035813381 -0.0531754984716 0.910967723466 -0.0488999951627 -0.430231425604 
30882 0.91575014613 0.0178875447406 -0.375183318262 -2.55229095376 15.6135813381 3.41682450153 0.91054199186 -0.0155016823644 -0.441331680031 
30931 0.91575014613 0.0276661733555 -0.346189914121 -0.912290953764 32.8035813381 4.21682450153 0.948505774032 -0.00481513076384 -0.383721157855 
30982 0.925151574955 0.0178875447406 -0.239880765601 -3.22229095376 2.56358133813 5.67682450153 0.95531299005 -0.0920600097603 -0.382960031142 
31030 0.934553003779 0.0178875447406 -0.249545233648 0.00770904623557 33.4135813381 -0.423175498472 0.972443174947 -0.0400434076192 -0.324832961864 
31081 0.925151574955 0.0276661733555 -0.239880765601 2.31770904624 31.1635813381 2.93682450153 0.893807394594 -0.0979802848396 -0.323145850108 
31130 0.934553003779 0.0178875447406 -0.191558425364 0.557709046236 26.6535813381 3.96682450153 0.946911414063 -0.0375996720659 -0.334327979539 
31181 0.953355861428 0.0570020592002 -0.210887361459 -0.542290953764 10.8535813381 0.00682450152836 0.984725017022 -0.0990412641074 -0.330122220504 
31230 0.934553003779 0.00810891612565 -0.181893957317 3.78770904624 46.5235813381 0.676824501528 0.936909832557 -0.0444235950357 -0.310274432982 
31281 0.934553003779 0.00810891612565 -0.114242680986 -1.88229095376 25.4335813381 3.47682450153 0.9726135826 -0.0864762184778 -0.240187284788 
31331 0.943954432603 0.00810891612565 -0.181893957317 3.17770904624 30.4935813381 4.94682450153 0.974797813458 -0.0843219357019 -0.234295418698 
31381 0.953355861428 -0.00166971248927 -0.133571617081 -2.98229095376 10.7335813381 3.66682450153 0.972188627549 -0.121118957656 -0.238186035992 
31422 0.943954432603 -0.0114483411042 -0.00793353246644 4.20770904624 39.0235813381 2.44682450153 0.966953942046 -0.0960130336254 -0.206319352768 
31472 0.953355861428 -0.00166971248927 -0.027262468561 -0.602290953764 14.7635813381 5.67682450153 0.984373016584 -0.141182392802 -0.166205969102 
31522 0.943954432603 -0.00166971248927 -0.027262468561 -1.70229095376 17.7435813381 1.40682450153 0.975450924923 -0.140748849061 -0.20856818628 
31572 0.953355861428 0.0276661733555 -0.0369269366082 -1.46229095376 19.7635813381 0.856824501528 1.0018335262 -0.132288625718 -0.143361863487 
31621 0.953355861428 -0.0114483411042 0.0210598716753 0.187709046236 9.88358133813 -0.233175498472 0.979474301346 -0.130699584466 -0.0956505661817 
31662 0.953355861428 0.00810891612565 -0.027262468561 -0.242290953764 -8.89641866187 -1.39317549847 0.992677139532 -0.156708309154 -0.137568695175 
31712 0.943954432603 -0.0114483411042 0.0403888077699 3.53770904624 21.0435813381 -0.363175498472 1.02448666342 -0.124863324432 -0.10160436678 
31762 0.953355861428 -0.0114483411042 0.0597177438644 3.17770904624 26.7135813381 1.04682450153 0.965338553129 -0.116978845811 -0.131536137295 
31812 0.943954432603 -0.0114483411042 0.0307243397226 0.0677090462356 7.26358133813 -0.363175498472 0.984907492329 -0.156515688218 -0.0844316734827 
31862 0.943954432603 -0.0114483411042 0.0500532758171 -0.662290953764 28.2335813381 -0.303175498472 0.985031619866 -0.178769119315 -0.113119352809 
31903 0.943954432603 -0.0114483411042 0.0790466799589 -0.182290953764 -5.11641866187 -0.423175498472 0.980037497737 -0.178010833238 -0.0889471679801 
31952 0.953355861428 -0.0114483411042 0.0500532758171 1.03770904624 23.1135813381 0.186824501528 0.952719940282 -0.150100099012 -0.108304647258 
32001 0.953355861428 -0.00166971248927 0.0983756160534 -1.21229095376 -2.31641866187 -2.49317549847 0.99006575374 -0.154505920023 -0.0644190683337 
32052 0.943954432603 -0.0114483411042 0.0790466799589 4.45770904624 -1.70641866187 -3.28317549847 1.00620056458 -0.157021701058 -0.0414363839512 
32101 0.943954432603 -0.00166971248927 0.117704552148 -0.422290953764 12.5035813381 -2.80317549847 0.97719324027 -0.171620030392 -0.057783903005 
32142 0.943954432603 -0.00166971248927 0.0693822119116 1.58770904624 2.99358133813 1.10682450153 0.964162233066 -0.163002475672 -0.0213618442933 
32191 0.943954432603 -0.00166971248927 0.117704552148 4.88770904624 10.1235813381 0.246824501528 0.971031290284 -0.130302373032 -0.0297492365268 
32242 0.943954432603 -0.00166971248927 0.0983756160534 0.977709046236 28.6635813381 5.97682450153 1.00358353324 -0.183319031289 -0.0422584404716 
32291 0.943954432603 -0.0114483411042 0.137033488242 -1.70229095376 0.183581338127 0.0668245015284 1.00356250429 -0.171500302172 -0.0168684033137 
32342 0.943954432603 -0.00166971248927 0.0983756160534 -0.112290953764 3.23358133813 -0.363175498472 1.0118189238 -0.191888479654 -0.0114227384318 
32391 0.943954432603 -0.0114483411042 0.14669795629 -1.70229095376 1.77358133813 -2.80317549847 1.00140494793 -0.156973594702 0.0258213768002 
32433 0.943954432603 -0.00166971248927 0.127369020195 -0.362290953764 0.123581338127 -0.783175498472 0.97757691398 -0.181380884958 0.00409642573751 
32483 0.934553003779 -0.0114483411042 0.137033488242 -2.68229095376 9.51358133813 -0.233175498472 0.988601166857 -0.181044173059 0.0302581140164 
32533 0.934553003779 -0.0114483411042 0.127369020195 2.44770904624 -2.06641866187 -0.483175498472 0.983236708267 -0.162184537294 0.0168407932049 
32582 0.943954432603 -0.00166971248927 0.14669795629 1.58770904624 -1.09641866187 1.34682450153 0.954057552971 -0.159391696662 0.00598934443239 
32623 0.943954432603 -0.00166971248927 0.137033488242 1.09770904624 -6.76641866187 0.976824501528 0.98838163243 -0.168515264221 0.0125625752522 
32672 0.943954432603 -0.0212269697191 0.127369020195 1.64770904624 -3.22641866187 0.796824501528 0.951976420703 -0.171980681418 -0.0032001638259 
32713 0.943954432603 -0.0114483411042 0.127369020195 -0.422290953764 1.46358133813 -0.423175498472 0.990806426663 -0.1907086194 0.010759942948 
32763 0.934553003779 -0.0114483411042 0.14669795629 -1.15229095376 2.87358133813 1.04682450153 0.960885175116 -0.180754720282 0.0148712302509 
32812 0.943954432603 -0.0114483411042 0.166026892384 -0.182290953764 -1.82641866187 -0.303175498472 0.983387510302 -0.167756978145 0.0367347600815 
32853 0.943954432603 -0.00166971248927 0.127369020195 1.34770904624 -7.19641866187 -0.843175498472 0.997675483881 -0.158008516759 0.00237255071446 
32903 0.943954432603 -0.0114483411042 0.156362424337 1.16770904624 3.96358133813 0.676824501528 1.05447522403 -0.170815332428 -0.0177723348385 
32952 0.934553003779 -0.0114483411042 0.166026892384 -0.112290953764 -2.55641866187 -0.173175498472 1.00668733688 -0.177217257603 0.0171463026225 
32993 0.934553003779 -0.00166971248927 0.127369020195 0.0677090462356 -1.03641866187 -0.233175498472 1.01190099344 -0.190504452518 0.0106696565573 
33041 0.934553003779 -0.00166971248927 0.137033488242 -0.602290953764 6.83358133813 -0.113175498472 1.00203687672 -0.211241311461 0.0303263468893 
33082 0.934553003779 -0.0114483411042 0.166026892384 -0.302290953764 5.06358133813 -0.0531754984716 0.974581854478 -0.169417641261 0.015365723836 
33131 0.934553003779 -0.0114483411042 0.14669795629 -0.242290953764 -10.7864186619 -0.303175498472 0.993059389913 -0.195510804611 0.014453380925 
33182 0.943954432603 -0.0114483411042 0.137033488242 -0.182290953764 0.793581338127 0.0668245015284 0.984892731752 -0.193897824232 -0.0185807492273 
33232 0.934553003779 -0.0114483411042 0.14669795629 0.487709046236 -0.236418661873 -0.0531754984716 0.992715727949 -0.160728464676 0.0254455214875 
33282 0.934553003779 -0.0114483411042 0.14669795629 -0.182290953764 0.613581338127 -0.0531754984716 1.01383132367 -0.172343026911 -3.48020610321e-05 
33332 0.934553003779 -0.0114483411042 0.137033488242 1.03770904624 -9.08641866187 -0.173175498472 1.00918086351 -0.206367080769 0.0131452422057 
33381 0.934553003779 -0.00166971248927 0.137033488242 -0.482290953764 0.613581338127 0.00682450152836 0.972830424104 -0.147428876582 0.00440404817728 
33423 0.943954432603 -0.0114483411042 0.14669795629 -0.112290953764 0.673581338127 -0.0531754984716 0.977013717588 -0.134069636186 -0.00260697246408 
33473 0.934553003779 -0.0114483411042 0.127369020195 -0.112290953764 -5.05641866187 -1.09317549847 0.952676459058 -0.155504281671 0.0326171744145 
33523 0.943954432603 -0.0114483411042 0.137033488242 -0.912290953764 0.493581338127 1.10682450153 0.967355798047 -0.17567589909 0.0104544335303 
33564 0.934553003779 -0.0114483411042 0.137033488242 1.34770904624 -3.59641866187 -0.603175498472 1.0118189238 -0.191888479654 -0.0114227384318 
33613 0.934553003779 -0.00166971248927 0.127369020195 -0.362290953764 -1.58641866187 0.496824501528 0.979266680839 -0.138871821397 0.00108646551293 
33663 0.943954432603 -0.0114483411042 0.137033488242 1.16770904624 -6.09641866187 0.186824501528 0.954229383954 -0.176782866629 0.000493274151113 
33713 0.934553003779 -0.0114483411042 0.117704552148 0.857709046236 -0.916418661873 -0.113175498472 0.96517156719 -0.177830181866 0.0045625674408 
33754 0.934553003779 -0.0114483411042 0.14669795629 0.917709046236 -2.92641866187 0.306824501528 1.00557490417 -0.151954849429 -0.00548046694285 
33803 0.934553003779 -0.0114483411042 0.14669795629 -0.242290953764 -4.62641866187 -1.82317549847 1.01475089646 -0.168395536001 0.0534780749436 
33844 0.943954432603 -0.0212269697191 0.0983756160534 -1.21229095376 2.13358133813 0.246824501528 0.954401214936 -0.194174036596 -0.00500279613017 
33893 0.934553003779 0.0472234305853 0.166026892384 -1.33229095376 9.39358133813 0.246824501528 0.971374952249 -0.165084712966 -0.0407413770894 
33934 0.934553003779 -0.031005598334 0.137033488242 -0.662290953764 0.853581338127 -0.363175498472 1.0095449316 -0.175267565326 0.0102738607491 
33983 0.943954432603 -0.00166971248927 0.137033488242 -1.82229095376 -3.04641866187 -2.19317549847 0.990195526826 -0.148259631757 -0.0191350642991 
34032 0.943954432603 0.00810891612565 0.175691360432 -2.74229095376 -0.846418661873 -0.783175498472 1.01644835501 -0.14604569668 0.000787254459341 
34083 0.934553003779 -0.0114483411042 0.175691360432 -0.182290953764 11.4035813381 1.16682450153 0.997847314863 -0.175399686727 -0.00312351956682 
34133 0.943954432603 -0.0114483411042 0.117704552148 -0.0522909537644 -7.86641866187 -1.27317549847 0.972315553979 -0.172955951173 -0.0126185372427 
34182 0.943954432603 0.00810891612565 0.117704552148 0.127709046236 -9.20641866187 0.186824501528 0.975763019584 -0.201636517422 0.0357940652888 
34233 0.943954432603 -0.0114483411042 0.127369020195 -1.09229095376 -1.88641866187 -0.783175498472 0.991239227146 -0.166565571944 0.0056901333788 
34283 0.934553003779 -0.0114483411042 0.137033488242 -0.302290953764 6.28358133813 0.0668245015284 0.993238289773 -0.155360614324 -0.00721275335208 
34332 0.934553003779 -0.0114483411042 0.137033488242 0.00770904623557 -3.65641866187 -0.233175498472 0.980365776303 -0.172474724694 -0.000577588023392 
34373 0.943954432603 -0.0114483411042 0.117704552148 0.127709046236 -2.25641866187 -0.233175498472 1.00080800817 -0.18388469643 -0.013293603609 
34424 0.943954432603 -0.0114483411042 0.14669795629 -0.852290953764 7.50358133813 -0.0531754984716 1.02155891298 -0.148898189614 -0.00239174943706 
34473 0.943954432603 -0.00166971248927 0.137033488242 0.797709046236 -6.15641866187 -2.31317549847 1.00838479544 -0.154867418282 -0.0355445178617 
