2243639 0.00381155016895 -0.00166971248927 -1.00337374133 0.187709046236 -0.486418661873 -1.27317549847 0.0119959766417 -0.00806858473472 -1.21134787416 
2243688 0.00381155016895 -0.00166971248927 -0.993709273287 0.307709046236 0.0035813381274 -0.113175498472 0.0104374061973 -0.0152897191388 -1.25319565726 
2243739 0.0132129789933 -0.00166971248927 -0.993709273287 0.00770904623557 -0.426418661873 0.00682450152836 0.00232409703002 0.019685241731 -1.18906649501 
2243789 0.0132129789933 0.00810891612565 -1.00337374133 0.0677090462356 -1.52641866187 0.0668245015284 0.0121748765013 0.0320816055517 -1.23301400844 
2243839 0.00381155016895 -0.0114483411042 -0.98404480524 0.187709046236 -0.786418661873 0.496824501528 0.00755878253358 -0.00542068229954 -1.22093317823 
2243889 0.0132129789933 0.00810891612565 -1.00337374133 0.187709046236 -0.486418661873 -0.0531754984716 0.020397552629 -0.0625289224291 -1.25997992577 
2243939 0.0132129789933 -0.00166971248927 -1.00337374133 0.187709046236 -0.486418661873 -1.27317549847 0.0105748709831 -0.0292026551125 -1.25759251349 
2243989 0.0132129789933 -0.00166971248927 -0.98404480524 0.307709046236 -1.09641866187 -0.423175498472 -0.00363730132599 0.0116337757687 -1.24159879623 
2244038 0.00381155016895 -0.00166971248927 -0.993709273287 0.247709046236 -0.916418661873 -0.663175498472 0.0554420765692 0.0107057651348 -1.2094685976 
2244087 0.00381155016895 -0.00166971248927 -0.993709273287 0.187709046236 -0.666418661873 -0.173175498472 0.026613652115 0.0362576260864 -1.24748225093 
2244128 0.0132129789933 -0.00166971248927 -1.00337374133 0.187709046236 -1.82641866187 -2.00317549847 0.037796398726 0.0108626728952 -1.25110745603 
2244169 0.0132129789933 -0.00166971248927 -1.00337374133 0.187709046236 -1.58641866187 -2.25317549847 0.0472066860148 0.0192752134998 -1.24030429964 
2244219 0.0132129789933 0.00810891612565 -1.00337374133 0.187709046236 -0.0564186618726 0.00682450152836 0.0303431161684 0.0372925481434 -1.22403342484 
2244269 0.0226144078176 0.00810891612565 -0.993709273287 0.187709046236 -2.92641866187 -3.59317549847 0.0171275635559 -0.022739806785 -1.23991691522 
2244319 0.00381155016895 -0.00166971248927 -1.00337374133 0.247709046236 -0.666418661873 0.00682450152836 0.0309063125599 -0.0100187006287 -1.21733002664 
2244369 0.0226144078176 0.00810891612565 -0.98404480524 0.187709046236 -0.306418661873 0.366824501528 0.0410797250477 -0.020585947626 -1.24687964348 
2244419 0.0132129789933 -0.00166971248927 -0.993709273287 0.247709046236 -1.33641866187 0.246824501528 0.0330905434175 -0.00786441785283 -1.21143816055 
2244469 0.0226144078176 -0.00166971248927 -0.993709273287 0.187709046236 -1.15641866187 -0.113175498472 0.0143801363068 0.0224171592112 -1.25251217951 
2244519 0.0132129789933 -0.00166971248927 -1.00337374133 0.0677090462356 -1.15641866187 0.616824501528 -0.0159739157235 0.00822801087385 -1.24333108264 
2244569 0.0132129789933 -0.00166971248927 -1.01303820938 0.0677090462356 -1.82641866187 3.35682450153 0.0179727583964 -0.0403355672509 -1.25817729346 
2244619 -0.00558987865539 -0.00166971248927 -0.993709273287 0.187709046236 -0.486418661873 2.01682450153 0.0260363179686 -0.0315138456488 -1.22184552114 
2244660 0.0132129789933 -0.0114483411042 -1.00337374133 0.247709046236 -0.726418661873 1.58682450153 0.017629096432 -0.00555322731657 -1.2471851529 
2244710 0.00381155016895 0.00810891612565 -1.00337374133 0.127709046236 -3.95641866187 7.07682450153 0.0125872708585 -0.00965720236951 -1.24620457711 
2244760 0.0132129789933 -0.00166971248927 -0.993709273287 0.187709046236 -1.15641866187 -0.483175498472 0.0214974485994 0.0106103996581 -1.3182749304 
2244810 0.00381155016895 -0.00166971248927 -1.01303820938 -0.0522909537644 -4.32641866187 -2.92317549847 0.0737625415988 0.039385907767 -1.27073579448 
2244859 0.00381155016895 -0.00166971248927 -1.02270267743 0.247709046236 -0.606418661873 -6.76317549847 0.0496462408242 0.034463994336 -1.3079578562 
2244900 0.00381155016895 -0.00166971248927 -1.01303820938 -0.302290953764 -5.91641866187 -5.17317549847 0.0477979802316 0.017686595865 -1.27516100259 
2244950 -0.00558987865539 -0.00166971248927 -1.03236714548 -0.422290953764 -14.3864186619 -0.173175498472 0.0475651085559 0.0218750095798 -1.31714736446 
2245000 -0.0149913074797 0.00810891612565 -1.03236714548 -7.74229095376 -6.27641866187 4.33682450153 0.0172320854735 -0.00413286787387 -1.33335630474 
2245049 -0.0243927363041 0.00810891612565 -1.01303820938 -8.47229095376 -5.05641866187 0.676824501528 0.0889792029883 0.0619642767141 -1.39140773446 
2245098 -0.0149913074797 0.0276661733555 -1.02270267743 -9.51229095376 9.69358133813 -1.27317549847 0.0657691377477 0.0526493590695 -1.39940774228 
2245139 -0.0243927363041 0.0276661733555 -1.03236714548 -7.43229095376 3.47358133813 -1.58317549847 0.0780651175777 0.108734223088 -1.43703712891 
2245180 -0.0149913074797 0.0374448019704 -1.02270267743 -9.26229095376 2.80358133813 -1.27317549847 0.0710452583252 0.0816065612991 -1.44854370355 
2245230 -0.00558987865539 0.0472234305853 -1.01303820938 -12.5522909538 6.95358133813 -5.42317549847 0.078168216167 0.0982995211081 -1.44033477108 
2245279 -0.00558987865539 0.0570020592002 -1.00337374133 -14.8122909538 10.7335813381 1.34682450153 0.0526154263351 0.112561985778 -1.42443975159 
2245320 -0.00558987865539 0.0667806878152 -0.98404480524 -14.8722909538 1.22358133813 -1.27317549847 0.0943030270107 0.0957837400731 -1.41735208669 
2245370 -0.00558987865539 0.086337945045 -0.98404480524 -26.8822909538 -3.10641866187 6.46682450153 0.108054478696 0.169524440476 -1.40983604806 
2245420 0.0132129789933 0.105895202275 -0.993709273287 -23.4722909538 4.15358133813 0.856824501528 0.0834633195422 0.164096937823 -1.39120822589 
2245471 0.0132129789933 0.11567383089 -0.993709273287 -11.9422909538 -19.1464186619 1.71682450153 0.0785512670551 0.166239251035 -1.34494364607 
2245520 -0.0149913074797 0.125452459505 -0.974380337193 -9.14229095376 -17.0064186619 2.07682450153 -0.0105749132526 0.170332950992 -1.25413313071 
2245570 -0.0243927363041 0.13523108812 -0.974380337193 -2.55229095376 0.183581338127 -3.65317549847 0.00233823478492 0.134767962238 -1.221406623 
2245620 -0.0149913074797 0.125452459505 -0.993709273287 1.58770904624 -0.486418661873 -3.28317549847 -0.00413238814652 0.129689141047 -1.21698982628 
2245671 -0.00558987865539 0.125452459505 -0.98404480524 -15.4222909538 25.2435813381 -0.363175498472 0.0670507324704 0.136355309022 -1.22511370311 
2245720 0.0132129789933 0.145009716735 -0.98404480524 -10.0522909538 4.94358133813 3.35682450153 0.042102574104 0.15736965118 -1.21978456347 
2245761 0.00381155016895 0.164566973964 -0.974380337193 -10.7922909538 2.44358133813 2.19682450153 0.00703639839407 0.173654277225 -1.21139505822 
2245810 0.0132129789933 0.164566973964 -0.964715869145 -11.0922909538 0.183581338127 4.69682450153 0.023102476845 0.178094964177 -1.18621394572 
2245860 0.0226144078176 0.174345602579 -0.974380337193 -11.5822909538 -0.546418661873 3.35682450153 0.0280545410777 0.200974136334 -1.15960605624 
2245910 0.0132129789933 0.164566973964 -0.974380337193 -7.55229095376 0.553581338127 0.676824501528 0.0484834356946 0.181223669475 -1.19661289492 
2245961 0.0226144078176 0.184124231194 -0.98404480524 -9.63229095376 -0.306418661873 2.19682450153 0.010250369501 0.226862709184 -1.17145802129 
2246009 0.0132129789933 0.203681488424 -0.964715869145 -10.5422909538 7.62358133813 0.436824501528 0.0297309706882 0.235142704772 -1.18690683956 
2246059 0.0226144078176 0.213460117039 -0.974380337193 -6.40229095376 -8.04641866187 1.16682450153 0.00211807753588 0.224997455569 -1.2055913655 
2246110 0.0226144078176 0.213460117039 -0.964715869145 -1.88229095376 0.973581338127 -2.73317549847 0.036806225085 0.246973403451 -1.20188951613 
2246161 0.0226144078176 0.213460117039 -0.974380337193 -4.32229095376 -1.21641866187 -3.34317549847 0.0413465177824 0.233890799036 -1.19560185424 
2246211 0.0132129789933 0.213460117039 -0.98404480524 -3.29229095376 -0.976418661873 -2.13317549847 0.0603466150414 0.213165486039 -1.22917247199 
2246260 0.0132129789933 0.223238745654 -0.98404480524 -8.71229095376 -2.80641866187 4.63682450153 0.00226887957016 0.219425014718 -1.18569739862 
2246301 0.0226144078176 0.223238745654 -0.974380337193 -9.99229095376 -1.76641866187 3.84682450153 0.0325198330112 0.244048865036 -1.19158085332 
2246351 0.0132129789933 0.242796002884 -0.955051401098 -14.3822909538 -0.306418661873 5.85682450153 0.0528799952352 0.231254866164 -1.2263892639 
2246400 0.0226144078176 0.242796002884 -0.945386933051 -10.6622909538 -3.16641866187 2.38682450153 0.0319222704232 0.294838347801 -1.19718503747 
2246451 0.0132129789933 0.262353260114 -0.964715869145 -11.8222909538 -3.47641866187 1.52682450153 0.0276498384198 0.222553720015 -1.19609634782 
2246500 0.0132129789933 0.262353260114 -0.955051401098 -5.42229095376 -0.916418661873 -0.113175498472 0.0331167727772 0.270959966763 -1.15246587292 
2246551 0.0226144078176 0.281910517343 -0.955051401098 -11.5222909538 -0.726418661873 -0.603175498472 0.0308638095267 0.275762151974 -1.15615931089 
2246601 0.0132129789933 0.272131888728 -0.955051401098 -4.38229095376 -0.916418661873 -0.0531754984716 0.0219340261662 0.296354919954 -1.14884066781 
2246650 0.0132129789933 0.281910517343 -0.945386933051 -9.02229095376 -0.846418661873 0.0668245015284 0.0434543245478 0.263160774038 -1.13783069978 
2246691 0.0132129789933 0.291689145958 -0.955051401098 -11.1522909538 -0.786418661873 0.246824501528 -0.0058850641647 0.307079074712 -1.16092990941 
2246741 0.0226144078176 0.311246403188 -0.945386933051 -14.5122909538 -0.846418661873 0.306824501528 0.0165485386283 0.327033284836 -1.13686795147 
2246791 0.0132129789933 0.321025031803 -0.945386933051 -19.2022909538 -1.88641866187 3.41682450153 0.0526311173389 0.35346231285 -1.13550310898 
2246841 0.0132129789933 0.330803660418 -0.926057996956 -14.2622909538 -1.45641866187 1.58682450153 0.0235206944359 0.349298685495 -1.14855298587 
2246891 0.0132129789933 0.340582289033 -0.926057996956 -14.8122909538 -0.846418661873 0.246824501528 -0.00310389354103 0.336144459215 -1.11592306291 
2246940 0.0132129789933 0.350360917648 -0.935722465003 -10.7222909538 -1.03641866187 0.186824501528 0.018993738987 0.370721785034 -1.13054982466 
2246981 0.00381155016895 0.340582289033 -0.935722465003 -14.0222909538 0.243581338127 -2.31317549847 0.0453644263403 0.399883154145 -1.17977607233 
2247030 0.0132129789933 0.369918174878 -0.926057996956 -15.2422909538 -2.55641866187 4.02682450153 -0.0023413911639 0.394865256106 -1.12276503988 
2247080 0.0226144078176 0.379696803493 -0.897064592814 -19.8722909538 -2.12641866187 3.47682450153 0.0684222662184 0.385728871749 -1.10152828404 
2247121 0.0132129789933 0.399254060722 -0.897064592814 -17.3722909538 -1.88641866187 3.17682450153 0.0451434685849 0.383370422092 -1.10732986374 
2247171 0.0132129789933 0.409032689337 -0.906729060862 -10.3622909538 -0.846418661873 -0.113175498472 0.00927980147955 0.422113069732 -1.05748837119 
2247221 0.0132129789933 0.409032689337 -0.906729060862 -14.2622909538 1.34358133813 -4.63317549847 0.0363238526911 0.451069848345 -1.11947892682 
2247271 0.0132129789933 0.428589946567 -0.87773565672 -14.9922909538 -0.0564186618726 -1.09317549847 -0.00215684575507 0.463515165755 -1.07045949079 
2247321 0.0132129789933 0.438368575182 -0.897064592814 -14.8122909538 0.433581338127 -2.25317549847 0.0168292914335 0.512149942127 -1.09481013538 
2247371 0.0132129789933 0.467704461027 -0.87773565672 -16.8822909538 -1.15641866187 0.676824501528 0.0353068268685 0.486056778778 -1.09572247829 
2247421 0.0226144078176 0.467704461027 -0.87773565672 -16.6422909538 -0.666418661873 -0.113175498472 0.000597650371506 0.475899560012 -1.0740342905 
2247462 0.0132129789933 0.467704461027 -0.858406720625 -12.1922909538 2.01358133813 -4.87317549847 0.0331359332594 0.492242991125 -1.07732352128 
2247511 0.0132129789933 0.487261718257 -0.858406720625 -8.10229095376 1.46358133813 -4.32317549847 0.0440781164954 0.491195675888 -1.07325422799 
2247561 0.0226144078176 0.477483089642 -0.858406720625 -8.71229095376 1.16358133813 -3.28317549847 0.0586747630208 0.547340615825 -1.0839985676 
2247611 0.0132129789933 0.497040346872 -0.858406720625 -8.77229095376 0.853581338127 -2.73317549847 -0.0158464562402 0.509719446988 -1.08712404838 
2247652 0.0132129789933 0.506818975487 -0.839077784531 -9.02229095376 -1.33641866187 0.916824501528 0.0716089400063 0.499956897955 -1.07666209705 
2247701 0.0132129789933 0.506818975487 -0.858406720625 -7.61229095376 -1.94641866187 2.01682450153 0.0249749206471 0.522355690865 -1.03638596807 
2247752 0.0132129789933 0.497040346872 -0.839077784531 -0.362290953764 -0.976418661873 0.0668245015284 0.0171723305759 0.555068186686 -1.07229147968 
2247801 0.0132129789933 0.506818975487 -0.839077784531 -3.35229095376 -1.88641866187 1.77682450153 0.00708867942895 0.54686023658 -1.07033032811 
2247852 0.0132129789933 0.516597604101 -0.839077784531 -3.90229095376 -1.03641866187 0.306824501528 0.0616073585007 0.493132974985 -1.05260855049 
2247901 0.0132129789933 0.516597604101 -0.839077784531 -5.85229095376 -2.43641866187 2.44682450153 0.0276606843808 0.54169655311 -1.03776233967 
2247952 0.0132129789933 0.526376232716 -0.848742252578 -8.10229095376 -1.94641866187 1.83682450153 0.0213556240605 0.568427427082 -1.07930250032 
2248001 0.0132129789933 0.526376232716 -0.829413316484 -10.7922909538 -1.94641866187 2.13682450153 0.019150364255 0.578091873422 -1.05980432925 
2248050 0.0132129789933 0.545933489946 -0.829413316484 -7.31229095376 -1.52641866187 0.616824501528 0.0611739351956 0.546690512023 -1.01402794466 
2248101 0.0132129789933 0.545933489946 -0.800419912342 -11.0922909538 -0.916418661873 0.306824501528 0.0090800503565 0.578224418439 -1.03355235459 
2248142 0.0132129789933 0.545933489946 -0.819748848436 -5.85229095376 -1.03641866187 0.0668245015284 0.0138679753064 0.598335536323 -1.05112925508 
2248192 0.0132129789933 0.545933489946 -0.819748848436 -4.81229095376 -1.15641866187 0.0668245015284 0.0323798769379 0.568764138981 -1.05314081204 
2248241 0.0132129789933 0.555712118561 -0.810084380389 -4.87229095376 0.123581338127 -1.39317549847 0.0151522390012 0.555681958182 -1.03399855579 
2248292 0.0132129789933 0.555712118561 -0.790755444295 -9.14229095376 -1.45641866187 1.10682450153 0.00598189226558 0.600622364116 -1.01898541432 
2248342 0.0132129789933 0.555712118561 -0.800419912342 -9.69229095376 -2.37641866187 2.26682450153 0.0315346820974 0.586359899447 -1.0348804338 
2248391 0.0132129789933 0.575269375791 -0.810084380389 -5.11229095376 -2.19641866187 1.52682450153 0.0300981930401 0.605544277547 -0.981763352604 
2248442 0.0132129789933 0.575269375791 -0.800419912342 -7.74229095376 -1.09641866187 0.00682450152836 0.0186692375049 0.62678714933 -1.04441533247 
2248492 0.0226144078176 0.575269375791 -0.781090976247 -8.16229095376 -0.236418661873 -0.913175498472 0.0217120004515 0.619686166763 -1.03249302152 
2248542 0.0132129789933 0.594826633021 -0.800419912342 -8.16229095376 2.13358133813 -4.14317549847 0.0325644223467 0.637414048629 -1.00083526296 
2248592 0.00381155016895 0.594826633021 -0.781090976247 -12.8022909538 -0.546418661873 -0.483175498472 0.0314519896341 0.662676456803 -1.02346203253 
2248642 0.0132129789933 0.604605261636 -0.761762040153 -16.1522909538 -0.786418661873 0.186824501528 0.0313699199927 0.661292429667 -1.04555442751 
2248692 0.0132129789933 0.624162518866 -0.761762040153 -18.6522909538 -4.14641866187 4.45682450153 0.0210863400382 0.624753018391 -0.996537104512 
2248742 0.0226144078176 0.624162518866 -0.761762040153 -16.3322909538 -0.666418661873 0.0668245015284 0.00295246656752 0.616063841806 -1.00661690216 
2248792 0.0132129789933 0.633941147481 -0.752097572106 -17.8622909538 -0.846418661873 0.306824501528 -0.0120251220203 0.676111942556 -0.950197130734 
2248842 0.0132129789933 0.643719776095 -0.732768636011 -14.9322909538 -5.54641866187 5.24682450153 0.0121957006718 0.699640794898 -1.00641445855 
2248892 0.0132129789933 0.65349840471 -0.723104167964 -11.9422909538 -1.94641866187 1.16682450153 0.0109310425967 0.701434003031 -0.958793447631 
2248943 0.0132129789933 0.663277033325 -0.732768636011 -4.93229095376 3.05358133813 -3.95317549847 -0.00999169319701 0.683838666182 -0.964199231521 
2248992 0.0132129789933 0.67305566194 -0.742433104058 -6.70229095376 -1.09641866187 0.306824501528 0.0451520234661 0.702745137452 -0.948922574642 
2249042 0.0132129789933 0.663277033325 -0.713439699916 -7.98229095376 -0.976418661873 0.306824501528 -0.0112219850757 0.682153640322 -0.917677434662 
2249091 0.0132129789933 0.67305566194 -0.694110763822 -8.35229095376 -1.21641866187 0.306824501528 -0.0275973592945 0.709017059312 -0.932965620651 
2249132 0.0132129789933 0.682834290555 -0.723104167964 -8.35229095376 -2.12641866187 1.28682450153 -0.00529352958786 0.72272498117 -0.954187666743 
2249182 0.0132129789933 0.682834290555 -0.713439699916 -9.02229095376 0.123581338127 -0.723175498472 -0.0153428145384 0.71103879707 -0.953325729231 
2249232 0.0132129789933 0.682834290555 -0.694110763822 -6.58229095376 -0.486418661873 -0.233175498472 -0.0154129702596 0.688953624166 -0.860985553761 
2249282 0.0132129789933 0.682834290555 -0.694110763822 -6.21229095376 2.19358133813 -2.86317549847 0.0164323431505 0.746362015786 -0.91626218678 
2249323 0.0226144078176 0.682834290555 -0.713439699916 -9.57229095376 -0.546418661873 -0.233175498472 0.0246677337049 0.73779256742 -0.88542648474 
2249372 0.0132129789933 0.702391547785 -0.674781827727 -9.69229095376 -0.916418661873 0.306824501528 -0.0186409014369 0.705105281577 -0.891702617529 
2249423 0.0226144078176 0.702391547785 -0.694110763822 -6.15229095376 1.71358133813 -2.43317549847 -0.00963531680601 0.735097405864 -0.917389752718 
2249472 0.00381155016895 0.7121701764 -0.674781827727 -9.02229095376 -1.03641866187 0.246824501528 -0.00701828546517 0.761394736095 -0.916567696198 
2249513 0.0132129789933 0.721948805015 -0.674781827727 -10.0522909538 -0.916418661873 0.00682450152836 -0.00736901630698 0.738635715776 -0.88940549164 
2249563 0.0226144078176 0.721948805015 -0.674781827727 -12.1322909538 -0.666418661873 -0.173175498472 -0.0298236480479 0.730500234768 -0.888077412425 
2249613 0.00381155016895 0.73172743363 -0.66511735968 -14.0222909538 0.913581338127 -1.27317549847 -0.0226873529575 0.7555336897 -0.855577656849 
2249662 0.0132129789933 0.73172743363 -0.645788423586 -13.4122909538 -2.19641866187 1.34682450153 0.0590809516825 0.78759438725 -0.872930922927 
2249713 0.0414172654663 0.790399205319 -0.587801615302 -11.2122909538 -0.426418661873 -0.233175498472 0.000783681784105 0.806382824767 -0.847151388325 
2249763 0.0132129789933 0.761063319474 -0.616795019444 -13.4122909538 -0.486418661873 0.186824501528 -0.0292000337848 0.774092326742 -0.800380785812 
2249813 0.032015836642 0.741506062245 -0.636123955538 -12.9222909538 -3.22641866187 2.19682450153 0.00236328117633 0.801785230055 -0.830693642385 
2249862 0.0132129789933 0.761063319474 -0.616795019444 -12.3722909538 -0.786418661873 0.366824501528 -0.027708772405 0.817311570024 -0.846476321959 
2249903 0.0132129789933 0.780620576704 -0.587801615302 -14.2022909538 -0.846418661873 0.0668245015284 -0.0256143028882 0.838241049903 -0.812995990599 
2249953 0.00381155016895 0.858849605624 -0.510485870924 -9.75229095376 0.183581338127 -0.783175498472 -0.0409249478394 0.834979799588 -0.828849016068 
2250002 0.0226144078176 0.780620576704 -0.578137147255 -12.5522909538 2.01358133813 -2.19317549847 -0.0298109336212 0.816541314384 -0.830275793059 
2250052 0.0132129789933 0.780620576704 -0.587801615302 -11.6422909538 -1.15641866187 0.556824501528 -0.0124191564017 0.832391549455 -0.805233259332 
2250102 0.0132129789933 0.790399205319 -0.55880821116 -12.4922909538 -3.22641866187 1.77682450153 -0.0540723908809 0.845691561166 -0.813420138289 
2250143 0.0226144078176 0.800177833934 -0.55880821116 -9.44229095376 0.303581338127 -0.723175498472 -0.0284031652112 0.829334889639 -0.808321976838 
2250193 0.0132129789933 0.800177833934 -0.549143743113 -10.6622909538 -2.80641866187 1.52682450153 -0.0173578833859 0.817852872422 -0.807550325717 
2250243 0.032015836642 0.858849605624 -0.481492466782 -11.4622909538 3.90358133813 -3.34317549847 -0.0179835437992 0.82291972405 -0.771594408709 
2250293 0.0132129789933 0.819735091164 -0.520150338971 -11.5822909538 1.34358133813 -1.27317549847 -0.08754562995 0.865719087622 -0.764282063992 
2250344 0.0132129789933 0.809956462549 -0.529814807019 -10.2422909538 -0.0564186618726 -0.603175498472 -0.0328136848222 0.84866378232 -0.769325634701 
2250393 0.0226144078176 0.839292348394 -0.481492466782 -17.2522909538 1.89358133813 -1.76317549847 -0.0277031268558 0.845811289386 -0.772504638598 
2250443 0.00381155016895 0.849070977009 -0.500821402877 -13.6522909538 -2.19641866187 0.976824501528 -0.0181139397075 0.894374020277 -0.783367616479 
2250494 0.0132129789933 0.849070977009 -0.481492466782 -15.1122909538 -5.54641866187 2.86682450153 -0.00326419306481 0.827769591999 -0.720884680288 
2250543 0.0132129789933 0.849070977009 -0.481492466782 -13.7722909538 -1.09641866187 0.616824501528 -0.0544447734925 0.912451854456 -0.727357100309 
2250584 0.00381155016895 0.849070977009 -0.462163530688 -12.5522909538 -4.87641866187 2.19682450153 -0.031165975859 0.914810304114 -0.72155552061 
2250633 0.0132129789933 0.849070977009 -0.471827998735 -7.68229095376 -0.976418661873 -0.173175498472 -0.0829996917034 0.881136202569 -0.684022718733 
2250684 0.0132129789933 0.858849605624 -0.471827998735 -11.1522909538 -0.976418661873 0.306824501528 -0.0983032677772 0.935416312508 -0.716045808197 
2250733 -0.00558987865539 0.858849605624 -0.45249906264 -7.37229095376 -0.846418661873 0.0668245015284 -0.0414081207396 0.932334019098 -0.689807475659 
2250783 0.00381155016895 0.858849605624 -0.500821402877 -7.31229095376 -4.69641866187 1.77682450153 -0.0846136572921 0.889212031274 -0.699381250616 
2250833 0.0226144078176 0.868628234239 -0.45249906264 -10.6022909538 -0.306418661873 -0.113175498472 -0.0628190521609 0.905892597903 -0.663654198766 
2250884 0.0132129789933 0.878406862854 -0.423505658499 -15.0522909538 -1.03641866187 0.496824501528 -0.104355850802 0.917098402757 -0.65084789679 
2250934 0.0132129789933 0.878406862854 -0.423505658499 -6.58229095376 -2.43641866187 0.736824501528 -0.092170038439 0.926076608503 -0.669009577258 
2250983 0.0132129789933 0.868628234239 -0.413841190451 -11.7022909538 -9.99641866187 4.39682450153 -0.0612323838912 0.958836363445 -0.663366516822 
2251032 0.0132129789933 0.878406862854 -0.38484778631 -7.74229095376 -1.45641866187 0.436824501528 -0.055360124054 0.907962442017 -0.616756546595 
2251083 0.0132129789933 0.888185491468 -0.404176722404 -6.40229095376 -13.9564186619 5.97682450153 -0.133006798725 0.953758813104 -0.620385937041 
2251134 0.0132129789933 0.888185491468 -0.38484778631 -7.98229095376 -21.3964186619 8.90682450153 -0.0874585375813 0.973303418613 -0.634707189377 
2251184 0.00381155016895 0.888185491468 -0.394512254357 -4.02229095376 -7.31641866187 2.80682450153 -0.102343450927 0.9366438555 -0.639459960419 
2251234 0.0226144078176 0.878406862854 -0.38484778631 -2.01229095376 -0.916418661873 -0.173175498472 -0.138048624298 0.949654838051 -0.619405361257 
2251284 0.0132129789933 0.888185491468 -0.394512254357 -3.35229095376 -1.09641866187 0.186824501528 -0.0892170368331 0.937750823039 -0.62949880104 
2251334 0.0132129789933 0.888185491468 -0.38484778631 -8.83229095376 -0.786418661873 0.0668245015284 -0.108230471341 0.950135640913 -0.620219006391 
2251383 0.0132129789933 0.897964120083 -0.38484778631 -7.55229095376 -4.38641866187 1.46682450153 -0.0863671338166 0.959859739555 -0.586690382654 
2251434 -0.0149913074797 0.878406862854 -0.394512254357 -6.15229095376 6.34358133813 -2.98317549847 -0.150131338072 0.930241930325 -0.604541322958 
2251483 0.0132129789933 0.907742748698 -0.375183318262 -9.44229095376 1.83358133813 -1.27317549847 -0.101883975946 0.977467893201 -0.595948123785 
2251534 0.0132129789933 0.907742748698 -0.365518850215 -6.70229095376 6.04358133813 -2.73317549847 -0.1214747446 0.92208123934 -0.561031599346 
2251584 0.0132129789933 0.907742748698 -0.355854382168 -8.04229095376 2.32358133813 -1.27317549847 -0.119544414366 0.940242664947 -0.571736057965 
2251634 0.00381155016895 0.907742748698 -0.346189914121 -5.79229095376 9.51358133813 -3.83317549847 -0.074930486582 0.918457643533 -0.57371926305 
2251684 0.0132129789933 0.907742748698 -0.346189914121 -6.27229095376 4.94358133813 -2.06317549847 -0.0729868190994 0.944959564263 -0.560132898567 
2251734 0.0132129789933 0.917521377313 -0.326860978026 -4.32229095376 4.82358133813 -2.00317549847 -0.107097632502 0.990755088116 -0.58947147772 
2251784 0.0132129789933 0.907742748698 -0.326860978026 -6.46229095376 -0.976418661873 0.306824501528 -0.157179917972 0.935092221891 -0.540977000184 
2251834 0.0226144078176 0.907742748698 -0.336525446073 -15.1122909538 11.5235813381 -4.26317549847 -0.127203894103 0.987541944156 -0.538066742437 
2251884 0.032015836642 0.917521377313 -0.297867573884 -9.99229095376 2.80358133813 -1.27317549847 -0.134244782303 0.972233011483 -0.524183279922 
2251934 0.0226144078176 0.907742748698 -0.326860978026 -20.1122909538 16.4635813381 -5.30317549847 -0.13417604991 0.965276543496 -0.526381708035 
2251984 0.0132129789933 0.917521377313 -0.288203105837 -13.9022909538 6.83358133813 -2.37317549847 -0.109661314849 0.997819738376 -0.493130241834 
2252034 0.0226144078176 0.927300005928 -0.288203105837 -9.44229095376 -1.03641866187 -0.113175498472 -0.0761403723347 0.98265447305 -0.519076707085 
2252083 -0.0243927363041 0.907742748698 -0.346189914121 -17.5522909538 -1.21641866187 -0.603175498472 -0.0970427020023 1.03094099158 -0.51636173187 
2252124 0.0132129789933 0.927300005928 -0.259209701695 -12.3722909538 -0.786418661873 0.0668245015284 -0.147516352882 1.00519820416 -0.480066722817 
2252175 0.0132129789933 0.927300005928 -0.259209701695 -11.9422909538 -8.83641866187 2.19682450153 -0.106295918886 0.967755144991 -0.466810034291 
2252224 0.0132129789933 0.946857263158 -0.239880765601 -12.6822909538 -0.786418661873 0.0668245015284 -0.115933432301 0.992030737463 -0.445627869191 
2252274 0.0132129789933 0.927300005928 -0.230216297553 -6.21229095376 -0.666418661873 -0.0531754984716 -0.144103253474 0.979995871902 -0.430554906229 
2252325 0.0132129789933 0.946857263158 -0.220551829506 -7.19229095376 4.15358133813 -1.09317549847 -0.0987057943642 1.00511291826 -0.464770125442 
2252374 0.0132129789933 0.937078634543 -0.210887361459 -8.10229095376 4.02358133813 -1.03317549847 -0.123853881538 0.997795799249 -0.412384814376 
2252425 0.0226144078176 0.937078634543 -0.210887361459 -12.3122909538 1.58358133813 -0.423175498472 -0.117217695996 1.0346843156 -0.462758568475 
2252474 0.0790229807637 0.956635891773 -0.17222948927 -9.51229095376 -0.426418661873 -0.113175498472 -0.13821058751 0.995003805851 -0.375824176896 
2252515 0.0132129789933 0.937078634543 -0.201222893412 -11.8822909538 5.61358133813 -1.27317549847 -0.154345398354 0.997519586886 -0.398806861278 
2252564 -0.00558987865539 0.946857263158 -0.191558425364 -9.26229095376 10.4935813381 -1.94317549847 -0.147394271495 1.03160371666 -0.385101858523 
2252615 0.0414172654663 0.946857263158 -0.181893957317 -8.65229095376 -0.666418661873 0.00682450152836 -0.139906622741 1.00169560742 -0.413275103769 
2252665 0.0226144078176 0.946857263158 -0.181893957317 -16.4022909538 -5.54641866187 0.976824501528 -0.132001556902 1.03624899411 -0.347156438065 
2252714 0.0132129789933 0.956635891773 -0.152900553175 -11.1522909538 -1.09641866187 0.0668245015284 -0.132152358936 1.04182143496 -0.367050404942 
2252755 0.032015836642 0.946857263158 -0.123907149034 -13.1022909538 -6.52641866187 0.676824501528 -0.182433149886 0.98686874846 -0.361641503328 
2252805 0.0132129789933 0.956635891773 -0.143236085128 -4.02229095376 0.793581338127 -0.113175498472 -0.141308745601 1.01740175153 -0.361257236629 
2252855 0.00381155016895 0.956635891773 -0.133571617081 -1.58229095376 -0.546418661873 0.0668245015284 -0.138883951369 0.99520839635 -0.363059868933 
2252905 -0.00558987865539 0.946857263158 -0.123907149034 -26.7022909538 -11.7664186619 1.58682450153 -0.180138597828 1.04578922203 -0.328605043916 
2252955 0.00381155016895 0.956635891773 -0.133571617081 -6.52229095376 -4.99641866187 0.676824501528 -0.136047231868 1.01863635026 -0.297929974162 
2253004 0.060220123115 0.956635891773 -0.114242680986 0.427709046236 2.07358133813 -0.303175498472 -0.147037895104 1.08286245634 -0.33829237972 
2253053 0.0132129789933 0.956635891773 -0.123907149034 -4.20229095376 -0.786418661873 0.0668245015284 -0.169938510844 1.05190296527 -0.309573014551 
2253094 0.0132129789933 0.956635891773 -0.0949137448918 -5.54229095376 -0.916418661873 0.0668245015284 -0.167217758092 0.990065009032 -0.345559396463 
2253135 0.0132129789933 0.966414520388 -0.104578212939 -8.04229095376 -0.726418661873 0.0668245015284 -0.161750823734 1.03847125578 -0.301928921557 
2253185 0.0132129789933 0.956635891773 -0.0949137448918 -6.09229095376 -0.846418661873 0.00682450152836 -0.142325771424 1.05238868196 -0.337500788103 
2253234 0.0132129789933 0.966414520388 -0.0949137448918 -1.27229095376 -0.976418661873 0.0668245015284 -0.15661923682 1.02380003373 -0.330497962611 
2253275 0.0132129789933 0.956635891773 -0.104578212939 -2.49229095376 -0.976418661873 0.00682450152836 -0.194639837464 0.999368804347 -0.271477486216 
2253325 0.0132129789933 0.966414520388 -0.0949137448918 -2.55229095376 -0.976418661873 0.0668245015284 -0.141260888424 1.03192354517 -0.291453328097 
2253374 0.0132129789933 0.946857263158 -0.0852492768445 -3.41229095376 -0.916418661873 0.0668245015284 -0.150589106071 1.02489503171 -0.280164089503 
2253415 0.0132129789933 0.956635891773 -0.0949137448918 2.19770904624 -0.666418661873 0.00682450152836 -0.184775720744 1.02010566329 -0.291134176548 
2253456 -0.00558987865539 0.966414520388 -0.0852492768445 -18.2222909538 -5.42641866187 0.736824501528 -0.164388884023 1.02399265467 -0.277360940919 
2253505 0.0132129789933 0.956635891773 -0.0755848087973 -14.4422909538 -0.916418661873 0.186824501528 -0.159415790842 1.0350530977 -0.27614308859 
2253555 0.0132129789933 0.956635891773 -0.06592034075 -3.41229095376 -0.916418661873 0.00682450152836 -0.158406456719 1.02022539151 -0.250218676856 
2253605 0.0132129789933 0.966414520388 -0.0852492768445 4.39770904624 -0.976418661873 0.00682450152836 -0.176389528155 1.00596377408 -0.240404507631 
2253655 0.00381155016895 0.956635891773 -0.06592034075 -5.30229095376 -0.976418661873 0.0668245015284 -0.20014176084 1.03214137609 -0.280497950802 
2253706 0.0132129789933 0.966414520388 -0.06592034075 -2.61229095376 -0.976418661873 -0.0531754984716 -0.171601603205 1.02607489196 -0.257981408123 
2253755 0.0132129789933 0.956635891773 -0.0562558727027 8.11770904624 -1.03641866187 -0.113175498472 -0.172253938116 1.01446075334 -0.270607137318 
2253805 -0.0619984516015 0.966414520388 -0.230216297553 -5.85229095376 -0.426418661873 0.00682450152836 -0.138136055836 1.02620658974 -0.257438622161 
2253846 0.0132129789933 0.966414520388 -0.06592034075 -16.7622909538 -0.976418661873 0.246824501528 -0.178896392029 1.02677310212 -0.260694270316 
2253895 0.0132129789933 0.966414520388 -0.0562558727027 0.917709046236 -0.916418661873 0.0668245015284 -0.153969262611 1.01757748908 -0.24063337279 
2253946 0.0132129789933 0.966414520388 -0.0562558727027 3.53770904624 -0.916418661873 -0.113175498472 -0.179720557922 1.03255013347 -0.26782392923 
2253996 0.0132129789933 0.956635891773 -0.0562558727027 -10.0522909538 -0.916418661873 0.00682450152836 -0.189941673855 1.03825511933 -0.261465921437 
2254045 0.0132129789933 0.966414520388 -0.0369269366082 0.307709046236 -0.916418661873 -0.0531754984716 -0.207911408043 1.03233399702 -0.22736092911 
2254095 0.0132129789933 0.976193149003 -0.0465914046555 -5.54229095376 -0.976418661873 0.0668245015284 -0.186692713729 1.01028473281 -0.256138894828 
2254136 0.0132129789933 0.956635891773 -0.0369269366082 -7.43229095376 -0.916418661873 0.00682450152836 -0.176492626745 1.01639847606 -0.237106865462 
2254186 0.0132129789933 0.966414520388 -0.027262468561 0.677709046236 -0.846418661873 0.0668245015284 -0.168579869207 1.03079263851 -0.220669060018 
2254235 0.0132129789933 0.966414520388 -0.0465914046555 0.737709046236 -0.786418661873 0.0668245015284 -0.181534452318 1.012294501 -0.236126289678 
2254276 0.0132129789933 0.956635891773 -0.027262468561 -7.68229095376 -1.03641866187 0.0668245015284 -0.205445178736 1.0642037681 -0.246432839466 
2254325 0.0226144078176 0.956635891773 -0.0175980005137 -3.83229095376 -0.976418661873 0.0668245015284 -0.153536462128 1.04172053653 -0.245703182359 
2254366 0.00381155016895 0.956635891773 -0.0369269366082 2.01770904624 -0.976418661873 -0.0531754984716 -0.230744067944 1.06245908994 -0.213941495277 
2254415 0.0132129789933 0.966414520388 -0.0369269366082 1.70770904624 -0.846418661873 0.00682450152836 -0.209841738277 1.01417257141 -0.216656470492 
2254456 0.0132129789933 0.956635891773 -0.027262468561 -2.19229095376 -1.03641866187 0.186824501528 -0.225276510765 1.0331647522 -0.203821816634 
2254506 0.0132129789933 0.956635891773 -0.027262468561 -2.37229095376 -0.916418661873 0.0668245015284 -0.208151971418 1.05668163498 -0.219666430716 
2254556 0.00381155016895 0.956635891773 -0.027262468561 -1.03229095376 -0.976418661873 0.00682450152836 -0.205727177185 1.0344882798 -0.221469063021 
2254606 0.0132129789933 0.966414520388 -0.027262468561 -5.48229095376 -0.916418661873 0.0668245015284 -0.192120259163 1.06460055592 -0.193386104165 
2254656 0.0226144078176 0.966414520388 -0.0175980005137 -5.18229095376 -0.916418661873 0.00682450152836 -0.212520433133 1.05237306942 -0.231450162895 
2254706 0.0132129789933 0.956635891773 -0.0175980005137 4.51770904624 -0.846418661873 0.0668245015284 -0.226217112495 1.0410359904 -0.23194465648 
2254756 0.0226144078176 0.966414520388 -0.00793353246644 -3.77229095376 -0.976418661873 0.0668245015284 -0.184701342802 1.04164891467 -0.219360921299 
2254806 0.0132129789933 0.956635891773 -0.00793353246644 -0.792290953764 -0.976418661873 0.0668245015284 -0.179844685459 1.05480356456 -0.239136249903 
2254856 0.0132129789933 0.966414520388 -0.027262468561 -5.79229095376 -1.03641866187 0.0668245015284 -0.179762615818 1.0561875917 -0.217043854914 
2254906 0.0132129789933 0.966414520388 -0.0175980005137 -1.46229095376 -0.976418661873 0.0668245015284 -0.227914571054 1.01868615108 -0.179253835996 
2254956 0.0132129789933 0.956635891773 -0.0175980005137 -6.64229095376 -0.916418661873 0.186824501528 -0.18688557366 1.03949463189 -0.225252787388 
2255005 0.0132129789933 0.956635891773 -0.00793353246644 -2.31229095376 -0.976418661873 0.0668245015284 -0.189523633948 1.02501603078 -0.200684806751 
2255055 0.0132129789933 0.966414520388 0.00173093558082 0.00770904623557 -0.976418661873 0.00682450152836 -0.186975335 1.05826982899 -0.197664322118 
2255105 0.0132129789933 0.956635891773 0.0113954036281 -1.88229095376 -1.03641866187 -0.113175498472 -0.230503504569 1.03811145199 -0.22163599367 
2255156 0.00381155016895 0.956635891773 0.00173093558082 -0.722290953764 -1.03641866187 0.186824501528 -0.228641906728 1.06322934558 -0.230142024176 
2255206 0.0226144078176 0.956635891773 -0.00793353246644 -6.52229095376 -0.846418661873 0.0668245015284 -0.225970903571 1.04518807181 -0.165667471513 
2255257 0.0132129789933 0.966414520388 0.00173093558082 0.977709046236 -0.846418661873 -0.0531754984716 -0.189674435983 1.03058847163 -0.220578773627 
2255307 0.00381155016895 0.966414520388 0.0113954036281 -2.31229095376 -0.916418661873 -0.0531754984716 -0.204876336795 1.04539223869 -0.165757757904 
2255357 0.0132129789933 0.956635891773 0.0113954036281 -2.61229095376 -0.846418661873 0.186824501528 -0.211999294637 1.02869927888 -0.173966690378 
2255406 0.00381155016895 0.966414520388 0.0113954036281 -3.04229095376 -0.916418661873 0.0668245015284 -0.1799344468 1.07357876167 -0.211547784633 
2255447 0.0132129789933 0.966414520388 0.0113954036281 -0.482290953764 -1.03641866187 0.186824501528 -0.173539625139 1.02807269059 -0.197596089245 
2255497 0.0132129789933 0.956635891773 0.0113954036281 -4.87229095376 -0.916418661873 0.0668245015284 -0.258556889904 1.02398237957 -0.185569849776 
2255547 0.0132129789933 0.956635891773 0.0210598716753 -3.10229095376 -1.03641866187 0.0668245015284 -0.230236266697 1.03044480428 -0.180748845861 
2255596 0.0132129789933 0.966414520388 0.0113954036281 -1.88229095376 -0.726418661873 0.0668245015284 -0.220234685191 1.03726872725 -0.204802392418 
2255637 0.0132129789933 0.956635891773 0.0210598716753 2.31770904624 -0.916418661873 0.00682450152836 -0.222659479424 1.05946208243 -0.202999760113 
2255686 0.00381155016895 0.966414520388 0.0113954036281 -2.55229095376 -1.03641866187 0.0668245015284 -0.225902171178 1.03823160383 -0.167865899625 
2255727 0.0132129789933 0.966414520388 0.0210598716753 -2.55229095376 -0.976418661873 0.0668245015284 -0.218222285316 1.05681417999 -0.193414456047 
2255776 0.0226144078176 0.966414520388 0.0113954036281 0.0677090462356 -0.916418661873 0.0668245015284 -0.186893265359 1.05965385613 -0.175571927129 
2255827 0.0132129789933 0.966414520388 0.00173093558082 3.11770904624 -0.846418661873 0.00682450152836 -0.17860247966 1.03578744465 -0.171225476303 
2255877 0.0132129789933 0.956635891773 0.0210598716753 0.00770904623557 -0.846418661873 0.0668245015284 -0.236631088358 1.07595087536 -0.194700541248 
2255927 0.00381155016895 0.956635891773 0.0307243397226 1.58770904624 -0.916418661873 0.00682450152836 -0.172839586783 1.04454909034 -0.161778751004 
2255977 0.0132129789933 0.956635891773 0.0307243397226 2.01770904624 -0.786418661873 0.0668245015284 -0.189064158968 1.06584006848 -0.157172970116 
2256026 0.0226144078176 0.966414520388 0.0113954036281 -2.86229095376 -0.916418661873 0.0668245015284 -0.215124127225 1.03441623432 -0.207981396314 
2256076 0.0132129789933 0.956635891773 0.0210598716753 -1.15229095376 -0.916418661873 0.00682450152836 -0.222178352674 1.01076680652 -0.218388756901 
2256127 0.0226144078176 0.966414520388 0.0113954036281 0.677709046236 -0.916418661873 0.0668245015284 -0.227983303447 1.02564261907 -0.177055407884 
2256177 0.0132129789933 0.956635891773 0.0113954036281 1.34770904624 -0.916418661873 -0.0531754984716 -0.182772435896 1.03076869938 -0.13992363256 
2256226 0.0132129789933 0.956635891773 0.00173093558082 4.20770904624 -0.916418661873 -0.0531754984716 -0.188995426575 1.05888360049 -0.159371398229 
2256267 0.0132129789933 0.976193149003 0.0210598716753 1.70770904624 -0.786418661873 0.00682450152836 -0.175387885731 1.01129529212 -0.164799235637 
2256317 0.00381155016895 0.966414520388 0.0210598716753 -0.792290953764 -0.916418661873 0.0668245015284 -0.21997371569 1.07880294467 -0.204376131706 
2256367 0.00381155016895 0.966414520388 0.0210598716753 -0.242290953764 -0.916418661873 0.0668245015284 -0.196791748275 1.04239523118 -0.15481602274 
2256417 0.0226144078176 0.966414520388 0.0113954036281 -3.10229095376 -0.846418661873 0.186824501528 -0.187490205125 1.0327427544 -0.214686907538 
2256467 0.0132129789933 0.956635891773 0.0210598716753 1.40770904624 -1.03641866187 0.00682450152836 -0.204422507364 1.05771655703 -0.196217604631 
2256517 0.0132129789933 0.966414520388 -0.00793353246644 0.00770904623557 -0.976418661873 0.0668245015284 -0.25060976617 1.03489830803 -0.170231258388 
2256558 0.0132129789933 0.956635891773 0.0210598716753 0.247709046236 -0.786418661873 0.00682450152836 -0.202121840669 1.05777663295 -0.169332557608 
2256607 0.0132129789933 0.966414520388 0.0210598716753 -0.112290953764 -0.976418661873 0.00682450152836 -0.224774977889 1.05035133167 -0.211090054315 
2256657 0.0132129789933 0.966414520388 0.0210598716753 -0.182290953764 -0.916418661873 0.00682450152836 -0.199744749881 1.03072101664 -0.194326798958 
2256707 0.0132129789933 0.956635891773 0.0113954036281 0.0677090462356 -1.09641866187 0.00682450152836 -0.204876336795 1.04539223869 -0.165757757904 
2256757 0.0226144078176 0.966414520388 0.0113954036281 0.857709046236 -0.846418661873 0.00682450152836 -0.251433932062 1.04067533938 -0.177360917301 
2256807 0.00381155016895 0.966414520388 0.0113954036281 0.857709046236 -0.916418661873 0.0668245015284 -0.206888736671 1.02584678595 -0.177145694274 
2256857 0.0132129789933 0.966414520388 0.0210598716753 -0.912290953764 -0.976418661873 -0.0531754984716 -0.230085464663 1.02487236343 -0.160854878984 
2256907 0.0132129789933 0.956635891773 0.0113954036281 1.83770904624 -0.976418661873 0.0668245015284 -0.197058986147 1.05006187889 -0.19570317055 
2256958 0.0132129789933 0.966414520388 0.0210598716753 -1.70229095376 -1.09641866187 0.0668245015284 -0.213042994957 1.04700521907 -0.198791888056 
2257006 0.0132129789933 0.956635891773 0.0210598716753 2.19770904624 -0.846418661873 0.0668245015284 -0.192690524432 1.05437044444 -0.183919438371 
2257056 0.0226144078176 0.966414520388 0.0210598716753 0.247709046236 -0.916418661873 0.0668245015284 -0.217384782175 1.05937764377 -0.161993974032 
2257097 0.0132129789933 0.966414520388 0.0307243397226 -0.972290953764 -1.03641866187 0.186824501528 -0.233855563284 1.0765165405 -0.223665378111 
2257147 0.0132129789933 0.956635891773 0.00173093558082 -0.482290953764 -0.976418661873 0.0668245015284 -0.199916580863 1.04811218661 -0.188830728677 
2257197 0.0132129789933 0.956635891773 0.0113954036281 0.487709046236 -0.976418661873 0.0668245015284 -0.200837576974 1.01512305481 -0.152201858324 
2257247 0.0132129789933 0.956635891773 0.0113954036281 1.09770904624 -0.846418661873 0.0668245015284 -0.250747230955 1.048811244 -0.165834402163 
2257298 0.0132129789933 0.956635891773 0.0210598716753 -1.40229095376 -0.846418661873 0.0668245015284 -0.166911131296 1.08512043119 -0.198288983085 
2257347 0.0226144078176 0.956635891773 0.0113954036281 0.857709046236 -1.03641866187 0.00682450152836 -0.223113308855 1.04713776409 -0.172539913386 
2257388 0.0132129789933 0.956635891773 0.0210598716753 -0.482290953764 -0.976418661873 0.00682450152836 -0.235800654095 1.02097297887 -0.147109995237 
2257438 0.0132129789933 0.966414520388 0.0210598716753 -0.482290953764 -0.976418661873 0.00682450152836 -0.230387068731 1.03601724513 -0.200642812737 
2257488 0.0132129789933 0.956635891773 0.0210598716753 0.557709046236 -0.726418661873 0.0668245015284 -0.240608184664 1.041722231 -0.194284804945 
