1876204 0.0226144078176 0.0667806878152 -0.98404480524 -0.0522909537644 -0.366418661873 -0.0531754984716 0.0176320730092 0.14930602014 -1.01605012965 
1876253 0.0414172654663 0.0570020592002 -1.00337374133 0.127709046236 -2.25641866187 0.736824501528 -0.0212126935273 0.130651822107 -0.964159312171 
1876294 0.0414172654663 0.0765593164301 -0.993709273287 1.89770904624 0.0035813381274 -0.113175498472 -0.0125234735418 0.134406692081 -0.963783456859 
1876344 0.0414172654663 0.0667806878152 -0.993709273287 -1.58229095376 -1.82641866187 0.556824501528 0.00157933180685 0.153205828311 -1.01694041905 
1876394 0.0508186942907 0.0765593164301 -0.993709273287 1.16770904624 -1.70641866187 -2.06317549847 0.00855148761438 0.175471228971 -1.02862545345 
1876444 0.0414172654663 0.0765593164301 -0.993709273287 3.59770904624 4.27358133813 2.01682450153 0.00501346016278 0.116184766939 -0.992818639616 
1876494 0.0508186942907 0.0667806878152 -0.98404480524 -3.77229095376 -4.81641866187 -2.00317549847 0.0148432106862 0.140399859876 -1.01137611589 
1876543 0.032015836642 0.0765593164301 -0.98404480524 -0.112290953764 -1.58641866187 -1.76317549847 0.0104880862195 0.144431789447 -0.998869024969 
1876584 0.0508186942907 0.0667806878152 -0.993709273287 1.70770904624 3.23358133813 1.83682450153 -0.00748164796834 0.138510667134 -0.964764032642 
1876633 0.0414172654663 0.0667806878152 -1.00337374133 4.20770904624 -0.976418661873 -0.113175498472 0.00763049150362 0.14248209717 -0.991996583096 
1876674 0.0414172654663 0.0667806878152 -0.993709273287 4.20770904624 1.28358133813 0.976824501528 -0.00339376137378 0.142145385271 -1.01815827137 
1876724 0.0414172654663 0.0667806878152 -0.993709273287 0.367709046236 -1.15641866187 0.366824501528 -0.0161427701285 0.180478428297 -1.00669998911 
1876774 0.060220123115 0.0570020592002 -1.01303820938 -0.482290953764 -2.00641866187 2.80682450153 -0.00857305173302 0.151954346192 -1.01278083937 
1876823 0.060220123115 0.0667806878152 -0.993709273287 -3.16229095376 -7.19641866187 -1.70317549847 0.0150971113098 0.124392717045 -0.994779791184 
1876864 0.0132129789933 0.105895202275 -0.98404480524 8.17770904624 -4.02641866187 5.67682450153 0.0103849876302 0.154866491427 -0.9955713828 
1876914 0.0508186942907 0.0570020592002 -0.964715869145 10.9177090462 0.853581338127 -1.82317549847 -0.043041664855 0.117449489472 -0.998787149965 
1876964 0.13543155371 0.0765593164301 -0.945386933051 -0.112290953764 -0.426418661873 13.2968245015 0.005446260646 0.140327814394 -0.997888449185 
1877013 0.0884244095881 0.0667806878152 -1.00337374133 5.91770904624 -6.82641866187 2.38682450153 -0.0150851097383 0.0928123987402 -0.991094764593 
1877063 0.0696215519394 0.0276661733555 -1.01303820938 7.92770904624 -11.0364186619 9.27682450153 -0.0103659171813 0.119879984611 -1.00647323697 
1877104 0.20124155548 -0.0896773700236 -0.848742252578 10.6177090462 -12.2564186619 9.51682450153 -0.0260889564897 0.158357542218 -1.00913569377 
1877154 0.060220123115 0.0178875447406 -0.974380337193 6.40770904624 -2.55641866187 -1.09317549847 -0.0260679275419 0.146538813101 -1.03452573092 
1877204 0.00381155016895 0.00810891612565 -1.01303820938 17.1377090462 -0.666418661873 6.71682450153 -0.0685734257389 0.119893225025 -1.00828216764 
1877254 0.0414172654663 0.00810891612565 -0.993709273287 17.6877090462 -6.03641866187 -1.27317549847 -0.0484131923224 0.0787677649832 -0.99603440678 
1877304 0.00381155016895 -0.00166971248927 -0.868071188673 29.3377090462 -7.00641866187 1.71682450153 -0.0436252673725 0.0988788828673 -1.01361130727 
1877354 -0.0243927363041 -0.0505628555639 -0.964715869145 17.1377090462 5.79358133813 -5.84317549847 -0.0295028564042 0.0768176490892 -1.00201655926 
1877404 0.0790229807637 -0.0212269697191 -1.00337374133 9.69770904624 1.52358133813 -6.21317549847 -0.0304638642605 0.0188070319197 -1.03826015821 
1877445 -0.0149913074797 -0.0603414841788 -0.993709273287 9.27770904624 -4.62641866187 3.66682450153 -0.0533098614108 0.0405916297173 -1.04913154748 
1877495 0.00381155016895 -0.0603414841788 -1.02270267743 0.427709046236 -0.366418661873 -4.50317549847 -0.0360899151734 0.0738330347551 -1.01859294347 
1877544 0.0508186942907 -0.0505628555639 -1.00337374133 8.05770904624 -2.43641866187 -0.913175498472 -0.0423543409263 0.047884809603 -1.02077143109 
1877585 -0.0243927363041 -0.0798987414086 -0.98404480524 5.55770904624 -5.84641866187 2.44682450153 -0.0124674555756 0.0414091444785 -1.02378350434 
1877634 0.032015836642 -0.0505628555639 -0.98404480524 4.81770904624 -5.23641866187 -0.973175498472 -0.0603584413105 0.0454419212835 -0.985567224707 
1877675 -0.0337941651284 -0.0994559986385 -1.03236714548 9.02770904624 -5.84641866187 -2.43317549847 -0.0500131978406 0.017483504319 -1.02061291183 
1877724 0.0132129789933 -0.0701201127937 -0.926057996956 10.7977090462 1.28358133813 -1.64317549847 -0.0570884522374 0.00565280563936 -1.00563023526 
1877765 -0.0149913074797 -0.0896773700236 -0.974380337193 4.88770904624 -5.42641866187 -0.973175498472 -0.0378484144253 0.038280439181 -1.01338455514 
1877814 -0.0149913074797 -0.0994559986385 -0.993709273287 5.91770904624 -2.73641866187 0.436824501528 -0.0476094325558 0.00710887825712 -0.997025506973 
1877855 0.0696215519394 -0.0701201127937 -1.00337374133 7.92770904624 -12.0664186619 -4.50317549847 -0.0347025528894 0.0207447546335 -1.00475988636 
1877904 -0.00558987865539 -0.0994559986385 -0.974380337193 5.24770904624 -6.64641866187 5.30682450153 -0.052884129805 0.00719331691896 -1.03803129305 
1877955 0.0414172654663 -0.109234627253 -0.98404480524 11.7077090462 -5.17641866187 -7.49317549847 -0.1077262424 -0.0228580360524 -1.01352001618 
1878003 -0.0149913074797 -0.0994559986385 -0.974380337193 5.73770904624 -3.34641866187 1.89682450153 -0.0830186474082 -0.0195247402561 -1.01115465742 
1878044 0.0414172654663 -0.109234627253 -1.02270267743 4.69770904624 -2.67641866187 -5.17317549847 -0.0748099313509 -0.0447751788669 -1.02890060158 
1878093 -0.0149913074797 -0.109234627253 -0.955051401098 8.84770904624 -5.54641866187 -3.65317549847 -0.0837186857635 -0.0360011400032 -1.04697199566 
1878135 -0.00558987865539 -0.109234627253 -0.98404480524 5.79770904624 0.493581338127 -4.63317549847 -0.0981784903251 -0.0283584314215 -1.00711371601 
1878184 0.0132129789933 -0.128791884483 -1.00337374133 4.45770904624 -0.976418661873 0.366824501528 -0.0959942594675 -0.0262041486456 -1.00122184992 
1878235 -0.0431955939528 -0.138570513098 -0.98404480524 7.13770904624 -0.916418661873 -1.58317549847 -0.0827303805882 -0.0390101170806 -0.995657546767 
1878285 -0.0149913074797 -0.148349141713 -0.98404480524 11.8377090462 -3.41641866187 -5.72317549847 -0.144413452576 -0.0560389415549 -1.00431897881 
1878335 -0.0619984516015 -0.148349141713 -0.974380337193 14.3377090462 -3.71641866187 0.496824501528 -0.0754145628163 -0.0515270563551 -1.01833472173 
1878385 -0.00558987865539 -0.167906398943 -0.993709273287 10.3677090462 -4.14641866187 -0.303175498472 -0.0814384251941 -0.101822919461 -1.02820770774 
1878435 -0.0619984516015 -0.187463656173 -1.00337374133 7.01770904624 -5.30641866187 -0.113175498472 -0.0456588738803 -0.0932906506365 -0.976489051656 
1878476 -0.0149913074797 -0.158127770328 -0.935722465003 12.2577090462 4.51358133813 -6.64317549847 -0.128669384319 -0.106335228278 -1.02704655918 
1878525 -0.0337941651284 -0.187463656173 -0.993709273287 4.57770904624 -2.92641866187 -0.363175498472 -0.0913712743068 -0.115603310418 -1.0063525893 
1878575 -0.0337941651284 -0.197242284788 -0.993709273287 7.80770904624 0.433581338127 0.736824501528 -0.120798684677 -0.0683036075923 -0.959828679417 
1878625 -0.0149913074797 -0.187463656173 -0.945386933051 3.41770904624 -0.666418661873 1.52682450153 -0.0740749039772 -0.109477597606 -1.02769327366 
1878676 -0.0337941651284 -0.216799542018 -1.00337374133 10.9177090462 -0.726418661873 1.16682450153 -0.0594719890807 -0.102533522799 -0.997976726174 
1878725 -0.0149913074797 -0.216799542018 -0.993709273287 12.3877090462 -7.19641866187 4.51682450153 -0.0898604073074 -0.113244437143 -0.987696415245 
1878775 -0.0337941651284 -0.226578170632 -0.955051401098 7.92770904624 -2.12641866187 2.32682450153 -0.0891870434492 -0.113449027642 -1.00046072321 
1878825 -0.0337941651284 -0.216799542018 -0.98404480524 11.8977090462 -0.486418661873 -1.03317549847 -0.11465007194 -0.117961760076 -1.012154169 
1878876 -0.0431955939528 -0.226578170632 -0.964715869145 4.57770904624 4.08358133813 -3.47317549847 -0.0788705206265 -0.109429491251 -0.96043551291 
1878925 -0.0243927363041 -0.236356799247 -0.98404480524 8.41770904624 -3.89641866187 -0.113175498472 -0.135662569075 -0.116781899822 -0.989971487617 
1878976 -0.00558987865539 -0.236356799247 -0.993709273287 2.44770904624 -1.45641866187 1.22682450153 -0.130187320196 -0.166235461806 -1.02953266923 
1879024 -0.00558987865539 -0.236356799247 -0.935722465003 5.97770904624 -0.486418661873 0.0668245015284 -0.125084453929 -0.148928730501 -0.983030812871 
1879075 -0.0337941651284 -0.246135427862 -0.993709273287 3.53770904624 -5.91641866187 2.38682450153 -0.108777812103 -0.168835681503 -0.965544198769 
1879125 -0.0149913074797 -0.255914056477 -0.974380337193 6.28770904624 -1.70641866187 0.556824501528 -0.117507666656 -0.119911452353 -1.00528172712 
1879176 -0.0243927363041 -0.255914056477 -0.945386933051 14.0877090462 -3.77641866187 1.95682450153 -0.101311192297 -0.186925061628 -0.968327406858 
1879226 -0.0431955939528 -0.265692685092 -0.955051401098 7.50770904624 -6.94641866187 1.65682450153 -0.142449556652 -0.148097975326 -0.959491700394 
1879276 -0.0243927363041 -0.275471313707 -0.955051401098 1.89770904624 0.373581338127 -1.64317549847 -0.13297053697 -0.146641902708 -0.950886972112 
1879326 -0.0337941651284 -0.265692685092 -0.964715869145 2.86770904624 -0.606418661873 -1.58317549847 -0.152374714065 -0.182037590522 -0.987317442209 
1879376 -0.00558987865539 -0.275471313707 -1.00337374133 4.45770904624 -0.486418661873 0.556824501528 -0.111545645478 -0.189560570883 -0.986260222166 
1879426 -0.0713998804258 -0.285249942322 -0.87773565672 20.9177090462 -4.08641866187 2.50682450153 -0.115832037552 -0.192485109299 -0.975951559356 
1879476 -0.0431955939528 -0.295028570937 -0.964715869145 0.427709046236 -5.36641866187 1.58682450153 -0.152477812654 -0.171602888541 -0.984019800041 
1879525 -0.0431955939528 -0.295028570937 -0.974380337193 25.9777090462 -6.39641866187 3.11682450153 -0.118689632268 -0.194434801576 -0.969079117483 
1879566 -0.0808013092502 -0.334143085397 -1.03236714548 4.57770904624 -7.92641866187 -0.423175498472 -0.151455141282 -0.178090099612 -0.933804565205 
1879616 -0.0431955939528 -0.324364456782 -0.955051401098 3.66770904624 1.22358133813 -0.173175498472 -0.156084572499 -0.223932882586 -0.946014558096 
1879657 -0.0525970227771 -0.314585828167 -0.916393528909 5.18770904624 -0.846418661873 1.71682450153 -0.13079337499 -0.202028980186 -0.928825042026 
1879706 -0.0337941651284 -0.324364456782 -0.964715869145 5.97770904624 0.613581338127 -6.03317549847 -0.164388695446 -0.208406966234 -0.974651832023 
1879755 0.00381155016895 -0.334143085397 -0.98404480524 4.33770904624 -0.236418661873 1.89682450153 -0.144915785958 -0.179967746408 -0.940419790038 
1879796 -0.0713998804258 -0.343921714011 -0.906729060862 5.24770904624 1.52358133813 -0.603175498472 -0.134247909472 -0.23088977419 -0.961067580562 
1879846 -0.0243927363041 -0.324364456782 -0.916393528909 9.33770904624 -0.976418661873 -1.39317549847 -0.183573960936 -0.178630978393 -0.959875967093 
1879887 -0.0808013092502 -0.392814857086 -1.04203161352 28.5377090462 -8.77641866187 6.52682450153 -0.153646441017 -0.237785742642 -0.923526367299 
1879937 -0.0149913074797 -0.363478971241 -0.926057996956 10.2477090462 2.74358133813 -3.34317549847 -0.167528288611 -0.240072146818 -0.942815613704 
1879986 -0.0902027380745 -0.392814857086 -0.935722465003 24.0277090462 6.10358133813 -5.72317549847 -0.192565585496 -0.27798319205 -0.943408805066 
1880035 -0.0243927363041 -0.383036228471 -0.945386933051 4.63770904624 2.44358133813 -4.93317549847 -0.192668684085 -0.267548490069 -0.940111162897 
1880086 -0.0337941651284 -0.402593485701 -0.906729060862 5.42770904624 1.22358133813 0.0668245015284 -0.156091641376 -0.28147424284 -0.9298444941 
1880127 -0.0243927363041 -0.402593485701 -0.906729060862 4.45770904624 -0.426418661873 0.556824501528 -0.137036771795 -0.239795934454 -0.956393566801 
1880176 -0.0337941651284 -0.422150742931 -0.974380337193 3.53770904624 -3.16641866187 3.41682450153 -0.155672178141 -0.265671690508 -0.959205126771 
1880217 -0.0243927363041 -0.412372114316 -0.87773565672 14.1477090462 1.95358133813 -0.173175498472 -0.125703223149 -0.270763328496 -0.940124805029 
1880266 -0.0243927363041 -0.422150742931 -0.926057996956 16.5277090462 -4.93641866187 0.306824501528 -0.155919810394 -0.298865412807 -0.935340564382 
1880316 -0.0525970227771 -0.431929371546 -0.848742252578 17.0177090462 -9.32641866187 3.96682450153 -0.157699338594 -0.322599279265 -0.904742138886 
1880367 0.00381155016895 -0.441708000161 -0.868071188673 4.08770904624 0.973581338127 -2.06317549847 -0.180943770031 -0.328435962916 -0.911642932642 
1880417 -0.0337941651284 -0.451486628776 -0.897064592814 11.8977090462 6.65358133813 0.916824501528 -0.197538678677 -0.289043635089 -0.944626657394 
1880466 -0.0713998804258 -0.461265257391 -0.868071188673 9.88770904624 -0.786418661873 -1.52317549847 -0.193396820266 -0.329747520954 -0.934368399984 
1880517 -0.00558987865539 -0.461265257391 -0.868071188673 9.33770904624 -1.58641866187 -1.33317549847 -0.181163304458 -0.315907054078 -0.929338471406 
1880566 -0.0808013092502 -0.490601143235 -0.87773565672 4.27770904624 0.733581338127 -4.02317549847 -0.207540260182 -0.295867558059 -0.920573110838 
1880617 0.032015836642 -0.451486628776 -0.781090976247 16.4677090462 -3.41641866187 0.0668245015284 -0.160570270558 -0.332889466665 -0.922160520115 
1880666 -0.0243927363041 -0.490601143235 -0.887400124767 2.07770904624 1.52358133813 0.616824501528 -0.193465552659 -0.322791052967 -0.932169971871 
1880707 -0.0619984516015 -0.490601143235 -0.87773565672 11.2277090462 0.913581338127 0.556824501528 -0.185662962588 -0.355503548787 -0.896264460262 
1880756 -0.0149913074797 -0.50037977185 -0.87773565672 20.9177090462 -3.28641866187 2.80682450153 -0.175833212064 -0.33128845585 -0.914821936538 
1880797 -0.127808453372 -0.51993702908 -0.713439699916 28.7277090462 -5.48641866187 -0.113175498472 -0.177884755934 -0.405128917119 -0.909013875794 
1880846 -0.0337941651284 -0.51993702908 -0.906729060862 -3.47229095376 -2.19641866187 -2.49317549847 -0.197848774951 -0.364481754533 -0.878102779795 
1880887 -0.0243927363041 -0.510158400465 -0.819748848436 6.09770904624 4.27358133813 0.916824501528 -0.214842117884 -0.352710708155 -0.907115909035 
1880937 -0.0619984516015 -0.529715657695 -0.819748848436 10.1877090462 -3.16641866187 0.246824501528 -0.221320432514 -0.337630305107 -0.853018252055 
1880987 -0.0337941651284 -0.529715657695 -0.829413316484 13.8477090462 1.04358133813 -2.61317549847 -0.156948682892 -0.379193085147 -0.879317268802 
1881036 -0.0149913074797 -0.529715657695 -0.800419912342 4.57770904624 -0.486418661873 -0.603175498472 -0.200463515212 -0.39101096703 -0.878998117252 
1881086 -0.0713998804258 -0.55905154354 -0.839077784531 5.00770904624 -0.846418661873 -1.94317549847 -0.241073049372 -0.396016895506 -0.862359798531 
1881127 -0.0525970227771 -0.55905154354 -0.87773565672 7.31770904624 2.99358133813 -2.43317549847 -0.202496944035 -0.398737690657 -0.864996016465 
1881177 0.00381155016895 -0.568830172155 -0.848742252578 18.0577090462 5.43358133813 -5.30317549847 -0.200381445571 -0.389626939894 -0.856905722263 
1881227 -0.0337941651284 -0.55905154354 -0.848742252578 1.16770904624 -5.05641866187 -2.49317549847 -0.189988498656 -0.412723095729 -0.868759800337 
1881277 0.0132129789933 -0.57860880077 -0.897064592814 11.4077090462 -2.12641866187 3.96682450153 -0.22989030276 -0.421411848697 -0.865985003635 
1881327 -0.0525970227771 -0.568830172155 -0.752097572106 14.2777090462 2.87358133813 -3.71317549847 -0.186018471227 -0.436035811626 -0.853005472645 
1881378 -0.0243927363041 -0.607944686614 -0.945386933051 10.5577090462 0.243581338127 -1.09317549847 -0.204578076304 -0.411326675413 -0.874185524724 
1881427 -0.0149913074797 -0.598166057999 -0.732768636011 19.9477090462 -12.1264186619 1.71682450153 -0.204496006662 -0.409942648277 -0.852093129734 
1881478 -0.0243927363041 -0.607944686614 -0.819748848436 -4.32229095376 4.02358133813 -1.94317549847 -0.193814792927 -0.452524180936 -0.848450097157 
1881527 0.00381155016895 -0.588387429384 -0.7714265082 3.11770904624 2.56358133813 -2.67317549847 -0.200072149803 -0.420931045835 -0.86679864877 
1881578 -0.0149913074797 -0.607944686614 -0.810084380389 6.28770904624 3.54358133813 -0.0531754984716 -0.234093848638 -0.490993411953 -0.820482442613 
1881627 -0.00558987865539 -0.607944686614 -0.752097572106 4.33770904624 2.38358133813 -5.84317549847 -0.214016461418 -0.465461847155 -0.843428579965 
1881678 -0.0337941651284 -0.627501943844 -0.800419912342 4.33770904624 0.913581338127 -1.45317549847 -0.231669054406 -0.513186767132 -0.822285074917 
1881728 -0.0431955939528 -0.607944686614 -0.742433104058 13.2977090462 -6.27641866187 2.50682450153 -0.208630820147 -0.48648067952 -0.808788996825 
1881778 -0.00558987865539 -0.627501943844 -0.7714265082 18.9677090462 -6.27641866187 -0.423175498472 -0.186231583551 -0.463048235403 -0.783627824825 
1881827 -0.0243927363041 -0.637280572459 -0.781090976247 4.08770904624 1.65358133813 -1.94317549847 -0.208802651129 -0.469089509553 -0.803292926544 
1881878 0.00381155016895 -0.656837829689 -0.829413316484 7.56770904624 -0.366418661873 -1.03317549847 -0.2216674729 -0.506362844162 -0.846338621474 
1881927 -0.0149913074797 -0.656837829689 -0.800419912342 11.0977090462 -1.58641866187 2.74682450153 -0.226545159191 -0.507698764943 -0.801173255712 
1881968 -0.0337941651284 -0.676395086919 -0.732768636011 15.9177090462 -1.33641866187 -1.39317549847 -0.220747900117 -0.502415353252 -0.79282574447 
1882017 -0.0431955939528 -0.676395086919 -0.752097572106 9.45770904624 -1.52641866187 2.74682450153 -0.23660778139 -0.527725444165 -0.824602141302 
1882067 -0.0149913074797 -0.695952344149 -0.752097572106 16.5277090462 -2.12641866187 3.05682450153 -0.221593094958 -0.484819592786 -0.774565366226 
1882117 0.032015836642 -0.686173715534 -0.790755444295 20.2477090462 1.77358133813 -1.27317549847 -0.248883355094 -0.517928452807 -0.778851995564 
1882158 -0.0431955939528 -0.686173715534 -0.636123955538 21.3477090462 -8.04641866187 0.736824501528 -0.284952596556 -0.536016985699 -0.755926014946 
1882208 -0.0619984516015 -0.705730972764 -0.684446295775 4.75770904624 0.853581338127 -4.50317549847 -0.255786778508 -0.547150321454 -0.769365389275 
1882258 -0.0337941651284 -0.695952344149 -0.655452891633 22.5677090462 -6.94641866187 4.15682450153 -0.24195263436 -0.549726178408 -0.773267751915 
1882308 -0.00558987865539 -0.705730972764 -0.655452891633 20.1877090462 -5.72641866187 1.16682450153 -0.258575640831 -0.556056481718 -0.764691375514 
1882349 -0.0431955939528 -0.715509601378 -0.66511735968 12.0777090462 -2.92641866187 0.676824501528 -0.305621431726 -0.569619465379 -0.744735474128 
1882398 -0.156012739845 -0.754624115838 -0.636123955538 31.4677090462 -7.31641866187 9.69682450153 -0.289671789113 -0.56308457157 -0.740547542566 
1882449 -0.0902027380745 -0.774181373068 -0.674781827727 12.3177090462 -3.83641866187 1.10682450153 -0.312765418516 -0.574493696072 -0.727554369445 
1882499 -0.0525970227771 -0.764402744453 -0.597466083349 17.0777090462 -7.67641866187 1.46682450153 -0.301672433245 -0.58111345216 -0.703591109278 
1882548 -0.0337941651284 -0.783960001683 -0.713439699916 8.84770904624 -3.34641866187 2.62682450153 -0.325205131502 -0.567464758986 -0.725989013685 
1882598 -0.0337941651284 -0.764402744453 -0.645788423586 20.6177090462 -7.67641866187 -0.783175498472 -0.325123061861 -0.56608073185 -0.703896618696 
1882648 -0.00558987865539 -0.754624115838 -0.549143743113 20.8577090462 2.07358133813 -0.663175498472 -0.355270916713 -0.601139284148 -0.701310806161 
1882698 -0.109005595723 -0.783960001683 -0.578137147255 16.5277090462 -10.7864186619 -2.86317549847 -0.324683993007 -0.591138549526 -0.668505541168 
1882749 0.0132129789933 -0.774181373068 -0.578137147255 16.0977090462 -3.47641866187 -4.02317549847 -0.340015666906 -0.582581070724 -0.658968529479 
1882799 -0.0713998804258 -0.774181373068 -0.539479275066 4.57770904624 -0.666418661873 1.16682450153 -0.349893120874 -0.61165842479 -0.663602662248 
1882848 -0.0902027380745 -0.793738630298 -0.568472679208 2.68770904624 -2.86641866187 -1.82317549847 -0.349604854054 -0.631143801615 -0.648105551597 
1882899 -0.127808453372 -0.813295887528 -0.568472679208 10.7977090462 -1.76641866187 4.76682450153 -0.368130092934 -0.609912899395 -0.670384817731 
1882948 -0.0431955939528 -0.813295887528 -0.578137147255 -4.08229095376 3.66358133813 -2.61317549847 -0.384457763708 -0.578187219277 -0.662481394674 
1882998 -0.0808013092502 -0.842631773372 -0.626459487491 10.0677090462 -6.21641866187 0.186824501528 -0.342873261622 -0.584530763001 -0.652096087605 
1883048 -0.0808013092502 -0.803517258913 -0.549143743113 6.28770904624 1.95358133813 -2.00317549847 -0.36185939881 -0.633165539374 -0.627745443017 
1883097 -0.0431955939528 -0.823074516143 -0.587801615302 6.83770904624 -6.21641866187 -1.09317549847 -0.352531181163 -0.626137025905 -0.639034681611 
1883138 -0.109005595723 -0.832853144757 -0.520150338971 9.20770904624 2.74358133813 -1.58317549847 -0.364043629668 -0.63531982215 -0.633637309106 
1883189 -0.0619984516015 -0.832853144757 -0.568472679208 0.127709046236 -3.77641866187 -2.73317549847 -0.403176663024 -0.634488643358 -0.597243602276 
1883239 -0.0713998804258 -0.813295887528 -0.529814807019 8.59770904624 -3.77641866187 1.34682450153 -0.37286262274 -0.645320980389 -0.679297168453 
1883288 -0.0713998804258 -0.832853144757 -0.55880821116 4.20770904624 0.243581338127 0.246824501528 -0.362464030276 -0.639917416862 -0.617179563166 
1883339 -0.0619984516015 -0.852410401987 -0.597466083349 13.2977090462 -3.59641866187 -0.173175498472 -0.39964570445 -0.632743541579 -0.616880352113 
1883389 -0.0619984516015 -0.803517258913 -0.413841190451 16.4677090462 1.22358133813 -3.47317549847 -0.423357302567 -0.659245038692 -0.617612122242 
1883438 -0.0431955939528 -0.852410401987 -0.539479275066 12.0777090462 -3.53641866187 -0.0531754984716 -0.3413694635 -0.63971324998 -0.617269849557 
1883479 -0.0713998804258 -0.842631773372 -0.500821402877 6.28770904624 4.88358133813 -5.05317549847 -0.354633342379 -0.626907281545 -0.622834152711 
1883529 -0.0243927363041 -0.832853144757 -0.491156934829 3.05770904624 -4.08641866187 -3.04317549847 -0.361372626511 -0.65336109592 -0.569162756443 
1883579 -0.0337941651284 -0.852410401987 -0.529814807019 7.80770904624 2.93358133813 -2.73317549847 -0.371771218975 -0.658764659447 -0.63128036173 
1883629 -0.0713998804258 -0.842631773372 -0.491156934829 0.307709046236 -1.58641866187 -2.67317549847 -0.389226083038 -0.639158707169 -0.580152783983 
1883679 -0.0431955939528 -0.852410401987 -0.539479275066 5.12770904624 -0.916418661873 -1.33317549847 -0.358322171865 -0.680621302726 -0.606921305756 
1883729 -0.0996041668988 -0.842631773372 -0.433170126546 3.78770904624 0.553581338127 -0.173175498472 -0.389226083038 -0.639158707169 -0.580152783983 
1883779 -0.0525970227771 -0.871967659217 -0.539479275066 -1.33229095376 -4.02641866187 -0.913175498472 -0.384479593162 -0.673110715545 -0.580460406423 
1883829 -0.0525970227771 -0.891524916447 -0.539479275066 11.5277090462 -1.94641866187 0.436824501528 -0.381450167464 -0.688552193235 -0.592828918578 
1883870 -0.0713998804258 -0.842631773372 -0.442834594593 7.25770904624 -2.06641866187 -0.483175498472 -0.355636408131 -0.661280440482 -0.608297677348 
1883919 -0.0996041668988 -0.911082173677 -0.578137147255 9.39770904624 -2.37641866187 -6.27317549847 -0.386904387395 -0.650917360366 -0.578657774119 
1883969 -0.0525970227771 -0.862189030602 -0.442834594593 2.38770904624 -1.64641866187 -3.95317549847 -0.358171369831 -0.686193743577 -0.587027338879 
1884018 -0.00558987865539 -0.871967659217 -0.520150338971 0.187709046236 -0.726418661873 -2.43317549847 -0.366229283854 -0.666515745817 -0.549387427839 
1884068 -0.0431955939528 -0.871967659217 -0.442834594593 6.52770904624 2.38358133813 -0.603175498472 -0.353108515309 -0.69390849764 -0.613397951821 
1884120 -0.0431955939528 -0.881746287832 -0.491156934829 1.58770904624 2.19358133813 -1.27317549847 -0.359696997407 -0.725934752866 -0.539832588676 
1884169 -0.0149913074797 -0.862189030602 -0.491156934829 20.1877090462 -3.65641866187 -0.913175498472 -0.352711504351 -0.695328857083 -0.527226799977 
1884220 -0.0243927363041 -0.852410401987 -0.423505658499 -1.15229095376 2.26358133813 -1.64317549847 -0.381526591556 -0.661436501009 -0.540949630206 
1884269 -0.0243927363041 -0.881746287832 -0.462163530688 2.74770904624 0.373581338127 1.52682450153 -0.363281927797 -0.683341250643 -0.583848334982 
1884320 -0.0619984516015 -0.871967659217 -0.413841190451 0.247709046236 3.41358133813 -1.76317549847 -0.373386607892 -0.679730471633 -0.556497146257 
1884369 -0.0149913074797 -0.871967659217 -0.491156934829 5.55770904624 -1.27641866187 -1.33317549847 -0.373283509303 -0.690165173613 -0.559794788426 
1884410 -0.0902027380745 -0.881746287832 -0.45249906264 8.84770904624 -4.32641866187 0.856824501528 -0.387083287255 -0.691067550653 -0.556991639842 
1884459 -0.0337941651284 -0.881746287832 -0.510485870924 -5.30229095376 -0.916418661873 -1.39317549847 -0.382192263715 -0.681391134749 -0.577866182502 
1884510 -0.0713998804258 -0.920860802292 -0.500821402877 9.81770904624 -5.66641866187 3.23682450153 -0.389658883521 -0.663301754624 -0.575082974414 
1884559 -0.0525970227771 -0.891524916447 -0.423505658499 12.2577090462 2.87358133813 -0.723175498472 -0.389439349094 -0.675830663462 -0.55738743565 
1884600 -0.0902027380745 -0.891524916447 -0.481492466782 -0.182290953764 0.493581338127 -1.03317549847 -0.373304538251 -0.678346444497 -0.534404751268 
1884649 -0.0431955939528 -0.901303545062 -0.442834594593 12.8077090462 0.853581338127 -1.94317549847 -0.419862133517 -0.683063343812 -0.546007910665 
1884700 0.00381155016895 -0.920860802292 -0.529814807019 1.22770904624 -1.39641866187 -1.94317549847 -0.38599188349 -0.704511229711 -0.508974833118 
1884749 -0.0525970227771 -0.891524916447 -0.404176722404 5.30770904624 -1.09641866187 0.306824501528 -0.391425074473 -0.678695125959 -0.520193725817 
1884800 -0.0243927363041 -0.901303545062 -0.442834594593 5.00770904624 -0.916418661873 1.89682450153 -0.38026335681 -0.692271350034 -0.498428893764 
1884849 -0.0243927363041 -0.901303545062 -0.462163530688 5.55770904624 -1.82641866187 -1.52317549847 -0.419491797056 -0.701164693501 -0.508418405025 
1884890 -0.0808013092502 -0.911082173677 -0.394512254357 11.7077090462 -6.03641866187 8.60682450153 -0.430537078881 -0.689682676283 -0.509190056146 
1884939 -0.0525970227771 -0.911082173677 -0.404176722404 12.1977090462 -4.26641866187 -1.76317549847 -0.390360345205 -0.708819795262 -0.520758565298 
1884980 -0.0996041668988 -0.911082173677 -0.365518850215 8.72770904624 -7.19641866187 -10.1131754985 -0.425893687595 -0.713199982679 -0.506200036417 
1885028 -0.0337941651284 -1.02842571706 -1.26431437861 15.7977090462 4.21358133813 -0.173175498472 -0.418249591257 -0.720180813409 -0.440507631425 
1885069 -0.0808013092502 -0.950196688137 -0.471827998735 6.77770904624 -1.45641866187 -1.33317549847 -0.417019299378 -0.718495787549 -0.487029428283 
1885120 0.163635840183 -0.676395086919 1.49005901486 13.3577090462 2.50358133813 0.246824501528 -0.410933773485 -0.732697752684 -0.463184806389 
1885170 -0.0149913074797 -0.911082173677 -0.326860978026 4.14770904624 -5.30641866187 1.95682450153 -0.397305826515 -0.714404205676 -0.460491884692 
1885220 -0.0431955939528 -0.911082173677 -0.394512254357 13.5977090462 7.32358133813 0.556824501528 -0.466991417382 -0.7270519955 -0.458002656912 
1885270 -0.0619984516015 -0.940418059522 -0.355854382168 0.677709046236 -6.27641866187 -1.52317549847 -0.436314732335 -0.735826457981 -0.452785857189 
1885311 -0.0431955939528 -0.881746287832 -0.288203105837 13.5977090462 -1.39641866187 -2.06317549847 -0.415824797024 -0.742374168587 -0.442310263729 
1885360 -0.344041316332 -1.56625029088 -5.38137776674 21.5277090462 12.5635813381 0.0668245015284 -0.415927895614 -0.731939466607 -0.43901262156 
1885411 -0.0713998804258 -0.940418059522 -0.336525446073 6.89770904624 -0.116418661873 -1.82317549847 -0.427941876995 -0.75830884232 -0.426347011374 
1885460 -0.0619984516015 -0.940418059522 -0.326860978026 9.33770904624 2.07358133813 -0.843175498472 -0.421210284562 -0.711695803706 -0.430337547382 
1885511 -0.0619984516015 -0.950196688137 -0.317196509979 4.14770904624 -6.88641866187 -0.843175498472 -0.46465638449 -0.730470153575 -0.432216823946 
1885560 -0.0431955939528 -0.940418059522 -0.317196509979 2.44770904624 -9.44641866187 -0.303175498472 -0.4379434585 -0.76513276529 -0.402293464817 
1885611 -0.0525970227771 -0.930639430907 -0.317196509979 5.36770904624 -5.30641866187 -1.45317549847 -0.44406335059 -0.747452566162 -0.425038872655 
1885660 -0.0902027380745 -0.940418059522 -0.317196509979 7.62770904624 -3.16641866187 -0.603175498472 -0.430799471711 -0.760258534597 -0.419474569501 
1885711 -0.0619984516015 -0.950196688137 -0.307532041932 9.39770904624 -3.89641866187 -1.70317549847 -0.451043198097 -0.749558742583 -0.363672977993 
1885760 -0.0525970227771 -0.950196688137 -0.317196509979 11.0377090462 -1.76641866187 -0.663175498472 -0.447092776288 -0.732011088472 -0.4126703605 
1885801 -0.0525970227771 -0.959975316751 -0.288203105837 12.1977090462 -4.56641866187 -0.663175498472 -0.427915202498 -0.741627852074 -0.377765365171 
1885851 -0.0149913074797 -0.940418059522 -0.297867573884 6.58770904624 -15.5464186619 10.9168245015 -0.471533133407 -0.743011031976 -0.374148571453 
1885900 -0.0619984516015 -0.950196688137 -0.268874169742 8.47770904624 -0.606418661873 1.04682450153 -0.474486135013 -0.754685246512 -0.41365934767 
1885951 -0.0619984516015 -0.969753945366 -0.259209701695 14.1477090462 0.853581338127 1.71682450153 -0.444215575952 -0.770921766203 -0.354791092174 
1886000 -0.0525970227771 -0.940418059522 -0.249545233648 12.0177090462 5.43358133813 -0.483175498472 -0.457946621511 -0.778780611229 -0.354186371703 
1886050 -0.0525970227771 -0.969753945366 -0.259209701695 11.2277090462 -0.846418661873 -1.64317549847 -0.479068485606 -0.717965183864 -0.369166935252 
1886099 -0.0619984516015 -0.959975316751 -0.249545233648 10.4877090462 -3.04641866187 -1.03317549847 -0.473566562231 -0.750737755603 -0.360146470665 
1886141 -0.0525970227771 -0.950196688137 -0.210887361459 14.5777090462 0.853581338127 -4.63317549847 -0.473299324358 -0.758404403311 -0.319259322856 
1886191 -0.0619984516015 -0.969753945366 -0.210887361459 11.4677090462 1.28358133813 -1.76317549847 -0.439098749615 -0.822975124267 -0.317509208973 
1886241 -0.0619984516015 -0.959975316751 -0.220551829506 1.95770904624 -2.19641866187 0.676824501528 -0.465935803142 -0.766059081456 -0.318744888775 
1886291 -0.0619984516015 -0.969753945366 -0.201222893412 1.22770904624 -6.15641866187 -1.27317549847 -0.491274704096 -0.792825244986 -0.35912601389 
1886341 -0.0619984516015 -0.979532573981 -0.210887361459 9.02770904624 1.16358133813 -1.33317549847 -0.471141767998 -0.772931110781 -0.36194910297 
1886390 -0.0525970227771 -0.969753945366 -0.201222893412 3.90770904624 -1.33641866187 -0.913175498472 -0.475380456627 -0.770993388067 -0.328448831114 
1886431 -0.0525970227771 -0.979532573981 -0.210887361459 1.95770904624 -10.3064186619 2.38682450153 -0.508462330287 -0.780885940416 -0.267111288334 
1886481 -0.0243927363041 -0.979532573981 -0.191558425364 10.6777090462 7.99358133813 -3.83317549847 -0.495732927152 -0.778358613435 -0.343321280799 
1886531 -0.0525970227771 -0.989311202596 -0.191558425364 6.22770904624 2.93358133813 -3.28317549847 -0.488191929403 -0.774904742185 -0.274331233638 
1886581 -0.0525970227771 -1.01864708844 -0.181893957317 4.94770904624 1.52358133813 0.186824501528 -0.529707699097 -0.775517666447 -0.28691496882 
1886631 -0.0619984516015 -0.959975316751 -0.181893957317 9.20770904624 -0.0564186618726 -2.13317549847 -0.506407872515 -0.784977945906 -0.306503426279 
1886681 -0.0619984516015 -0.999089831211 -0.17222948927 10.2477090462 1.83358133813 0.436824501528 -0.51153945943 -0.770306723856 -0.277934385225 
1886732 -0.0431955939528 -0.979532573981 -0.162565021223 1.52770904624 2.19358133813 -0.603175498472 -0.519184979095 -0.792367534017 -0.25348504286 
1886781 -0.0243927363041 -0.979532573981 -0.17222948927 2.19770904624 2.19358133813 -1.27317549847 -0.482978272848 -0.788191937099 -0.280807879704 
1886831 -0.0431955939528 -0.979532573981 -0.181893957317 2.25770904624 0.853581338127 0.186824501528 -0.495143056263 -0.808988871961 -0.288036236394 
1886881 -0.0431955939528 -0.979532573981 -0.162565021223 7.01770904624 3.54358133813 -0.783175498472 -0.501345017994 -0.792692699969 -0.332874039221 
1886932 -0.0431955939528 -0.999089831211 -0.152900553175 9.08770904624 5.67358133813 -0.663175498472 -0.48540306708 -0.765998581921 -0.279005247399 
1886981 -0.0431955939528 -0.989311202596 -0.143236085128 12.6877090462 4.08358133813 -1.82317549847 -0.483232173471 -0.772184794268 -0.297404204411 
1887031 -0.0525970227771 -0.989311202596 -0.152900553175 4.14770904624 -6.27641866187 -0.973175498472 -0.505824269998 -0.766407339302 -0.291679268972 
1887080 -0.0525970227771 -1.00886845983 -0.152900553175 10.0077090462 7.44358133813 -4.87317549847 -0.536576756315 -0.808217769088 -0.278527576587 
1887121 -0.0713998804258 -0.989311202596 -0.114242680986 8.96770904624 -4.56641866187 8.41682450153 -0.523471371169 -0.795292072433 -0.243176380049 
1887172 -0.0996041668988 -1.00886845983 -0.123907149034 4.69770904624 -9.14641866187 5.24682450153 -0.520764578488 -0.787769939305 -0.2699427888 
1887221 -0.0713998804258 -0.999089831211 -0.123907149034 2.80770904624 -9.99641866187 3.17682450153 -0.556401019467 -0.781715424741 -0.25208661775 
1887272 -0.0619984516015 -1.00886845983 -0.123907149034 5.30770904624 5.06358133813 1.16682450153 -0.529007660741 -0.7590412667 -0.25109763058 
1887321 -0.0431955939528 -0.999089831211 -0.123907149034 4.20770904624 -1.45641866187 -1.70317549847 -0.514177519718 -0.784785324971 -0.253366404587 
1887372 -0.0525970227771 -0.979532573981 -0.114242680986 5.67770904624 -2.37641866187 -2.80317549847 -0.518271051862 -0.81691976247 -0.273943849216 
1887421 -0.0525970227771 -0.969753945366 -0.191558425364 3.59770904624 -4.99641866187 -1.27317549847 -0.497252909178 -0.789599903362 -0.222154847235 
1887472 -0.0431955939528 -0.989311202596 -0.104578212939 6.09770904624 -0.486418661873 -3.41317549847 -0.495486718227 -0.774206532027 -0.277044095832 
1887521 -0.0431955939528 -0.989311202596 -0.104578212939 0.307709046236 -2.55641866187 -1.27317549847 -0.532950390851 -0.79674814505 -0.251781108332 
1887572 -0.0431955939528 -0.999089831211 -0.0755848087973 10.2477090462 0.0635813381274 -2.86317549847 -0.500282334877 -0.774158425672 -0.20978633508 
1887621 -0.0431955939528 -0.989311202596 -0.0755848087973 7.56770904624 -1.70641866187 1.71682450153 -0.520298835136 -0.796146766734 -0.185970065068 
1887672 -0.0431955939528 -0.989311202596 -0.0755848087973 3.35770904624 -2.37641866187 -0.603175498472 -0.518437237295 -0.77102887314 -0.194476095574 
1887722 -0.0525970227771 -0.989311202596 -0.0852492768445 3.23770904624 -1.09641866187 2.26682450153 -0.497493472554 -0.765252265408 -0.214460348841 
1887772 -0.0431955939528 -0.989311202596 -0.0755848087973 12.9277090462 -0.116418661873 -2.13317549847 -0.512914284971 -0.815620173995 -0.210845668145 
1887822 -0.0525970227771 -0.989311202596 -0.0465914046555 17.3877090462 -1.39641866187 6.22682450153 -0.570949962547 -0.832998103549 -0.218150669095 
1887872 -0.0525970227771 -0.989311202596 -0.0465914046555 4.39770904624 -1.39641866187 1.16682450153 -0.523135400904 -0.809915188128 -0.204487660352 
1887922 -0.0525970227771 -0.999089831211 -0.027262468561 7.56770904624 -0.606418661873 -2.61317549847 -0.535760282122 -0.793835576198 -0.221717057413 
1887972 -0.0525970227771 -0.989311202596 -0.027262468561 7.01770904624 -1.15641866187 1.34682450153 -0.5402809692 -0.82161334179 -0.163253009112 
1888021 -0.0525970227771 -0.989311202596 -0.027262468561 3.11770904624 -0.726418661873 1.52682450153 -0.549292822201 -0.802404600946 -0.17802676102 
1888071 -0.0525970227771 -0.999089831211 -0.0465914046555 1.40770904624 -0.0564186618726 1.46682450153 -0.538467074803 -0.801357709326 -0.194950648663 
1888122 -0.0525970227771 -1.00886845983 -0.0465914046555 1.89770904624 -1.15641866187 -2.61317549847 -0.559884274596 -0.77859826539 -0.209258258868 
1888173 -0.0525970227771 -0.999089831211 -0.027262468561 2.25770904624 0.613581338127 -1.39317549847 -0.547528054579 -0.816052870503 -0.14277426226 
1888222 -0.0431955939528 -0.999089831211 -0.027262468561 -2.01229095376 -2.73641866187 -0.303175498472 -0.536502378373 -0.786674517712 -0.206754321338 
1888272 -0.0525970227771 -0.999089831211 -0.0465914046555 -1.82229095376 -0.976418661873 -3.83317549847 -0.555660346544 -0.817918124118 -0.176907606468 
1888323 -0.0431955939528 -0.989311202596 -0.027262468561 0.617709046236 -0.786418661873 -0.303175498472 -0.531735482371 -0.754744670712 -0.198941184672 
1888372 -0.0525970227771 -0.999089831211 -0.0369269366082 2.31770904624 0.553581338127 -4.63317549847 -0.540384067789 -0.81117863981 -0.159955366943 
1888422 -0.0243927363041 -0.989311202596 -0.0369269366082 2.38770904624 -0.916418661873 -4.32317549847 -0.554355676723 -0.794689846883 -0.151656148078 
1888473 -0.0431955939528 -0.999089831211 -0.027262468561 -2.19229095376 -3.71641866187 -0.783175498472 -0.541393401912 -0.796350933616 -0.185879778677 
1888522 -0.0431955939528 -0.989311202596 -0.027262468561 -0.112290953764 -0.916418661873 0.00682450152836 -0.542877594414 -0.782028816645 -0.155954306526 
1888573 -0.0337941651284 -0.999089831211 -0.00793353246644 0.977709046236 -0.726418661873 -0.233175498472 -0.510201846741 -0.779598321505 -0.163640393534 
1888623 -0.0431955939528 -0.989311202596 -0.027262468561 -0.792290953764 -1.33641866187 0.186824501528 -0.596255120126 -0.78554191658 -0.226120212002 
1888672 -0.0431955939528 -0.999089831211 -0.0369269366082 0.857709046236 -0.306418661873 -1.09317549847 -0.548619458343 -0.802609191445 -0.190791068983 
1888713 -0.0431955939528 -0.999089831211 -0.0369269366082 -1.09229095376 -1.39641866187 -0.173175498472 -0.538419371358 -0.796495448196 -0.171759039618 
1888762 -0.0431955939528 -0.999089831211 -0.0369269366082 0.187709046236 -1.39641866187 0.186824501528 -0.551641192342 -0.807326937994 -0.228103417088 
1888803 -0.0525970227771 -0.999089831211 -0.0369269366082 1.22770904624 -0.606418661873 -0.603175498472 -0.538178807983 -0.82084308615 -0.179453538012 
1888852 -0.0431955939528 -0.989311202596 -0.0369269366082 0.00770904623557 -1.15641866187 -1.45317549847 -0.548881050666 -0.766442824375 -0.157706533431 
1888893 -0.0337941651284 -0.989311202596 -0.027262468561 0.977709046236 -0.786418661873 -0.303175498472 -0.525409393103 -0.7932942738 -0.182791061171 
1888942 -0.0431955939528 -0.999089831211 -0.0175980005137 -1.21229095376 -0.236418661873 -0.303175498472 -0.531124582534 -0.797193658354 -0.169046177425 
1888993 -0.0431955939528 -0.989311202596 -0.027262468561 -2.49229095376 -0.786418661873 -0.843175498472 -0.564912762921 -0.77436174532 -0.183986859982 
1889041 -0.0337941651284 -0.999089831211 -0.0465914046555 -3.16229095376 0.373581338127 -0.0531754984716 -0.530691782051 -0.773050610899 -0.174115986994 
1889092 -0.0337941651284 -0.999089831211 -0.027262468561 2.92770904624 -0.786418661873 -1.52317549847 -0.525663293726 -0.777287130969 -0.199387385879 
1889133 -0.0337941651284 -0.989311202596 -0.0562558727027 0.307709046236 0.673581338127 -0.723175498472 -0.543968998179 -0.768585137587 -0.20397111325 
1889183 -0.0337941651284 -0.989311202596 -0.0369269366082 0.247709046236 -1.70641866187 -0.423175498472 -0.538638905786 -0.783966539359 -0.189454578382 
1889233 -0.0337941651284 -0.989311202596 -0.0562558727027 -2.07229095376 -1.09641866187 -0.843175498472 -0.517538070639 -0.832963237607 -0.149083977675 
1889283 -0.0431955939528 -0.989311202596 -0.0369269366082 0.917709046236 2.38358133813 -2.00317549847 -0.522530769439 -0.80316331064 -0.215053540203 
1889333 -0.0337941651284 -0.999089831211 -0.0369269366082 -0.0522909537644 -2.61641866187 0.366824501528 -0.538535807196 -0.794401241339 -0.192752220551 
1889383 -0.0431955939528 -0.989311202596 -0.0369269366082 -2.98229095376 -3.04641866187 1.52682450153 -0.523135400904 -0.809915188128 -0.204487660352 
1889433 -0.0337941651284 -0.989311202596 -0.027262468561 2.50770904624 0.973581338127 -1.70317549847 -0.525945292175 -0.807002619275 -0.174423609434 
1889483 -0.0337941651284 -0.989311202596 -0.0369269366082 1.83770904624 0.0635813381274 -0.783175498472 -0.539291240696 -0.795580677976 -0.202080307577 
1889534 -0.0337941651284 -0.999089831211 -0.0465914046555 1.03770904624 -0.486418661873 -0.483175498472 -0.551044252576 -0.780415836267 -0.188988436679 
1889583 -0.0337941651284 -0.999089831211 -0.0369269366082 -0.422290953764 -1.94641866187 -0.0531754984716 -0.510297253631 -0.789322843764 -0.210023611625 
1889634 -0.0431955939528 -0.989311202596 -0.0562558727027 -0.362290953764 0.183581338127 0.186824501528 -0.546826592895 -0.770534829864 -0.197098671376 
1889684 -0.0243927363041 -0.999089831211 -0.0369269366082 1.95770904624 -1.33641866187 -1.94317549847 -0.518265406313 -0.788420043108 -0.199972165855 
1889733 -0.0337941651284 -0.989311202596 -0.027262468561 2.19770904624 0.733581338127 -0.783175498472 -0.538535807196 -0.794401241339 -0.192752220551 
1889783 -0.0243927363041 -0.989311202596 -0.0369269366082 -2.13229095376 -3.10641866187 -0.843175498472 -0.550941153987 -0.790850538247 -0.192286078847 
1889834 -0.0337941651284 -0.999089831211 -0.0562558727027 -0.422290953764 0.183581338127 -0.663175498472 -0.55137395447 -0.814993585702 -0.187216269278 
1889883 -0.0337941651284 -0.989311202596 -0.0465914046555 0.977709046236 -2.61641866187 0.306824501528 -0.528370086408 -0.784809264097 -0.172620977129 
1889933 -0.0243927363041 -0.999089831211 -0.0465914046555 0.187709046236 -1.76641866187 -1.09317549847 -0.49760364002 -0.812358923681 -0.194992642676 
1889984 -0.0337941651284 -0.989311202596 -0.0369269366082 -0.302290953764 1.04358133813 -1.70317549847 -0.550941153987 -0.790850538247 -0.192286078847 
1890032 -0.0243927363041 -0.999089831211 -0.0562558727027 -2.37229095376 -1.82641866187 -2.31317549847 -0.493805443574 -0.818280469611 -0.173742244703 
1890082 -0.0243927363041 -0.989311202596 -0.0465914046555 0.487709046236 -0.116418661873 -0.913175498472 -0.523307231886 -0.79252401816 -0.198991590071 
1890123 -0.0243927363041 -0.989311202596 -0.0465914046555 0.187709046236 0.0035813381274 -0.113175498472 -0.510201846741 -0.779598321505 -0.163640393534 
1890164 -0.0243927363041 -0.999089831211 -0.027262468561 -0.722290953764 -0.846418661873 0.916824501528 -0.510125422648 -0.806714013732 -0.215519681906 
1890213 -0.0243927363041 -0.999089831211 -0.0465914046555 -1.82229095376 1.04358133813 -1.27317549847 -0.558470237815 -0.815005555266 -0.146843555549 
1890264 -0.0149913074797 -0.989311202596 -0.027262468561 0.247709046236 0.0635813381274 -0.603175498472 -0.551216083558 -0.7630246663 -0.183492366397 
1890314 -0.0149913074797 -0.999089831211 -0.0369269366082 -0.422290953764 0.123581338127 -0.0531754984716 -0.512166543171 -0.794281513119 -0.151836720859 
1890364 -0.0243927363041 -0.999089831211 -0.0562558727027 -3.35229095376 -0.426418661873 0.496824501528 -0.505180427293 -0.841376201829 -0.172741728424 
1890413 -0.0337941651284 -0.999089831211 -0.0562558727027 -0.792290953764 -0.846418661873 1.58682450153 -0.502817296576 -0.799071728767 -0.188515996611 
1890454 -0.0243927363041 -0.999089831211 -0.0465914046555 -0.912290953764 -1.03641866187 -1.27317549847 -0.504678894417 -0.824189622361 -0.180009966105 
1890503 -0.0243927363041 -0.999089831211 -0.06592034075 -0.0522909537644 -1.21641866187 0.306824501528 -0.520621468153 -0.773183155916 -0.200367961663 
1890544 -0.0337941651284 -0.999089831211 -0.0465914046555 0.487709046236 0.853581338127 -1.27317549847 -0.505070259826 -0.794269543556 -0.192209434588 
1890594 -0.0243927363041 -0.999089831211 -0.0562558727027 1.52770904624 -0.426418661873 -1.94317549847 -0.484408493534 -0.818208424129 -0.18722991141 
1890644 -0.0243927363041 -0.989311202596 -0.0562558727027 1.58770904624 -1.33641866187 0.00682450152836 -0.539291240696 -0.795580677976 -0.202080307577 
1890695 -0.0243927363041 -0.999089831211 -0.0369269366082 -1.21229095376 -1.94641866187 0.00682450152836 -0.540212236807 -0.828569809777 -0.165451437224 
1890744 -0.0243927363041 -0.999089831211 -0.0369269366082 0.00770904623557 0.493581338127 0.0668245015284 -0.53538994566 -0.811936925886 -0.184127551772 
1890794 -0.0337941651284 -0.989311202596 -0.0465914046555 1.95770904624 -1.52641866187 -1.76317549847 -0.543165238413 -0.840244024313 -0.204962213442 
1890844 -0.0243927363041 -0.989311202596 -0.0465914046555 0.187709046236 0.183581338127 0.0668245015284 -0.530403515231 -0.792535987724 -0.158618876342 
1890895 -0.0243927363041 -0.999089831211 -0.0465914046555 1.95770904624 -2.73641866187 -0.423175498472 -0.551545785452 -0.797602415735 -0.181720198997 
1890945 -0.0149913074797 -0.989311202596 -0.0465914046555 -0.722290953764 -2.19641866187 -0.603175498472 -0.523307231886 -0.79252401816 -0.198991590071 
1890994 -0.0243927363041 -0.989311202596 -0.0465914046555 -0.302290953764 0.853581338127 -1.09317549847 -0.502425931167 -0.828991807572 -0.176316528128 
1891043 -0.0149913074797 -0.999089831211 -0.0369269366082 1.77770904624 -1.82641866187 0.186824501528 -0.560530341135 -0.839413269138 -0.181423100965 
1891093 -0.0149913074797 -0.999089831211 -0.0562558727027 0.427709046236 0.493581338127 -1.58317549847 -0.456101207575 -0.820086494541 -0.206699730596 
1891134 -0.0149913074797 -0.999089831211 -0.0465914046555 1.03770904624 -0.606418661873 -1.27317549847 -0.486833287766 -0.796015068951 -0.185427279105 
1891185 -0.0243927363041 -0.999089831211 -0.0369269366082 0.557709046236 -0.976418661873 1.04682450153 -0.468376781279 -0.810289503184 -0.160949584859 
1891234 -0.0149913074797 -0.989311202596 -0.0369269366082 0.0677090462356 -0.176418661873 -1.58317549847 -0.507777052508 -0.801791676684 -0.165443025838 
1891284 -0.0149913074797 -0.999089831211 -0.0369269366082 0.00770904623557 -1.58641866187 -0.973175498472 -0.520230102743 -0.803103234721 -0.18816849318 
1891335 -0.0243927363041 -0.989311202596 -0.0465914046555 2.07770904624 -0.916418661873 -2.31317549847 -0.512214246616 -0.799143774248 -0.175028329905 
1891384 -0.0149913074797 -0.989311202596 -0.0369269366082 -0.182290953764 -1.82641866187 -0.913175498472 -0.50710368865 -0.801996267182 -0.178207333801 
1891425 -0.0149913074797 -0.999089831211 -0.0562558727027 1.52770904624 -0.666418661873 -0.483175498472 -0.511973683241 -0.823491412202 -0.182722828299 
1891474 -0.0243927363041 -0.999089831211 -0.027262468561 -0.912290953764 -0.546418661873 0.736824501528 -0.543907334664 -0.833082965828 -0.189999477366 
1891525 -0.0149913074797 -0.989311202596 -0.0562558727027 -0.662290953764 0.123581338127 -0.843175498472 -0.504678894417 -0.824189622361 -0.180009966105 
1891575 -0.0149913074797 -0.999089831211 -0.0465914046555 -0.792290953764 -2.00641866187 1.10682450153 -0.520882437654 -0.814717373339 -0.200794222375 
1891624 -0.0149913074797 -0.999089831211 -0.0369269366082 -0.852290953764 0.123581338127 -0.603175498472 -0.539359973089 -0.788624209989 -0.199881879464 
1891665 -0.0243927363041 -0.999089831211 -0.0562558727027 -0.912290953764 -1.09641866187 -0.113175498472 -0.481832897267 -0.845974220158 -0.169138576837 
1891714 -0.0243927363041 -0.999089831211 -0.027262468561 0.737709046236 -1.45641866187 0.00682450152836 -0.528108494085 -0.820975631167 -0.205705512681 
1891755 -0.00558987865539 -0.999089831211 -0.0465914046555 -1.15229095376 -1.03641866187 -0.663175498472 -0.512063444582 -0.804716215099 -0.155134363028 
1891805 -0.0149913074797 -0.989311202596 -0.0465914046555 1.58770904624 -1.70641866187 -0.0531754984716 -0.49770673861 -0.801924221701 -0.191695000508 
1891854 -0.0149913074797 -0.989311202596 -0.027262468561 -0.792290953764 -0.236418661873 -0.723175498472 -0.540212236807 -0.828569809777 -0.165451437224 
1891905 -0.0149913074797 -0.989311202596 -0.0465914046555 -1.52229095376 -0.916418661873 -0.603175498472 -0.528465493298 -0.794533786356 -0.21900419522 
1891955 -0.0149913074797 -0.999089831211 -0.0562558727027 0.677709046236 -2.06641866187 0.556824501528 -0.498873943645 -0.83906543491 -0.221343315123 
1892004 -0.0149913074797 -0.999089831211 -0.0562558727027 -2.49229095376 0.973581338127 -0.913175498472 -0.514831277957 -0.82544110448 -0.175850386425 
1892054 -0.0149913074797 -0.999089831211 -0.0465914046555 1.28770904624 1.40358133813 -0.603175498472 -0.494896847339 -0.804836790553 -0.221759051427 
1892104 -0.00558987865539 -0.999089831211 -0.0465914046555 -0.972290953764 -2.31641866187 -0.723175498472 -0.522530769439 -0.80316331064 -0.215053540203 
1892145 -0.0243927363041 -0.999089831211 -0.0465914046555 -2.55229095376 0.553581338127 -1.52317549847 -0.49281571507 -0.792247805797 -0.212569543168 
1892195 -0.00558987865539 -0.999089831211 -0.06592034075 -0.972290953764 -1.94641866187 -1.33317549847 -0.493736711181 -0.825236937598 -0.175940672816 
1892245 -0.0149913074797 -0.999089831211 -0.0562558727027 0.917709046236 0.373581338127 -0.0531754984716 -0.523259528441 -0.787661757031 -0.175799981026 
1892295 -0.00558987865539 -0.999089831211 -0.06592034075 1.58770904624 -3.22641866187 0.436824501528 -0.46611612633 -0.835250912634 -0.206937007141 
1892345 -0.0243927363041 -0.989311202596 -0.0369269366082 -0.912290953764 0.913581338127 -0.483175498472 -0.465416087974 -0.818774512887 -0.171119668901 
1892395 -0.00558987865539 -0.989311202596 -0.0369269366082 -0.792290953764 -0.726418661873 -0.0531754984716 -0.492575151695 -0.816595443751 -0.220264041562 
1892436 -0.00558987865539 -0.989311202596 -0.0562558727027 0.0677090462356 -0.236418661873 -0.173175498472 -0.503709572039 -0.864038813923 -0.226958023676 
1892485 -0.0149913074797 -0.989311202596 -0.0562558727027 0.857709046236 -0.486418661873 -0.913175498472 -0.489368249466 -0.820928372046 -0.164156940637 
1892526 -0.0149913074797 -0.999089831211 -0.0369269366082 -0.722290953764 -4.93641866187 0.246824501528 -0.518093575331 -0.805811213075 -0.205468236136 
1892575 -0.0149913074797 -0.999089831211 -0.0562558727027 0.367709046236 0.183581338127 -0.483175498472 -0.520058271761 -0.820494404688 -0.193664563462 
1892616 -0.0149913074797 -0.989311202596 -0.0562558727027 1.77770904624 0.183581338127 -1.45317549847 -0.509012989936 -0.831976421906 -0.192892912341 
1892665 -0.00558987865539 -0.989311202596 -0.0465914046555 1.28770904624 -2.55641866187 0.186824501528 -0.520401933726 -0.785712064754 -0.182672422899 
1892716 -0.0149913074797 -0.989311202596 -0.0465914046555 1.52770904624 -3.28641866187 -0.783175498472 -0.495110113395 -0.841508746846 -0.198993703093 
1892766 -0.00558987865539 -0.999089831211 -0.027262468561 -1.21229095376 -0.666418661873 0.436824501528 -0.491888450589 -0.808459539127 -0.208737526423 
1892815 -0.00558987865539 -0.999089831211 -0.0562558727027 0.00770904623557 -0.426418661873 -2.73317549847 -0.504829696451 -0.81861718151 -0.199903932982 
1892866 -0.00558987865539 -0.999089831211 -0.0465914046555 0.857709046236 -0.976418661873 -0.0531754984716 -0.491716619606 -0.825850709094 -0.214233596705 
1892915 -0.00558987865539 -0.999089831211 -0.0562558727027 -2.19229095376 -0.0564186618726 0.186824501528 -0.498770845055 -0.84950013689 -0.224640957291 
1892966 0.00381155016895 -0.989311202596 -0.06592034075 -1.21229095376 0.0035813381274 -1.15317549847 -0.499787870878 -0.814513206457 -0.200884508766 
1893014 -0.00558987865539 -0.989311202596 -0.0562558727027 0.427709046236 -2.92641866187 1.16682450153 -0.499787870878 -0.814513206457 -0.200884508766 
1893065 -0.00558987865539 -0.999089831211 -0.0562558727027 0.127709046236 -3.34641866187 -0.173175498472 -0.481207236854 -0.851041071786 -0.205094493846 
1893115 -0.00558987865539 -0.989311202596 -0.0562558727027 0.00770904623557 0.123581338127 -0.423175498472 -0.499293406879 -0.854867987242 -0.191982682452 
1893156 -0.00558987865539 -0.999089831211 -0.0562558727027 -0.182290953764 -2.31641866187 -0.423175498472 -0.534008851747 -0.815824340877 -0.210755381755 
1893206 -0.00558987865539 -0.989311202596 -0.0562558727027 1.40770904624 0.853581338127 -1.45317549847 -0.510030015759 -0.796989491473 -0.169136463815 
1893255 -0.00558987865539 -0.999089831211 -0.0562558727027 0.857709046236 -3.28641866187 0.856824501528 -0.522675303102 -0.846791734919 -0.194486619982 
1893296 -0.0149913074797 -0.999089831211 -0.0562558727027 1.58770904624 -0.426418661873 0.0668245015284 -0.496930276162 -0.81256351418 -0.207756950639 
1893346 -0.00558987865539 -0.989311202596 -0.0562558727027 0.307709046236 1.77358133813 -0.363175498472 -0.488694885608 -0.821132962545 -0.1769212486 
1893387 -0.00558987865539 -0.989311202596 -0.0465914046555 -1.03229095376 -4.14641866187 -0.0531754984716 -0.492403320713 -0.833986613718 -0.225760111843 
1893436 -0.00558987865539 -0.999089831211 -0.0465914046555 1.77770904624 -0.786418661873 -0.843175498472 -0.504919457792 -0.799841984407 -0.172315467712 
1893487 0.00381155016895 -0.989311202596 -0.0465914046555 -0.542290953764 0.123581338127 -2.86317549847 -0.494849143894 -0.799974529424 -0.198567442381 
1893536 -0.00558987865539 -0.999089831211 -0.0562558727027 -3.22229095376 -4.02641866187 0.736824501528 -0.487100525639 -0.788348421243 -0.226314426915 
1893587 -0.00558987865539 -0.999089831211 -0.0465914046555 -3.59229095376 -0.366418661873 -0.843175498472 -0.489471348055 -0.810493670066 -0.160859298468 
1893636 -0.00558987865539 -0.979532573981 -0.0465914046555 1.16770904624 -3.53641866187 -1.45317549847 -0.486489625802 -0.830797408885 -0.196419419668 
1893687 -0.00558987865539 -0.999089831211 -0.0465914046555 3.41770904624 2.74358133813 -1.94317549847 -0.463403688099 -0.799229060144 -0.15973173253 
1893736 0.00381155016895 -0.989311202596 -0.0562558727027 3.78770904624 -0.846418661873 -2.73317549847 -0.490879116465 -0.823287245321 -0.182813114689 
1893777 0.0132129789933 -0.989311202596 -0.0369269366082 3.59770904624 -0.486418661873 -2.37317549847 -0.514398477474 -0.801298057024 -0.180920195994 
1893826 0.00381155016895 -0.999089831211 -0.0465914046555 0.617709046236 -1.27641866187 -0.113175498472 -0.531055850142 -0.804150126341 -0.171244605537 
1893867 0.0132129789933 -0.989311202596 -0.0562558727027 -0.972290953764 -1.88641866187 -0.113175498472 -0.511994712189 -0.811672683086 -0.157332791141 
1893916 0.00381155016895 -0.989311202596 -0.0465914046555 0.737709046236 -0.236418661873 0.246824501528 -0.511582317832 -0.853411491007 -0.170523359816 
1893957 -0.00558987865539 -0.999089831211 -0.0562558727027 -0.112290953764 -1.33641866187 -0.783175498472 -0.488626153215 -0.828089430532 -0.179119676712 
1894005 0.00381155016895 -0.989311202596 -0.0562558727027 1.22770904624 0.613581338127 -2.80317549847 -0.488694885608 -0.821132962545 -0.1769212486 
1894056 0.00381155016895 -0.989311202596 -0.0465914046555 1.70770904624 0.243581338127 -0.603175498472 -0.517015508815 -0.827595387255 -0.181742252515 
1894105 0.0132129789933 -0.989311202596 -0.0562558727027 -0.662290953764 -1.21641866187 -0.723175498472 -0.529956754677 -0.837753029638 -0.172908659073 
1894147 0.0132129789933 -0.989311202596 -0.0562558727027 -1.76229095376 -2.55641866187 0.306824501528 -0.497294344252 -0.843663029622 -0.204885569183 
1894196 0.00381155016895 -0.989311202596 -0.0562558727027 0.00770904623557 0.793581338127 -0.423175498472 -0.49911450702 -0.814717796956 -0.213648816729 
1894247 0.00381155016895 -0.989311202596 -0.0465914046555 -0.662290953764 -2.00641866187 0.0668245015284 -0.472071879136 -0.814802659234 -0.185497625001 
1894297 0.00381155016895 -0.989311202596 -0.0465914046555 1.03770904624 -2.31641866187 -0.233175498472 -0.463245194365 -0.824960725234 -0.189518625913 
1894346 0.00381155016895 -0.999089831211 -0.0562558727027 2.50770904624 0.673581338127 -0.603175498472 -0.493757740129 -0.813418208481 -0.150550635658 
1894397 0.0132129789933 -0.989311202596 -0.0562558727027 0.307709046236 0.613581338127 -2.49317549847 -0.478624571709 -0.821265507562 -0.203173223269 
1894447 0.00381155016895 -0.989311202596 -0.0465914046555 1.03770904624 -2.31641866187 -2.19317549847 -0.523066668511 -0.816871656115 -0.206686088465 
1894496 0.00381155016895 -0.989311202596 -0.0369269366082 -0.302290953764 -1.64641866187 -0.233175498472 -0.494677312912 -0.817365699391 -0.204063512662 
1894537 0.0132129789933 -0.989311202596 -0.0465914046555 0.677709046236 -0.306418661873 -0.843175498472 -0.501718201112 -0.832674632064 -0.190180050148 
1894586 0.0132129789933 -0.999089831211 -0.0465914046555 0.857709046236 -1.64641866187 0.0668245015284 -0.481571927766 -0.804440002736 -0.168712316125 
1894637 0.0132129789933 -0.979532573981 -0.0369269366082 -1.76229095376 -2.37641866187 0.916824501528 -0.502151001595 -0.856817679519 -0.185110240578 
1894687 0.00381155016895 -0.989311202596 -0.0562558727027 -0.422290953764 0.123581338127 -0.173175498472 -0.507708320115 -0.80874814467 -0.167641453951 
1894736 0.00381155016895 -0.999089831211 -0.0465914046555 -0.112290953764 -2.92641866187 0.0668245015284 -0.498942676037 -0.832108966923 -0.21914488701 
1894778 0.00381155016895 -0.999089831211 -0.0465914046555 -1.70229095376 0.553581338127 1.04682450153 -0.490947848858 -0.816330777334 -0.180614686577 
1894827 0.00381155016895 -0.989311202596 -0.0465914046555 0.187709046236 0.243581338127 -0.173175498472 -0.481049365942 -0.799072152384 -0.201370590965 
1894877 0.0132129789933 -0.989311202596 -0.0465914046555 0.0677090462356 -0.366418661873 0.00682450152836 -0.52759362396 -0.795448556576 -0.188682927261 
1894927 -0.00558987865539 -0.999089831211 -0.0562558727027 -2.13229095376 -1.64641866187 1.58682450153 -0.484326423892 -0.816824396993 -0.165137516421 
1894977 0.0132129789933 -0.999089831211 -0.0465914046555 2.25770904624 1.52358133813 -2.13317549847 -0.495178845788 -0.834552278859 -0.196795274981 
1895026 0.0132129789933 -0.989311202596 -0.0562558727027 0.677709046236 -1.82641866187 -0.363175498472 -0.504726597862 -0.82905188349 -0.203201575151 
1895077 0.0132129789933 -0.999089831211 -0.0465914046555 2.01770904624 0.0035813381274 -0.303175498472 -0.518093575331 -0.805811213075 -0.205468236136 
1895128 0.0132129789933 -0.989311202596 -0.0465914046555 0.917709046236 -0.0564186618726 -1.27317549847 -0.489463656356 -0.830652894305 -0.210540158728 
1895177 0.00381155016895 -0.989311202596 -0.0369269366082 -0.792290953764 -1.88641866187 0.976824501528 -0.476591142886 -0.813538783935 -0.217175324056 
1895227 0.00381155016895 -0.999089831211 -0.0465914046555 0.977709046236 -1.52641866187 -0.363175498472 -0.499637068844 -0.820085647308 -0.180990541889 
1895268 0.00381155016895 -0.999089831211 -0.0465914046555 0.857709046236 -1.09641866187 0.436824501528 -0.460807062884 -0.838813585289 -0.167030435115 
1895318 0.00381155016895 -0.989311202596 -0.0465914046555 0.127709046236 -3.47641866187 -0.303175498472 -0.50710368865 -0.801996267182 -0.178207333801 
1895367 0.0132129789933 -0.989311202596 -0.0369269366082 1.03770904624 -1.03641866187 0.0668245015284 -0.491621212716 -0.816126186835 -0.167850378614 
1895408 0.00381155016895 -0.999089831211 -0.0465914046555 4.33770904624 2.99358133813 -0.423175498472 -0.506760026685 -0.836778607117 -0.189199474364 
1895458 0.0132129789933 -0.989311202596 -0.0562558727027 0.127709046236 -3.47641866187 -0.783175498472 -0.510008986811 -0.808808220589 -0.194526500973 
1895507 0.00381155016895 -0.989311202596 -0.0465914046555 0.187709046236 -1.82641866187 0.796824501528 -0.501622794222 -0.822950109805 -0.143796832057 
1895548 0.0132129789933 -0.999089831211 -0.0369269366082 0.857709046236 0.733581338127 -1.52317549847 -0.511822881207 -0.829063853053 -0.162828861422 
1895597 0.0132129789933 -0.999089831211 -0.0562558727027 0.00770904623557 -1.45641866187 -0.0531754984716 -0.496861543769 -0.819519982167 -0.209955378752 
1895648 0.0132129789933 -0.989311202596 -0.027262468561 0.737709046236 -0.116418661873 -1.03317549847 -0.49365464154 -0.823852910462 -0.153848277827 
1895698 0.00381155016895 -0.989311202596 -0.0369269366082 -1.15229095376 -2.12641866187 0.556824501528 -0.544250996628 -0.798300625893 -0.179007336804 
1895747 0.00381155016895 -0.999089831211 -0.0562558727027 0.127709046236 -3.10641866187 -0.113175498472 -0.496766136879 -0.809795459908 -0.163572160661 
1895788 0.0132129789933 -0.989311202596 -0.0465914046555 1.70770904624 2.99358133813 -1.27317549847 -0.504829696451 -0.81861718151 -0.199903932982 
1895837 0.00381155016895 -0.999089831211 -0.0465914046555 1.28770904624 -2.43641866187 -0.973175498472 -0.495419409163 -0.810204640905 -0.189100776587 
1895878 0.00381155016895 -0.999089831211 -0.0369269366082 0.677709046236 -1.88641866187 0.186824501528 -0.472071879136 -0.814802659234 -0.185497625001 
1895927 0.00381155016895 -0.999089831211 -0.0562558727027 -3.59229095376 -1.15641866187 -0.423175498472 -0.504898428844 -0.811660713523 -0.19770550487 
1895968 0.0226144078176 -1.00886845983 -0.0369269366082 1.46770904624 -3.10641866187 -1.33317549847 -0.497947301985 -0.777576583747 -0.184000502114 
1896017 0.0132129789933 -0.999089831211 -0.0465914046555 -0.602290953764 0.673581338127 2.62682450153 -0.443310763747 -0.804356411308 -0.235427290914 
1896058 0.0132129789933 -1.00886845983 -0.0562558727027 1.77770904624 1.52358133813 -2.80317549847 -0.497363076645 -0.836706561635 -0.20268714107 
1896107 0.0132129789933 -0.989311202596 -0.0369269366082 0.677709046236 -2.61641866187 0.00682450152836 -0.481118098335 -0.792115684397 -0.199172162852 
1896149 0.00381155016895 -0.989311202596 -0.0562558727027 1.40770904624 0.493581338127 -1.52317549847 -0.499808899826 -0.80269447734 -0.175494471608 
1896198 0.00381155016895 -0.989311202596 -0.0369269366082 2.56770904624 0.973581338127 0.186824501528 -0.474427940976 -0.799565772043 -0.185893420809 
1896248 0.0226144078176 -0.979532573981 -0.027262468561 -0.482290953764 -1.94641866187 -0.843175498472 -0.509445790419 -0.856119469361 -0.187823102772 
1896298 0.0132129789933 -0.999089831211 -0.0369269366082 -2.07229095376 -0.666418661873 -0.113175498472 -0.519461331995 -0.793583302961 -0.154549583052 
1896339 0.0132129789933 -0.999089831211 -0.0465914046555 -1.03229095376 -1.33641866187 0.976824501528 -0.530231684249 -0.809927157691 -0.164114946623 
1896388 0.0132129789933 -0.999089831211 -0.0465914046555 -0.972290953764 -0.546418661873 -3.28317549847 -0.482176559231 -0.811191880224 -0.158146436275 
1896438 0.00381155016895 -0.989311202596 -0.06592034075 0.917709046236 -0.976418661873 1.65682450153 -0.476344933962 -0.809386702527 -0.150898139089 
1896488 0.0132129789933 -0.989311202596 -0.0465914046555 0.247709046236 0.183581338127 -1.03317549847 -0.46348575774 -0.80061308728 -0.181824127519 
1896529 0.0132129789933 -0.999089831211 -0.0465914046555 1.77770904624 2.19358133813 -2.61317549847 -0.507536489133 -0.826139314638 -0.173137524232 
1896578 0.0226144078176 -0.989311202596 -0.027262468561 5.55770904624 0.183581338127 -1.39317549847 -0.486661456784 -0.813406238918 -0.190923349387 
1896629 0.0226144078176 -0.989311202596 -0.0465914046555 -0.422290953764 -0.546418661873 -2.43317549847 -0.486441922357 -0.825935147756 -0.173227810623 
1896678 0.0226144078176 -0.989311202596 -0.0369269366082 1.16770904624 -1.70641866187 -1.76317549847 -0.509528482882 -0.779802912004 -0.176404701497 
1896719 0.0132129789933 -0.989311202596 -0.0369269366082 -0.912290953764 -2.67641866187 2.86682450153 -0.465244256992 -0.836165682854 -0.176615739182 
1896768 0.0132129789933 -0.999089831211 -0.027262468561 -0.0522909537644 -2.67641866187 -0.173175498472 -0.543749463752 -0.781114046425 -0.186275574485 
1896819 0.0226144078176 -0.999089831211 -0.0562558727027 0.857709046236 1.58358133813 -0.233175498472 -0.495419409163 -0.810204640905 -0.189100776587 
1896869 0.0132129789933 -0.989311202596 -0.0465914046555 -2.07229095376 -1.03641866187 -1.27317549847 -0.476941873728 -0.836297804254 -0.190013119498 
1896918 0.0132129789933 -0.999089831211 -0.0369269366082 1.09770904624 -0.306418661873 0.186824501528 -0.476591142886 -0.813538783935 -0.217175324056 
1896969 0.0132129789933 -0.999089831211 -0.0369269366082 -0.482290953764 0.913581338127 -0.483175498472 -0.458443932167 -0.796509112227 -0.182804703303 
1897018 0.0226144078176 -0.989311202596 -0.0465914046555 2.50770904624 0.243581338127 -1.27317549847 -0.481056434819 -0.856613512637 -0.185200526969 
1897067 0.0226144078176 -0.999089831211 -0.0465914046555 0.307709046236 -0.486418661873 -1.70317549847 -0.460799994006 -0.781272225036 -0.183200499111 
1897108 0.032015836642 -0.999089831211 -0.0369269366082 -1.15229095376 0.793581338127 -0.663175498472 -0.513986083117 -0.843036864945 -0.194110764669 
1897149 0.0226144078176 -0.999089831211 -0.0369269366082 -0.602290953764 -0.366418661873 -0.173175498472 -0.505180427293 -0.841376201829 -0.172741728424 
1897198 0.0226144078176 -0.989311202596 -0.0369269366082 -2.80229095376 -2.19641866187 -1.03317549847 -0.470389181155 -0.829834955927 -0.172337521229 
1897239 0.0226144078176 -0.989311202596 -0.0465914046555 0.307709046236 -1.15641866187 1.34682450153 -0.463142095776 -0.835395427214 -0.192816268082 
1897289 0.0226144078176 -0.999089831211 -0.0465914046555 0.977709046236 1.83358133813 -0.483175498472 -0.489320546021 -0.816066110916 -0.140965331591 
1897339 0.032015836642 -0.999089831211 -0.0465914046555 1.09770904624 -2.25641866187 -1.52317549847 -0.469193255473 -0.824671696073 -0.217760104032 
1897389 0.0226144078176 -0.999089831211 -0.0465914046555 -0.182290953764 0.123581338127 0.186824501528 -0.501993130683 -0.804848760116 -0.181386337698 
1897439 0.0226144078176 -0.989311202596 -0.0369269366082 -0.662290953764 -2.49641866187 3.11682450153 -0.440035129124 -0.815645807589 -0.181518618101 
1897489 0.0226144078176 -0.989311202596 -0.0465914046555 2.50770904624 0.673581338127 -0.723175498472 -0.505283525883 -0.830941499849 -0.169444086255 
1897539 0.0226144078176 -0.989311202596 -0.0465914046555 -0.542290953764 -0.0564186618726 -0.233175498472 -0.473974111545 -0.787241453704 -0.216353267536 
1897589 0.032015836642 -0.989311202596 -0.027262468561 -2.86229095376 -1.82641866187 -0.173175498472 -0.492321251072 -0.832602586582 -0.203667716854 
1897640 0.0226144078176 -0.989311202596 -0.0562558727027 -0.112290953764 -0.976418661873 -0.423175498472 -0.4739264081 -0.782379192574 -0.19316165849 
1897689 0.0226144078176 -0.989311202596 -0.0369269366082 1.09770904624 -0.846418661873 0.736824501528 -0.492321251072 -0.832602586582 -0.203667716854 
1897739 0.0132129789933 -0.989311202596 -0.0369269366082 0.677709046236 -0.236418661873 -0.113175498472 -0.476199777477 -0.84345886274 -0.204975855573 
1897790 0.0226144078176 -0.999089831211 -0.0369269366082 -0.242290953764 -1.21641866187 -0.0531754984716 -0.472071879136 -0.814802659234 -0.185497625001 
1897840 0.0132129789933 -0.989311202596 -0.0465914046555 -1.76229095376 -2.37641866187 0.976824501528 -0.432568509318 -0.833735187715 -0.18430182619 
1897889 0.0226144078176 -0.989311202596 -0.0562558727027 -1.40229095376 0.613581338127 -0.843175498472 -0.49760364002 -0.812358923681 -0.194992642676 
1897930 0.0226144078176 -0.999089831211 -0.0465914046555 -0.362290953764 -2.12641866187 -0.173175498472 -0.514226646492 -0.818689226991 -0.186416266276 
1897979 0.0132129789933 -0.999089831211 -0.0562558727027 -4.08229095376 0.0035813381274 2.44682450153 -0.477044972317 -0.825863102274 -0.186715477329 
1898028 0.0226144078176 -0.989311202596 -0.0562558727027 0.917709046236 -3.59641866187 -1.09317549847 -0.464495091863 -0.785785381086 -0.207748539253 
1898079 0.0226144078176 -0.999089831211 -0.06592034075 -2.31229095376 0.0035813381274 1.52682450153 -0.445412924963 -0.805126666947 -0.219226762015 
1898120 0.0226144078176 -0.999089831211 -0.0465914046555 2.38770904624 -0.366418661873 -1.52317549847 -0.450805481378 -0.831989662319 -0.191083981672 
1898169 0.0132129789933 -0.999089831211 -0.0562558727027 -1.70229095376 -2.80641866187 1.10682450153 -0.509789452383 -0.821337129427 -0.176830962209 
1898220 0.0226144078176 -0.999089831211 -0.06592034075 0.367709046236 -0.306418661873 -0.363175498472 -0.468204950297 -0.827680673151 -0.16644565514 
1898269 0.00381155016895 -0.989311202596 -0.06592034075 -0.302290953764 -1.09641866187 0.976824501528 -0.489051261999 -0.872391702226 -0.223730727403 
1898310 0.0226144078176 -0.989311202596 -0.06592034075 1.52770904624 0.433581338127 -0.783175498472 -0.483803862068 -0.811456546641 -0.19779579126 
1898359 0.032015836642 -0.989311202596 -0.0562558727027 -0.422290953764 -2.06641866187 -0.973175498472 -0.450956283413 -0.826417221469 -0.210977948549 
1898409 0.0226144078176 -0.989311202596 -0.0562558727027 0.677709046236 -0.606418661873 0.556824501528 -0.483632031086 -0.828847716608 -0.203291861541 
1898450 0.0226144078176 -0.979532573981 -0.0465914046555 -0.242290953764 -4.93641866187 0.616824501528 -0.486833287766 -0.796015068951 -0.185427279105 
1898500 0.0132129789933 -0.989311202596 -0.0562558727027 -1.15229095376 0.553581338127 -0.913175498472 -0.49281571507 -0.792247805797 -0.212569543168 
1898549 0.0226144078176 -0.989311202596 -0.06592034075 1.58770904624 0.243581338127 -1.03317549847 -0.432891142335 -0.810771576897 -0.198699722785 
1898590 0.0226144078176 -0.989311202596 -0.0369269366082 3.05770904624 -1.52641866187 -1.33317549847 -0.473246775871 -0.831784648204 -0.165465079356 
1898640 0.032015836642 -0.989311202596 -0.0465914046555 -0.482290953764 0.553581338127 -1.39317549847 -0.489717556979 -0.814645751474 -0.227136483435 
1898690 0.0226144078176 -0.999089831211 -0.0562558727027 -2.37229095376 -3.41641866187 -1.70317549847 -0.465759127117 -0.861692757445 -0.193638324602 
1898740 0.0132129789933 -0.989311202596 -0.06592034075 -2.74229095376 -2.49641866187 1.40682450153 -0.471480584919 -0.816391276869 -0.220354327953 
1898790 0.0132129789933 -0.989311202596 -0.0465914046555 0.557709046236 1.40358133813 2.38682450153 -0.48961445839 -0.825080453454 -0.230434125604 
1898840 0.0226144078176 -0.989311202596 -0.0465914046555 -5.85229095376 -2.37641866187 2.01682450153 -0.49281571507 -0.792247805797 -0.212569543168 
1898890 -0.0243927363041 -0.940418059522 -0.104578212939 -1.46229095376 1.16358133813 0.186824501528 -0.522221473671 -0.83446741658 -0.224946466709 
1898940 0.0508186942907 -0.999089831211 -0.0369269366082 3.59770904624 -0.976418661873 -0.603175498472 -0.453071781877 -0.835527972231 -0.219068242751 
1898990 0.00381155016895 -0.989311202596 -0.0465914046555 2.74770904624 0.613581338127 -2.37317549847 -0.471329782885 -0.82196371772 -0.200460361076 
1899039 0.0132129789933 -0.989311202596 -0.0755848087973 -1.58229095376 -1.21641866187 -0.423175498472 -0.476268509869 -0.836502394753 -0.202777427461 
1899089 0.00381155016895 -0.969753945366 -0.0465914046555 5.67770904624 0.0635813381274 0.246824501528 -0.467180855597 -0.80512624333 -0.206372167661 
1899130 0.0414172654663 -1.00886845983 -0.0465914046555 -7.19229095376 -2.12641866187 -1.64317549847 -0.458031537809 -0.838247920148 -0.195995271978 
1899181 0.00381155016895 -1.00886845983 -0.0852492768445 -2.80229095376 -0.0564186618726 -0.113175498472 -0.492493082054 -0.815211416615 -0.198171646573 
1899230 0.0132129789933 -1.03820434567 -0.0755848087973 1.52770904624 -1.58641866187 0.556824501528 -0.486420893409 -0.837753876872 -0.198617847781 
1899280 0.032015836642 -0.989311202596 -0.0562558727027 5.97770904624 3.17358133813 -6.03317549847 -0.499719138485 -0.821469674444 -0.203082936878 
1899331 0.0414172654663 -0.989311202596 -0.0465914046555 4.45770904624 0.553581338127 -2.43317549847 -0.432822409942 -0.817728044884 -0.200898150898 
1899380 0.032015836642 -0.989311202596 -0.0562558727027 -4.93229095376 -4.26641866187 4.15682450153 -0.499444208914 -0.849295546391 -0.211876649329 
1899431 0.032015836642 -1.00886845983 -0.0562558727027 -0.112290953764 -0.176418661873 2.38682450153 -0.476199777477 -0.84345886274 -0.204975855573 
1899481 0.0226144078176 -0.989311202596 -0.06592034075 -0.112290953764 -0.486418661873 0.186824501528 -0.518244377365 -0.800238772224 -0.225362203013 
1899530 0.0226144078176 -1.01864708844 -0.0562558727027 3.96770904624 3.84358133813 -1.52317549847 -0.459143970522 -0.812985511974 -0.218622041543 
1899581 0.0226144078176 -0.999089831211 -0.0562558727027 12.2577090462 6.89358133813 -8.95317549847 -0.476612171834 -0.801720054819 -0.191785286898 
1899630 0.032015836642 -0.989311202596 -0.0465914046555 17.2577090462 2.44358133813 -3.95317549847 -0.460525064435 -0.809098096983 -0.191994211561 
1899681 0.0414172654663 -0.989311202596 -0.00793353246644 1.95770904624 0.973581338127 -1.45317549847 -0.49760364002 -0.812358923681 -0.194992642676 
1899730 0.0414172654663 -0.989311202596 -0.027262468561 -17.1922909538 -4.50641866187 0.0668245015284 -0.483343764266 -0.848333093433 -0.18779475089 
1899781 0.032015836642 -0.989311202596 -0.0755848087973 -21.8222909538 -9.14641866187 12.1968245015 -0.451128114395 -0.809026051501 -0.205481878268 
1899831 0.0414172654663 -0.999089831211 -0.0755848087973 -1.40229095376 -2.80641866187 4.82682450153 -0.487533326122 -0.812491468698 -0.221244617346 
1899881 0.0226144078176 -0.999089831211 -0.0755848087973 8.35770904624 4.33358133813 -2.73317549847 -0.492424349661 -0.822167884602 -0.200370074685 
1899931 0.0226144078176 -0.989311202596 -0.0465914046555 14.4577090462 3.11358133813 -2.61317549847 -0.464495091863 -0.785785381086 -0.207748539253 
1899981 0.032015836642 -0.989311202596 -0.027262468561 -2.13229095376 -1.76641866187 -3.53317549847 -0.476488044297 -0.823973485915 -0.220472966225 
1900029 0.0226144078176 -0.989311202596 -0.0562558727027 -10.7222909538 -3.16641866187 -4.75317549847 -0.499616039896 -0.831904376424 -0.206380579047 
1900070 0.0414172654663 -0.989311202596 -0.06592034075 0.307709046236 -2.06641866187 -0.173175498472 -0.471157951903 -0.839354887687 -0.205956431357 
1900121 0.032015836642 -0.999089831211 -0.0562558727027 2.68770904624 0.0635813381274 3.29682450153 -0.480636971585 -0.840810960305 -0.21456115964 
1900171 0.032015836642 -0.989311202596 -0.0369269366082 5.79770904624 1.22358133813 -1.52317549847 -0.463313926758 -0.818004257247 -0.1873201978 
1900222 0.0414172654663 -0.999089831211 -0.0562558727027 2.62770904624 -0.0564186618726 0.496824501528 -0.474166348653 -0.835732139113 -0.218977956361 
1900271 0.0226144078176 -0.979532573981 -0.0562558727027 1.03770904624 -1.09641866187 -0.113175498472 -0.499396505469 -0.844433285262 -0.188685040283 
1900312 0.0226144078176 -0.979532573981 -0.0465914046555 0.977709046236 0.183581338127 -1.27317549847 -0.4930704162 -0.88298288835 -0.172534916783 
1900361 0.0414172654663 -0.999089831211 -0.0562558727027 -0.852290953764 -0.786418661873 -3.47317549847 -0.438804837246 -0.81396078173 -0.22804041496 
1900411 0.0414172654663 -0.989311202596 -0.0369269366082 1.95770904624 -1.15641866187 -0.783175498472 -0.468801890063 -0.854591774878 -0.205560635549 
1900461 0.0414172654663 -0.999089831211 -0.0465914046555 1.22770904624 -0.486418661873 -0.303175498472 -0.486249062427 -0.855145046839 -0.204113918062 
1900512 0.0414172654663 -0.989311202596 -0.0175980005137 -0.242290953764 0.0035813381274 -1.33317549847 -0.471721148295 -0.792043638915 -0.212659829559 
1900561 0.032015836642 -0.999089831211 -0.0465914046555 -3.10229095376 -3.16641866187 1.77682450153 -0.46912452308 -0.83162816406 -0.219958532144 
1900602 0.032015836642 -0.979532573981 -0.0562558727027 -7.49229095376 -2.49641866187 0.616824501528 -0.482319669566 -0.825778663612 -0.227721263411 
1900652 0.0414172654663 -0.999089831211 -0.06592034075 -0.792290953764 -2.49641866187 0.0668245015284 -0.442823991447 -0.824551967853 -0.176844604341 
1900701 0.032015836642 -0.999089831211 -0.0465914046555 3.11770904624 -0.236418661873 -2.31317549847 -0.487189664157 -0.847273808632 -0.232236757908 
1900742 0.0414172654663 -0.999089831211 -0.0562558727027 5.24770904624 1.40358133813 -5.17317549847 -0.467283954186 -0.79469154135 -0.203074525492 
1900791 0.0508186942907 -0.989311202596 -0.0369269366082 -0.182290953764 1.58358133813 -3.41317549847 -0.453161543218 -0.816752775128 -0.191479777481 
1900842 0.0414172654663 -0.989311202596 -0.0562558727027 -1.03229095376 -2.00641866187 1.58682450153 -0.506842096327 -0.838162634253 -0.211291869353 
1900892 0.0414172654663 -0.989311202596 -0.0465914046555 -1.76229095376 -2.55641866187 0.976824501528 -0.468451159221 -0.831832754559 -0.232722840107 
1900941 0.032015836642 -0.999089831211 -0.06592034075 -1.09229095376 -0.236418661873 1.95682450153 -0.496586614198 -0.847345854114 -0.218749091202 
1900982 0.032015836642 -0.989311202596 -0.0465914046555 5.61770904624 1.71358133813 -1.64317549847 -0.461156370397 -0.832530964717 -0.230009977914 
1901030 0.0508186942907 -0.999089831211 -0.027262468561 8.23770904624 1.52358133813 -3.83317549847 -0.481310335443 -0.840606369806 -0.201796851677 
1901071 0.060220123115 -1.00886845983 -0.0465914046555 1.09770904624 2.07358133813 -1.94317549847 -0.496909247214 -0.824382243296 -0.233146987797 
1901122 0.144832982534 -1.08709748875 0.0210598716753 6.22770904624 3.60358133813 1.95682450153 -0.462970264794 -0.852786597182 -0.198312338363 
1901171 -0.137209882196 -0.695952344149 -0.0562558727027 -5.18229095376 -2.12641866187 7.19682450153 -0.445145687091 -0.812793314656 -0.178339614205 
1901222 -0.0149913074797 -0.930639430907 -0.123907149034 7.44770904624 2.07358133813 -2.37317549847 -0.459143970522 -0.812985511974 -0.218622041543 
1901272 0.154234411358 -0.959975316751 0.0307243397226 10.1277090462 8.90358133813 -9.99317549847 -0.502301803629 -0.851245238668 -0.205004207455 
1901321 0.0508186942907 -0.989311202596 -0.027262468561 -4.57229095376 -2.43641866187 -8.77317549847 -0.491380649341 -0.840473824789 -0.175544877007 
1901372 0.0696215519394 -0.950196688137 -0.06592034075 -19.2022909538 -6.70641866187 1.71682450153 -0.455847306952 -0.836093637372 -0.190103405889 
1901422 0.0508186942907 -0.999089831211 -0.0369269366082 -10.8522909538 -4.44641866187 1.22682450153 -0.45182815275 -0.825502451249 -0.241299216508 
1901472 0.0508186942907 -0.979532573981 -0.06592034075 11.4677090462 2.07358133813 1.95682450153 -0.440803899873 -0.82516573935 -0.215137528229 
1901522 0.0414172654663 -0.999089831211 -0.0369269366082 11.7777090462 2.74358133813 1.40682450153 -0.463231857117 -0.816620230111 -0.165227802811 
1901572 0.0414172654663 -0.999089831211 -0.0175980005137 4.27770904624 0.493581338127 -1.64317549847 -0.473582746136 -0.817161532509 -0.204153799053 
1901622 0.060220123115 -0.999089831211 -0.027262468561 0.797709046236 -2.80641866187 1.58682450153 -0.45049618561 -0.86329376826 -0.200976908179 
1901672 0.032015836642 -0.999089831211 -0.027262468561 -3.83229095376 -4.75641866187 8.90682450153 -0.440206960107 -0.798254637622 -0.17602254782 
1901722 0.0414172654663 -0.989311202596 -0.0369269366082 -4.08229095376 0.373581338127 0.976824501528 -0.497102107144 -0.795172344213 -0.202260880358 
1901772 0.0414172654663 -0.999089831211 -0.0369269366082 -3.47229095376 -0.546418661873 0.856824501528 -0.497191245663 -0.854097731602 -0.208183211352 
1901822 0.0414172654663 -0.999089831211 -0.0562558727027 1.89770904624 -0.726418661873 2.07682450153 -0.47137748633 -0.826825978849 -0.223651970121 
1901863 0.0414172654663 -0.999089831211 -0.0369269366082 4.75770904624 0.243581338127 -1.70317549847 -0.476337242262 -0.829545926766 -0.200578999348 
1901912 0.032015836642 -0.999089831211 -0.0465914046555 4.39770904624 -0.486418661873 -3.83317549847 -0.479612876885 -0.818256530484 -0.254487672161 
1901962 0.0508186942907 -0.999089831211 -0.0369269366082 -1.03229095376 1.22358133813 -1.94317549847 -0.476178748529 -0.855277591856 -0.230365892731 
1902011 0.0414172654663 -0.989311202596 -0.0369269366082 4.20770904624 -0.0564186618726 -2.86317549847 -0.461053271808 -0.842965666697 -0.233307620083 
1902052 0.0508186942907 -0.999089831211 -0.0369269366082 3.96770904624 0.183581338127 -1.76317549847 -0.450818818627 -0.840330157442 -0.215374804774 
1902101 0.0414172654663 -0.989311202596 -0.027262468561 -2.01229095376 -0.916418661873 1.58682450153 -0.530210655301 -0.821745886807 -0.189504983781 
1902142 0.0508186942907 -0.999089831211 -0.0465914046555 -3.47229095376 -3.34641866187 2.74682450153 -0.456169939968 -0.813130026554 -0.204501302484 
1902192 0.0508186942907 -0.999089831211 -0.0465914046555 -1.09229095376 0.0035813381274 -0.0531754984716 -0.43265057896 -0.835119214851 -0.206394221179 
1902233 0.0508186942907 -0.999089831211 -0.0369269366082 4.08770904624 -0.116418661873 -2.37317549847 -0.468973721045 -0.837200604911 -0.200064565268 
1902283 0.0414172654663 -0.999089831211 -0.0369269366082 4.08770904624 2.07358133813 -1.03317549847 -0.482250937173 -0.832735131599 -0.229919691524 
1902332 0.0414172654663 -0.989311202596 -0.0369269366082 -0.792290953764 -0.846418661873 -0.783175498472 -0.453525611308 -0.84785229057 -0.188608396024 
1902373 0.0508186942907 -0.999089831211 -0.0175980005137 -0.302290953764 -1.82641866187 0.306824501528 -0.486338823768 -0.836369849736 -0.176525452791 
1902422 0.0414172654663 -0.999089831211 -0.027262468561 0.367709046236 -0.726418661873 0.436824501528 -0.465930958099 -0.844301587478 -0.188142254321 
1902463 0.0414172654663 -0.999089831211 -0.0369269366082 0.557709046236 -1.70641866187 -0.0531754984716 -0.460820400132 -0.847154080412 -0.191321258217 
1902512 0.0414172654663 -0.999089831211 -0.0369269366082 -1.82229095376 -1.76641866187 1.28682450153 -0.470883022332 -0.867180759634 -0.214750143807 
1902563 0.0414172654663 -0.989311202596 -0.0369269366082 3.66770904624 -0.786418661873 -3.16317549847 -0.455345774076 -0.818907057904 -0.19737164357 
1902613 0.0508186942907 -0.989311202596 -0.0175980005137 4.08770904624 -0.666418661873 -5.17317549847 -0.44241159709 -0.866290775775 -0.190035173016 
1902663 0.0508186942907 -0.999089831211 -0.0175980005137 7.68770904624 4.45358133813 -4.14317549847 -0.455105210701 -0.843254695858 -0.205066141964 
1902713 0.060220123115 -0.989311202596 -0.0175980005137 1.40770904624 -0.176418661873 1.46682450153 -0.476488044297 -0.823973485915 -0.220472966225 
1902763 0.060220123115 -0.999089831211 -0.027262468561 -1.40229095376 -2.31641866187 1.10682450153 -0.453161543218 -0.816752775128 -0.191479777481 
1902813 0.0508186942907 -0.999089831211 -0.0175980005137 -7.37229095376 -4.50641866187 4.57682450153 -0.495281944377 -0.824117576879 -0.193497632812 
1902863 0.0414172654663 -0.999089831211 -0.0369269366082 -2.43229095376 1.10358133813 -0.363175498472 -0.48077443637 -0.826898024331 -0.210164303415 
1902912 0.0508186942907 -0.999089831211 -0.027262468561 3.47770904624 -2.12641866187 -1.27317549847 -0.474166348653 -0.835732139113 -0.218977956361 
1902953 0.0414172654663 -0.989311202596 -0.027262468561 4.94770904624 0.853581338127 -0.0531754984716 -0.452920979843 -0.841100413082 -0.199174275874 
1902994 0.0508186942907 -0.999089831211 -0.027262468561 1.16770904624 -0.726418661873 -2.80317549847 -0.427293812069 -0.833819626377 -0.143296040108 
1903042 0.0508186942907 -0.989311202596 -0.0369269366082 -0.972290953764 -1.76641866187 1.34682450153 -0.447934549414 -0.821699474919 -0.173665600444 
1903083 0.0508186942907 -0.999089831211 -0.027262468561 1.83770904624 -2.92641866187 5.67682450153 -0.476461369799 -0.80729249567 -0.171891320022 
1903124 0.0414172654663 -0.989311202596 -0.0175980005137 0.857709046236 0.373581338127 2.19682450153 -0.476289538817 -0.824683665637 -0.177387390303 
1903174 0.0414172654663 -0.989311202596 -0.027262468561 -1.70229095376 -0.916418661873 -0.363175498472 -0.479126104585 -0.83845208703 -0.195904985587 
1903223 0.0414172654663 -0.989311202596 -0.0465914046555 -3.77229095376 -1.39641866187 0.916824501528 -0.486270091375 -0.843326317723 -0.178723880904 
1903274 0.0414172654663 -0.999089831211 -0.0465914046555 -0.602290953764 0.913581338127 -2.31317549847 -0.47852147312 -0.831700209542 -0.206470865438 
1903323 0.0414172654663 -0.999089831211 -0.0369269366082 -2.13229095376 0.553581338127 1.16682450153 -0.480705703977 -0.833854492318 -0.212362731527 
1903373 0.0414172654663 -0.989311202596 -0.0369269366082 1.58770904624 -0.726418661873 -1.45317549847 -0.466287957312 -0.817859742667 -0.20144093686 
1903424 0.0508186942907 -0.989311202596 -0.0369269366082 3.78770904624 1.52358133813 -7.06317549847 -0.496861543769 -0.819519982167 -0.209955378752 
1903473 0.060220123115 -0.999089831211 -0.0369269366082 4.94770904624 1.77358133813 -3.71317549847 -0.444273194931 -0.891408669368 -0.18152914251 
1903524 0.0696215519394 -0.999089831211 -0.00793353246644 3.23770904624 3.05358133813 -6.27317549847 -0.45097731236 -0.814598492352 -0.185587911391 
1903574 0.0790229807637 -1.00886845983 -0.0369269366082 -3.65229095376 -4.02641866187 4.57682450153 -0.409303048933 -0.83971723318 -0.202791069592 
1903623 0.032015836642 -0.950196688137 -0.0465914046555 2.01770904624 -1.45641866187 0.916824501528 -0.432719311353 -0.828162746864 -0.204195793066 
1903674 0.0508186942907 -0.999089831211 -0.027262468561 3.05770904624 4.63358133813 -2.67317549847 -0.461829734256 -0.832326374218 -0.217245669951 
1903723 0.0696215519394 -0.999089831211 -0.0465914046555 2.19770904624 -0.976418661873 2.44682450153 -0.497294344252 -0.843663029622 -0.204885569183 
1903764 0.0508186942907 -0.999089831211 -0.00793353246644 -2.31229095376 -0.786418661873 0.916824501528 -0.471329782885 -0.82196371772 -0.200460361076 
