2029452 0.52 -0.88 0.13 9.94 40.12 10.06 69.77 -18.9 -16.8 
2029493 0.55 -1.05 0.52 -31.89 54.63 -2.32 68.12 -16.8 -16.65 
2029542 0.54 -0.76 0.61 -24.02 1.95 -53.41 68.57 -17.4 -16.05 
2029592 0.72 -1.11 0.38 5.55 -33.54 -12.13 67.37 -18.6 -18 
2029642 0.37 -0.76 0.06 -58.84 -3.48 -187.68 66.47 -22.81 -17.1 
2029683 0.52 -0.06 0.33 -88.66 -6.77 -183.48 63.47 -24.01 -19.65 
2029732 0.66 -0.18 -0.16 -79.27 -97.5 -127.62 60.92 -26.56 -21.76 
2029783 0.97 -0.27 -0.33 -197.87 -143.72 -128.84 58.06 -31.21 -28.81 
2029833 0.7 0.85 -1.18 -102.62 -178.78 -119.21 54.91 -33.91 -33.46 
2029882 0.74 -1.37 0.07 149.02 135.67 212.87 59.11 -33.46 -31.96 
2029933 1.2 -0.17 2.76 114.15 -335.61 36.52 60.02 -33.91 -32.71 
2029974 -7.14 -0.1 -6.72 733.84 1997.99 677.07 69.32 -16.95 -61.37 
2030023 -3.68 0.06 -0.34 310.49 -346.22 834.82 78.47 12.15 -56.11 
2030073 -3.7 -0.5 -0.2 474.15 108.41 757.07 66.77 34.81 -44.56 
2030122 -3.71 -0.1 -0.07 731.34 322.2 50.61 58.36 40.51 -42.46 
2030173 -3.07 0.22 0.21 633.9 281.4 -414.09 69.62 34.96 -42.91 
2030223 -2.5 0.77 -0.56 411.83 250.67 -640.67 78.47 17.55 -31.21 
2030273 -2.53 0.91 0.02 -121.71 685.79 -406.28 80.27 5.25 -32.26 
2030323 -4.31 0.79 0.17 -775 1091.95 36.46 81.47 3.75 -47.41 
2030373 -2.75 -1.15 -0.43 211.71 900.67 619.51 79.97 5.25 -53.41 
2030423 -3.6 -0.41 0.06 897.5 878.05 192.07 83.27 7.35 -35.41 
2030473 -7.75 2.4 -0.91 745.49 770.43 -873.54 70.97 6.45 -9.9 
2030523 -8.47 1.34 0.15 528.78 1053.11 -126.65 69.92 22.51 -19.05 
2030573 -7.66 1.09 0.42 627.32 833.96 -454.09 70.52 27.16 -25.21 
2030623 -6.57 1.53 0.38 367.2 722.13 -867.01 74.42 18 -22.81 
2030673 -5.87 1.25 0.3 155.85 672.62 -692.56 76.82 9.75 -22.96 
2030723 -4.6 0.97 1.02 388.9 807.8 -693.41 75.32 -1.95 -15.6 
2030773 -6.5 1.09 0.14 780.55 -166.16 -1177.93 45.16 -8.4 -1.5 
2030823 -10.59 1.73 0.24 -56.28 220.55 -1397.26 24.76 1.8 -5.4 
2030873 -9.32 2.09 0.14 359.94 -182.2 -1280.43 27.76 21.61 -9.45 
2030924 -7.78 1.61 -0.32 348.72 -538.05 -1088.17 34.21 21.46 -6.75 
2030974 -8.22 1.46 -0.59 114.57 -609.7 -929.15 42.46 10.35 -1.65 
2031024 -5.06 1.72 -0.69 531.34 -531.52 -877.93 33.16 -5.55 -2.55 
2031073 -3.81 1.62 0.45 1361.71 -1092.26 409.76 11.7 -13.8 -38.56 
2031114 -12.61 -0.55 3.07 1911.95 -677.62 1669.57 62.12 -8.7 -73.07 
2031164 -12.63 2.33 1.08 871.83 1142.13 787.68 76.37 28.21 -37.81 
2031214 -10.1 1.97 0.29 989.76 1087.8 -40.37 71.57 32.86 -40.66 
2031264 -9.94 2.03 -0.06 597.62 898.54 -807.68 78.92 19.8 -40.06 
2031313 -8.37 1.71 0.37 420.43 845.79 -802.62 81.47 -8.25 -27.61 
2031364 -7.51 0.85 0.32 1114.02 -181.16 -1032.87 46.06 -16.95 -4.5 
2031414 -15.46 2.77 -0.17 446.59 -621.89 -1550.79 6.9 1.05 -28.21 
2031464 -13 2.04 -0.98 640.55 -1403.05 -682.38 11.7 25.21 -29.86 
2031513 -10.39 0.99 -0.47 1359.33 -1285.85 714.15 9.75 16.65 -40.81 
2031564 -8.02 1.78 0.22 1997.99 329.02 941.77 46.06 -2.85 -75.92 
2031614 -5.71 0.38 0.42 1065.12 888.6 328.11 80.42 -15.45 -46.51 
2031664 -10.27 1.83 -0.28 899.02 960.98 -768.11 61.52 -8.1 -6 
2031713 -10.95 1.68 0.56 562.99 1123.29 -703.48 50.56 21.76 -6.45 
2031754 -9.24 1.89 0.46 622.32 734.15 -902.26 57.46 33.16 -15.15 
2031804 -7.96 1.72 -0.2 447.5 159.33 -1106.71 62.87 24.91 -13.65 
2031853 -6.43 1.54 0.01 280.61 78.41 -1064.27 70.82 6.6 -11.85 
2031904 -4.21 1.73 0.49 588.17 79.63 -1027.26 56.41 -12.45 -3.6 
2031955 -4.58 1.16 0.07 852.38 -849.76 -617.87 17.85 -16.5 -17.25 
2032003 -8.3 1.1 -1.1 591.77 -1281.59 -232.13 12.15 -6.45 -57.16 
2032044 -7.34 0.42 -0.93 1997.93 -1126.28 760 40.21 15.75 -76.22 
2032095 -6.3 1.3 0.21 1172.07 844.57 294.76 71.57 31.06 -42.16 
2032144 -5.85 1.12 0.24 594.76 898.23 -168.84 71.42 30.91 -44.41 
2032194 -4.76 0.93 0.74 365.61 1003.9 -202.62 78.47 15 -53.71 
2032244 -2.11 0.2 1.55 587.62 787.44 -192.01 82.82 1.5 -39.61 
2032294 -1.48 0.08 1.44 928.29 42.8 -502.38 72.17 -7.05 -12 
2032345 -3.75 1.62 -0.44 520.98 -272.13 -844.7 39.31 -18.3 -7.5 
2032394 -3.81 1.93 0.2 335.24 -462.93 -911.04 13.8 -8.4 -19.05 
2032443 -3.21 2.16 -0.67 601.04 -799.76 -431.59 7.35 5.25 -38.26 
2032484 -2.23 1.58 -1.36 728.17 -851.65 121.16 12 10.8 -53.86 
2032525 -2.23 0.54 -1.41 1000.61 -555.06 654.88 24.01 14.1 -66.92 
2032574 -2.93 0.01 -0.31 1839.94 439.76 670.79 63.17 11.7 -69.47 
2032624 -1.04 -1.6 1.21 519.76 789.7 298.9 73.97 2.55 -60.62 
2032665 1.52 -2.82 2.82 569.09 446.95 -297.56 79.97 -5.4 -45.91 
2032715 -4.21 1.88 -0.45 1221.95 -965.55 -1030.06 59.86 -28.66 -35.71 
2032765 -5.46 2.43 -1.68 1997.93 -82.01 1288.48 62.27 -21.16 -16.2 
2032814 -3.99 -1.12 4.13 466.16 995.67 -160.3 45.31 20.11 -7.35 
2032865 -3.16 -0.1 2.17 357.93 -257.2 -961.89 46.96 25.81 -10.65 
2032914 -6.19 2.37 0.25 -350.3 -145.61 -1518.11 63.32 6.45 -5.4 
2032955 -3.94 2.17 2.63 71.28 17.38 -1184.76 61.67 -10.8 -7.35 
2033004 -11.07 2.55 -0.96 51.4 -1203.48 -1578.11 24.76 -24.46 -25.06 
2033054 -10.62 4.76 -0.82 699.7 -1032.68 -1290.37 7.35 19.8 -38.86 
2033104 -8.57 1.44 -2.25 1264.27 -1477.5 609.57 11.55 19.95 -38.71 
2033145 -9.26 1.21 -0.8 1997.99 409.39 1252.13 52.06 0.6 -74.57 
2033194 -5.37 2.76 0.87 900.06 -320.43 -1058.84 41.86 -14.25 -4.35 
2033245 -12.26 1.88 -0.39 519.09 -1861.22 -380 13.05 -16.5 -44.71 
2033294 -13.31 2.48 -2.4 993.9 -1842.01 228.23 17.85 21.76 -63.02 
2033335 -9.51 0.54 -1.6 1543.35 -594.02 1404.57 24.91 19.8 -67.07 
2033385 -8.5 1.63 0.69 1997.99 1069.21 -43.48 79.52 2.7 -49.51 
2033434 -5.89 2.13 1.95 965.85 307.13 -1029.51 55.66 -9.15 -4.95 
2033475 -5.98 1.54 1.79 921.71 -1132.93 -830.91 21.46 -14.7 -14.1 
2033525 -15.15 2.87 -2.12 487.5 -1846.95 -900.98 7.8 7.35 -49.06 
2033576 -9.08 1.21 -2.02 1120.91 -1384.76 804.94 14.85 18.9 -53.86 
2033624 -9.61 0.71 0.4 1997.99 538.11 1281.04 51.31 6.15 -74.57 
2033665 -7.39 -0.06 1.85 1411.77 1065.91 97.38 82.07 -6.75 -46.66 
2033715 -11.06 1.51 -0.25 1356.04 -401.16 -1784.45 41.11 -20.86 -8.1 
2033766 -15.62 3.72 -1.54 1066.83 -1267.32 -1618.23 6.6 16.8 -42.16 
2033815 -8.56 1.88 -1.59 1401.52 -1287.68 660.73 15.6 28.36 -40.81 
2033865 -10.05 1.1 0.08 1997.99 354.27 1307.32 39.91 2.7 -74.42 
2033915 -6.14 0.47 1.6 1312.68 806.71 -684.76 75.02 -16.05 -24.01 
2033956 -15.37 2.61 -0.05 1040 -468.72 1997.99 26.71 -18.45 -13.2 
2034005 -14.41 3.76 -1.59 1071.1 -1380.67 -1367.01 11.25 24.01 -38.11 
2034055 -11.86 1.44 -0.53 1666.59 -1256.16 1271.77 13.65 20.11 -46.66 
2034096 -11.37 1.17 0.04 1997.99 180.98 1595.67 40.51 -3.9 -75.17 
2034146 -8.94 0.74 1.1 1437.01 1292.99 -127.01 77.42 -13.05 -25.21 
2034195 -16 3.78 -0.3 892.13 820.3 -1834.21 36.91 9.15 -0.9 
2034236 -14.1 2.58 -0.31 1564.27 -936.22 -1397.99 24.16 21.91 -10.05 
2034285 -11.09 0.99 -1.39 1997.93 -1650.61 766.34 10.2 6.45 -47.26 
2034336 -9.02 1.28 0.43 1997.99 815.24 813.84 78.17 -4.95 -60.02 
2034386 -9.09 0.79 0.54 1199.02 1160.91 -846.95 69.32 0.9 -9.75 
2034436 -11.77 2.94 1.58 1132.68 875.79 -1386.1 48.16 18.75 -3 
2034486 -9.2 2.06 -0.56 1132.74 -1100.37 -1067.74 28.06 10.2 -5.7 
2034535 -8.13 1.56 -1.66 981.16 -1612.38 -40.06 5.7 0.6 -34.51 
2034586 -7.78 0.11 -1.18 1737.99 -782.01 1362.26 37.51 -4.5 -78.17 
2034636 -10.19 1.58 0.4 1374.39 1248.78 678.11 84.62 5.55 -48.46 
2034686 -9.27 0.8 1.49 1221.04 1300.79 -118.78 76.67 20.11 -27.61 
2034736 -7.78 1.8 0.84 1296.4 197.44 -1236.95 57.31 12.9 -4.05 
2034785 -8.86 2.41 -0.69 1002.99 -1135.12 -1179.09 20.71 1.05 -9.15 
2034836 -7.4 1.54 -2.02 1334.39 -1548.05 284.88 9 -1.2 -53.11 
2034886 -11.68 1.71 0.53 1997.99 639.02 1459.15 71.42 3.6 -67.52 
2034936 -10.84 0.86 0.93 1404.82 1275.73 205.61 80.42 18.15 -36.31 
2034986 -9.81 2.23 0.23 1686.77 279.51 -1303.96 55.66 10.5 -3.3 
2035036 -10.18 1.98 -1.3 1518.41 -1533.96 -680.67 9.6 2.7 -21.76 
2035086 -8.99 0.75 -1.72 1674.7 -1123.6 1112.87 27.76 2.25 -74.12 
2035136 -9.59 1.41 0.24 1653.23 994.88 617.5 80.27 9.15 -53.41 
2035186 -11.74 1.57 0.87 1090 1332.56 -167.07 78.62 14.55 -25.36 
2035236 -9.59 2.21 0.38 1453.41 281.34 -1239.21 53.56 10.2 -4.65 
2035286 -7.22 1.94 -1.22 1551.1 -1320.37 -515.61 13.35 7.2 -21.46 
2035336 -6.18 0.79 -1.66 1227.74 -996.04 860.79 17.85 -3 -64.82 
2035386 -6.05 0.37 -0.82 1752.2 550.79 955.79 70.52 -3.15 -68.12 
2035436 -13.24 1.63 0.8 690.55 1640.91 485.55 80.87 13.8 -30.61 
2035486 -9.08 1.38 1.32 1243.23 1030.3 -648.54 69.77 22.36 -17.55 
2035536 -6.57 2.09 0.08 1345.91 -479.63 -1136.4 45.01 13.2 -2.4 
2035586 -5.89 1.86 -1.47 1008.17 -1387.26 -433.54 15.45 -6.45 -16.8 
2035636 -2.75 0.35 -2.39 1637.99 -785.24 954.94 32.56 -13.35 -72.32 
2035686 -9.96 0.98 0.53 803.78 1125.06 1081.95 82.37 1.8 -49.36 
2035736 -6.34 -0.43 1.7 1018.6 1068.96 222.56 77.27 23.26 -30.61 
2035786 -4.91 0.68 1.06 1002.93 463.17 -840.98 67.52 18.75 -14.25 
2035837 -3.39 1.67 1.05 774.21 -23.29 -1144.76 55.51 9.15 -3.75 
2035886 -1.26 2.86 -0.22 675.12 -667.32 -791.65 32.71 -5.55 -3.6 
2035937 0.4 1.75 -1.94 739.51 -682.2 227.87 16.2 -19.95 -27.61 
2035978 -0.73 0.16 -1.51 1693.05 27.68 725.61 33.31 -28.66 -54.01 
2036027 -2.18 -0.37 0.77 673.6 921.71 55.43 57.91 -29.56 -27.91 
2036076 -0.95 0.16 1.8 277.13 706.28 -230.37 47.71 -13.5 -5.4 
2036127 0.54 0.12 2.31 311.89 196.83 -103.66 37.96 -1.35 -2.7 
2036177 -2.19 1.17 0.04 365.91 -300.3 -381.28 30.31 -1.35 -5.85 
2036227 -2.24 2.51 0 -74.51 257.2 -181.65 22.96 3.15 -8.55 
2036276 -6.47 2.1 -0.3 -16.59 613.78 940.24 21.46 9.75 -8.55 
2036317 -8.77 1.83 -0.01 -336.59 707.32 1214.76 20.11 7.05 -5.85 
2036366 -13.48 1.47 -0.69 157.32 726.16 1588.48 28.96 -2.4 -2.4 
2036407 -14.13 1.59 -0.01 595.98 1207.8 1268.17 21.76 10.2 -7.8 
2036457 -8.98 1.72 -0.19 -501.46 573.23 1167.74 18.45 8.25 -12.45 
2036506 -7.86 0.92 0.3 525.37 927.56 566.52 12.3 -4.8 -22.51 
2036557 -8.25 1.76 0.16 -396.77 949.57 395.98 15.3 3.6 -10.95 
2036606 -7.58 2 0.73 -850.24 484.39 978.17 27.46 9.9 -3.45 
2036647 -10.67 1.33 -0.58 22.44 79.27 1495.98 41.26 2.25 1.5 
2036696 -10.43 1.27 0.17 213.29 516.1 1353.72 35.41 8.1 -1.65 
2036747 -8.59 1.54 0.12 -820.79 -89.27 1176.46 40.81 8.25 -2.25 
2036796 -14.91 2.01 -0.51 -430.91 -195.67 1597.8 57.01 6.3 -2.7 
2036837 -13.01 1.32 -0.72 -1400.24 -713.66 1028.84 73.97 18.9 -16.2 
2036887 -13.34 2.51 -0.76 -860.55 -1451.16 -249.63 82.82 13.95 -44.56 
2036936 -9.58 1.6 -1.5 -762.56 -1274.33 -421.77 78.92 16.8 -55.06 
2036978 -8.54 1.53 -0.87 -644.57 -667.32 -884.88 71.57 14.25 -61.07 
2037027 -9.12 1.27 -0.05 -696.95 97.13 -1212.2 56.26 -2.1 -73.07 
2037077 -16 2.43 0.18 -351.71 224.7 -1731.59 25.96 0.9 -72.32 
2037128 -11.8 2.49 -0.31 -790.61 766.95 -1211.16 20.56 19.05 -66.32 
2037176 -12.82 1.63 -0.01 -145.12 1276.1 -790.61 17.85 10.8 -65.87 
2037217 -12.1 2.44 0.2 153.66 1309.33 -935 21.31 1.5 -68.87 
2037267 -13.47 0.99 0.07 231.89 1373.17 -543.9 19.2 -15.45 -54.91 
2037317 -14.13 2.31 0.35 -369.57 1172.44 -1028.11 6 3.75 -44.56 
2037367 -9.1 2.06 0.35 -853.9 1241.34 -78.11 9.45 20.71 -37.06 
2037408 -10.73 1.26 -0.2 -554.27 1114.63 778.17 8.25 12 -27.91 
2037457 -9.74 1.05 -0.14 -638.84 662.74 1201.95 19.35 -3.15 -7.95 
2037508 -7.5 0.78 -0.27 -1451.04 -96.71 1035.49 54.61 -4.8 -3.6 
2037557 -13.62 3.1 -0.5 -1608.23 -1146.83 -931.16 67.22 -4.65 -68.87 
2037598 -14.57 2.84 -1.01 -931.71 -1336.1 -933.35 54.76 17.25 -77.57 
2037648 -8.68 1.62 -1.98 -1698.54 209.7 -892.68 45.61 31.51 -68.87 
2037698 -10.5 2.4 -0.4 62.2 627.62 -1260.85 39.16 5.25 -78.62 
2037748 -10.51 2.11 0.49 16.83 793.35 -1250.85 30.16 -7.05 -70.82 
2037798 -10.43 1.18 -0.25 -137.07 871.95 -902.62 18.9 -8.85 -60.17 
2037848 -16 2.53 0.25 -267.62 724.45 -1506.59 14.1 9.75 -63.32 
2037898 -10.76 2.24 0.09 -1083.05 1221.4 -593.48 16.2 20.11 -60.32 
2037949 -10.69 1.81 0.31 -135.24 1361.34 276.1 6.45 -3.3 -41.86 
2037998 -10.07 1.31 0.4 -474.82 1226.52 841.28 16.8 -11.85 -16.05 
2038048 -7.78 0.69 -0.29 1997.99 -4.33 926.95 66.77 4.5 -11.55 
2038098 -13.41 1.57 -0.7 -561.46 -1328.78 -431.71 72.32 9.9 -68.12 
2038147 -14.9 3.05 -0.8 -915.73 -820 -1339.45 57.16 24.31 -69.77 
2038188 -13.75 1.7 0.16 -1071.4 529.27 -1331.46 47.86 15.45 -76.97 
2038238 -13.95 2 0.42 -273.48 1064.82 -1239.51 29.26 -5.4 -72.62 
2038288 -8.33 2.08 0.45 -541.04 1017.8 -934.21 15.75 -7.2 -57.61 
2038338 -14.11 0.63 -0.3 -206.89 1427.8 241.71 10.35 -5.4 -23.11 
2038388 -14.14 2.04 0.25 -704.94 1433.72 674.27 17.55 17.25 -13.95 
2038438 -10.22 1.47 0.19 -1306.46 352.68 1106.04 28.06 15.3 -3.3 
2038488 -10.71 1.44 -0.38 -1144.94 -820.98 923.17 66.32 5.7 -6.45 
2038538 -8.47 1.23 -1.25 -1847.26 -942.74 -285 79.22 4.8 -55.06 
2038588 -12.49 1.88 0.32 -694.15 -73.35 -1432.62 44.56 -2.85 -74.42 
2038638 -15.98 2.6 0.12 -674.7 407.44 -1560.55 21.61 13.65 -72.02 
2038688 -11.17 2.32 0.29 -890.61 1067.5 -933.17 21.01 18.45 -67.22 
2038738 -10.92 1.2 -0.01 -462.38 1302.01 133.6 7.05 -1.65 -47.71 
2038788 -10.94 1.25 0.3 -481.1 1331.71 722.13 11.7 -10.5 -21.01 
2038838 -6.59 0.6 0.25 -1984.45 395.24 918.41 52.21 1.2 -5.55 
2038879 -16 5.22 -0.92 1997.99 -1422.32 -739.02 71.87 2.25 -64.97 
2038929 -14.89 2.41 -1.17 -1135.67 -993.11 -1075.67 56.11 24.31 -72.47 
2038979 -12.59 2.06 -0.2 -943.41 115.55 -1358.05 54.31 19.2 -74.57 
2039028 -10.17 1.9 -0.11 -565.91 703.41 -1208.72 38.71 1.2 -77.27 
2039078 -8.35 1.68 0.55 -634.33 1104.82 -815.49 17.1 -10.95 -58.51 
2039128 -7.9 2.26 0.11 -1998.05 726.83 704.63 35.41 -9.3 -3.45 
2039178 -11.73 0.63 -0.23 -603.17 -1200.37 173.6 73.82 15.75 -63.62 
2039228 -12.34 2 -0.49 -852.56 -1005.43 -720.12 63.17 30.01 -61.07 
2039269 -9.23 1.47 -0.75 -1171.59 -298.84 -1067.2 67.37 26.11 -64.37 
2039319 -10.6 1.62 0.26 -604.88 658.72 -1241.04 48.46 -1.5 -77.72 
2039369 -7.28 1.66 0.42 -965.55 1092.5 -698.41 18.3 -14.85 -56.56 
2039419 -11 2.19 -1.07 -1998.05 736.89 1065 47.56 -11.25 -5.55 
2039468 -14.63 2.4 -0.66 -1525.67 -1209.27 420.49 76.37 22.36 -58.21 
2039518 -13.32 2.45 -1.09 -1021.89 -1210.12 -586.04 68.42 34.51 -47.26 
2039559 -8.33 1.43 -0.97 -1216.28 -273.72 -1098.11 74.87 23.41 -59.26 
2039608 -9.82 1.96 0.41 -487.2 606.59 -1248.78 49.81 -10.65 -75.02 
2039649 -6.27 1.62 0.39 -977.56 1003.54 -714.33 22.36 -20.71 -55.51 
2039699 -10.89 2.42 -0.86 -1998.05 728.23 1082.07 57.76 -10.8 -8.4 
2039749 -13.73 2.34 -0.85 -771.16 -1376.89 399.51 72.47 24.01 -59.11 
2039798 -12.14 2.22 -1.1 -1128.17 -1021.4 -651.89 63.92 36.61 -49.81 
2039839 -9.44 1.33 -0.18 -1144.09 30.67 -1187.62 73.37 22.66 -60.77 
2039889 -8.8 1.69 0.12 -617.87 551.95 -1204.15 51.46 -10.05 -73.82 
2039939 -6.08 1.71 0.62 -945 994.15 -745.24 18.45 -20.86 -49.96 
2039980 -7.56 2 -0.24 -1998.05 1049.7 554.88 30.76 -14.4 -8.7 
2040029 -12.75 1.72 0 -1290.3 -518.66 1175.24 80.72 18.3 -33.01 
2040079 -13.28 2.11 -0.92 -1339.76 -1215.3 -238.84 66.32 34.51 -48.91 
2040128 -10.97 1.98 -0.24 -973.72 -537.99 -1052.62 76.67 22.66 -56.86 
2040169 -10.46 1.5 -0.35 -707.32 -110.61 -1305.55 69.17 4.35 -71.12 
2040219 -7.68 2.2 -0.06 -799.45 246.34 -1384.15 39.46 -11.85 -73.07 
2040269 -13.3 1.92 -0.93 -1998.05 1526.4 186.52 15.3 -19.8 -21.46 
2040319 -13.65 1.66 -0.15 -1380.67 555 1437.87 60.02 21.76 -7.8 
2040369 -12.18 1.66 -1.1 -1541.22 -1038.66 680.12 64.82 33.16 -24.76 
2040419 -11.61 2.08 -0.03 -1111.46 -861.95 -827.62 81.77 17.55 -43.81 
2040469 -8.76 1.98 -0.58 -626.65 -590.12 -1253.54 72.32 -3.6 -64.67 
2040519 -8.63 1.78 -0.03 -1380.3 824.27 -1099.7 26.86 -18 -61.22 
2040569 -14.22 1.13 -0.57 -1998.05 938.35 1353.78 65.87 6.15 -10.65 
2040619 -11.65 1.22 -0.64 -1590.91 -525.3 1013.17 63.92 38.41 -31.51 
2040669 -9.73 1.24 -0.58 -1620.73 -816.77 -389.94 71.42 34.51 -34.21 
2040719 -10.01 2.01 -0.15 -770.61 -307.8 -1255.12 80.27 6 -59.26 
2040769 -6.9 1.73 -0.08 -887.01 399.7 -1118.48 45.31 -16.65 -68.87 
2040819 -9.26 2.35 -0.55 -1998.05 1400.37 360.85 26.11 -27.01 -17.25 
2040869 -12.04 1.56 0.6 289.15 -662.44 1299.88 81.62 17.1 -41.26 
2040919 -10.58 1.47 -0.7 -650.06 -1028.96 811.59 56.26 40.96 -32.56 
2040960 -6.63 0.68 -1.13 -991.83 -927.07 304.09 54.61 33.76 -15.9 
2041010 -3 0.41 -0.66 -793.54 -380.67 -392.8 76.67 19.8 -20.26 
2041059 -0.48 0.48 -1.2 -373.17 -221.59 -498.23 82.67 0.6 -37.06 
2041109 0.81 0.73 -1.59 -339.02 238.9 -270 79.07 -12.15 -46.81 
2041160 -0.48 0.81 -0.69 -437.38 700.37 154.27 75.77 -18.3 -48.31 
2041210 -4.35 0.35 0.56 -687.68 691.65 839.09 81.62 -6.6 -49.96 
2041259 -5.88 0.77 0.23 -102.74 420.55 938.41 77.72 17.55 -56.11 
2041309 -4.9 0.25 -0.05 547.93 219.09 772.68 67.37 34.21 -52.81 
2041360 -5.17 0.92 -0.01 742.44 688.17 194.82 62.57 35.26 -53.56 
2041409 -4.92 1.18 -0.11 517.38 887.56 -18.72 73.07 21.31 -58.66 
2041460 -8.72 1.81 0 -463.17 1221.83 426.83 70.82 9.6 -62.87 
2041509 -5.56 0.7 0.2 93.72 377.07 1262.13 58.06 -1.65 -74.42 
2041559 -2.85 -1.88 0.41 1486.59 483.9 679.76 80.42 10.2 -54.16 
2041610 -11.82 3.25 1.98 -518.17 1867.93 -139.09 70.97 6.45 -14.1 
2041660 -8.66 1.22 0.45 -371.04 1225.79 303.11 74.12 26.41 -30.16 
2041710 -7.76 1.13 0.27 320.24 1049.09 180.3 74.27 31.21 -46.51 
2041759 -8.28 1.67 -0.08 292.56 1067.87 -60.06 74.87 20.86 -48.76 
2041809 -9.75 1.49 0.23 -386.4 1152.26 557.99 68.42 7.95 -68.72 
2041850 -4.81 0.02 0.87 746.16 954.88 664.21 75.02 -3.75 -60.92 
2041900 -16 0.89 -0.88 1890.98 -232.99 -1880.06 59.41 -13.5 -4.65 
2041950 -10.87 0.99 -0.52 880.73 542.32 -1121.04 38.56 12 -1.5 
2041991 -9.22 0.6 0.78 835.55 888.72 -651.59 46.06 34.81 -12.15 
2042039 -7.98 1.16 0.06 683.6 103.35 -962.26 59.86 30.76 -19.2 
2042090 -9.33 1.69 -0.35 10.49 380.12 -1052.8 76.52 18.45 -23.71 
2042140 -5.03 1.14 0.75 365.91 654.02 -738.78 78.47 -9 -24.46 
2042190 -4.02 0.18 2.36 1641.77 -986.4 -668.11 37.96 -18.9 -8.4 
2042240 -9.66 3.14 2.14 218.35 -54.39 -1381.28 6.9 -6.6 -49.36 
2042290 -9.31 1.54 -1.4 1233.78 -1396.65 62.13 32.56 30.01 -66.32 
2042340 -7.91 1.34 -0.44 1628.66 112.26 1020.91 39.91 37.66 -60.32 
2042390 -9.9 1.46 0.27 559.51 867.68 797.01 41.71 14.25 -74.87 
2042431 -6.7 0.7 0.52 517.68 760.98 738.72 51.31 -10.35 -73.97 
2042480 -2.85 -1.22 0.25 1820 221.4 -606.77 74.12 -24.01 -37.81 
2042530 -12.46 3.38 0.32 132.13 476.52 -1482.5 7.05 -11.25 -35.71 
2042580 -12.75 2.06 -0.76 743.54 -1191.28 -929.57 22.21 32.71 -58.51 
2042630 -8.21 2.13 -1.27 1801.4 -732.62 852.13 24.76 38.26 -36.31 
2042680 -8.57 1.01 -0.2 1589.57 384.27 962.07 21.46 8.25 -64.82 
2042730 -4.84 0.22 0.53 766.16 617.07 506.22 50.11 -18.45 -68.12 
2042780 -5.35 0.05 -0.77 1279.45 564.63 -821.95 58.81 -32.41 -35.41 
2042830 -16 0.74 1.05 215.61 1133.72 -1035.67 10.8 0.6 -18.3 
2042880 -13.41 2.62 -0.08 1262.01 -499.27 -1350 30.16 40.36 -40.81 
2042921 -14.04 0.95 -0.09 1348.84 -1533.66 312.2 33.76 34.21 -18 
2042962 -9.1 1.27 -0.82 1781.89 -1198.6 667.2 18.45 8.7 -14.55 
2043011 -5.53 0.77 0.2 1997.99 231.71 835.73 39.16 -22.51 -63.17 
2043060 -7.39 0.73 -0.62 1551.59 785.67 -578.78 54.01 -34.96 -30.91 
2043101 -16 3.24 -0.08 -265.06 1295.98 -1222.13 19.05 -7.95 -11.55 
2043150 -14.12 2.44 0.36 907.13 567.07 -1316.34 26.41 39.46 -33.01 
2043191 -15.05 1.23 -0.75 1343.35 -1408.66 -646.71 48.16 36.91 -19.65 
2043240 -8.77 0.89 -0.83 1689.88 -1344.82 135.79 33.76 5.1 -1.8 
2043281 -4.86 0.55 -0.8 1997.93 -467.8 867.07 23.56 -19.05 -52.06 
2043330 -5.83 0.59 -0.26 669.39 629.39 -539.21 58.96 -32.86 -34.96 
2043371 -11.61 0.58 0.35 762.13 -207.93 -1282.56 24.61 -27.61 -28.36 
2043420 -15.19 2.29 -0.1 768.54 155.12 -1538.54 10.35 21.61 -32.56 
2043461 -10.06 2.9 -0.16 1289.45 -777.2 -1108.72 36.16 42.01 -34.06 
2043511 -9.59 2.27 -0.66 529.45 -1233.29 -543.72 37.96 19.8 -5.55 
2043561 -7.24 0.31 -0.58 1430.85 -1107.38 646.95 17.4 -14.25 -22.21 
2043611 -4.64 0.68 -0.5 1773.29 527.99 272.99 58.96 -31.36 -50.41 
2043660 -12.56 1.97 0.05 474.33 1202.62 -736.4 45.31 -22.06 -6.9 
2043701 -10.9 1.18 0.79 535.79 1353.96 -350.61 35.11 17.55 -3 
2043751 -9.3 1.77 0.4 979.51 553.84 -933.66 38.26 42.91 -29.56 
2043801 -8.78 1.89 -0.87 89.27 -198.72 -1228.66 63.17 31.06 -18.9 
2043850 -5.78 1.08 -0.36 184.7 -616.34 -829.94 63.17 8.1 -6.6 
2043891 -3.42 1.22 -0.75 595.73 -736.04 -573.84 52.06 -15 -6 
2043941 -1.08 0.95 -1.62 1733.9 -626.95 267.62 30.31 -31.66 -35.41 
2043982 -6.19 2.19 -1.89 1997.99 882.87 560.98 57.01 -37.06 -36.16 
2044031 -8.98 -0.12 -0.71 -294.94 1238.29 -21.1 41.26 0.45 0.15 
2044081 -9.07 1.32 0.68 734.33 1078.23 -371.77 33.61 37.36 -21.31 
2044131 -6.71 0.12 0.54 1338.54 -395.85 -719.27 47.71 42.61 -35.26 
2044181 -5.27 1.16 0.27 812.32 -410.91 -883.84 68.57 21.61 -18.15 
2044231 -4.57 1.26 -0.61 466.71 -559.15 -770.24 65.12 -5.85 -7.05 
2044281 -1.95 1.54 -0.47 1194.15 -717.5 -171.46 36.31 -26.71 -16.95 
2044322 -2.86 1.72 -1.54 1917.32 -528.05 1077.99 48.16 -35.56 -46.36 
2044371 -9.52 0.91 -0.5 388.41 1042.62 576.52 50.41 -2.85 -1.35 
2044412 -10.64 1.69 0.47 473.17 1254.63 296.16 46.21 32.71 -11.7 
2044461 -4.74 0.13 2.09 1277.93 705.18 -226.04 40.06 46.66 -43.36 
2044502 -8.59 2.83 -0.97 435.67 43.9 -1266.89 69.02 34.36 -38.56 
2044551 -5.01 1.39 -0.3 552.26 -467.5 -928.05 75.92 6.3 -18.9 
2044601 -2.52 1.06 -0.94 1711.83 -869.82 102.8 46.21 -19.8 -9.15 
2044651 -4.33 1.76 -0.92 1997.99 425.3 830.3 39.61 -34.36 -34.21 
2044701 -12.55 2.26 0.08 -772.26 1687.13 -109.45 36.31 -11.4 -3.6 
2044752 -10.71 1.18 1.37 429.82 1529.76 368.35 32.56 37.66 -19.2 
2044802 -2.52 -1.24 3.53 1997.93 -608.23 -87.8 38.86 41.11 -53.86 
2044852 -4.74 1.11 0.14 24.33 -313.72 -708.6 60.47 27.31 -13.5 
2044901 -3.65 1.28 -0.09 -65.73 -427.07 -787.74 65.87 1.8 -7.5 
2044942 -0.84 2.02 0.29 330.98 -639.45 -543.48 58.36 -17.7 -11.1 
2044993 -4.1 1.53 -1.09 1127.26 -1124.51 822.2 54.61 -32.11 -35.26 
2045042 -7.89 0.57 -0.1 330.18 1216.04 547.93 45.01 -4.2 -2.4 
2045091 -8.01 0.43 0.85 455.55 1208.23 380.61 34.36 35.41 -15.75 
2045142 -4.21 -0.35 1.47 1298.6 160.06 -529.09 36.16 43.81 -46.96 
2045192 -6.55 1.27 0.12 408.29 -45.67 -1092.93 71.42 31.66 -33.76 
2045242 -4.39 1.58 0.11 303.54 -227.68 -1033.78 78.17 -1.05 -26.26 
2045292 -3.43 1.86 -0.01 943.9 -981.59 -511.34 59.56 -27.31 -23.86 
2045342 -13.45 2.71 0.74 1997.99 0.43 1882.5 71.42 -19.05 -19.35 
2045392 -13.23 1.75 0.4 538.72 1440.18 672.99 39.16 31.06 -10.05 
2045442 -4.89 -0.18 2.95 1631.4 563.78 -337.38 31.66 39.31 -54.61 
2045492 -7.31 1.8 0.11 395.91 -300.91 -1088.6 71.42 28.06 -32.41 
2045541 -4.17 0.85 -0.77 919.7 -891.95 -299.57 58.36 -1.05 -5.1 
2045582 -2.47 0.88 -0.6 699.88 -764.94 59.57 39.61 -18 -8.85 
2045632 -4.8 0.94 -1.24 1726.16 -371.83 1124.63 45.61 -34.21 -34.36 
2045682 -14.35 1.96 0.23 -14.76 1513.23 846.4 59.11 -3.6 -5.55 
2045732 -10.79 0.84 1.44 1137.2 1228.84 430.43 35.26 40.81 -24.31 
2045773 -7.67 0.14 0.45 1537.07 -20.49 -1037.99 48.01 42.61 -45.46 
2045822 -6.38 1.54 -0.14 1062.2 -360.43 -1038.96 74.27 17.4 -21.91 
2045872 -4.44 1.52 -0.5 675.12 -484.7 -794.39 63.02 -10.95 -8.1 
2045922 -2.77 1.85 -0.79 882.8 -966.28 -77.01 36.61 -28.36 -23.86 
2045963 -5.91 2.09 -1.06 1863.6 -361.52 1303.54 57.46 -32.86 -47.86 
2046012 -12.65 1.53 0.09 163.35 1330.98 917.26 64.67 16.5 -10.05 
2046053 -10.63 1.04 0.82 806.04 1263.05 626.83 42.46 45.01 -28.81 
2046103 -7.38 1.34 0.05 887.99 593.35 -677.01 52.96 38.71 -56.86 
2046152 -6.17 1.67 -0.17 602.68 113.23 -996.16 78.47 14.25 -47.41 
2046202 -2.68 1.17 0.72 525.18 -18.29 -806.89 79.22 -12.3 -33.01 
2046253 -2.86 1.71 0.68 912.32 -1090.43 -475.49 55.81 -32.41 -35.71 
2046302 -10.83 3.7 0.18 1997.93 -172.2 1513.54 69.17 -4.05 -11.25 
2046352 -9.69 0.87 0.65 977.38 905.73 1092.87 43.66 40.06 -19.8 
2046403 -3.82 -1.47 0.89 1788.72 16.4 -382.38 31.81 40.21 -54.01 
2046453 -6.17 1.06 0.37 858.11 -162.93 -899.88 73.37 30.01 -38.56 
2046503 -3.98 1.17 -0.11 290.37 -296.95 -739.45 75.92 4.8 -18.9 
2046552 -2.92 0.92 1.07 258.48 -695.06 -855.91 67.22 -21.76 -18.9 
2046602 -7.38 1.28 -1.35 1997.93 -1499.45 321.89 56.56 -29.86 -55.06 
2046643 -10.51 1.62 -0.04 1093.96 280.73 1423.11 80.12 4.35 -25.81 
2046693 -9.78 0.4 0.36 958.84 858.11 898.41 47.56 44.56 -27.01 
2046743 -7.41 0.54 -0.23 1473.6 408.48 -799.57 55.36 40.06 -48.61 
2046793 -6.44 1.6 0.05 798.66 155.67 -1009.88 80.27 13.95 -37.51 
2046843 -3.21 1.02 0.35 549.15 -294.27 -899.15 75.17 -12.6 -22.06 
2046893 -4.2 1.1 -0.55 1442.99 -1219.63 0.49 49.36 -33.76 -35.11 
2046943 -6.65 0.7 -0.57 -50.3 -600.85 1095 76.67 -13.8 -56.56 
2046984 -8.67 1.19 -0.45 -308.6 -613.05 991.04 72.32 20.11 -62.87 
2047033 -6.86 -0.1 -0.98 -829.7 -616.89 724.27 42.76 40.96 -51.31 
2047083 -7.4 0.53 0.5 -1144.57 -109.15 -993.17 49.21 43.36 -37.06 
2047133 -6.28 1.03 0.25 -378.66 -154.88 -1094.63 79.97 21.61 -41.11 
2047183 -6.56 1.52 -0.59 81.65 -508.84 -1204.76 76.82 -16.5 -43.36 
2047233 -7.47 1.19 -0.49 71.46 -590 -1066.22 46.96 -29.56 -54.61 
2047283 -11.75 2.01 -0.61 82.44 -943.72 -1169.63 22.51 -0.75 -72.92 
2047333 -10.73 2.42 -0.98 -701.95 -586.34 -1144.76 34.36 37.36 -56.11 
2047384 -9.88 1.64 0.11 -500.55 682.93 -1075.73 53.11 34.51 -65.42 
2047433 -9.58 1.57 0.25 -168.05 936.4 -1009.21 53.86 -1.95 -75.32 
2047483 -8.44 1.83 0.43 -138.66 1103.48 -766.59 33.46 -27.76 -57.46 
2047533 -10.61 1.83 -0.42 -1394.82 1438.78 255.55 31.21 -22.66 -9.6 
2047574 -15.27 2.18 0.16 -1094.39 835.73 1523.6 66.77 22.36 -15 
2047623 -11.29 0.84 -1.12 -1434.94 -729.7 992.01 49.36 39.91 -23.86 
2047673 -8.57 1.52 -0.59 -955.12 -878.96 -576.28 74.87 22.66 -22.06 
2047724 -7.98 1.24 -0.16 -712.13 -403.17 -1198.48 81.17 -7.05 -47.56 
2047774 -6.02 1.52 -0.9 -346.04 -374.76 -1061.83 50.26 -25.21 -63.32 
2047824 -8.89 1.35 -0.13 -275 175.61 -1202.01 17.1 -15.75 -57.76 
2047874 -14.56 2.46 0.32 -144.33 394.82 -1474.94 11.4 21.91 -52.66 
2047923 -9.6 2.21 0.14 -808.9 906.77 -788.05 31.51 33.31 -60.77 
2047964 -8.77 1.15 0.15 -583.23 1238.05 -75.37 22.51 17.1 -66.47 
2048014 -9.4 1.38 0.27 -337.07 1348.29 322.26 14.1 -16.8 -49.96 
2048064 -7.24 1.05 0.32 -1744.15 697.13 806.34 37.81 -23.71 -11.25 
2048114 -13.61 3.08 -0.96 -1207.87 -1473.96 -457.01 67.22 -11.55 -65.72 
2048164 -16 2.77 -0.87 -904.82 -1256.16 -890.73 46.96 24.31 -74.27 
2048213 -13.98 2.52 -0.13 -712.87 -398.9 -1398.29 59.11 34.36 -59.71 
2048254 -9.76 1.94 -0.15 -652.56 139.39 -1213.17 70.07 18 -68.42 
2048304 -10.91 1.82 0.07 -100.37 526.59 -1227.07 53.86 -13.5 -72.47 
2048354 -6.22 2.34 0.03 -1569.15 1212.68 -276.46 20.86 -27.61 -38.26 
2048404 -13.75 1.5 0.38 -1776.22 307.56 1459.63 81.47 4.5 -31.21 
2048453 -15.09 2.26 -0.71 -1198.05 -1214.63 458.48 60.32 36.16 -54.01 
2048494 -10.25 1.35 -1.26 -1297.74 -1036.59 -258.17 57.91 41.11 -33.76 
2048544 -11.42 2.09 -0.09 -553.9 -424.21 -1216.46 82.67 18.45 -40.21 
2048593 -7.88 1.97 -0.65 -835.06 30.98 -1349.09 68.87 -18.6 -57.76 
2048634 -11.13 1.8 -0.06 -1564.88 1504.02 -560 32.41 -35.86 -36.31 
2048684 -15.65 2.4 0.07 -1357.62 998.9 1397.56 75.17 16.8 -20.71 
2048734 -15.64 1.89 -1.27 -1345.91 -861.16 1298.84 47.26 42.91 -36.31 
2048783 -13.66 1.99 0.63 -1645.49 -659.51 -1068.41 69.92 28.06 -17.7 
2048824 -12.76 2.48 -0.06 -737.07 -615.67 -1303.72 80.42 -8.4 -32.71 
2048874 -7.13 2.03 -0.72 -1499.63 679.94 -1145.12 41.86 -35.41 -46.81 
2048924 -14.8 2.32 0.6 -1210.06 1330.73 1106.59 74.27 4.65 -19.05 
2048965 -15.39 1.83 -0.17 -1407.32 236.46 1558.9 61.37 40.51 -42.16 
2049014 -6.06 0.19 -3.2 -1998.05 11.34 0.43 51.16 49.66 -30.16 
2049064 -8.6 0.48 0.29 -931.95 -397.62 -777.74 77.57 17.4 -22.21 
2049114 -3.74 1.23 -0.87 -820.06 -273.11 -1000.43 75.17 -19.5 -38.56 
2049164 -6.14 1.28 0.22 -1144.88 961.16 -756.46 45.46 -38.71 -33.76 
2049214 -7.68 1.12 0.08 -1173.96 1170.37 618.05 69.17 -5.55 -11.25 
2049263 -8.68 1.14 0.01 -756.59 481.65 1098.6 69.32 35.11 -36.16 
2049304 -7.72 0.45 -0.02 -983.48 -206.71 1028.23 41.71 44.56 -44.56 
2049354 -5.37 0.27 0 -1345.79 -647.38 -185.18 37.81 34.96 -15.6 
2049404 -4.92 1.31 -0.55 -530.98 -713.35 -848.23 72.62 8.55 -10.8 
2049454 -3.08 0.88 -0.63 -521.4 -183.78 -930.98 72.32 -22.51 -26.56 
2049504 -3.26 1.19 -0.61 -678.48 256.34 -942.93 43.96 -34.66 -28.51 
2049555 -6.83 1.46 0.12 -1201.77 1305.49 -292.8 48.16 -9.75 -1.95 
2049604 -9.92 1.31 0.24 -1146.71 820.06 1067.13 67.37 32.71 -27.91 
2049645 -9.16 0.71 -0.16 -1208.23 -76.16 1118.78 43.66 43.96 -40.21 
2049695 -7.54 0.89 -0.16 -1399.88 -785.37 -239.45 43.81 32.26 -12.6 
2049744 -8.25 1.7 -0.18 -759.57 -713.54 -1064.76 77.27 1.05 -16.65 
2049794 -8.38 1.98 -0.47 -596.28 -434.63 -1313.66 55.81 -31.96 -44.26 
2049844 -10.9 1.51 -0.02 -1204.82 1054.15 -1010.49 19.8 -22.81 -20.26 
2049885 -13.72 2.12 0.53 -693.78 1662.44 -235.43 31.81 22.36 -7.95 
2049935 -9.43 1.28 0.9 -1225.85 958.96 855.3 30.31 40.96 -35.71 
2049976 -8.38 1.27 -0.27 -1586.46 -379.63 856.04 19.8 22.66 -13.65 
2050024 -9.05 1.62 -0.85 -1085.3 -1233.54 41.52 61.37 -5.7 -2.7 
2050074 -6.74 1.35 -1.03 -898.84 -957.32 -839.82 62.42 -31.21 -47.71 
2050124 -10.42 1.89 0.12 -1104.51 394.88 -1364.63 13.65 -20.26 -44.26 
2050165 -11.89 2.17 0.4 -765.43 1110.43 -1048.29 11.55 16.35 -23.26 
2050214 -8.84 1.8 0.75 -888.6 1303.96 -3.23 26.56 41.86 -42.61 
2050255 -7.01 1.25 0.4 -1072.87 700.12 823.41 11.25 24.76 -43.96 
2050304 -7.16 0.83 -0.43 -1300.61 -318.48 1027.8 17.1 -9.9 -9.15 
2050354 -5.5 0.65 -0.6 -1661.52 -821.28 -149.33 63.77 -27.46 -26.86 
2050404 -7.68 1.54 -0.51 -1067.2 -224.02 -1279.02 31.51 -29.41 -52.36 
2050454 -11.93 2.16 0.12 -519.57 767.2 -1274.45 6.6 7.35 -25.96 
2050495 -11.1 2.27 0.61 -700.98 1269.51 -737.68 26.41 40.21 -31.96 
2050545 -7.92 1.64 0.4 -1047.26 1003.41 580.24 19.8 30.31 -53.71 
2050594 -6.92 0.97 0.06 -1114.45 76.89 1096.4 8.25 -7.05 -24.31 
2050645 -6.56 0.9 -0.52 -1735.67 -736.04 367.99 53.26 -26.86 -16.8 
2050695 -6.86 1.09 -0.95 -1214.7 -609.09 -988.78 40.21 -30.91 -54.01 
2050745 -11.51 1.96 0.33 -504.21 536.28 -1372.99 4.65 -1.2 -36.31 
2050795 -10.77 2.23 0.45 -460.37 1036.83 -1020.61 27.46 38.71 -39.31 
2050845 -4.68 1.67 0.8 -755.49 1011.52 -110.91 31.96 33.16 -65.12 
2050895 -3.24 0.53 0.49 -678.05 492.99 594.39 13.35 4.65 -60.62 
2050945 -1.41 -0.07 0.87 -818.35 -12.01 563.35 12.3 -17.55 -36.01 
2050986 -1.64 -0.41 0.11 -1088.6 -418.05 99.27 21.31 -27.91 -23.41 
2051035 -2.54 0.05 -0.3 -879.39 -219.02 -678.54 23.86 -26.86 -16.05 
2051084 -6.05 1.02 0.05 -220.43 476.22 -886.65 23.26 0.6 -4.35 
2051125 -8.24 1.64 0.3 554.7 294.45 -970.61 19.05 19.8 -13.2 
2051175 -7.71 1.82 0.34 684.15 -759.21 -797.01 25.06 31.96 -17.25 
2051225 -11.12 1.29 -1.08 -59.88 -1400.37 -452.87 24.01 10.2 -9.15 
2051275 -8.07 1.59 -0.79 -303.29 -853.72 -944.09 34.51 -8.85 -2.25 
2051325 -7.19 1.54 -0.67 331.46 -907.68 -727.44 14.25 -16.35 -21.01 
2051366 -9.69 1.67 0.09 458.41 -1263.96 -78.29 10.65 -9 -51.61 
2051415 -11.63 1.77 -0.97 599.45 -1381.95 166.71 13.35 16.65 -61.22 
2051466 -12.13 1.6 -0.01 551.04 -760.67 1182.13 17.4 15.9 -61.67 
2051516 -10.13 1.14 0.1 402.13 -452.5 1312.26 25.51 2.85 -67.97 
2051565 -9.44 1.1 0.12 345 -210.79 1297.8 39.61 -4.05 -77.12 
2051615 -7.83 0.23 -0.13 1105.73 120.61 1130.98 68.87 3.9 -72.17 
2051665 -15.73 3.48 0.87 366.46 1483.66 657.8 81.92 17.85 -46.81 
2051715 -12.65 1.93 0.13 1065.37 1185.3 65.18 79.07 22.96 -42.61 
2051756 -11.75 2.14 0.14 1120.91 997.38 -816.22 76.97 11.7 -21.76 
2051806 -11.6 2.19 -0.05 666.16 526.4 -1300.3 60.02 7.2 -3.6 
2051855 -8.88 2.17 -0.01 757.38 212.74 -1264.33 41.71 9.15 1.5 
2051905 -8.89 1.6 -0.26 1336.28 -1095.49 -471.28 11.55 10.2 -16.95 
2051957 -12.26 2.33 -1.11 142.32 -1469.02 -322.07 6.45 5.4 -32.11 
2052006 -12.58 1.47 -0.69 881.52 -1285.73 884.57 16.35 -2.25 -61.22 
2052056 -11.85 2.42 0.17 1997.99 291.59 1324.94 68.27 6.3 -66.77 
2052105 -12.6 2.18 0.53 333.9 1097.26 1023.11 75.92 21.31 -56.56 
2052155 -6.93 1.35 0.03 1208.23 790.3 494.02 75.02 24.76 -52.06 
2052196 -14.69 3.15 -2 1018.23 636.46 -1216.22 79.82 18.15 -24.31 
2052245 -10.14 1.76 -0.09 970.98 602.13 -963.6 73.82 0.15 -13.2 
2052295 -9.4 1.69 0.03 1057.5 -13.78 -1233.48 38.86 -4.05 -2.25 
2052346 -11.17 1.88 -0.91 724.39 -970.24 -1093.17 10.35 7.05 -25.21 
2052396 -8.7 1.9 -1.13 443.11 -1047.44 -877.5 12.15 23.41 -23.86 
2052446 -7.45 0.93 -1 1115.43 -1128.11 196.83 7.95 18.15 -31.06 
2052496 -11.4 0.52 -0.23 422.93 -575.43 1396.95 28.36 -4.05 -74.57 
2052546 -11.4 2.22 0.42 1355.98 897.38 858.96 77.72 -6.45 -56.56 
2052596 -10.05 1.65 0.18 1176.1 1078.84 -265.49 67.67 8.25 -12 
2052646 -12.82 2.18 0.11 256.59 1197.56 -692.07 63.32 29.11 -14.85 
2052696 -11.13 1.79 0.45 761.22 787.32 -904.09 71.57 26.41 -23.11 
2052746 -11.07 1.28 -0.71 1524.76 -752.5 -1187.87 54.46 2.25 0.75 
2052795 -11.27 2.34 -0.75 1068.48 -1236.77 -915.49 13.05 -9.15 -19.8 
2052836 -11.47 1.45 -0.95 1314.45 -1512.32 154.33 17.1 -3.3 -62.72 
2052886 -12.17 3.2 -0.06 1997.99 587.68 973.48 75.92 20.86 -52.36 
2052936 -11.64 2.08 0.74 948.29 1169.88 562.74 70.97 27.61 -54.91 
2052978 -11.9 1.96 0.02 1101.89 1074.33 -185.12 80.27 18.75 -48.46 
2053026 -15.89 3.39 -1.72 1061.71 277.8 -1542.87 68.57 -2.1 -7.35 
2053076 -12.88 2.11 -0.47 949.09 -302.5 -1338.84 30.01 -4.2 -4.05 
2053126 -10.77 1.53 -1.29 1732.8 -1479.27 -425.12 8.85 6.3 -47.71 
2053176 -11.84 1.95 0.27 1910.3 -8.48 1400.85 56.26 24.91 -71.27 
2053226 -12.67 2.03 0.06 833.54 1073.05 843.66 67.22 20.11 -68.42 
2053276 -13.27 1.68 -0.89 1770.61 788.48 -655.49 84.62 5.25 -35.11 
2053326 -12.09 2.24 0.25 1065.91 859.45 -983.35 65.57 -1.95 -8.1 
2053376 -11.28 2.1 -0.15 1019.76 102.93 -1301.95 34.06 4.8 -3 
2053426 -12.19 1.69 -1.07 1431.52 -1358.11 -688.41 9.6 17.25 -31.21 
2053476 -9.45 1.23 -1.33 1555.91 -1245.43 629.82 9.45 17.4 -54.91 
2053526 -9.36 1.44 -0.06 1997.99 430.55 1021.1 56.26 5.25 -77.57 
2053576 -13.94 0.93 0.06 371.65 1361.34 818.84 81.92 3.15 -49.96 
2053626 -12.58 2.01 0.4 1182.13 1213.78 -342.32 74.27 8.7 -16.95 
2053676 -11.83 2.12 -0.49 1298.11 173.17 -1268.72 43.36 16.65 -2.25 
2053726 -10.82 2.05 -0.49 631.34 -288.66 -1315.24 39.31 18.9 -3.9 
2053776 -7.94 3.31 -0.65 1090.37 -919.7 -1039.27 23.11 9.15 -5.55 
2053817 -16 0.98 0.42 1324.94 -1485.24 716.83 6.9 -7.05 -41.86 
2053867 -11.31 1.48 -0.06 1705.55 -715.67 1234.02 39.46 -3.6 -76.97 
2053917 -10.86 2.34 0.17 1897.07 1061.71 220.55 78.92 9.15 -29.86 
2053968 -12.22 2.23 0.13 427.2 1222.07 -603.72 69.02 25.21 -18.6 
2054016 -11.64 1.96 0.12 528.6 1225 -789.02 76.97 24.16 -26.56 
2054057 -8.7 3.29 1.31 1233.29 688.84 -972.01 73.22 13.35 -13.8 
2054106 -11.14 1.72 -0.61 326.22 -304.94 -1353.35 38.26 -5.85 -0.75 
2054157 -8.7 1.25 -1.06 1169.94 -1191.46 -615.67 9 -5.85 -30.01 
2054207 -7.48 1.15 -1.22 1997.93 -741.71 1061.46 54.61 8.25 -76.37 
2054257 -10.13 0.83 -0.02 -113.17 1246.4 586.77 75.32 27.61 -46.21 
2054307 -11.85 1.95 0.41 762.32 1386.83 82.13 78.17 23.86 -49.06 
2054357 -14.91 1.99 -1.15 1791.83 -25.98 -1220.43 73.97 7.2 -9.6 
2054407 -11.72 1.91 -0.6 1103.84 -583.48 -1231.46 33.16 -4.8 -2.55 
2054457 -10.59 1.4 -1.47 1955.37 -1582.74 -88.84 13.35 0.3 -56.71 
2054507 -13.7 4 0.86 1997.99 1118.41 665.24 80.42 22.51 -41.56 
2054557 -13.05 1.97 0.19 952.74 1309.02 420.85 76.67 27.46 -50.56 
2054607 -11.48 1.34 -0.67 1917.13 374.39 -847.07 79.52 13.65 -25.51 
2054656 -12.15 2.25 0.03 991.28 106.59 -1396.22 54.46 -4.65 -0.3 
2054697 -12.5 2.15 -0.88 1361.04 -858.23 -1217.07 16.35 -5.55 -14.1 
2054746 -9.92 1.48 -1.4 1997.93 -1250.91 891.04 37.66 9.9 -77.27 
2054787 -12.71 1.7 0.19 303.23 1066.22 972.56 72.62 25.96 -55.51 
2054837 -13.69 2.17 0.33 768.35 1368.23 523.05 74.27 22.96 -58.06 
2054878 -15.91 2.17 -1.39 1809.27 557.26 -976.04 82.37 10.8 -26.86 
2054928 -11.97 2.39 -0.18 1151.59 360.85 -1286.95 59.86 -4.2 -3.45 
2054969 -10.56 2.25 -0.65 1454.33 -461.83 -1314.15 22.36 -0.3 -9.75 
2055018 -11.68 1.41 -0.77 1997.93 -1488.29 684.02 23.56 14.55 -71.87 
2055067 -12.27 2.08 0.49 1114.57 527.56 1418.35 53.86 23.26 -71.42 
2055108 -11.13 1.99 3.32 1382.68 1078.41 839.94 68.12 16.65 -66.47 
2055157 -12.75 1.66 0.65 594.88 1408.05 -471.89 84.32 3.45 -30.91 
2055207 -11.43 2.14 0.07 1211.89 492.01 -1227.13 52.21 -3.15 -3.45 
2055257 -10.33 1.54 -1.43 1997.93 -1365 -645.79 6 9.15 -38.26 
2055307 -11.25 2.08 0.09 1467.13 337.93 1321.4 65.12 23.26 -66.92 
2055357 -13.27 1.92 0.3 1017.13 1022.74 883.78 67.52 21.61 -66.02 
2055398 -16 3.38 -1.8 1724.88 724.51 -809.45 84.47 9.75 -35.26 
2055448 -13.16 2.3 -0.62 1198.17 588.6 -1117.93 66.47 -4.65 -7.95 
2055497 -11.44 2.05 -1.28 1997.93 -812.26 -1172.62 13.05 2.55 -20.11 
2055538 -10.79 3.86 -1.36 1997.93 -501.89 1248.96 65.42 12.15 -70.97 
2055588 -12.43 2.25 0.42 1232.68 876.59 925.37 69.32 26.41 -60.77 
2055637 -9.38 1.25 0.53 1346.89 1093.78 343.72 75.62 18.3 -55.06 
2055687 -13.88 3.04 -0.32 592.44 941.34 -1035.67 78.17 0.15 -18.15 
2055737 -13.28 2.15 -0.38 877.01 191.52 -1351.34 43.96 -7.35 -2.85 
2055787 -10.14 1.3 -2.32 1997.93 -1654.39 -187.44 14.85 8.25 -59.56 
2055828 -13.23 2.3 0.71 615.85 987.8 1068.29 73.82 27.16 -54.46 
2055878 -14.64 2.28 -0.28 617.2 1193.96 691.22 68.42 25.81 -63.32 
2055928 -12.81 1.86 -0.58 1881.52 632.26 -798.6 83.27 7.35 -33.31 
2055979 -11.86 2.17 0.08 1168.11 632.8 -1090.06 64.82 -5.85 -7.8 
2056028 -11.43 1.93 -1.01 1556.16 -489.27 -1254.7 18.15 -0.45 -14.55 
2056078 -8.43 3.49 -1.26 1997.93 -518.84 1071.77 64.22 16.5 -67.82 
2056128 -7.32 1.32 0.44 1008.48 508.96 939.76 60.02 29.11 -65.42 
2056177 -6.43 0.84 0.47 421.65 661.71 811.52 57.01 23.41 -72.32 
2056228 -4.62 0.24 0.73 392.38 583.35 666.59 60.02 12.3 -75.32 
2056278 -2.51 -0.42 0.99 457.5 332.5 431.77 70.07 9.6 -68.42 
2056328 -1.31 -0.74 1.16 279.57 93.41 158.17 77.87 11.55 -59.86 
2056378 -1.29 -0.66 1.2 -12.32 -76.28 -12.2 78.62 14.85 -57.76 
2056428 -2.05 -0.19 0.06 -25.18 -507.07 -80.91 78.32 15.3 -55.21 
2056478 -1.84 -0.26 0.64 -485.24 -340.24 -313.66 75.62 15.75 -60.32 
2056528 -3.42 0.52 -0.16 -355.85 -690.55 -435 70.52 16.5 -64.97 
2056578 -6.5 1.3 -0.33 -411.22 -848.6 -734.02 68.27 19.35 -67.37 
2056628 -11.75 2.67 0.53 -360.3 -1107.01 -1451.65 69.17 19.95 -65.12 
2056669 -16 2.98 -0.25 429.21 -1624.15 -450.06 80.72 12.45 -39.31 
2056718 -16 3.3 -1.04 -72.93 -1773.05 227.62 81.62 10.2 -29.56 
2056768 -14.15 1.92 -1.21 -947.13 -1295.37 -35.91 83.72 10.2 -45.46 
2056818 -11.68 1.8 -1.02 -164.7 -1409.15 -33.66 79.37 15.9 -51.76 
2056868 -8.36 1.58 -1 -294.15 -1246.71 60.85 77.87 24.76 -38.71 
2056918 -5.25 0.78 -1 -677.68 -742.07 -94.63 77.87 19.95 -34.96 
2056959 -7.68 1.44 0.38 -590.49 -201.34 -591.4 78.32 9 -51.46 
2057008 -6.5 1 -0.02 -194.02 -685.18 -320.73 77.42 7.8 -57.61 
2057058 -8.29 1.11 0.44 -308.17 -769.88 -673.11 76.52 10.2 -62.72 
2057108 -10.4 2 -0.39 -566.4 -930.67 -758.41 72.17 14.55 -66.92 
2057158 -9.53 1.88 -0.08 -344.88 -618.11 -997.38 62.42 15.75 -73.07 
2057208 -9.29 1.83 -0.34 14.88 -747.74 -921.22 68.27 19.35 -67.82 
2057258 -9.68 1.69 -0.43 -620.73 -272.56 -1006.95 67.52 9.6 -66.32 
2057309 -15.1 2.62 -1.32 479.82 -989.7 -1191.46 63.17 1.2 -74.42 
2057358 -14.38 2.77 -0.65 -478.66 -912.01 -1120.91 62.42 15 -74.12 
2057399 -12.44 1.54 -0.08 -1018.96 190.98 -1237.26 45.31 12.15 -78.62 
2057449 -11.09 2.09 0.12 138.54 230.12 -1314.33 35.86 8.55 -78.32 
2057499 -9.3 1.84 -0.04 -155.49 66.59 -1172.74 45.01 12.15 -78.62 
2057548 -7.26 1.31 -0.06 -569.51 516.1 -794.76 33.61 3.45 -73.07 
2057598 -11.93 1.91 0.66 491.34 113.72 -1289.57 29.86 -3.75 -73.52 
2057649 -10.7 2.28 0.19 -112.13 291.77 -1311.71 27.31 11.25 -74.27 
2057699 -6.96 1.79 -0.08 -1061.1 814.45 -603.17 15.6 11.25 -65.42 
2057749 -8.59 0.8 0.32 246.28 1132.56 -198.35 6 -0.3 -44.56 
2057799 -7.35 1.3 -0.07 -172.26 1111.52 135.37 5.1 0.3 -36.01 
2057849 -7.03 1.17 0.21 -1200.98 850.06 735.24 19.2 1.35 -10.95 
2057898 -13.36 2.3 -1.31 1997.99 -797.2 442.74 80.12 6.15 -41.86 
2057939 -13.25 2.57 -0.57 -798.66 -1220.61 -604.45 73.22 16.65 -65.42 
2057980 -12.71 2.65 -0.58 -920.12 -837.68 -992.62 67.67 23.26 -68.72 
2058029 -13.55 1.07 0.18 -1092.99 756.71 -1049.76 39.91 8.55 -78.32 
2058078 -10.31 1.49 0.17 -454.39 771.16 -1026.71 27.46 -0.3 -73.37 
2058129 -9.81 1.68 0.07 -287.13 812.8 -909.21 18.75 -0.3 -67.07 
2058179 -12.72 1.56 -0.12 -53.96 1062.87 -714.21 12.45 -0.6 -54.76 
2058229 -15.24 2.08 0.21 -286.89 1414.21 -525.43 6.6 8.55 -46.66 
2058279 -9.46 1.8 0.41 -846.22 1165.91 294.09 6.15 8.7 -33.46 
2058328 -9.8 1.44 -0.01 -101.22 810.24 986.77 18.9 -3.3 -9.15 
2058369 -8.61 1.39 -0.17 -448.17 437.5 1025.37 34.96 0 0 
2058419 -7.49 1.05 -0.51 -1370.49 2.32 1023.84 61.52 11.55 -5.7 
2058469 -10.96 0.59 0.31 1997.99 -225.67 -780.91 68.27 12.9 -65.72 
2058510 -12.24 1.84 -1.27 -446.77 -772.01 -1003.6 59.86 12.45 -73.82 
2058559 -12.66 2.25 -0.33 -880.12 7.62 -1318.54 48.76 14.55 -77.72 
2058609 -11.15 1.81 0.12 -815 861.28 -989.39 25.96 1.95 -72.32 
2058659 -9.62 1.66 0.31 -547.93 1201.22 -492.32 8.1 -4.2 -48.76 
2058709 -9.12 1.43 0.21 -954.21 1282.32 295.55 10.8 3.9 -19.8 
2058759 -10.56 1.8 -0.25 -1985 189.09 1038.29 48.16 9.9 -3.75 
2058800 -13.52 2.32 -0.89 -1104.76 -1088.35 488.78 79.82 13.8 -30.61 
2058849 -14.04 2.46 -0.73 -1151.1 -1136.59 -637.8 79.07 17.4 -57.01 
2058890 -12.35 2.17 -0.15 -1136.28 -317.13 -1230.43 61.22 10.5 -76.07 
2058939 -11.07 1.99 0.25 -740.98 559.02 -1241.83 29.86 0.6 -75.62 
2058980 -10.75 1.71 0.29 -685.91 961.83 -925.37 13.8 2.85 -61.97 
2059030 -9.92 1.76 0.25 -1207.32 1372.13 -85.98 8.25 2.85 -35.56 
2059080 -14.83 2.4 -1.12 -1268.72 283.11 1323.9 39.16 5.25 -0.3 
2059130 -13.79 2.13 -0.82 -1629.88 -679.57 987.2 72.47 12.3 -12.75 
2059179 -10.99 1.8 -0.83 -1747.13 -887.56 -536.77 77.27 13.05 -60.62 
2059220 -11.17 1.97 0.11 -1142.01 -18.84 -1299.57 43.06 7.8 -79.67 
2059269 -11.13 2.02 0.2 -682.93 743.17 -1134.76 21.61 7.05 -69.92 
2059310 -11.59 1.96 0.2 -1197.2 1381.95 -380.91 11.7 2.25 -49.51 
2059360 -15.16 2.32 -0.28 -1093.23 806.34 1263.17 30.01 1.2 -1.35 
2059410 -14.29 2.18 -0.77 -1700.24 -500.79 1139.09 69.62 10.8 -8.85 
2059460 -12.71 2.19 -0.5 -1926.89 -884.76 -637.93 74.72 12.3 -65.87 
2059509 -12.21 2.31 0.08 -809.21 -94.45 -1339.7 39.91 14.7 -78.02 
2059550 -11.39 2.13 0.05 -723.9 499.63 -1250.37 33.76 14.85 -75.32 
2059600 -11.61 2.12 0.17 -1341.65 1310.67 -382.5 13.35 0.6 -54.91 
2059650 -12.5 1.95 0.09 -1090.12 989.39 1010 22.36 -3.15 -7.35 
2059700 -12.73 2.2 -0.93 -1827.74 -449.51 1043.05 73.37 7.05 -10.5 
2059750 -12.54 2.44 -0.57 -1575.91 -1035.73 -351.71 75.17 15.75 -62.57 
2059799 -11.09 1.82 -0.38 -1062.62 -467.38 -1087.07 53.26 22.66 -72.62 
2059840 -12.25 2.36 -0.01 -731.77 156.4 -1360.24 52.06 16.65 -73.22 
2059890 -12.27 2.13 0.27 -1136.1 1156.28 -810.85 24.76 -4.05 -69.02 
2059940 -14.37 2.2 -0.39 -1754.39 1349.57 813.96 18 -13.35 -9.75 
2059981 -13.7 2.01 -0.62 -1555.12 10.12 1360.79 66.32 6.45 -7.5 
2060030 -12.74 2.34 -0.9 -1453.17 -1104.15 242.74 77.27 24.76 -49.36 
2060080 -12.89 2.12 -0.33 -1041.4 -869.57 -869.88 68.57 29.71 -57.61 
2060121 -11.89 2.38 -0.16 -712.8 -422.87 -1263.41 73.22 15.9 -61.97 
2060169 -9.9 1.98 0.09 -1159.02 673.29 -1087.74 43.36 -7.8 -75.02 
2060210 -11.82 1.48 0.07 -1531.65 1431.34 -263.96 11.4 -21.01 -36.46 
2060260 -10.71 1.53 -0.25 -1443.72 732.68 1069.51 50.56 7.65 -0.75 
2060310 -10.19 1.56 -0.59 -1300.37 -460.91 956.1 71.57 31.51 -27.31 
2060360 -10.45 1.72 -0.57 -1416.83 -906.34 -134.76 69.17 36.01 -37.06 
2060410 -9.19 1.84 -0.32 -1101.71 -457.26 -947.2 77.72 20.56 -50.86 
2060460 -9.42 1.89 0.06 -870.73 318.35 -1230.61 59.41 -9.6 -71.12 
2060510 -11.74 1.61 0.17 -1411.95 1401.71 -452.07 14.7 -24.01 -40.36 
2060560 -12.85 1.72 -0.2 -1298.78 1051.22 1035.12 46.21 6.45 0.6 
2060610 -11.3 1.57 -0.38 -1310.06 -16.22 1195.43 59.71 34.21 -20.41 
2060651 -11.47 1.7 -0.58 -1651.59 -832.07 432.87 60.32 37.96 -24.16 
2060700 -11.33 2.15 -0.42 -1254.88 -821.34 -798.84 80.42 17.85 -35.56 
2060750 -10.33 1.89 -0.1 -1237.8 289.02 -1322.32 59.71 -12.9 -65.87 
2060791 -13.87 1.81 0.15 -1386.1 1382.68 -795.55 16.65 -26.71 -39.76 
2060841 -13.7 2.03 0.18 -1036.4 1423.54 654.76 36.31 12.3 -1.8 
2060891 -11.64 1.66 -0.15 -1313.6 317.38 1232.07 45.91 36.31 -16.2 
2060940 -12.04 2.22 -0.71 -1553.11 -930 321.83 59.86 28.21 -11.1 
2060981 -8.71 1.72 -0.82 -1539.57 -741.46 -571.95 82.07 12.45 -29.11 
2061030 -9.44 1.62 -0.04 -1157.32 220.49 -1238.54 58.66 -15.75 -66.47 
2061071 -13.55 1.96 -0.04 -1337.26 1237.74 -902.32 14.85 -25.66 -40.51 
2061121 -15.65 2.33 -0.01 -1205.49 1529.88 545.06 32.26 14.25 -4.8 
2061170 -11.88 1.56 -0.18 -1398.35 386.83 1222.74 41.11 36.01 -15.6 
2061211 -13.19 2.41 -0.37 1997.99 -806.52 259.57 58.81 30.31 -11.85 
2061261 -10.84 1.73 -0.47 -1613.29 -710.55 -693.11 84.17 8.25 -36.31 
2061311 -10.16 1.93 -0.28 -1103.17 -55.55 -1253.17 57.01 -15.15 -68.87 
2061361 -15.06 1.93 0.23 -1045.73 1322.13 -846.95 8.55 -14.85 -35.41 
2061411 -15.09 2.25 0.28 -982.13 1556.4 421.95 24.16 22.66 -11.1 
2061461 -11.84 1.82 -0.22 -1497.44 262.38 1164.7 34.06 30.01 -11.1 
2061511 -12.17 2.15 -0.76 -1433.17 -994.94 429.63 66.32 17.1 -6 
2061561 -10.05 1.85 -0.39 -1440.79 -756.4 -812.13 81.62 -4.05 -48.31 
2061610 -12.69 2.12 0 -1147.38 420.98 -1363.66 31.51 -19.5 -66.32 
2061651 -16 2.54 0.15 -550.06 1141.77 -1109.57 1.35 -0.45 -40.21 
2061701 -12 1.93 0.49 -1074.15 1501.4 -36.4 16.2 27.76 -26.56 
2061751 -10.97 1.87 -0.35 -1549.15 434.45 1021.16 19.95 25.06 -14.85 
2061801 -10.54 1.48 -0.73 -1536.46 -636.77 853.96 52.06 6.9 0 
2061851 -9.75 1.68 -0.74 -1829.51 -815.85 -573.23 78.32 -7.05 -47.26 
2061901 -15.09 2.23 -0.02 -1087.8 403.54 -1459.82 22.51 -17.25 -64.07 
2061952 -16 2.96 0.36 -620.55 1096.28 -1280 8.1 17.25 -45.31 
2062001 -12.18 2.17 0.53 -1323.29 1500.06 29.27 13.2 27.46 -44.26 
2062051 -12.72 1.9 -0.91 -1775.06 178.72 1223.05 22.51 6.9 -5.4 
2062100 -9.62 1.76 -0.8 -1814.51 -836.1 242.74 76.07 -5.25 -19.8 
2062141 -9.64 1.54 -0.46 -1407.01 -598.54 -944.09 66.47 -11.25 -66.02 
2062191 -16 2.24 0.43 -718.84 427.38 -1437.38 15.45 -4.95 -64.67 
2062241 -13.38 2.48 0.29 -726.71 889.33 -1196.4 13.95 26.41 -54.76 
2062282 -10.52 1.83 0.22 -940.61 1268.23 -314.21 15.75 25.66 -53.41 
2062331 -9.7 1.35 -0.24 -1138.66 1018.78 723.9 6.3 4.8 -31.96 
2062381 -7.77 1.18 -0.52 -1716.1 -86.4 946.52 45.16 -6.6 -0.75 
2062431 -9.3 1.5 -0.52 1997.99 -738.48 -620.67 74.87 -9 -55.06 
2062481 -15.35 2.38 0.16 -607.93 -80.43 -1471.83 22.51 -2.7 -72.92 
2062531 -14.25 2.84 -0.04 -735.67 476.65 -1490.18 21.31 24.91 -62.12 
2062572 -12.42 2.06 0.02 -1062.32 1240.24 -577.74 19.95 26.11 -61.97 
2062621 -10.37 1.54 0.21 -1039.15 1340.43 375.43 7.65 1.05 -45.46 
2062672 -9.4 1.53 -0.5 -1946.65 245.55 1069.63 37.96 -14.1 -3 
2062721 -11.32 1.15 -0.52 1997.99 -557.93 -783.9 64.22 -11.25 -66.02 
2062762 -16 2.95 -0.89 -283.48 -478.72 -1497.07 26.11 1.8 -76.67 
2062811 -16 3.06 0 -744.15 454.09 -1571.83 24.01 28.06 -64.37 
2062861 -13.2 1.75 0.05 -1189.21 1391.89 -344.63 18.3 17.25 -65.27 
2062911 -10.65 1.54 0.06 -1250.85 1206.95 663.41 6.9 -10.35 -32.41 
2062952 -8.39 1.21 -1.76 -1998.05 113.23 874.27 58.21 -11.7 -8.1 
2062993 -11.39 -0.73 0.23 -1998.05 860.24 -1102.62 40.06 -20.11 -65.12 
2063042 -15.32 1.57 0.11 -607.44 432.87 -1351.1 10.2 2.1 -60.92 
2063091 -14.45 2.64 0.34 -476.34 604.33 -1357.07 21.46 28.36 -60.92 
2063141 -8.62 1.54 -0.29 -1091.4 1146.1 -171.95 20.56 20.56 -63.92 
2063192 -6.11 0.92 0.35 -920.67 1016.22 478.96 7.2 -4.8 -39.76 
2063242 -4.26 0.45 -0.76 -1998.05 165.06 652.44 44.56 -14.4 -3 
2063291 -6.01 -1.67 -1.5 -1998.05 1736.95 -230.3 37.81 -29.56 -55.21 
2063332 -2.42 0.87 1.59 92.26 692.62 -217.62 31.51 -26.86 -17.1 
2063381 -7.19 1.2 -0.12 163.78 731.83 -509.27 20.71 -12.9 -12.75 
2063432 -11.49 2.2 -0.21 -151.71 1207.87 -115.85 20.71 20.71 -15.15 
2063481 -8.86 1.44 0.94 -1016.1 1212.44 483.54 18 34.06 -33.31 
2063531 -10.7 2.57 -1.24 -1489.51 -817.5 791.1 29.71 7.8 -1.35 
2063572 -7.73 1.11 0.04 -1137.07 -572.38 714.63 60.92 -6.45 -3.75 
2063622 -6.04 1.4 -0.86 1997.99 -487.62 -408.6 74.87 -9.75 -56.11 
2063672 -6.62 0.68 0.43 -1654.45 1040.79 -562.44 11.4 -16.65 -38.86 
2063721 -9.35 1.56 -0.12 -456.28 1046.71 34.27 17.25 -1.65 -15.3 
2063762 -14.49 2.84 0.2 -311.83 1359.27 436.28 21.31 19.05 -11.55 
2063812 -16 2.34 0.44 -426.28 1239.51 1117.32 10.65 19.05 -26.56 
2063862 -11.71 2.33 -0.42 -1550.18 -349.33 1026.65 30.61 -7.05 -1.2 
2063912 -9.65 1.37 -1.19 -1935.91 -846.46 415.43 78.32 -12.15 -40.21 
2063953 -8.72 1.2 -0.5 -1998.05 247.26 -1108.78 29.41 -12.15 -68.72 
2064002 -9.45 1.87 0.27 -443.41 758.9 -914.02 9.6 6.3 -40.36 
2064052 -10.81 2.35 0.21 -822.5 1124.57 -140.24 15.45 28.51 -27.31 
2064102 -13.5 2.18 0.66 -427.2 1116.59 855.91 9.6 20.86 -39.31 
2064152 -10.41 1.74 -0.17 -1030.12 69.33 1131.77 15.45 -13.05 -13.2 
2064203 -9.65 1.46 -0.45 -1192.74 -508.54 961.04 65.57 -23.41 -21.91 
2064252 -9.54 2.05 -0.87 1997.99 -764.57 -470.67 51.76 -7.05 -75.62 
2064302 -10.85 1.79 0.46 -759.27 535.06 -1127.8 8.7 14.55 -46.81 
2064352 -13.3 1.91 -0.69 -845.73 1196.1 -189.09 16.5 32.26 -40.06 
2064393 -16 2.51 0.2 -350.3 1464.7 314.15 15.3 21.01 -54.16 
2064443 -11.16 1.6 0.27 -573.48 1013.35 805.49 8.85 -15.6 -42.46 
2064493 -9 1.31 -0.29 -848.54 345.12 1076.71 44.41 -29.56 -14.1 
2064543 -9.39 1.55 -0.46 -1304.45 -562.99 781.4 82.37 -6.6 -41.56 
2064592 -8.4 1.51 -0.89 -1703.41 -816.59 -168.29 55.66 19.95 -72.47 
2064633 -9.08 1.5 -0.54 -1155.73 -236.52 -938.23 37.36 30.31 -68.87 
2064683 -13.99 1.75 0.34 -602.32 741.77 -1114.88 37.36 29.71 -69.17 
2064732 -11.54 2.09 0.27 -313.23 894.51 -954.45 42.61 7.65 -78.17 
2064783 -7.81 1.51 0.29 -623.54 1062.07 -263.17 24.16 -22.51 -59.71 
2064833 -8.15 1.25 -0.08 -969.33 1079.51 577.44 31.66 -27.46 -14.1 
2064882 -7.84 1.12 -0.5 -1579.76 152.62 1015.98 76.97 6.3 -21.76 
2064923 -7.02 0.86 -0.86 -1877.44 -505 363.17 70.22 26.56 -57.76 
2064964 -8.08 1.31 -0.5 -1308.54 -480.37 -610.24 55.36 30.16 -66.92 
2065013 -13.7 2.11 0.24 -575.06 159.94 -1289.15 49.66 28.96 -69.17 
2065062 -12.88 2.28 0.1 -404.82 452.68 -1253.05 56.56 8.55 -75.47 
2065103 -10.25 1.87 0.37 -453.41 781.1 -997.26 40.36 -13.95 -73.52 
2065152 -8.58 1.33 0.14 -644.76 1144.15 -362.07 14.7 -24.01 -39.31 
2065202 -9.38 1.15 0.1 -1055.91 1209.82 466.77 31.96 -0.75 -1.8 
2065243 -7.8 0.76 -0.09 -1596.71 599.45 935.24 55.81 25.21 -8.7 
2065293 -9.47 1.68 -0.34 -1665.98 -589.27 298.17 71.27 33.31 -30.46 
2065343 -13.82 2.2 -0.22 -1018.17 -979.76 -668.66 76.37 28.51 -45.91 
2065392 -11.13 2.22 -0.65 -868.29 -714.63 -1012.44 80.72 7.8 -54.76 
2065442 -8.96 1.51 -0.19 -965.18 328.23 -1075.06 50.26 -15.45 -72.17 
2065483 -9.96 1.63 0.33 -680.3 931.95 -962.13 15.6 -20.86 -51.46 
2065533 -9.72 1.42 0.27 -461.46 1205.85 -238.66 10.5 3.6 -19.8 
2065583 -8.85 1.6 0.3 -1278.84 1019.02 538.66 25.51 23.56 -13.5 
2065624 -13.88 2.67 -0.75 -1407.62 -76.59 1180.61 42.01 26.41 -6.6 
2065673 -15.52 2.37 -0.96 -878.84 -734.94 1187.5 48.91 12.45 0.15 
2065723 -9.35 1.53 -0.85 -1623.41 -921.1 27.56 82.07 -2.1 -28.06 
2065773 -9.72 1.88 0.31 -1369.94 -97.44 -1170.98 49.36 -15.6 -71.27 
2065823 -9.32 1.5 0.45 -1253.11 1087.56 -782.26 6.15 -5.25 -38.71 
2065873 -7.6 0.85 -0.04 -1936.71 976.04 643.54 40.06 21.01 -6.45 
2065923 -10.7 2.11 -0.25 -1379.02 -416.28 791.16 58.96 31.66 -14.1 
2065964 -12.66 2.05 -0.73 -743.96 -922.62 799.39 57.76 27.16 -9 
2066013 -9.31 1.47 -0.81 -787.26 -982.2 410.12 69.17 9 -6 
2066064 -5.08 0.75 -0.84 -1166.22 -597.8 -283.48 82.67 -3 -41.86 
2066113 -5.63 1.37 0.49 -692.01 -138.41 -871.04 56.11 -16.05 -69.77 
2066163 -3.76 1.14 -0.16 -605.85 103.35 -850.3 22.21 -9.9 -69.02 
2066213 -4.23 1.17 0.17 -620.06 443.41 -687.38 10.2 4.35 -53.86 
2066263 -5.88 1.18 0.24 -800.73 921.16 -311.04 10.2 13.35 -35.26 
2066313 -8.45 1.39 0.12 -1116.28 1019.76 527.2 16.65 24.01 -16.2 
2066363 -9.58 1.33 -0.2 -1163.41 276.71 1024.33 27.16 19.35 -6.6 
2066404 -7.23 0.83 -0.66 -1420.06 -440.24 621.22 51.31 13.8 0.3 
2066453 -6.33 1.15 -0.42 -1269.63 -701.16 -362.44 85.07 -4.2 -36.76 
2066494 -5.64 1.22 -0.33 -1162.8 -213.11 -910.85 61.97 -13.95 -70.07 
2066543 -4.54 1.3 -0.1 -548.84 213.9 -944.57 23.41 -12.3 -67.07 
2066594 -6 1.39 0.05 -254.15 339.09 -826.52 11.7 4.8 -56.86 
2066643 -6.19 1.68 -0.1 -497.87 726.95 -695.67 11.25 16.65 -52.51 
2066684 -10.59 0.95 -0.18 -655.67 1281.59 -43.9 8.7 17.85 -44.41 
2066733 -11.56 1.57 0.38 -468.48 1384.94 283.35 6.15 12 -42.31 
2066783 -8.44 1.1 0.27 -687.01 932.62 775 7.05 -7.5 -20.26 
2066824 -5.48 0.45 0.06 -1014.7 339.21 914.76 36.31 -10.95 -0.75 
2066873 -3.15 0.16 -0.79 -1696.16 -237.87 465.61 82.07 0.9 -28.06 
2066923 -2.15 0.45 -0.43 -1018.66 -357.93 -302.2 68.87 6.45 -71.12 
2066965 -2.04 0.74 -0.31 -539.45 -351.34 -490.12 52.06 11.25 -78.47 
2067014 -2.13 0.8 -0.38 -383.17 -258.84 -528.11 43.06 20.86 -76.22 
2067064 -2.19 0.93 -0.36 -273.54 -247.56 -549.27 40.51 26.41 -70.97 
2067113 -2.13 1.03 -0.36 -275.3 -191.65 -458.9 46.81 31.51 -67.07 
2067154 -1.93 1.09 -0.33 -235.73 -141.65 -410 49.51 34.21 -64.37 
2067203 -1.24 1.12 -0.44 -190 -66.89 -297.8 52.66 33.31 -63.17 
2067244 -1.04 0.95 -0.42 -167.99 -17.68 -163.84 55.36 33.76 -63.02 
2067294 -1.12 0.84 -0.18 -79.94 11.22 -69.27 54.76 33.31 -64.22 
2067344 -1.27 0.84 0.02 12.07 11.4 -11.52 55.66 32.41 -64.82 
2067393 -1.31 0.94 -0.17 8.54 -2.07 32.38 53.56 31.96 -64.37 
2067434 -2.02 0.93 -0.11 63.35 57.99 19.21 54.31 33.76 -64.82 
2067483 -2.16 0.94 -0.27 110.55 163.29 116.71 52.21 30.76 -69.47 
2067534 -2.13 1.15 0.03 174.09 316.59 398.54 53.86 24.76 -71.12 
2067584 -4.46 1.08 0.34 110.37 185.3 831.4 48.16 20.11 -73.07 
2067634 -9.49 1.22 0.23 -550.12 -334.39 1285.79 27.61 19.65 -71.12 
2067684 -9.4 1.08 0.06 309.33 -561.52 1268.96 14.85 3.15 -63.32 
2067734 -16 2.07 0.29 -823.23 -533.29 1701.4 32.26 -13.35 -73.37 
2067783 -16 2.23 -0.6 22.87 -751.34 1456.04 40.96 4.8 -78.62 
2067824 -16 2.49 -0.97 -16.46 -600.24 1351.22 36.76 12.75 -75.32 
2067874 -14.06 1.82 -0.25 -394.15 -885.3 1087.07 15.6 14.1 -58.81 
2067924 -9.18 1.1 -0.61 95.91 -855.12 810.3 7.95 -0.45 -52.81 
2067965 -6.58 0.79 -0.46 590.18 -589.39 708.66 20.11 -6.75 -67.37 
2068014 -8.44 1.49 0.06 316.16 -210.18 985.37 44.26 -6.75 -79.07 
2068064 -13.08 2.37 -0.42 187.74 -226.1 1306.4 52.66 6.3 -79.07 
2068114 -13.23 1.79 0.2 297.93 168.72 1388.66 52.81 13.35 -75.02 
2068155 -14.54 1.81 -0.27 -680.79 -87.13 1523.41 39.46 15.75 -74.42 
2068204 -10.67 0.98 -0.37 150.24 -450 1277.68 22.36 6.6 -72.02 
2068254 -6.75 0.9 -0.22 601.28 -69.15 910.43 40.36 0 -76.67 
2068304 -10.09 1.13 -0.1 192.2 97.07 1304.57 56.11 -0.45 -77.72 
2068354 -13.31 1.7 -0.23 619.33 337.32 1325.55 66.62 13.05 -71.42 
2068404 -10.87 1.7 0.51 561.89 911.89 943.72 75.62 15 -61.37 
2068454 -9.85 0.48 -0.72 -717.62 848.48 1161.59 66.32 21.76 -65.12 
2068504 -7.57 0.87 0.31 234.09 420.61 1058.41 54.46 14.25 -76.52 
2068554 -4.35 -0.41 0.25 706.04 231.1 773.78 60.62 8.55 -75.92 
2068595 -6.21 1.18 0.38 303.84 586.83 595.91 72.77 9.45 -67.97 
2068644 -4.56 0.05 0.19 873.96 575 216.16 82.67 13.05 -50.71 
2068694 -8.46 0.82 -0.19 899.33 999.94 119.45 82.52 13.2 -39.61 
2068744 -6.11 1.09 0.8 847.26 976.04 -347.56 78.32 10.5 -24.01 
2068795 -6.42 0.76 1.31 424.76 1021.28 -621.4 65.87 14.55 -12 
2068845 -7.66 1.46 0.32 216.1 892.99 -600.85 69.02 21.61 -13.2 
2068895 -5.55 1.14 1.46 626.65 777.32 -501.59 71.87 24.16 -17.1 
2068944 -4.6 0.84 0.83 979.94 -154.45 -687.2 59.71 16.35 -3.6 
2068986 -11.56 1.68 -2.26 416.34 -1064.02 -1092.38 33.46 -3.3 2.4 
2069034 -7.43 1.7 -0.5 567.93 -775.06 -876.65 14.85 -4.05 -11.7 
2069085 -7 1.29 -1.3 1867.2 -1368.05 158.84 12.15 2.7 -56.56 
2069135 -6.97 0.95 0.39 993.9 575.85 981.04 73.22 18.45 -59.56 
2069185 -7.15 0.79 0.33 441.77 723.54 700.73 69.92 25.06 -60.92 
2069235 -5.1 -0.24 0.37 845.18 769.45 280.73 74.42 21.31 -55.51 
2069285 -6.49 0.75 -0.38 1067.56 595.37 -621.28 84.17 9 -31.66 
2069334 -8.74 1.65 0.41 526.1 987.93 -704.33 75.62 -2.4 -12.9 
2069375 -9.4 2.1 0.51 535 801.83 -996.59 59.11 1.95 -2.7 
2069425 -8.56 1.67 0.28 917.5 56.22 -1161.59 34.36 12.45 -2.4 
2069475 -6.4 2.25 -0.25 767.8 -376.59 -1066.1 29.11 21.01 -8.1 
2069525 -4.95 1.79 -0.65 617.68 -711.4 -491.4 21.91 15.75 -6.3 
2069574 -3.18 1.78 -1.02 797.56 -801.83 96.95 8.85 4.5 -24.91 
2069615 -3.63 1.13 -0.97 1338.05 -525.79 799.21 14.85 -11.4 -55.96 
2069665 -10.57 1.9 0.51 1660.3 786.71 1145.73 76.97 -14.4 -57.16 
2069715 -11.52 1.39 0.44 899.76 1297.56 376.1 76.97 14.25 -23.86 
2069765 -10.11 1.47 0.31 841.65 1030.55 -573.84 67.52 28.51 -21.31 
2069815 -6.62 1.56 0.65 920.18 592.32 -778.17 73.52 25.06 -24.01 
2069865 -5.37 1.61 -0.06 931.46 -184.09 -780.73 59.56 7.35 -1.35 
2069915 -2.72 1.92 0.66 840.91 -570.73 -603.72 30.16 -5.25 -1.2 
2069956 -7.16 1.09 -0.21 1175.24 -1370.37 160.3 14.1 -17.55 -33.76 
2070005 -11.23 1.02 -1.26 1379.33 -1234.02 1124.94 45.16 -1.2 -78.47 
2070046 -11.52 1.41 0.52 1650.06 617.44 1183.41 74.87 24.61 -55.06 
2070096 -9.1 1.97 0.1 1039.7 1004.15 -301.52 73.82 28.96 -37.51 
2070145 -7.72 1.84 -0.05 1205.43 497.68 -801.22 76.67 18 -22.36 
2070195 -5.78 1.84 0.43 757.26 245.37 -962.8 61.37 4.5 -1.35 
2070245 -4.35 1.77 0.52 935.49 -652.56 -586.28 24.01 -3 -3.6 
2070296 -12.81 1.17 -0.99 761.04 -1654.45 64.39 8.7 -10.35 -47.26 
2070345 -11.03 1.35 -0.88 1997.93 -765.06 1282.32 47.56 8.1 -78.32 
2070395 -9.92 1.75 0.38 1084.33 1013.17 661.89 74.42 20.86 -52.66 
2070445 -7.17 1.06 0.7 667.32 1030.18 251.34 76.37 22.66 -52.96 
2070496 -4.89 0.54 0.99 601.59 767.93 43.35 81.92 15.9 -46.81 
2070546 -3.18 -0.43 1.92 768.17 705.43 -193.17 82.52 13.2 -31.21 
2070595 -6.3 0.87 -0.22 589.57 9.7 -1179.63 69.02 -2.4 -4.05 
2070636 -7.04 1.38 0.37 114.09 661.65 -1058.48 56.86 -9.15 -0.45 
2070685 -5.08 1.3 0.92 498.96 267.8 -990.79 38.86 5.1 1.05 
2070726 -5.07 1.48 0.28 556.46 -114.27 -1038.54 25.06 12.75 -5.7 
2070776 -6.58 1.76 -0.55 402.44 -584.39 -1022.87 23.41 21.61 -11.1 
2070826 -4.9 2.12 -0.44 276.1 -572.93 -801.1 30.01 19.35 -3.75 
2070875 -1.87 2.24 -0.4 532.62 -714.09 -119.15 20.11 6.6 -4.8 
2070916 -2.73 1.47 -0.31 1075.79 -828.05 646.22 9.75 -13.95 -28.21 
2070957 -7.24 0.97 -0.5 1997.93 -263.6 1286.1 48.76 -27.01 -65.12 
2071005 -11.44 1.38 0.47 597.74 1478.96 146.04 69.02 3.45 -9.45 
2071046 -10.11 1.58 1.08 890.24 1197.26 -405.79 52.66 31.81 -12.15 
2071096 -7.22 1.01 0.14 1177.32 -227.07 -890.73 48.01 33.46 -17.7 
2071145 -6.93 1.55 -1.02 885.67 -843.54 -654.63 43.51 18.3 -1.65 
2071186 -4.75 1.2 -0.66 542.38 -665.61 -345.37 29.86 1.8 -2.25 
2071236 -0.69 2.1 -0.33 921.28 -690.18 359.57 12.45 -14.4 -21.31 
2071286 -10.68 -0.46 -0.3 1547.87 -408.54 1783.05 59.56 -29.11 -60.02 
2071336 -12.92 1.5 -0.08 609.09 464.88 1552.87 79.37 18.45 -41.26 
2071386 -7.88 -0.44 1.63 1103.41 516.59 983.29 47.56 44.26 -45.91 
2071436 -6.33 -0.1 -0.33 1362.62 -784.27 -949.76 56.41 40.06 -32.11 
2071486 -5.04 0.54 -0.43 709.33 -772.13 -675.61 55.36 13.8 -3.9 
2071535 -5.91 2.13 -0.46 106.1 -540.12 -1087.38 49.36 -9.75 -1.95 
2071586 -2.46 1.5 0 883.54 -1098.17 -88.17 29.11 -28.81 -24.01 
2071627 -10.95 0.92 -0.73 1997.93 -833.72 1712.8 67.37 -26.26 -62.27 
2071676 -12.18 1.54 0.28 19.45 352.87 1594.51 72.77 26.86 -53.11 
2071726 -8.34 -0.89 -0.66 -1459.76 -329.63 907.74 24.31 37.51 -51.46 
2071776 -12.21 3.33 -0.99 -406.28 -797.74 -1491.28 58.36 36.16 -20.71 
2071826 -8.92 1.83 -0.34 -198.23 -367.74 -1310.67 79.37 -4.05 -21.91 
2071876 -11.37 1.98 -0.46 -579.94 351.95 -1452.8 48.61 -35.56 -27.61 
2071917 -16 2.8 -0.2 -426.52 1224.82 -1288.72 25.21 -8.25 -4.05 
2071967 -16 3.06 0.93 884.15 893.17 -1327.2 36.01 40.36 -22.96 
2072016 -14.53 2.87 -1.93 204.27 -1185.73 -1354.33 55.36 22.96 -6 
2072066 -8.7 1.35 -1.34 981.65 -1342.32 -309.33 34.21 -18.3 -7.8 
2072116 -5.05 1.22 -1.64 1997.93 -672.68 697.62 43.51 -30.16 -59.71 
2072166 -16 2.56 -0.66 -449.76 1841.16 377.8 70.52 0.15 -11.55 
2072207 -13.19 1.12 1.6 1290.61 1356.59 351.34 56.86 38.86 -20.11 
2072257 -14.98 2.4 0.55 953.05 279.33 -1620.85 66.32 26.86 -16.65 
2072307 -12.32 2.34 -1.15 953.78 -892.38 -1320.61 48.46 -8.1 -0.75 
2072357 -8.4 1.96 -1.08 1997.93 -1351.65 241.28 21.91 -21.76 -53.71 
2072406 -16 2.54 -0.53 173.05 1078.96 1408.9 81.92 11.25 -42.31 
2072447 -13.85 0.83 0.71 1451.65 1143.6 758.6 68.12 36.76 -40.21 
2072497 -14.19 2.12 0.24 1126.95 841.65 -1205.98 75.17 19.05 -23.86 
2072547 -12.77 2.78 -0.25 427.32 291.65 -1578.17 65.12 -5.55 -6.75 
2072597 -10.45 1.87 -0.67 1261.65 -983.96 -931.71 18 -13.35 -14.25 
2072647 -16 1.6 -1.28 428.35 -1811.04 330 18.9 4.65 -70.07 
2072696 -12.23 1.54 -0.44 1997.93 -163.41 1325.73 49.66 24.91 -73.82 
2072737 -11.49 2 0.19 1799.76 1194.45 188.29 76.97 18 -52.96 
2072787 -11.81 2.14 0.44 460.18 1355.49 -547.13 83.27 5.55 -33.61 
2072837 -8.6 1.35 0.89 1098.54 689.88 -852.5 69.92 -1.95 -7.8 
2072887 -16 2.43 -2.07 999.09 -876.89 -1488.78 19.95 -3 -8.85 
2072937 -12.67 2.37 -1.14 1103.84 -1379.33 -728.54 8.1 16.2 -30.91 
2072978 -9.45 1.5 -1.43 1627.87 -1370.37 597.07 12 14.55 -54.61 
2073027 -13.16 2.9 0.7 1914.27 1161.1 764.33 73.52 7.65 -62.72 
2073077 -8.7 0.7 0.84 969.33 1278.41 268.05 82.07 1.95 -41.71 
2073127 -16 2.92 -0.7 1287.62 517.56 -1488.9 57.01 0.45 -0.9 
2073177 -14.39 2.81 -0.06 978.9 130.12 -1496.22 39.61 18.15 -1.5 
2073227 -11.96 1.99 -1.33 1627.74 -1409.21 -782.5 14.55 10.5 -15.15 
2073277 -12.77 2.83 0.08 1997.99 18.66 1501.34 58.21 2.85 -76.07 
2073327 -8.92 0.71 0.62 1542.74 1097.2 236.46 84.32 4.5 -41.11 
2073377 -15.15 2.47 -0.24 1003.23 874.94 -1219.39 55.36 6.15 -1.2 
2073427 -14.52 2.85 0.02 872.74 277.68 -1482.93 45.91 20.71 -1.2 
2073477 -11.65 2.61 -0.64 1161.1 -1061.65 -999.94 24.76 10.2 -6.45 
2073527 -10.43 1.33 -1 1032.13 -1513.05 414.15 8.85 -5.7 -41.41 
2073577 -10.92 1.26 0.36 1997.99 101.89 1538.96 68.27 -7.2 -70.97 
2073627 -15.05 3.16 -0.01 751.34 1534.51 -220.37 76.07 17.85 -18.75 
2073668 -12.83 2.23 0.96 994.15 1332.62 -512.74 70.22 29.11 -24.01 
2073717 -10.24 1.88 -0.17 1270.55 -126.28 -1203.78 60.32 14.25 -6.3 
2073767 -8.53 1.46 -0.95 1729.09 -1365.61 -454.33 16.8 -3.6 -14.7 
2073808 -7.68 0.89 -1.15 1927.5 -1215.98 882.5 25.06 -12.45 -69.02 
2073858 -10.24 1.36 0.28 1416.59 1054.15 848.72 83.42 4.35 -42.31 
2073908 -15.42 2.36 0.46 598.23 1644.21 37.87 72.77 29.86 -29.26 
2073958 -12.28 2.12 -0.17 1328.6 577.87 -1042.07 73.22 20.41 -20.11 
2074007 -9.37 2.05 -0.53 1370.73 -650.37 -1161.89 43.06 0.45 -0.6 
2074048 -9.26 1.62 -1.17 1376.65 -1510.37 -250.79 12 -13.95 -32.71 
2074098 -10.48 1.35 -1.11 1997.93 -413.54 1470.79 63.92 -3.9 -74.87 
2074148 -15.79 2.79 0.36 693.23 1604.76 387.68 76.67 25.21 -31.96 
2074197 -12.85 1.92 0.86 1208.48 1248.11 -286.83 76.37 26.41 -39.61 
2074238 -9.37 1.81 0.14 1276.52 238.23 -1135.73 73.37 7.05 -14.25 
2074287 -8.02 1.62 -0.8 1573.17 -1153.6 -806.83 25.96 -13.8 -8.7 
2074337 -7.3 0.73 -1.76 1997.93 -1006.16 1147.62 57.01 -14.1 -74.42 
2074387 -11.06 1.37 0.32 242.56 1436.71 311.52 74.42 20.11 -23.11 
2074437 -13.56 2.35 0.68 722.2 1415.61 -70.55 67.67 36.31 -38.71 
2074487 -8.78 1.26 0.28 1264.82 165.67 -940.85 78.47 18 -25.51 
2074537 -7.8 1.79 -0.5 839.02 -705.98 -1147.38 50.26 -14.7 -4.35 
2074587 -6.81 1.49 -1.04 1462.56 -1428.6 -274.94 19.8 -20.26 -46.66 
2074637 -10.01 2.44 0.19 1997.99 461.16 1185.67 82.97 6.9 -38.41 
2074678 -12.89 2.11 0.21 832.5 1410.37 335.37 67.07 34.96 -29.56 
2074728 -12.31 1.84 0.7 1386.89 1075.49 -418.05 72.47 29.11 -47.26 
2074778 -9.04 1.72 0.13 1181.71 -195.91 -1228.17 72.47 -3 -12.45 
2074828 -9.17 1.4 -0.97 1810.98 -1516.28 -300.12 24.91 -25.81 -33.31 
2074877 -12.91 2.95 0.15 1997.99 426.59 1407.56 82.82 -6.45 -37.81 
2074918 -13.67 1.99 0.39 1101.16 1395.98 575.73 64.52 33.46 -20.86 
2074959 -16 2.91 0.72 812.01 1605.49 -137.8 60.62 39.46 -49.51 
2075008 -13 2.12 -1.02 1640.12 -308.29 -1257.07 79.52 6.6 -22.81 
2075057 -9.03 1.7 -0.99 1636.83 -1349.57 -585.67 35.41 -27.31 -17.55 
2075098 -9.66 1.25 -1.22 1997.93 -1011.71 1308.23 62.87 -26.56 -61.82 
2075148 -14.82 2.23 0.43 614.94 1362.38 795.85 72.62 19.8 -17.1 
2075198 -16 2.59 0.04 906.65 1438.9 -285.85 54.46 44.26 -41.11 
2075248 -12.72 1.74 -0.14 1797.07 6.46 -1092.56 82.67 17.85 -36.61 
2075297 -9.79 1.94 -0.88 1435.37 -1112.93 -928.72 48.01 -23.41 -9.9 
2075338 -10.96 1.35 -1.2 1997.93 -1503.29 1015.55 49.81 -29.56 -59.86 
2075388 -15.01 1.95 0.05 405.3 1236.77 1117.99 75.02 17.1 -22.51 
2075429 -14.82 1.81 0.29 1153.9 1433.72 195.85 55.21 43.81 -31.51 
2075478 -14.39 2.33 0.81 1336.46 1081.71 -718.48 72.32 23.11 -55.51 
2075528 -11.36 2.44 -0.71 1018.41 -460.06 -1444.63 68.12 -18.6 -15.9 
2075578 -10.64 1.6 -1.15 1997.26 -1765.73 95.73 37.36 -26.56 -58.66 
2075628 -12.77 1.64 0.22 1096.52 375.37 1567.87 80.27 20.56 -40.66 
2075678 -15.16 2.69 -0.21 1223.35 1334.94 352.2 53.26 45.61 -44.86 
2075719 -12.77 1.74 0.85 1272.07 1269.94 -142.87 65.42 24.61 -65.72 
2075768 -10.49 2.07 -0.49 1335 -47.44 -1326.89 77.42 -16.65 -25.51 
2075818 -9.67 1.81 -1.03 1409.21 -1285.18 -880.49 28.51 -29.11 -41.11 
2075859 -11.54 1.78 -0.64 1997.93 -1379.51 1095.43 63.32 -4.5 -76.07 
2075908 -13 1.79 0.25 1206.1 997.38 1142.38 60.62 41.26 -40.06 
2075949 -16 2.84 0.6 762.8 1573.11 418.72 54.01 36.16 -61.82 
2075990 -9.93 1.48 0.6 1511.4 901.52 -533.05 78.92 3.45 -60.02 
2076039 -8.06 1.92 0.19 1162.38 -237.68 -1245.24 57.46 -27.76 -18.75 
2076089 -9.51 1.57 -1.26 1997.93 -1741.1 168.84 40.81 -21.61 -70.37 
2076138 -13.4 1.84 0.13 618.96 823.96 1352.44 74.12 28.96 -35.71 
2076179 -16 2.86 -0.08 1047.5 1416.77 467.07 51.16 44.56 -47.71 
2076229 -12.23 1.79 0.05 1821.34 736.52 -726.59 78.47 11.4 -57.61 
2076278 -11.24 2.06 -0.12 1060.49 -332.2 -1416.28 60.62 -25.06 -17.55 
2076319 -11.7 2.1 -1.2 1542.68 -1568.6 -757.56 25.06 -24.91 -52.51 
2076369 -15.05 1.89 -0.23 1759.27 -832.87 1591.65 66.02 23.11 -67.37 
2076418 -16 3.64 -0.3 1385.91 1329.21 638.41 54.76 40.51 -54.01 
2076459 -13.68 2.17 0.38 1410.3 1271.04 -129.27 72.32 15.45 -67.37 
2076509 -10.04 2.03 0.2 1075.12 550.61 -1178.35 72.77 -20.56 -21.46 
2076558 -8.94 1.97 -0.67 1231.59 -693.78 -1224.21 18 -19.95 -25.51 
2076609 -10.69 1.34 -1.41 1784.09 -1651.1 412.32 34.96 13.05 -77.72 
2076658 -13.03 2.38 -0.02 1794.33 634.51 1159.02 57.91 37.51 -55.96 
2076699 -12.88 1.87 0.65 1204.76 1263.29 546.16 59.41 27.31 -67.22 
2076749 -11.03 2.03 0.08 1208.54 928.05 -741.77 83.42 -6.6 -39.46 
2076799 -8.89 1.68 0.29 1072.62 59.76 -1242.32 47.26 -21.61 -7.5 
2076848 -12.33 1.99 -0.45 1144.7 -1126.83 -1178.6 6.9 -3.75 -36.61 
2076889 -10.46 1.33 -1.95 1858.66 -1737.8 50.18 18.3 23.86 -64.67 
2076939 -15.59 2.96 0.74 1272.38 982.01 1203.9 54.91 30.91 -69.02 
2076980 -11.87 1.61 0.61 1352.07 1161.83 473.29 70.67 7.95 -68.72 
2077029 -9.07 1.88 0.15 1248.84 651.22 -934.57 73.07 -13.8 -19.2 
2077079 -10.37 1.84 -0.55 1421.1 -680.67 -1196.71 19.8 -13.35 -15.75 
2077129 -11.03 2 -1.44 1344.63 -1661.4 -124.94 14.55 10.5 -66.92 
2077179 -16 3.82 0.1 1997.99 578.48 1381.22 59.56 32.26 -64.67 
2077229 -14.47 1.94 0.58 1675.37 1284.57 381.59 74.27 12 -66.17 
2077279 -12.02 2.31 0.18 1553.54 512.32 -1191.22 67.97 -12.3 -10.8 
2077329 -11.72 1.92 -1.03 1752.01 -1358.41 -850.67 9.75 -11.4 -35.26 
2077379 -14.67 2.15 -0.39 1997.93 -1024.51 1407.2 50.56 15.9 -77.72 
2077429 -16 3.13 0.36 843.11 1077.5 1196.83 57.46 30.91 -64.82 
2077479 -12.81 1.51 1.05 1302.07 1244.09 490 73.22 5.1 -67.22 
2077529 -8.98 1.66 -0.01 1462.2 334.51 -1074.63 68.27 -13.35 -12.15 
2077579 -8.48 1.75 -0.4 1480.18 -917.93 -1057.99 14.25 -14.85 -23.86 
2077629 -10.21 1.54 -1.01 1997.93 -1159.27 1197.68 54.76 11.7 -78.02 
2077679 -14.41 2.27 0.33 768.05 871.46 1279.7 57.76 36.91 -60.77 
2077720 -13.96 2.04 0.67 911.95 1177.5 872.74 56.26 19.05 -74.12 
2077769 -8.36 1.54 -0.35 1652.07 428.6 -754.27 83.27 -6.75 -38.26 
2077820 -7.39 1.57 -0.27 1281.22 -466.89 -1084.33 41.86 -25.66 -11.7 
2077870 -9.01 1.6 -1.47 1997.93 -1703.17 518.6 40.96 -14.4 -77.57 
2077919 -13.22 1.69 -0.12 -220.67 1008.05 1226.52 73.37 34.06 -41.11 
2077960 -16 2.54 0.1 476.52 1280.98 931.83 48.91 40.96 -59.71 
2078009 -8.49 0.69 1.64 1653.11 952.8 82.56 66.62 3.9 -70.82 
2078050 -9.42 2.49 -1.59 1283.54 -331.1 -1265.49 76.67 -19.2 -29.11 
2078099 -7.65 1.31 -0.74 1437.56 -1307.62 -549.02 39.91 -33.01 -40.66 
2078140 -11.59 2.57 -0.49 1997.93 -834.39 1540.49 80.42 -10.95 -49.36 
2078189 -13.18 1.92 0.32 995.55 780.91 1327.93 58.96 41.86 -29.56 
2078230 -15.34 2.46 -0.19 871.28 1234.88 718.96 36.31 39.61 -58.51 
2078280 -10.82 1.39 0.47 1706.71 644.57 -635.43 67.22 0.45 -72.62 
2078330 -9.31 1.61 -0.31 1335.3 -737.56 -1213.35 66.77 -30.91 -37.21 
2078379 -9.97 1.89 -1.48 1997.93 -1728.48 376.83 67.22 -19.2 -64.97 
2078420 -15.22 2.03 -0.26 152.87 598.9 1611.65 70.97 27.61 -22.96 
2078470 7.57 5.98 8.68 836.52 942.2 891.89 33.61 49.66 -46.36 
2078520 -9.05 0.85 1.08 1997.99 536.46 234.57 42.76 6 -78.32 
2078570 -5.99 1.21 0.61 1251.65 121.4 -1060.55 70.67 -21.16 -57.46 
2078620 -6.81 1.58 -1.02 1635.18 -1281.77 -623.6 60.32 -28.66 -57.61 
2078670 -8.35 1.3 -0.08 638.96 0.49 1417.74 77.57 8.7 -20.11 
2078720 -9.33 1.13 -0.35 553.96 606.16 1163.05 45.61 41.26 -20.26 
2078770 -4.31 -2.4 6.77 199.09 57.74 185.37 20.41 42.61 -51.01 
2078819 0.22 -1.65 0.13 96.52 492.62 -114.7 18.3 34.06 -61.07 
2078870 -0.48 -0.56 1.23 96.71 -35.67 -536.83 26.11 36.76 -57.46 
2078920 -5.1 2.16 -0.16 88.96 -444.63 -740.73 51.91 41.26 -45.31 
2078961 -2.39 0.65 -0.38 384.76 -547.07 7.62 56.41 40.36 -29.56 
2079010 -0.99 -0.19 -0.22 -101.28 -161.4 -11.4 55.36 38.86 -20.11 
2079060 0.11 -0.63 -0.31 159.57 -156.34 7.5 55.36 34.51 -14.1 
2079110 -0.24 -0.31 0.12 28.72 187.56 -210.06 55.36 34.51 -16.2 
2079160 -2.37 0.65 -0.02 43.11 414.02 -143.54 61.22 38.56 -24.76 
2079210 -3.23 0.38 0.22 10.73 802.32 -42.5 62.12 41.71 -42.46 
2079260 -4.28 0.36 0.69 387.87 699.02 -57.5 64.22 30.31 -61.82 
2079310 -2.93 -0.29 1.21 391.65 832.62 -175.67 75.92 11.4 -63.17 
2079360 -2.42 0.31 1 535.98 291.77 -676.52 81.77 -11.25 -43.81 
2079410 -1.12 0.38 1.46 424.15 75 -677.5 64.22 -29.41 -29.41 
2079461 -2.85 1.48 0.39 960.67 -884.21 -681.46 35.26 -32.86 -41.86 
2079510 -9.17 2.52 1.06 1997.93 -152.8 1886.89 79.97 0.9 -28.06 
2079551 -8.21 1.54 -0.07 324.7 1166.34 574.57 62.27 37.06 -23.71 
2079601 -11.44 1.98 0.22 532.13 1175.37 356.71 47.26 41.41 -55.21 
2079651 -7.14 0.77 0.47 1178.54 424.33 -486.22 69.02 17.55 -63.92 
2079700 -5.59 1.08 0.21 803.96 -77.38 -1034.15 81.17 -14.25 -33.46 
2079741 -6.81 1.87 -0.5 480.3 -503.6 -1185.85 54.31 -33.91 -30.01 
2079790 -7.94 1.36 -1.29 1997.93 -1617.5 8.17 44.71 -20.56 -71.87 
2079831 -10.72 2.45 0.6 1817.93 603.05 1263.54 73.97 19.95 -21.16 
2079880 -11.49 1.88 -0.06 621.65 1135.55 709.39 45.31 45.01 -42.76 
2079930 -9.46 1.4 0.78 613.17 1206.71 317.26 43.36 17.85 -75.02 
2079971 -4.3 0.62 0.87 899.51 672.87 -203.84 63.32 -6.6 -71.42 
2080020 -2.11 0.9 0.74 604.7 101.16 -565.98 69.17 -24.46 -51.46 
2080061 -0.61 0.95 1 635.55 -292.56 -374.15 63.77 -31.36 -43.66 
2080111 -1.19 1.13 0.18 1059.27 -762.74 317.87 70.07 -27.61 -50.86 
2080161 -3.21 0.41 -0.32 790.3 -141.59 965.61 84.02 3 -28.36 
2080210 -4.76 0.59 -0.44 229.21 145.24 965.12 68.87 31.21 -25.81 
2080261 -3.46 -0.1 0.09 45.67 406.65 841.4 45.01 45.31 -33.61 
2080310 -2.75 -0.43 0.35 -50.61 451.22 501.83 24.01 39.31 -46.51 
2080360 -2.52 -0.6 0.69 -7.93 358.48 137.01 15.75 30.76 -60.02 
2080401 -2.4 -0.44 0.47 97.8 138.35 -292.56 18.9 27.31 -63.02 
2080451 -4.48 0.83 0.02 61.52 31.4 -790.55 35.86 33.61 -64.67 
2080500 -4.8 1.04 0.19 115.55 -4.45 -841.89 57.01 32.56 -62.12 
2080541 -4.04 1.28 0.84 158.11 -194.39 -737.56 71.42 22.21 -61.67 
2080591 -5.39 1.27 -0.37 413.17 -1111.77 -288.11 82.67 15.3 -37.66 
2080641 -7.61 1.38 -0.71 380.37 -1256.71 357.8 78.47 6.6 -20.71 
2080690 -6.89 0.72 -0.65 -556.1 -918.23 366.59 81.17 6.15 -25.36 
2080731 -8.8 1.23 0.24 -1014.09 -855.91 -510.55 83.27 2.7 -48.76 
2080781 -16 3.08 -0.64 -365.85 -1392.44 -787.44 69.02 6.6 -71.57 
2080830 -16 3.25 -0.74 -367.2 -1464.27 -815.55 65.42 25.96 -61.82 
2080871 -12.29 2.33 -1.01 -342.8 -1285.55 -671.77 75.92 26.41 -47.41 
2080921 -9.69 1.91 -0.7 -221.22 -1051.34 -559.82 83.57 14.25 -41.71 
2080972 -8.02 1.44 -0.42 -244.63 -814.27 -590.37 82.07 0.9 -48.76 
2081021 -6.33 0.91 -0.29 -674.33 -152.74 -871.59 65.72 -10.8 -69.47 
2081071 -12.13 2.33 0.74 286.71 -303.48 -1373.54 34.96 -10.65 -74.57 
2081121 -14.49 2.82 -0.89 -126.16 -1280.18 -878.6 44.56 25.21 -72.32 
2081171 -11.35 2.02 -0.49 -658.9 -641.4 -1073.35 59.56 38.41 -56.11 
2081221 -11.24 2.37 -0.53 -397.13 -367.56 -1313.29 79.82 16.35 -54.61 
2081271 -9.14 1.76 -0.18 -613.29 349.15 -1159.63 61.52 -20.11 -64.07 
2081321 -12.11 2.06 0.04 -73.96 648.96 -1301.04 20.86 -26.86 -46.36 
2081371 -16 2.64 0.49 -555.85 1374.94 -1093.11 11.4 18 -24.46 
2081412 -11.54 2.18 0.47 -980.55 1451.34 -246.77 25.21 40.96 -38.56 
2081461 -11.58 1.86 -0.53 -963.72 612.38 1072.26 7.05 19.8 -38.26 
2081512 -9.14 1.18 -0.47 -1539.57 -102.93 1159.57 22.96 -16.5 -9.15 
2081561 -9.62 0.99 -0.39 1997.99 -297.56 -911.22 61.52 -28.81 -45.46 
2081611 -16 2.7 0.16 -520.24 0.85 -1637.01 7.65 -9.15 -52.06 
2081661 -15.66 3.13 0.18 -828.9 735.43 -1431.04 21.76 36.31 -38.71 
2081702 -12.4 2.17 -0.26 -1158.11 1414.15 -114.33 32.26 40.21 -58.21 
2081751 -12.62 1.79 0.08 -832.38 1231.22 950.61 9.6 -6.45 -53.41 
2081802 -8.67 1.08 -1.17 1997.99 -132.07 888.96 52.36 -30.76 -18.3 
2081851 -13.62 2.57 -1.17 -16.71 -1075.55 -1206.16 30.61 -23.41 -65.42 
2081892 -16 3.41 -0.65 -628.78 -480.06 -1641.34 11.25 14.85 -58.81 
2081942 -14.32 2.45 -0.25 -1081.71 829.88 -1231.83 36.76 41.41 -54.61 
2081992 -12.8 1.91 0.04 -716.46 1435.06 -231.4 31.51 11.1 -73.37 
2082041 -10.17 1.42 0.19 -1229.27 1264.39 632.99 19.35 -28.66 -40.06 
2082091 -9.22 1.15 -0.14 1997.99 -504.63 223.17 71.42 -22.36 -39.76 
2082132 -15.22 1.81 -1.2 -176.22 -1360.3 -631.71 37.51 -4.8 -79.52 
2082181 -16 3.13 -0.62 -753.6 -709.63 -1370.06 29.11 33.76 -61.67 
2082222 -13.82 2.2 -0.23 -987.26 468.29 -1342.93 52.81 38.86 -58.81 
2082272 -14.04 2.36 0.28 -266.83 1006.59 -1171.46 58.36 0.45 -75.47 
2082321 -8.45 2 0.56 -889.88 1277.93 -537.07 30.61 -32.56 -49.96 
2082362 -12.56 2.18 -0.54 -1715.67 1046.4 884.88 48.46 -26.26 -9.9 
2082412 -16 2.68 -0.71 -1255.73 -130.43 1575.43 76.82 25.51 -33.16 
2082462 -14.34 1.9 -1.2 -1511.46 -1053.17 645.73 52.81 41.11 -30.61 
2082512 -13.82 2.65 -0.23 -914.7 -923.54 -1017.44 79.07 20.41 -26.86 
2082562 -10.33 2.21 -0.56 -547.01 -540.24 -1224.63 78.17 -15.9 -48.46 
2082612 -9.98 1.86 0.02 -1111.65 612.87 -1104.88 28.51 -31.96 -52.66 
2082662 -15.44 2.56 0.19 -592.62 1487.13 -647.2 15.3 6.45 -12.45 
2082711 -12.94 1.92 0.72 -816.83 1492.5 381.04 29.71 38.71 -26.56 
2082752 -9.94 1.76 0.16 -1405.06 421.4 1052.68 17.85 29.41 -26.86 
2082802 -11.32 1.84 -0.74 -1147.8 -737.01 966.65 37.06 -2.7 2.1 
2082852 -8.11 1.14 -0.81 -1542.5 -965.37 -231.59 75.17 -20.26 -33.61 
2082902 -11.29 1.9 -0.29 -995.18 -323.9 -1317.44 28.06 -21.16 -66.47 
2082953 -16 2.94 0.05 -482.8 327.99 -1572.87 10.65 21.91 -49.06 
2083003 -10.12 2.47 0.16 -852.62 937.07 -977.26 34.21 40.36 -57.46 
2083052 -9.71 1.14 -0.18 -797.07 1295.49 234.7 19.35 10.35 -67.82 
2083102 -6.55 0.84 0.23 -1175.85 872.13 903.54 15.75 -25.81 -32.26 
2083152 -3.25 -0.15 -1.43 1997.99 -162.01 463.96 68.57 -23.56 -28.06 
2083193 -13.95 0.52 1.77 -1950.98 1233.05 -1670.85 24.91 -32.41 -42.76 
2083242 -10.46 2.21 1.33 150.24 189.09 -1490.73 4.65 15.3 -47.26 
2083292 -6.48 2.33 0.32 -65.06 -75 -1138.9 37.06 42.61 -44.41 
2083342 -1.29 2.98 0.06 -530.49 -99.02 -675.37 70.67 39.61 -35.26 
2083392 -2.12 1.67 0.03 -343.23 218.9 168.35 64.07 38.86 -52.06 
2083442 -2.14 0.8 -0.66 -272.01 155.61 611.22 46.96 37.51 -63.32 
2083492 -2.76 1.28 1.04 -543.78 -89.63 965.73 27.46 26.41 -67.07 
2083542 -5.99 -0.26 -0.53 -1019.82 -639.45 378.54 8.1 9.15 -33.31 
2083593 -2.32 1.09 -0.49 162.68 -408.35 -433.41 12.3 15.6 -24.31 
2083642 -1.18 1.26 -0.34 374.76 -268.84 -214.15 9.6 19.35 -23.11 
2083692 -0.51 0.99 -0.3 32.56 -305.12 -21.77 8.7 15.6 -24.01 
2083742 -1.12 1.09 -0.45 -157.01 -411.22 126.34 7.05 6 -19.65 
2083793 -1.43 0.58 -0.38 -201.59 -265.98 296.77 11.7 -8.25 -15.75 
2083842 -0.84 1 -0.52 -141.4 -93.54 213.54 16.5 -15.9 -13.2 
2083892 -1.65 0.62 -0.61 -67.56 316.04 419.51 25.51 -18.3 -8.55 
2083933 -3.26 0.49 -0.42 4.57 644.21 476.52 31.21 -8.4 -2.25 
2083983 -5.92 1.09 0.41 149.39 995.06 253.78 25.66 15.75 -4.05 
2084033 -6.98 1.5 0.43 -182.2 1033.96 501.28 21.61 32.26 -22.06 
2084082 -9.35 1.22 0.26 -323.96 893.11 964.76 6.6 19.05 -31.96 
2084133 -9.51 0.98 0.05 -379.15 507.62 1311.46 12.75 -11.4 -16.65 
2084183 -6.79 0.31 -0.53 1997.99 -544.21 617.68 67.37 -21.61 -18.75 
2084232 -14.06 1.76 -1.2 -573.05 -842.26 -1304.02 25.06 -12.9 -73.22 
2084282 -15.05 2.91 0.1 -717.62 -42.44 -1577.62 20.41 32.41 -54.16 
2084323 -8.62 2.51 0.16 -862.5 574.45 -1130.49 46.06 40.96 -57.16 
2084372 -6.42 1.45 0.04 -1008.9 859.33 16.28 34.36 20.56 -72.32 
2084423 -7.95 1.49 0.6 -394.51 1200.55 587.07 19.8 -18.45 -60.02 
2084473 -6.79 1.06 0.68 1997.99 -167.93 972.2 49.21 -35.86 -28.96 
2084522 -15.06 0.93 -0.83 107.74 -1410.91 -815 21.46 -7.35 -73.22 
2084563 -16 3.18 -0.73 -611.89 -1091.46 -1415.98 21.46 31.66 -50.71 
2084613 -10.16 1.82 -1.45 -1688.11 892.99 -915.79 62.27 42.16 -48.91 
2084662 -11.6 1.97 0.87 -775.61 1621.77 -432.07 52.66 -7.95 -73.37 
2084703 -8.11 1.65 0.91 -1784.09 1274.33 833.05 41.11 -39.46 -40.51 
2084753 -15.55 1.17 -1.69 -1378.23 -1589.15 -418.54 26.71 -14.85 -72.32 
2084803 -16 3.15 -0.98 -815.55 -1233.41 -1169.76 21.01 33.76 -48.61 
2084853 -13.29 1.36 -0.31 -1675.18 1213.11 -891.34 58.66 41.41 -51.01 
2084903 -12.13 1.83 0.34 -633.78 1529.33 -416.71 50.71 -6.75 -74.87 
2084954 -9.22 1.51 0.75 -1998.05 1193.84 965.85 46.66 -38.71 -33.16 
2085002 -16 0.96 -1.04 36.95 -1784.7 6.34 37.51 -1.5 -81.62 
2085043 -16 2.82 -1.25 -939.09 -1373.11 -887.56 25.51 33.46 -56.26 
2085093 -12.96 1.67 -0.25 -1551.16 826.16 -1216.77 60.02 40.36 -49.66 
2085143 -12.95 2.18 0.54 -454.76 1448.84 -879.88 57.76 -10.8 -72.62 
2085193 -9.34 1.82 0.89 -1998.05 1361.16 758.78 47.26 -37.66 -27.91 
2085243 -16 0.99 -0.61 -216.95 -1677.2 399.82 52.66 3 -81.17 
2085284 -16 2.52 -1.35 -1098.66 -1413.6 -606.52 31.66 36.31 -58.81 
2085333 -13.93 1.62 0.03 -1435.91 664.02 -1362.44 63.32 37.81 -51.46 
2085383 -12.34 2.17 0.38 -500.98 1095.67 -1205.61 61.22 -12.15 -70.82 
2085433 -10.07 1.84 0.5 -1645.98 1613.11 259.63 38.56 -37.21 -25.36 
2085483 -15.43 1.17 -0.21 -1639.39 -1051.1 992.68 70.82 8.55 -72.62 
2085533 -15.48 2.61 -1.42 -1295.49 -1352.68 -512.74 43.81 42.01 -49.81 
2085583 -13.86 1.75 0.43 -1176.83 365.49 -1505.91 73.52 30.16 -53.86 
2085633 -12.13 2.31 0.3 -506.4 770.3 -1396.52 60.62 -20.26 -64.97 
2085674 -9.48 2.22 0.41 -1515.61 1504.82 -353.72 29.41 -34.66 -31.06 
2085723 -16 1.07 0.01 -1723.11 -467.5 1530.37 80.42 13.35 -55.21 
2085773 -16 2.46 -1.42 -1470.98 -1391.04 -185.67 51.16 42.46 -48.46 
2085824 -14.62 2.35 0.33 -1141.1 14.57 -1564.33 78.32 24.31 -52.06 
2085873 -11.88 2.37 0.34 -743.17 758.96 -1349.45 54.76 -20.71 -67.07 
2085914 -8.84 2.35 0.56 -1684.76 1423.35 -448.6 25.96 -33.46 -30.16 
2085955 -16 2.83 -2.16 -1998.05 231.22 1557.8 82.37 -0.75 -28.96 
2086003 -16 2.34 -0.97 -1548.35 -1305.55 444.63 56.26 38.71 -53.71 
2086044 -12.49 1.59 -0.72 -1666.59 -666.1 -903.29 65.12 38.86 -39.16 
2086093 -11.42 1.84 0.11 -899.39 365.18 -1387.8 75.92 6.3 -64.22 
2086134 -9.86 2.16 0.34 -548.35 683.84 -1214.15 46.81 -24.31 -62.57 
2086184 -9.54 2.29 0.1 -1447.5 1379.15 -228.11 21.46 -24.91 -18 
2086234 -16 2.54 0.12 -1219.76 824.27 1602.56 63.32 24.01 -11.25 
2086283 -14.86 2.03 -1.47 -1958.96 -1107.38 477.74 60.92 38.71 -23.86 
2086324 -13.72 2.69 -0.31 -1219.76 -896.04 -1081.04 84.17 18.9 -38.71 
2086374 -12.46 2.61 -0.33 -540.3 -416.1 -1453.78 69.77 -11.25 -65.27 
2086423 -9.4 2.24 -0.21 -1067.62 391.1 -1312.99 22.36 -16.65 -64.22 
2086464 -16 0.03 0.32 -1045.24 1647.93 -368.84 6.45 -3.75 -22.21 
2086514 -14.77 2.24 0.45 -1047.99 1519.27 639.45 19.8 31.06 -19.65 
2086564 -13.79 1.88 -0.52 -1574.63 -47.62 1368.11 28.06 14.1 -2.55 
2086614 -12.45 2.17 -1.22 -1778.11 -1224.94 263.29 78.62 -5.55 -18.75 
2086664 -10.04 2.06 -0.63 -1961.46 -190.91 -1109.15 48.01 -12.9 -73.22 
2086713 -16 2.89 -0.12 -259.27 1030.79 -1290.12 4.05 0.15 -41.41 
2086754 -16 2.76 0.58 -729.45 1703.66 -582.68 13.65 29.26 -38.56 
2086804 -12.36 2.16 -0.3 -1410.85 911.59 1012.44 7.35 13.2 -30.46 
2086854 -12.08 1.79 -0.48 -1193.11 -182.93 1379.51 39.46 -13.05 -1.35 
2086904 -9.16 1.76 -1.51 1997.99 -720.3 -154.94 71.87 -8.25 -60.02 
2086955 -14.99 2.45 -0.01 -501.4 -102.62 -1537.8 22.36 0.45 -72.02 
2087005 -16 3.45 0.38 -886.83 763.78 -1522.26 24.01 28.66 -63.77 
2087054 -13.17 1.6 -0.07 -1189.02 1551.65 277.01 10.8 8.25 -54.91 
2087104 -11.8 1.77 0.17 -643.6 1177.5 937.62 15.45 -18.15 -17.85 
2087154 -10.52 1.45 -0.94 -1831.77 127.07 1289.45 66.32 -3 -9.15 
2087204 -10.87 1.1 -0.05 -1522.26 -724.88 -610.55 67.67 11.25 -70.07 
2087254 -15.5 2.84 -0.6 -783.23 -957.8 -1139.88 56.86 25.81 -69.02 
2087305 -12.73 2.01 -0.48 -842.13 -130.91 -1372.62 64.82 20.41 -71.42 
2087354 -12.84 2.11 0.21 -393.23 700.61 -1333.84 41.86 -8.1 -76.67 
2087404 -11.95 2.12 0.33 12.99 803.29 -1170.24 18.75 -11.25 -63.17 
2087454 -10.12 1.82 0.12 -692.07 1093.11 -802.87 7.35 0.15 -46.66 
2087505 -15.7 3.88 0.73 -3.41 1644.21 -434.88 7.05 21.31 -34.66 
2087555 -12.48 1.77 0.21 -1076.46 1095.24 958.17 8.1 12.15 -24.16 
2087605 -12.35 1.6 -0.54 -1316.95 -121.77 1320.79 43.36 -8.1 2.4 
2087654 -9.04 1.98 -1.39 1997.99 -782.93 -259.51 79.22 -0.3 -58.96 
2087704 -11.07 1.41 0.11 -1131.34 1067.44 -877.32 10.65 -8.7 -51.31 
2087754 -16 2.79 -0.19 -561.4 1626.46 -254.7 7.65 13.35 -26.11 
2087804 -16 2.24 1.1 -582.44 1656.65 600.91 7.2 17.1 -34.21 
2087854 -13.37 2.58 -1.12 -1713.48 -167.87 1187.5 31.81 -6.75 0.45 
2087905 -12.05 2.45 -0.96 1997.99 -972.56 305.24 82.07 -7.2 -37.21 
2087956 -12.23 1.58 0.15 -1199.21 242.38 -1365.43 25.51 -4.8 -70.82 
2088005 -16 2.08 0.11 -764.27 1181.22 -1044.27 8.25 14.1 -49.96 
2088054 -16 2.66 0.52 -736.1 1670.73 -260.98 10.8 20.71 -51.76 
2088105 -11.81 1.85 -0.03 -1230.06 971.46 1007.87 7.8 -9.3 -21.76 
2088154 -12.26 1.78 -0.83 -1685.37 -343.17 1218.35 66.77 -15.15 -9.75 
2088205 -12.07 1.18 -0.91 -1998.05 366.59 -1253.6 26.11 -6.3 -71.12 
2088254 -16 2.18 -0.23 -1146.71 1320.06 -926.59 5.55 13.65 -42.46 
2088295 -16 3.23 0.85 -460.61 1841.16 -377.07 13.2 25.66 -50.56 
2088345 -14.73 2.33 -0.03 -1475.43 972.93 1169.63 6.3 -7.95 -24.46 
2088395 -13.36 1.82 -0.63 -1822.32 -461.28 1223.11 70.07 -15.15 -14.25 
2088445 -13.31 2.13 -0.7 1997.99 -584.21 -1131.89 43.51 2.7 -78.62 
2088494 -13.33 2.23 -0.37 -1408.54 728.72 -1141.83 13.35 17.1 -60.17 
2088535 -16 3.56 0.34 -173.96 1517.07 -821.16 14.7 23.11 -55.81 
2088585 -13.43 2.12 0.55 -945.98 1537.2 437.93 6.15 -2.25 -45.46 
2088635 -12.81 2.19 -1.27 -1816.83 102.2 1307.5 48.01 -19.35 -3.3 
2088685 -10.81 1.89 -0.91 1997.99 -779.57 -417.07 65.42 -0.3 -73.07 
2088736 -10.86 2 -0.31 -921.71 8.23 -1263.96 24.31 12 -70.82 
2088785 -16 1.83 0.13 -634.39 1221.65 -922.93 16.2 21.91 -59.26 
2088835 -13.24 2.51 0.45 -711.22 1472.87 -519.94 18 10.35 -66.02 
2088885 -12.29 1.78 -0.7 -1474.7 937.13 1040.06 16.65 -22.66 -20.11 
2088935 -11.07 1.87 -1.07 1997.99 -308.6 1066.59 79.22 -6.75 -25.21 
2088976 -11.34 0.8 -0.93 -1998.05 645.18 -1222.07 16.5 -2.85 -64.67 
2089025 -15.38 2.24 0.13 -906.71 1253.6 -910.06 8.55 18 -45.91 
2089075 -16 2.71 0.92 -296.59 1675.12 -479.7 18.45 21.46 -62.27 
2089125 -10.81 1.81 0.05 -1180.55 990.73 839.45 7.05 -14.4 -33.61 
2089175 -10.16 1.59 -0.72 -1541.04 -143.6 1132.32 58.06 -23.56 -12.6 
2089224 -7.73 1.29 -1.5 1997.99 -71.95 -743.9 38.86 -9.15 -73.97 
2089265 -9.84 1.98 0.42 174.7 806.77 -916.83 6.3 8.1 -33.01 
2089316 -12.73 2.77 -0.51 -729.76 1224.51 130.79 16.8 31.06 -27.31 
2089365 -14.48 2.46 0.86 -206.77 1417.8 616.4 9.45 16.65 -47.56 
2089415 -11.24 1.62 -0.05 -867.87 575.37 1186.65 14.55 -19.8 -23.26 
2089465 -10.1 1.58 -0.64 -1469.39 -434.02 1008.54 67.52 -25.36 -22.36 
2089515 -10.19 1.88 -0.73 1997.99 -521.59 -755 34.81 -4.65 -75.47 
2089565 -10.45 2.01 -0.07 -811.28 825.43 -1115 11.1 20.11 -43.51 
2089606 -16 1.65 -0.29 -753.41 1540.49 -149.33 16.2 32.86 -43.21 
2089655 -13.12 2.11 0.44 -432.68 1413.78 266.16 14.7 9.15 -61.37 
2089705 -8.98 1.43 -0.05 -1050.85 584.63 939.02 18 -27.31 -28.36 
2089756 -8.71 1.24 -0.51 -1693.48 -457.13 891.89 68.12 -24.91 -29.26 
2089806 -9.01 1.81 -1.27 1997.99 -118.84 -951.16 19.05 -9 -64.97 
2089856 -10.66 2.68 -0.06 -338.54 1195.43 -684.33 14.1 25.81 -25.36 
2089906 -16 2.66 -0.04 -156.46 1490.37 664.94 16.65 34.21 -42.31 
2089956 -11.54 1.82 0.46 -622.07 950.18 947.5 6.6 -3.15 -45.31 
2090005 -10.19 1.47 -0.38 -792.38 126.22 1198.84 36.31 -32.86 -20.11 
2090055 -7.44 1.01 -0.79 -1763.41 -572.68 619.63 74.42 -14.4 -51.61 
2090106 -10.79 1.72 0.36 -1998.05 13.11 -1195 12 0.6 -60.17 
2090156 -8.45 2.41 -0.07 -1141.28 815.06 -982.87 16.5 33.31 -39.31 
2090206 -16 1.93 1.13 86.59 1772.38 545 13.95 28.21 -48.76 
2090255 -11.49 2.02 0.56 -559.63 1012.68 902.68 8.1 -12.6 -43.21 
2090296 -10.17 1.57 -0.21 -1028.9 269.09 1175.61 35.41 -31.96 -18.15 
2090346 -10.42 1.99 -0.78 1997.99 -814.15 305.18 68.87 -17.55 -60.62 
2090396 -9.45 1.6 -0.19 -1362.56 -184.33 -1183.54 12.9 8.55 -61.82 
2090446 -10.07 2.25 0.03 -1124.82 727.13 -938.23 19.65 37.06 -46.21 
2090496 -16 1.59 0.2 -614.51 1510.73 272.93 17.25 27.76 -55.51 
2090546 -10.75 1.76 0.58 -535.18 1217.26 626.59 10.5 -9.6 -50.71 
2090596 -9.58 1.58 -0.23 -1030 231.4 1107.38 38.86 -33.61 -19.35 
2090646 -9.04 1.18 -0.53 -1358.66 -548.17 899.09 77.57 -13.95 -47.56 
2090696 -11.5 2.13 -0.43 -1390.91 -973.35 -441.52 44.71 14.85 -78.77 
2090746 -10.52 1.86 -0.02 -1151.22 -150.73 -1185.85 37.81 37.06 -60.92 
2090796 -15.99 3.05 -0.15 79.57 549.27 -1505 53.11 26.11 -71.87 
2090846 -11.68 2.21 0.31 -444.21 930.98 -1057.68 48.91 -12.3 -73.37 
2090896 -8.38 1.53 0.29 -481.34 1152.56 -400.91 22.96 -30.31 -40.51 
2090947 -7.94 1.43 0.24 -640.18 1213.17 223.23 29.86 -12.15 -4.35 
2090997 -9.71 1.57 0.12 -328.17 955.85 821.28 41.11 21.01 -3.6 
2091046 -9.31 1.35 -0.69 -624.94 415.49 1171.04 32.26 31.51 -11.55 
2091096 -12.36 1.58 1.11 -93.17 534.94 1476.22 17.85 15.6 -11.25 
2091146 -7.71 0.93 -0.08 -902.07 -66.4 997.56 33.76 -7.8 0.3 
2091187 -5.21 0.39 -0.5 -1059.7 -429.33 579.02 65.72 -13.35 -8.7 
2091237 -4.04 0.55 -0.68 -1604.33 -370.55 -355.67 74.12 -13.8 -56.86 
2091287 -6.31 0.94 0.31 -1240.18 494.45 -1035.43 19.8 -16.95 -60.02 
2091336 -7.2 1.85 -0.15 -1679.57 1381.71 -336.04 9 3.9 -24.76 
2091386 -12.98 2 -0.22 -125.55 481.52 1297.87 41.71 28.21 -7.35 
2091436 -13.25 2.02 -0.04 -504.21 134.82 1340.79 24.76 22.21 -8.55 
2091486 -8.3 0.87 -0.54 -1182.8 -381.59 924.51 42.61 -0.75 2.4 
2091536 -6.21 0.84 -0.46 -1692.56 -458.54 -387.56 79.82 -12.15 -33.46 
2091577 -5.87 1.34 0.08 -1514.94 29.27 -906.28 48.91 -23.56 -63.62 
2091627 -8.27 1.37 0.47 -1130.24 1092.87 -645.67 12.3 -16.05 -26.41 
2091676 -10.66 1.69 -0.18 -1998.05 604.57 1086.52 58.81 16.5 -9 
2091727 -16 3.08 -0.18 -894.76 -534.33 1176.71 57.31 35.41 -17.55 
2091776 -14.54 1.98 -1.02 -1037.62 -990.49 904.76 47.56 18.3 -0.3 
2091827 -8.9 1.58 -0.86 -1290.49 -823.66 -287.01 79.97 -6.75 -21.31 
2091877 -7.01 1.54 -0.36 -996.28 -513.17 -835 58.21 -22.36 -63.77 
2091927 -6.41 1.31 0.07 -951.46 351.59 -937.5 13.65 -15.6 -53.71 
2091968 -8.04 1.33 0.36 -964.7 907.62 -527.01 7.8 3.45 -26.56 
2092016 -8.83 1.87 0.38 -778.35 1061.46 432.2 19.8 23.86 -15 
2092057 -14.67 2.1 -0.48 -625.43 762.62 1200.49 25.06 26.11 -12.75 
2092107 -12.11 1.45 -0.09 -896.95 292.07 1361.04 19.65 9 -7.05 
2092157 -10.31 2.05 -0.75 -902.5 -770.3 721.65 55.36 -12.9 -4.35 
2092207 -5.72 0.3 -0.14 -1310.98 -714.63 -82.2 79.07 -11.7 -49.66 
2092256 -5.61 0.94 0.17 -707.56 -640.12 -474.82 57.31 -2.4 -76.52 
2092306 -6.08 1.34 -0.4 -434.88 -606.95 -787.56 45.91 16.65 -75.02 
2092356 -5.09 1.8 -0.36 -268.41 -614.02 -673.78 52.66 27.46 -70.52 
2092407 -7.41 1.43 0.15 -259.51 -343.84 -785.12 56.86 34.96 -62.27 
2092457 -4.03 1.23 -0.33 -384.51 -216.59 -712.99 69.62 28.66 -58.51 
2092507 -1.11 0.98 -0.94 -579.94 45.18 -345.43 67.37 18.45 -69.02 
2092556 -0.53 1.69 -0.23 -235.91 261.83 -274.15 64.67 4.5 -73.07 
2092607 -0.42 1.49 0.1 -249.02 284.94 149.76 55.66 -4.8 -76.07 
2092656 -0.47 0.81 0.59 -412.93 3.6 456.77 51.16 -6.45 -77.27 
2092697 -7.46 -1.52 0.43 -156.77 -384.82 826.16 45.01 -1.65 -78.62 
2092747 -6.16 1.12 -0.86 12.01 -873.6 217.44 34.06 21.61 -75.47 
2092797 -7.52 1.75 0.47 306.71 -710.73 841.59 29.41 31.96 -63.77 
2092846 -10.02 1.11 -0.23 -103.54 -789.82 985.49 10.8 21.46 -45.46 
2092887 -7.87 1.08 -0.63 138.23 -739.09 885.91 6.3 0.15 -36.46 
2092937 -9.21 1.49 -0.01 156.83 -488.48 1222.32 26.11 -25.66 -51.46 
2092978 -16 2.07 -0.25 -1039.21 -944.45 1421.4 49.81 -18.3 -71.12 
2093027 -14.08 1.52 -0.72 701.83 -1096.16 1192.32 48.61 24.91 -73.37 
2093077 -12.7 1.49 -0.63 536.71 82.62 1443.96 34.81 30.31 -66.32 
2093127 -12.45 1.82 0.69 233.23 313.48 1380.61 27.61 3.6 -69.32 
2093177 -5.89 0.05 -0.38 643.11 272.13 1020.55 49.36 -18.15 -69.92 
2093227 -11.65 1.96 0.05 444.63 784.82 1159.02 80.42 -15.45 -46.81 
2093277 -15.08 1.71 0.3 209.21 407.26 1662.26 72.77 26.11 -52.06 
2093328 -12.5 1.9 0.09 1136.4 807.5 811.34 54.31 38.56 -57.76 
2093378 -13.22 3.86 -0.79 937.87 1075.49 -896.34 76.97 12.9 -55.06 
2093428 -6.16 1.11 0.09 223.9 1045.43 -518.66 79.37 -16.05 -45.01 
2093478 -9.03 1.56 0.12 64.39 1246.4 -405.43 66.62 -22.66 -16.2 
2093527 -11.96 1.88 0.04 -185 1391.52 -140.98 59.86 13.2 -5.85 
2093577 -11.21 1.38 0.95 680.12 1220.3 157.38 58.21 43.66 -35.26 
2093618 -9.14 0.91 0.21 1063.6 534.63 -717.38 70.22 34.21 -43.66 
2093668 -9.97 1.92 -0.37 494.21 36.46 -1327.8 79.07 0.3 -22.51 
2093717 -7.17 1.33 0.45 561.4 -275.67 -1324.63 52.96 -26.11 -16.8 
2093758 -9.95 1.71 -0.96 1006.65 -1065.79 -1059.09 16.65 -20.86 -46.21 
2093807 -13.81 1.85 -0.59 1750 -1292.44 1205.24 58.36 21.91 -71.57 
2093848 -11.63 0.86 -0.13 1425.37 103.41 1385.49 43.06 42.01 -57.61 
2093898 -12.17 2.05 0.48 1093.17 1277.8 52.99 66.77 12.9 -67.37 
2093948 -9.89 1.77 0.36 505.18 1203.29 -590.43 79.37 -13.2 -41.56 
2093998 -11.4 2.38 0.41 605 1020.12 -1106.34 51.31 -20.11 -7.8 
2094047 -13.65 2.1 -0.28 857.93 -443.78 -1413.72 8.25 7.95 -22.21 
2094097 -10.59 2.45 -0.59 965.18 -1000.3 -895.24 21.46 32.71 -25.06 
2094138 -10.83 1.31 -1.12 1112.26 -1443.96 226.95 12.9 20.11 -17.85 
2094188 -9.41 1.8 0.08 1871.83 187.32 1261.89 35.11 -9 -72.32 
2094238 -7.77 0.96 -0.16 710.85 997.56 920 68.57 -19.5 -56.86 
2094288 -9.27 1.99 -0.18 1015.61 1138.17 312.74 78.47 -2.85 -20.26 
2094338 -13.38 2.55 0.42 274.51 1457.01 -290.85 63.17 29.71 -15.75 
2094388 -12.09 2.26 0.01 759.94 991.22 -761.34 72.32 35.86 -33.31 
2094438 -9.45 1.8 -0.02 675.18 519.09 -1166.83 77.42 4.05 -23.11 
2094488 -7.85 1.69 0.25 190.67 497.2 -1201.16 65.12 -10.65 -10.65 
2094538 -6.93 2.14 0.3 636.95 25.18 -1192.56 31.51 -11.55 -5.85 
2094587 -9.97 1.01 0.12 1133.84 -1334.27 -217.93 5.55 -2.4 -40.36 
2094638 -10.38 1.89 0.01 768.78 -1377.32 -85.98 9.6 21.61 -50.11 
2094688 -11.04 1.48 -0.76 1661.46 -1085.24 1092.87 12.3 17.1 -56.71 
2094738 -11.34 1.67 0.23 736.4 480.37 1378.84 48.01 -0.75 -72.92 
2094788 -9.49 0.62 0.69 678.72 847.32 1204.15 72.17 -5.55 -64.07 
2094838 -6.7 -0.04 -0.05 1623.96 778.78 -165.91 78.47 3 -21.01 
2094887 -10.73 0.94 1.13 681.1 1224.15 -638.84 57.76 22.36 -5.55 
2094928 -11.04 2.04 0.29 856.28 606.04 -1141.77 59.56 27.46 -8.4 
2094969 -9.73 2.17 -0.09 1102.13 -224.7 -1298.9 52.66 12.45 -1.65 
2095017 -8.05 1.92 -0.63 675.91 -943.84 -918.66 28.21 0.9 -6.3 
2095059 -5.67 1.88 -1.25 497.56 -1170.18 -532.07 13.65 -7.95 -19.2 
2095109 -3.01 1.04 -1.39 1300.67 -815.06 603.84 21.01 -11.7 -63.32 
2095159 -10.69 1.53 1.34 1002.56 547.2 1318.35 80.27 -0.6 -57.16 
2095208 -9.43 1.11 0.54 799.33 984.27 789.94 75.92 30.76 -42.76 
2095258 -8.09 1.15 0.51 1095.06 1009.02 -119.45 75.17 26.71 -43.51 
2095308 -8.58 1.68 0.12 728.35 661.34 -938.23 74.42 14.7 -25.51 
2095358 -5.04 1.47 1.15 725.06 418.23 -1036.22 71.72 -3.75 -11.7 
2095409 -4.54 1.51 0.33 1402.01 -899.7 -796.52 28.96 -21.01 -14.7 
2095458 -9.86 1.57 -1.06 1627.2 -1387.01 771.28 49.81 -4.8 -77.42 
2095508 -10.68 1.15 -0.12 1068.05 259.88 1339.39 66.02 33.61 -55.81 
2095558 -10 1.47 0.17 1261.22 1058.72 263.29 66.77 30.01 -57.61 
2095608 -9.66 1.74 0.32 700.79 1082.74 -528.96 79.37 9 -49.96 
2095658 -5.26 0.78 1.34 966.4 678.72 -747.13 77.42 -14.1 -26.56 
2095708 -9.93 1.28 -0.29 1705.73 -964.94 -1116.22 25.66 -23.26 -24.46 
2095758 -13.21 1.85 -1.51 1459.21 -1808.54 -63.6 25.96 12.9 -74.42 
2095799 -10.61 1.33 -0.73 1704.51 -626.52 1278.11 41.86 38.56 -60.92 
2095848 -11.35 2.18 0.42 1135.73 1081.04 617.44 56.26 19.8 -70.52 
2095899 -7.62 1.33 0.52 787.8 1068.54 17.68 71.72 -1.2 -62.72 
2095950 -6.01 0.69 0.66 966.16 864.45 -595.61 72.17 -22.66 -26.11 
2096000 -12.33 2.19 -1.02 995.67 -52.87 -1430.18 22.36 -15.15 -12.15 
2096049 -11.78 2.56 -0.86 965.3 -895 -1215.06 9.75 24.01 -38.71 
2096099 -9.67 1.63 -0.77 1243.78 -1299.88 323.35 15.3 29.11 -31.06 
2096148 -9.77 1.31 -0.29 1222.26 -314.76 1345.55 18.45 3.15 -61.22 
2096199 -7.43 0.48 0.21 1136.46 800.79 1043.72 57.16 -20.86 -65.12 
2096249 -10.79 1.49 -0.15 1369.27 1137.44 -420.06 62.12 -19.95 -11.1 
2096299 -14.18 2.55 0.7 723.05 1353.23 -808.66 40.06 24.01 -6.75 
2096349 -11.56 1.85 0.1 1145.67 -81.34 -1249.82 52.96 37.96 -16.8 
2096399 -10.29 1.99 -0.81 1099.15 -1160.24 -847.26 38.56 6.9 -3.3 
2096448 -8.27 1.32 -1.08 941.65 -1369.7 191.34 21.31 -21.01 -25.51 
2096498 -10.95 1.68 -0.04 1881.89 -33.78 1520.73 68.42 -21.91 -58.81 
2096539 -15.74 3.18 0.52 603.29 1280.85 952.32 78.92 13.65 -24.16 
2096589 -12.98 1.59 1.09 1002.87 1302.8 585.55 57.31 43.51 -44.56 
2096639 -11.73 2.24 -0.91 1260.67 225.37 -1247.5 76.67 19.35 -33.61 
2096689 -8.73 1.91 -0.4 916.16 -469.94 -1260.98 67.67 -12.15 -10.95 
2096739 -8.33 1.4 -1.1 1698.05 -1603.66 -257.8 30.76 -27.61 -42.46 
2096789 -10.43 2.6 0.33 1812.13 565.67 1183.6 82.07 1.95 -33.61 
2096840 -12.36 1.74 0.51 484.02 1076.46 1022.56 60.77 41.86 -40.51 
2096888 -7.12 0.28 1.15 1097.87 891.71 256.77 55.36 30.91 -66.17 
2096929 -6.9 1.49 -0.69 1029.57 150.49 -916.71 80.42 12.75 -50.41 
2096970 -3.44 0.91 0.9 657.2 166.83 -883.05 79.37 -7.8 -33.16 
2097019 -3 1.27 0.38 984.88 -796.71 -786.46 56.56 -28.36 -24.91 
2097069 -5.36 1.5 -0.99 1997.93 -900 1096.46 69.17 -26.71 -47.26 
2097119 -6.54 0.85 0.06 562.38 575 1036.34 78.92 16.8 -23.86 
2097169 -8.16 0.76 0.41 368.9 883.05 895.61 53.56 45.91 -35.56 
2097220 -4.28 -0.67 1.57 1012.26 624.15 308.41 45.31 36.91 -63.62 
2097269 -3.59 0.86 0.49 534.51 260.12 -695.79 72.32 18.75 -60.02 
2097319 -0.44 0.12 1.59 509.02 -376.89 -523.35 80.87 4.65 -46.81 
2097368 -3.54 1.23 -0.39 806.83 -1122.93 -3.05 80.72 -5.7 -33.01 
2097409 -3.32 0.72 -0.32 689.94 -588.35 754.94 76.82 -2.7 -16.65 
2097459 -2.73 -0.06 -0.24 -31.52 4.33 820.85 70.52 16.2 -14.25 
2097510 -1.85 -0.89 0.17 -203.29 217.87 640.24 61.67 32.86 -17.85 
2097560 -2.37 -0.64 0.3 -186.52 95.06 310.24 53.11 39.61 -23.26 
2097609 -1.31 -1.18 0.29 -54.51 7.74 22.56 47.26 41.11 -25.81 
2097660 -1.43 -0.35 0.15 6.59 1.89 -288.41 53.86 40.06 -25.06 
2097709 -1.22 -0.01 0.15 66.04 72.26 -378.84 63.02 36.76 -25.36 
2097760 -1.21 0.36 0.21 112.62 95.55 -334.57 71.87 29.71 -26.26 
2097809 -0.95 0.4 0.31 100.43 111.46 -224.57 75.62 23.11 -23.41 
2097859 -0.61 0.24 0.42 84.02 98.96 -77.44 75.17 21.61 -24.46 
2097910 -0.75 0.17 0.53 32.2 113.84 22.99 76.37 22.36 -25.51 
2097951 -0.92 0.06 0.58 30.12 79.02 103.84 74.72 25.06 -26.11 
2098000 -0.96 -0.17 0.63 -1.95 22.87 143.78 72.32 28.96 -27.01 
2098049 -1.17 -0.25 0.58 -33.96 -57.32 130.43 68.57 32.26 -27.01 
2098099 -1.04 -0.4 0.42 -53.41 -103.9 92.32 65.87 32.71 -24.76 
2098140 -1.03 -0.32 0.3 -44.82 -114.51 36.71 66.02 33.31 -23.41 
2098189 -0.89 -0.24 0.2 -34.76 -77.38 -14.33 67.07 31.66 -21.16 
2098230 -0.8 -0.19 0.16 -22.26 -22.5 -40.61 66.02 30.76 -22.06 
2098279 -0.9 -0.06 0.19 4.02 29.45 -33.78 68.42 29.41 -22.21 
2098320 -1.17 -0.01 0.28 21.83 41.59 -15.55 67.67 28.66 -22.51 
2098370 -1.24 -0.27 0.46 73.96 17.07 2.68 67.37 30.91 -22.21 
2098419 -0.26 -0.77 0.29 -0.79 181.71 -106.83 67.37 29.41 -22.96 
2098460 -0.44 -0.25 0.61 -165.3 406.46 -291.71 73.37 29.71 -31.51 
2098510 -0.53 0.23 0.99 -248.66 298.05 -351.1 79.52 23.86 -41.71 
2098559 -1.26 1.02 0.33 105.85 -261.1 59.88 79.37 17.1 -42.91 
2098609 -2.62 0.56 -0.29 332.01 -371.77 531.4 74.42 27.46 -30.91 
2098660 -2.07 -0.2 -0.27 -89.02 60.06 486.89 60.02 37.51 -25.36 
2098710 -2.33 -0.54 0.46 -282.68 344.7 255.85 52.36 44.71 -37.06 
2098760 -3.3 -0.66 0.8 -348.6 221.04 -69.45 49.51 42.91 -49.96 
2098810 -5.12 0.48 1.04 -282.8 -623.41 -984.09 63.17 37.96 -46.96 
2098860 -7.15 1.71 -0.37 -233.54 -936.59 -1038.84 84.17 8.25 -35.56 
